
===============================================================================
Step	[1]

-------------------------------------------------------------------------------
Node [339]: (CT=0, AT=0, TT=133), containing 149 events.
	CT=[0]⊥ (null)
	AT=[0]⊥ (null)
	TT=[133](`tt:weekday` ∈ {'Sat'})
-------------------------------------------------------------------------------
Node [340]: (CT=0, AT=0, TT=134), containing 193304 events.
	CT=[0]⊥ (null)
	AT=[0]⊥ (null)
	TT=[134](`tt:weekday` ∈ {'Fri', 'Mon', 'Sun', 'Thu', 'Tue', 'Wed'})

===============================================================================
Step	[2]

-------------------------------------------------------------------------------
Node [799]: (CT=0, AT=583, TT=133), containing 149 events.
	CT=[0]⊥ (null)
	AT=[583](`at:phase` ∈ {'01_HOOFD_0', '01_HOOFD_1', '01_HOOFD_2', '01_HOOFD_3', '01_HOOFD_4', '01_HOOFD_5', '01_HOOFD_6', '01_HOOFD_8'})
	TT=[133](`tt:weekday` ∈ {'Sat'})
-------------------------------------------------------------------------------
Node [800]: (CT=0, AT=584, TT=134), containing 587 events.
	CT=[0]⊥ (null)
	AT=[584](`at:phase` ∈ {'01_HOOFD_7'})
	TT=[134](`tt:weekday` ∈ {'Fri', 'Mon', 'Sun', 'Thu', 'Tue', 'Wed'})
-------------------------------------------------------------------------------
Node [801]: (CT=0, AT=583, TT=134), containing 192717 events.
	CT=[0]⊥ (null)
	AT=[583](`at:phase` ∈ {'01_HOOFD_0', '01_HOOFD_1', '01_HOOFD_2', '01_HOOFD_3', '01_HOOFD_4', '01_HOOFD_5', '01_HOOFD_6', '01_HOOFD_8'})
	TT=[134](`tt:weekday` ∈ {'Fri', 'Mon', 'Sun', 'Thu', 'Tue', 'Wed'})

===============================================================================
Step	[3]

-------------------------------------------------------------------------------
Node [1329]: (CT=0, AT=963, TT=133), containing 149 events.
	CT=[0]⊥ (null)
	AT=[963](`at:phase` ∈ {'01_HOOFD_0', '01_HOOFD_1', '01_HOOFD_2', '01_HOOFD_3', '01_HOOFD_4', '01_HOOFD_5', '01_HOOFD_8'})
	TT=[133](`tt:weekday` ∈ {'Sat'})
-------------------------------------------------------------------------------
Node [800]: (CT=0, AT=584, TT=134), containing 587 events.
	CT=[0]⊥ (null)
	AT=[584](`at:phase` ∈ {'01_HOOFD_7'})
	TT=[134](`tt:weekday` ∈ {'Fri', 'Mon', 'Sun', 'Thu', 'Tue', 'Wed'})
-------------------------------------------------------------------------------
Node [1330]: (CT=0, AT=964, TT=134), containing 15 events.
	CT=[0]⊥ (null)
	AT=[964](`at:phase` ∈ {'01_HOOFD_6'})
	TT=[134](`tt:weekday` ∈ {'Fri', 'Mon', 'Sun', 'Thu', 'Tue', 'Wed'})
-------------------------------------------------------------------------------
Node [1331]: (CT=0, AT=963, TT=134), containing 192702 events.
	CT=[0]⊥ (null)
	AT=[963](`at:phase` ∈ {'01_HOOFD_0', '01_HOOFD_1', '01_HOOFD_2', '01_HOOFD_3', '01_HOOFD_4', '01_HOOFD_5', '01_HOOFD_8'})
	TT=[134](`tt:weekday` ∈ {'Fri', 'Mon', 'Sun', 'Thu', 'Tue', 'Wed'})

===============================================================================
Step	[4]

-------------------------------------------------------------------------------
Node [800]: (CT=0, AT=584, TT=134), containing 587 events.
	CT=[0]⊥ (null)
	AT=[584](`at:phase` ∈ {'01_HOOFD_7'})
	TT=[134](`tt:weekday` ∈ {'Fri', 'Mon', 'Sun', 'Thu', 'Tue', 'Wed'})
-------------------------------------------------------------------------------
Node [1788]: (CT=0, AT=1206, TT=133), containing 149 events.
	CT=[0]⊥ (null)
	AT=[1206](`at:phase` ∈ {'01_HOOFD_0', '01_HOOFD_1', '01_HOOFD_2', '01_HOOFD_3', '01_HOOFD_4', '01_HOOFD_5'})
	TT=[133](`tt:weekday` ∈ {'Sat'})
-------------------------------------------------------------------------------
Node [1330]: (CT=0, AT=964, TT=134), containing 15 events.
	CT=[0]⊥ (null)
	AT=[964](`at:phase` ∈ {'01_HOOFD_6'})
	TT=[134](`tt:weekday` ∈ {'Fri', 'Mon', 'Sun', 'Thu', 'Tue', 'Wed'})
-------------------------------------------------------------------------------
Node [1789]: (CT=0, AT=1207, TT=134), containing 6881 events.
	CT=[0]⊥ (null)
	AT=[1207](`at:phase` ∈ {'01_HOOFD_8'})
	TT=[134](`tt:weekday` ∈ {'Fri', 'Mon', 'Sun', 'Thu', 'Tue', 'Wed'})
-------------------------------------------------------------------------------
Node [1790]: (CT=0, AT=1206, TT=134), containing 185821 events.
	CT=[0]⊥ (null)
	AT=[1206](`at:phase` ∈ {'01_HOOFD_0', '01_HOOFD_1', '01_HOOFD_2', '01_HOOFD_3', '01_HOOFD_4', '01_HOOFD_5'})
	TT=[134](`tt:weekday` ∈ {'Fri', 'Mon', 'Sun', 'Thu', 'Tue', 'Wed'})

===============================================================================
Step	[5]

-------------------------------------------------------------------------------
Node [2199]: (CT=0, AT=584, TT=815), containing 543 events.
	CT=[0]⊥ (null)
	AT=[584](`at:phase` ∈ {'01_HOOFD_7'})
	TT=[815](`tt:weekday` ∈ {'Mon', 'Sun', 'Thu', 'Tue', 'Wed'})
-------------------------------------------------------------------------------
Node [2200]: (CT=0, AT=584, TT=816), containing 44 events.
	CT=[0]⊥ (null)
	AT=[584](`at:phase` ∈ {'01_HOOFD_7'})
	TT=[816](`tt:weekday` ∈ {'Fri'})
-------------------------------------------------------------------------------
Node [2201]: (CT=0, AT=964, TT=815), containing 15 events.
	CT=[0]⊥ (null)
	AT=[964](`at:phase` ∈ {'01_HOOFD_6'})
	TT=[815](`tt:weekday` ∈ {'Mon', 'Sun', 'Thu', 'Tue', 'Wed'})
-------------------------------------------------------------------------------
Node [1788]: (CT=0, AT=1206, TT=133), containing 149 events.
	CT=[0]⊥ (null)
	AT=[1206](`at:phase` ∈ {'01_HOOFD_0', '01_HOOFD_1', '01_HOOFD_2', '01_HOOFD_3', '01_HOOFD_4', '01_HOOFD_5'})
	TT=[133](`tt:weekday` ∈ {'Sat'})
-------------------------------------------------------------------------------
Node [2202]: (CT=0, AT=1207, TT=815), containing 6623 events.
	CT=[0]⊥ (null)
	AT=[1207](`at:phase` ∈ {'01_HOOFD_8'})
	TT=[815](`tt:weekday` ∈ {'Mon', 'Sun', 'Thu', 'Tue', 'Wed'})
-------------------------------------------------------------------------------
Node [2203]: (CT=0, AT=1207, TT=816), containing 258 events.
	CT=[0]⊥ (null)
	AT=[1207](`at:phase` ∈ {'01_HOOFD_8'})
	TT=[816](`tt:weekday` ∈ {'Fri'})
-------------------------------------------------------------------------------
Node [2204]: (CT=0, AT=1206, TT=815), containing 172891 events.
	CT=[0]⊥ (null)
	AT=[1206](`at:phase` ∈ {'01_HOOFD_0', '01_HOOFD_1', '01_HOOFD_2', '01_HOOFD_3', '01_HOOFD_4', '01_HOOFD_5'})
	TT=[815](`tt:weekday` ∈ {'Mon', 'Sun', 'Thu', 'Tue', 'Wed'})
-------------------------------------------------------------------------------
Node [2205]: (CT=0, AT=1206, TT=816), containing 12930 events.
	CT=[0]⊥ (null)
	AT=[1206](`at:phase` ∈ {'01_HOOFD_0', '01_HOOFD_1', '01_HOOFD_2', '01_HOOFD_3', '01_HOOFD_4', '01_HOOFD_5'})
	TT=[816](`tt:weekday` ∈ {'Fri'})

===============================================================================
Step	[6]

-------------------------------------------------------------------------------
Node [2576]: (CT=0, AT=1513, TT=133), containing 149 events.
	CT=[0]⊥ (null)
	AT=[1513](`at:phase` ∈ {'01_HOOFD_0', '01_HOOFD_1', '01_HOOFD_3', '01_HOOFD_4', '01_HOOFD_5'})
	TT=[133](`tt:weekday` ∈ {'Sat'})
-------------------------------------------------------------------------------
Node [2199]: (CT=0, AT=584, TT=815), containing 543 events.
	CT=[0]⊥ (null)
	AT=[584](`at:phase` ∈ {'01_HOOFD_7'})
	TT=[815](`tt:weekday` ∈ {'Mon', 'Sun', 'Thu', 'Tue', 'Wed'})
-------------------------------------------------------------------------------
Node [2200]: (CT=0, AT=584, TT=816), containing 44 events.
	CT=[0]⊥ (null)
	AT=[584](`at:phase` ∈ {'01_HOOFD_7'})
	TT=[816](`tt:weekday` ∈ {'Fri'})
-------------------------------------------------------------------------------
Node [2201]: (CT=0, AT=964, TT=815), containing 15 events.
	CT=[0]⊥ (null)
	AT=[964](`at:phase` ∈ {'01_HOOFD_6'})
	TT=[815](`tt:weekday` ∈ {'Mon', 'Sun', 'Thu', 'Tue', 'Wed'})
-------------------------------------------------------------------------------
Node [2202]: (CT=0, AT=1207, TT=815), containing 6623 events.
	CT=[0]⊥ (null)
	AT=[1207](`at:phase` ∈ {'01_HOOFD_8'})
	TT=[815](`tt:weekday` ∈ {'Mon', 'Sun', 'Thu', 'Tue', 'Wed'})
-------------------------------------------------------------------------------
Node [2203]: (CT=0, AT=1207, TT=816), containing 258 events.
	CT=[0]⊥ (null)
	AT=[1207](`at:phase` ∈ {'01_HOOFD_8'})
	TT=[816](`tt:weekday` ∈ {'Fri'})
-------------------------------------------------------------------------------
Node [2577]: (CT=0, AT=1514, TT=815), containing 15224 events.
	CT=[0]⊥ (null)
	AT=[1514](`at:phase` ∈ {'01_HOOFD_2'})
	TT=[815](`tt:weekday` ∈ {'Mon', 'Sun', 'Thu', 'Tue', 'Wed'})
-------------------------------------------------------------------------------
Node [2578]: (CT=0, AT=1513, TT=815), containing 157667 events.
	CT=[0]⊥ (null)
	AT=[1513](`at:phase` ∈ {'01_HOOFD_0', '01_HOOFD_1', '01_HOOFD_3', '01_HOOFD_4', '01_HOOFD_5'})
	TT=[815](`tt:weekday` ∈ {'Mon', 'Sun', 'Thu', 'Tue', 'Wed'})
-------------------------------------------------------------------------------
Node [2579]: (CT=0, AT=1514, TT=816), containing 1268 events.
	CT=[0]⊥ (null)
	AT=[1514](`at:phase` ∈ {'01_HOOFD_2'})
	TT=[816](`tt:weekday` ∈ {'Fri'})
-------------------------------------------------------------------------------
Node [2580]: (CT=0, AT=1513, TT=816), containing 11662 events.
	CT=[0]⊥ (null)
	AT=[1513](`at:phase` ∈ {'01_HOOFD_0', '01_HOOFD_1', '01_HOOFD_3', '01_HOOFD_4', '01_HOOFD_5'})
	TT=[816](`tt:weekday` ∈ {'Fri'})

===============================================================================
Step	[7]

-------------------------------------------------------------------------------
Node [2199]: (CT=0, AT=584, TT=815), containing 543 events.
	CT=[0]⊥ (null)
	AT=[584](`at:phase` ∈ {'01_HOOFD_7'})
	TT=[815](`tt:weekday` ∈ {'Mon', 'Sun', 'Thu', 'Tue', 'Wed'})
-------------------------------------------------------------------------------
Node [2200]: (CT=0, AT=584, TT=816), containing 44 events.
	CT=[0]⊥ (null)
	AT=[584](`at:phase` ∈ {'01_HOOFD_7'})
	TT=[816](`tt:weekday` ∈ {'Fri'})
-------------------------------------------------------------------------------
Node [2201]: (CT=0, AT=964, TT=815), containing 15 events.
	CT=[0]⊥ (null)
	AT=[964](`at:phase` ∈ {'01_HOOFD_6'})
	TT=[815](`tt:weekday` ∈ {'Mon', 'Sun', 'Thu', 'Tue', 'Wed'})
-------------------------------------------------------------------------------
Node [2202]: (CT=0, AT=1207, TT=815), containing 6623 events.
	CT=[0]⊥ (null)
	AT=[1207](`at:phase` ∈ {'01_HOOFD_8'})
	TT=[815](`tt:weekday` ∈ {'Mon', 'Sun', 'Thu', 'Tue', 'Wed'})
-------------------------------------------------------------------------------
Node [2203]: (CT=0, AT=1207, TT=816), containing 258 events.
	CT=[0]⊥ (null)
	AT=[1207](`at:phase` ∈ {'01_HOOFD_8'})
	TT=[816](`tt:weekday` ∈ {'Fri'})
-------------------------------------------------------------------------------
Node [2907]: (CT=0, AT=1610, TT=133), containing 149 events.
	CT=[0]⊥ (null)
	AT=[1610](`at:phase` ∈ {'01_HOOFD_0', '01_HOOFD_1', '01_HOOFD_4', '01_HOOFD_5'})
	TT=[133](`tt:weekday` ∈ {'Sat'})
-------------------------------------------------------------------------------
Node [2577]: (CT=0, AT=1514, TT=815), containing 15224 events.
	CT=[0]⊥ (null)
	AT=[1514](`at:phase` ∈ {'01_HOOFD_2'})
	TT=[815](`tt:weekday` ∈ {'Mon', 'Sun', 'Thu', 'Tue', 'Wed'})
-------------------------------------------------------------------------------
Node [2908]: (CT=0, AT=1611, TT=815), containing 16548 events.
	CT=[0]⊥ (null)
	AT=[1611](`at:phase` ∈ {'01_HOOFD_3'})
	TT=[815](`tt:weekday` ∈ {'Mon', 'Sun', 'Thu', 'Tue', 'Wed'})
-------------------------------------------------------------------------------
Node [2909]: (CT=0, AT=1610, TT=815), containing 141119 events.
	CT=[0]⊥ (null)
	AT=[1610](`at:phase` ∈ {'01_HOOFD_0', '01_HOOFD_1', '01_HOOFD_4', '01_HOOFD_5'})
	TT=[815](`tt:weekday` ∈ {'Mon', 'Sun', 'Thu', 'Tue', 'Wed'})
-------------------------------------------------------------------------------
Node [2579]: (CT=0, AT=1514, TT=816), containing 1268 events.
	CT=[0]⊥ (null)
	AT=[1514](`at:phase` ∈ {'01_HOOFD_2'})
	TT=[816](`tt:weekday` ∈ {'Fri'})
-------------------------------------------------------------------------------
Node [2910]: (CT=0, AT=1611, TT=816), containing 1337 events.
	CT=[0]⊥ (null)
	AT=[1611](`at:phase` ∈ {'01_HOOFD_3'})
	TT=[816](`tt:weekday` ∈ {'Fri'})
-------------------------------------------------------------------------------
Node [2911]: (CT=0, AT=1610, TT=816), containing 10325 events.
	CT=[0]⊥ (null)
	AT=[1610](`at:phase` ∈ {'01_HOOFD_0', '01_HOOFD_1', '01_HOOFD_4', '01_HOOFD_5'})
	TT=[816](`tt:weekday` ∈ {'Fri'})

===============================================================================
Step	[8]

-------------------------------------------------------------------------------
Node [3241]: (CT=171, AT=584, TT=815), containing 227 events.
	CT=[171](`ct:permit_type` ∈ {'Non Bouw'})
	AT=[584](`at:phase` ∈ {'01_HOOFD_7'})
	TT=[815](`tt:weekday` ∈ {'Mon', 'Sun', 'Thu', 'Tue', 'Wed'})
-------------------------------------------------------------------------------
Node [3242]: (CT=172, AT=584, TT=815), containing 316 events.
	CT=[172](`ct:permit_type` ∈ {'Bouw'})
	AT=[584](`at:phase` ∈ {'01_HOOFD_7'})
	TT=[815](`tt:weekday` ∈ {'Mon', 'Sun', 'Thu', 'Tue', 'Wed'})
-------------------------------------------------------------------------------
Node [3243]: (CT=171, AT=584, TT=816), containing 15 events.
	CT=[171](`ct:permit_type` ∈ {'Non Bouw'})
	AT=[584](`at:phase` ∈ {'01_HOOFD_7'})
	TT=[816](`tt:weekday` ∈ {'Fri'})
-------------------------------------------------------------------------------
Node [3244]: (CT=172, AT=584, TT=816), containing 29 events.
	CT=[172](`ct:permit_type` ∈ {'Bouw'})
	AT=[584](`at:phase` ∈ {'01_HOOFD_7'})
	TT=[816](`tt:weekday` ∈ {'Fri'})
-------------------------------------------------------------------------------
Node [3245]: (CT=172, AT=964, TT=815), containing 15 events.
	CT=[172](`ct:permit_type` ∈ {'Bouw'})
	AT=[964](`at:phase` ∈ {'01_HOOFD_6'})
	TT=[815](`tt:weekday` ∈ {'Mon', 'Sun', 'Thu', 'Tue', 'Wed'})
-------------------------------------------------------------------------------
Node [3246]: (CT=171, AT=1207, TT=815), containing 2407 events.
	CT=[171](`ct:permit_type` ∈ {'Non Bouw'})
	AT=[1207](`at:phase` ∈ {'01_HOOFD_8'})
	TT=[815](`tt:weekday` ∈ {'Mon', 'Sun', 'Thu', 'Tue', 'Wed'})
-------------------------------------------------------------------------------
Node [3247]: (CT=172, AT=1207, TT=815), containing 4216 events.
	CT=[172](`ct:permit_type` ∈ {'Bouw'})
	AT=[1207](`at:phase` ∈ {'01_HOOFD_8'})
	TT=[815](`tt:weekday` ∈ {'Mon', 'Sun', 'Thu', 'Tue', 'Wed'})
-------------------------------------------------------------------------------
Node [3248]: (CT=171, AT=1207, TT=816), containing 86 events.
	CT=[171](`ct:permit_type` ∈ {'Non Bouw'})
	AT=[1207](`at:phase` ∈ {'01_HOOFD_8'})
	TT=[816](`tt:weekday` ∈ {'Fri'})
-------------------------------------------------------------------------------
Node [3249]: (CT=172, AT=1207, TT=816), containing 172 events.
	CT=[172](`ct:permit_type` ∈ {'Bouw'})
	AT=[1207](`at:phase` ∈ {'01_HOOFD_8'})
	TT=[816](`tt:weekday` ∈ {'Fri'})
-------------------------------------------------------------------------------
Node [3250]: (CT=171, AT=1514, TT=815), containing 5290 events.
	CT=[171](`ct:permit_type` ∈ {'Non Bouw'})
	AT=[1514](`at:phase` ∈ {'01_HOOFD_2'})
	TT=[815](`tt:weekday` ∈ {'Mon', 'Sun', 'Thu', 'Tue', 'Wed'})
-------------------------------------------------------------------------------
Node [3251]: (CT=172, AT=1514, TT=815), containing 9934 events.
	CT=[172](`ct:permit_type` ∈ {'Bouw'})
	AT=[1514](`at:phase` ∈ {'01_HOOFD_2'})
	TT=[815](`tt:weekday` ∈ {'Mon', 'Sun', 'Thu', 'Tue', 'Wed'})
-------------------------------------------------------------------------------
Node [3252]: (CT=171, AT=1514, TT=816), containing 463 events.
	CT=[171](`ct:permit_type` ∈ {'Non Bouw'})
	AT=[1514](`at:phase` ∈ {'01_HOOFD_2'})
	TT=[816](`tt:weekday` ∈ {'Fri'})
-------------------------------------------------------------------------------
Node [3253]: (CT=172, AT=1514, TT=816), containing 805 events.
	CT=[172](`ct:permit_type` ∈ {'Bouw'})
	AT=[1514](`at:phase` ∈ {'01_HOOFD_2'})
	TT=[816](`tt:weekday` ∈ {'Fri'})
-------------------------------------------------------------------------------
Node [3254]: (CT=171, AT=1610, TT=133), containing 56 events.
	CT=[171](`ct:permit_type` ∈ {'Non Bouw'})
	AT=[1610](`at:phase` ∈ {'01_HOOFD_0', '01_HOOFD_1', '01_HOOFD_4', '01_HOOFD_5'})
	TT=[133](`tt:weekday` ∈ {'Sat'})
-------------------------------------------------------------------------------
Node [3255]: (CT=172, AT=1610, TT=133), containing 93 events.
	CT=[172](`ct:permit_type` ∈ {'Bouw'})
	AT=[1610](`at:phase` ∈ {'01_HOOFD_0', '01_HOOFD_1', '01_HOOFD_4', '01_HOOFD_5'})
	TT=[133](`tt:weekday` ∈ {'Sat'})
-------------------------------------------------------------------------------
Node [3256]: (CT=171, AT=1611, TT=815), containing 5703 events.
	CT=[171](`ct:permit_type` ∈ {'Non Bouw'})
	AT=[1611](`at:phase` ∈ {'01_HOOFD_3'})
	TT=[815](`tt:weekday` ∈ {'Mon', 'Sun', 'Thu', 'Tue', 'Wed'})
-------------------------------------------------------------------------------
Node [3257]: (CT=172, AT=1611, TT=815), containing 10845 events.
	CT=[172](`ct:permit_type` ∈ {'Bouw'})
	AT=[1611](`at:phase` ∈ {'01_HOOFD_3'})
	TT=[815](`tt:weekday` ∈ {'Mon', 'Sun', 'Thu', 'Tue', 'Wed'})
-------------------------------------------------------------------------------
Node [3258]: (CT=171, AT=1610, TT=815), containing 49474 events.
	CT=[171](`ct:permit_type` ∈ {'Non Bouw'})
	AT=[1610](`at:phase` ∈ {'01_HOOFD_0', '01_HOOFD_1', '01_HOOFD_4', '01_HOOFD_5'})
	TT=[815](`tt:weekday` ∈ {'Mon', 'Sun', 'Thu', 'Tue', 'Wed'})
-------------------------------------------------------------------------------
Node [3259]: (CT=172, AT=1610, TT=815), containing 91645 events.
	CT=[172](`ct:permit_type` ∈ {'Bouw'})
	AT=[1610](`at:phase` ∈ {'01_HOOFD_0', '01_HOOFD_1', '01_HOOFD_4', '01_HOOFD_5'})
	TT=[815](`tt:weekday` ∈ {'Mon', 'Sun', 'Thu', 'Tue', 'Wed'})
-------------------------------------------------------------------------------
Node [3260]: (CT=171, AT=1611, TT=816), containing 488 events.
	CT=[171](`ct:permit_type` ∈ {'Non Bouw'})
	AT=[1611](`at:phase` ∈ {'01_HOOFD_3'})
	TT=[816](`tt:weekday` ∈ {'Fri'})
-------------------------------------------------------------------------------
Node [3261]: (CT=172, AT=1611, TT=816), containing 849 events.
	CT=[172](`ct:permit_type` ∈ {'Bouw'})
	AT=[1611](`at:phase` ∈ {'01_HOOFD_3'})
	TT=[816](`tt:weekday` ∈ {'Fri'})
-------------------------------------------------------------------------------
Node [3262]: (CT=171, AT=1610, TT=816), containing 3642 events.
	CT=[171](`ct:permit_type` ∈ {'Non Bouw'})
	AT=[1610](`at:phase` ∈ {'01_HOOFD_0', '01_HOOFD_1', '01_HOOFD_4', '01_HOOFD_5'})
	TT=[816](`tt:weekday` ∈ {'Fri'})
-------------------------------------------------------------------------------
Node [3263]: (CT=172, AT=1610, TT=816), containing 6683 events.
	CT=[172](`ct:permit_type` ∈ {'Bouw'})
	AT=[1610](`at:phase` ∈ {'01_HOOFD_0', '01_HOOFD_1', '01_HOOFD_4', '01_HOOFD_5'})
	TT=[816](`tt:weekday` ∈ {'Fri'})

===============================================================================
Step	[9]

-------------------------------------------------------------------------------
Node [3787]: (CT=171, AT=584, TT=1846), containing 14 events.
	CT=[171](`ct:permit_type` ∈ {'Non Bouw'})
	AT=[584](`at:phase` ∈ {'01_HOOFD_7'})
	TT=[1846](`tt:weekday` ∈ {'Sun'})
-------------------------------------------------------------------------------
Node [3788]: (CT=171, AT=584, TT=1847), containing 213 events.
	CT=[171](`ct:permit_type` ∈ {'Non Bouw'})
	AT=[584](`at:phase` ∈ {'01_HOOFD_7'})
	TT=[1847](`tt:weekday` ∈ {'Mon', 'Thu', 'Tue', 'Wed'})
-------------------------------------------------------------------------------
Node [3789]: (CT=172, AT=584, TT=1846), containing 22 events.
	CT=[172](`ct:permit_type` ∈ {'Bouw'})
	AT=[584](`at:phase` ∈ {'01_HOOFD_7'})
	TT=[1846](`tt:weekday` ∈ {'Sun'})
-------------------------------------------------------------------------------
Node [3790]: (CT=172, AT=584, TT=1847), containing 294 events.
	CT=[172](`ct:permit_type` ∈ {'Bouw'})
	AT=[584](`at:phase` ∈ {'01_HOOFD_7'})
	TT=[1847](`tt:weekday` ∈ {'Mon', 'Thu', 'Tue', 'Wed'})
-------------------------------------------------------------------------------
Node [3243]: (CT=171, AT=584, TT=816), containing 15 events.
	CT=[171](`ct:permit_type` ∈ {'Non Bouw'})
	AT=[584](`at:phase` ∈ {'01_HOOFD_7'})
	TT=[816](`tt:weekday` ∈ {'Fri'})
-------------------------------------------------------------------------------
Node [3244]: (CT=172, AT=584, TT=816), containing 29 events.
	CT=[172](`ct:permit_type` ∈ {'Bouw'})
	AT=[584](`at:phase` ∈ {'01_HOOFD_7'})
	TT=[816](`tt:weekday` ∈ {'Fri'})
-------------------------------------------------------------------------------
Node [3791]: (CT=172, AT=964, TT=1847), containing 15 events.
	CT=[172](`ct:permit_type` ∈ {'Bouw'})
	AT=[964](`at:phase` ∈ {'01_HOOFD_6'})
	TT=[1847](`tt:weekday` ∈ {'Mon', 'Thu', 'Tue', 'Wed'})
-------------------------------------------------------------------------------
Node [3792]: (CT=171, AT=1207, TT=1846), containing 388 events.
	CT=[171](`ct:permit_type` ∈ {'Non Bouw'})
	AT=[1207](`at:phase` ∈ {'01_HOOFD_8'})
	TT=[1846](`tt:weekday` ∈ {'Sun'})
-------------------------------------------------------------------------------
Node [3793]: (CT=171, AT=1207, TT=1847), containing 2019 events.
	CT=[171](`ct:permit_type` ∈ {'Non Bouw'})
	AT=[1207](`at:phase` ∈ {'01_HOOFD_8'})
	TT=[1847](`tt:weekday` ∈ {'Mon', 'Thu', 'Tue', 'Wed'})
-------------------------------------------------------------------------------
Node [3794]: (CT=172, AT=1207, TT=1846), containing 547 events.
	CT=[172](`ct:permit_type` ∈ {'Bouw'})
	AT=[1207](`at:phase` ∈ {'01_HOOFD_8'})
	TT=[1846](`tt:weekday` ∈ {'Sun'})
-------------------------------------------------------------------------------
Node [3795]: (CT=172, AT=1207, TT=1847), containing 3669 events.
	CT=[172](`ct:permit_type` ∈ {'Bouw'})
	AT=[1207](`at:phase` ∈ {'01_HOOFD_8'})
	TT=[1847](`tt:weekday` ∈ {'Mon', 'Thu', 'Tue', 'Wed'})
-------------------------------------------------------------------------------
Node [3248]: (CT=171, AT=1207, TT=816), containing 86 events.
	CT=[171](`ct:permit_type` ∈ {'Non Bouw'})
	AT=[1207](`at:phase` ∈ {'01_HOOFD_8'})
	TT=[816](`tt:weekday` ∈ {'Fri'})
-------------------------------------------------------------------------------
Node [3249]: (CT=172, AT=1207, TT=816), containing 172 events.
	CT=[172](`ct:permit_type` ∈ {'Bouw'})
	AT=[1207](`at:phase` ∈ {'01_HOOFD_8'})
	TT=[816](`tt:weekday` ∈ {'Fri'})
-------------------------------------------------------------------------------
Node [3796]: (CT=171, AT=1514, TT=1846), containing 298 events.
	CT=[171](`ct:permit_type` ∈ {'Non Bouw'})
	AT=[1514](`at:phase` ∈ {'01_HOOFD_2'})
	TT=[1846](`tt:weekday` ∈ {'Sun'})
-------------------------------------------------------------------------------
Node [3797]: (CT=171, AT=1514, TT=1847), containing 4992 events.
	CT=[171](`ct:permit_type` ∈ {'Non Bouw'})
	AT=[1514](`at:phase` ∈ {'01_HOOFD_2'})
	TT=[1847](`tt:weekday` ∈ {'Mon', 'Thu', 'Tue', 'Wed'})
-------------------------------------------------------------------------------
Node [3798]: (CT=172, AT=1514, TT=1846), containing 713 events.
	CT=[172](`ct:permit_type` ∈ {'Bouw'})
	AT=[1514](`at:phase` ∈ {'01_HOOFD_2'})
	TT=[1846](`tt:weekday` ∈ {'Sun'})
-------------------------------------------------------------------------------
Node [3799]: (CT=172, AT=1514, TT=1847), containing 9221 events.
	CT=[172](`ct:permit_type` ∈ {'Bouw'})
	AT=[1514](`at:phase` ∈ {'01_HOOFD_2'})
	TT=[1847](`tt:weekday` ∈ {'Mon', 'Thu', 'Tue', 'Wed'})
-------------------------------------------------------------------------------
Node [3252]: (CT=171, AT=1514, TT=816), containing 463 events.
	CT=[171](`ct:permit_type` ∈ {'Non Bouw'})
	AT=[1514](`at:phase` ∈ {'01_HOOFD_2'})
	TT=[816](`tt:weekday` ∈ {'Fri'})
-------------------------------------------------------------------------------
Node [3253]: (CT=172, AT=1514, TT=816), containing 805 events.
	CT=[172](`ct:permit_type` ∈ {'Bouw'})
	AT=[1514](`at:phase` ∈ {'01_HOOFD_2'})
	TT=[816](`tt:weekday` ∈ {'Fri'})
-------------------------------------------------------------------------------
Node [3254]: (CT=171, AT=1610, TT=133), containing 56 events.
	CT=[171](`ct:permit_type` ∈ {'Non Bouw'})
	AT=[1610](`at:phase` ∈ {'01_HOOFD_0', '01_HOOFD_1', '01_HOOFD_4', '01_HOOFD_5'})
	TT=[133](`tt:weekday` ∈ {'Sat'})
-------------------------------------------------------------------------------
Node [3255]: (CT=172, AT=1610, TT=133), containing 93 events.
	CT=[172](`ct:permit_type` ∈ {'Bouw'})
	AT=[1610](`at:phase` ∈ {'01_HOOFD_0', '01_HOOFD_1', '01_HOOFD_4', '01_HOOFD_5'})
	TT=[133](`tt:weekday` ∈ {'Sat'})
-------------------------------------------------------------------------------
Node [3800]: (CT=171, AT=1611, TT=1846), containing 400 events.
	CT=[171](`ct:permit_type` ∈ {'Non Bouw'})
	AT=[1611](`at:phase` ∈ {'01_HOOFD_3'})
	TT=[1846](`tt:weekday` ∈ {'Sun'})
-------------------------------------------------------------------------------
Node [3801]: (CT=171, AT=1611, TT=1847), containing 5303 events.
	CT=[171](`ct:permit_type` ∈ {'Non Bouw'})
	AT=[1611](`at:phase` ∈ {'01_HOOFD_3'})
	TT=[1847](`tt:weekday` ∈ {'Mon', 'Thu', 'Tue', 'Wed'})
-------------------------------------------------------------------------------
Node [3802]: (CT=172, AT=1611, TT=1846), containing 940 events.
	CT=[172](`ct:permit_type` ∈ {'Bouw'})
	AT=[1611](`at:phase` ∈ {'01_HOOFD_3'})
	TT=[1846](`tt:weekday` ∈ {'Sun'})
-------------------------------------------------------------------------------
Node [3803]: (CT=172, AT=1611, TT=1847), containing 9905 events.
	CT=[172](`ct:permit_type` ∈ {'Bouw'})
	AT=[1611](`at:phase` ∈ {'01_HOOFD_3'})
	TT=[1847](`tt:weekday` ∈ {'Mon', 'Thu', 'Tue', 'Wed'})
-------------------------------------------------------------------------------
Node [3804]: (CT=171, AT=1610, TT=1846), containing 4841 events.
	CT=[171](`ct:permit_type` ∈ {'Non Bouw'})
	AT=[1610](`at:phase` ∈ {'01_HOOFD_0', '01_HOOFD_1', '01_HOOFD_4', '01_HOOFD_5'})
	TT=[1846](`tt:weekday` ∈ {'Sun'})
-------------------------------------------------------------------------------
Node [3805]: (CT=171, AT=1610, TT=1847), containing 44633 events.
	CT=[171](`ct:permit_type` ∈ {'Non Bouw'})
	AT=[1610](`at:phase` ∈ {'01_HOOFD_0', '01_HOOFD_1', '01_HOOFD_4', '01_HOOFD_5'})
	TT=[1847](`tt:weekday` ∈ {'Mon', 'Thu', 'Tue', 'Wed'})
-------------------------------------------------------------------------------
Node [3806]: (CT=172, AT=1610, TT=1846), containing 9129 events.
	CT=[172](`ct:permit_type` ∈ {'Bouw'})
	AT=[1610](`at:phase` ∈ {'01_HOOFD_0', '01_HOOFD_1', '01_HOOFD_4', '01_HOOFD_5'})
	TT=[1846](`tt:weekday` ∈ {'Sun'})
-------------------------------------------------------------------------------
Node [3807]: (CT=172, AT=1610, TT=1847), containing 82516 events.
	CT=[172](`ct:permit_type` ∈ {'Bouw'})
	AT=[1610](`at:phase` ∈ {'01_HOOFD_0', '01_HOOFD_1', '01_HOOFD_4', '01_HOOFD_5'})
	TT=[1847](`tt:weekday` ∈ {'Mon', 'Thu', 'Tue', 'Wed'})
-------------------------------------------------------------------------------
Node [3260]: (CT=171, AT=1611, TT=816), containing 488 events.
	CT=[171](`ct:permit_type` ∈ {'Non Bouw'})
	AT=[1611](`at:phase` ∈ {'01_HOOFD_3'})
	TT=[816](`tt:weekday` ∈ {'Fri'})
-------------------------------------------------------------------------------
Node [3261]: (CT=172, AT=1611, TT=816), containing 849 events.
	CT=[172](`ct:permit_type` ∈ {'Bouw'})
	AT=[1611](`at:phase` ∈ {'01_HOOFD_3'})
	TT=[816](`tt:weekday` ∈ {'Fri'})
-------------------------------------------------------------------------------
Node [3262]: (CT=171, AT=1610, TT=816), containing 3642 events.
	CT=[171](`ct:permit_type` ∈ {'Non Bouw'})
	AT=[1610](`at:phase` ∈ {'01_HOOFD_0', '01_HOOFD_1', '01_HOOFD_4', '01_HOOFD_5'})
	TT=[816](`tt:weekday` ∈ {'Fri'})
-------------------------------------------------------------------------------
Node [3263]: (CT=172, AT=1610, TT=816), containing 6683 events.
	CT=[172](`ct:permit_type` ∈ {'Bouw'})
	AT=[1610](`at:phase` ∈ {'01_HOOFD_0', '01_HOOFD_1', '01_HOOFD_4', '01_HOOFD_5'})
	TT=[816](`tt:weekday` ∈ {'Fri'})

===============================================================================
Step	[10]

-------------------------------------------------------------------------------
Node [3243]: (CT=171, AT=584, TT=816), containing 15 events.
	CT=[171](`ct:permit_type` ∈ {'Non Bouw'})
	AT=[584](`at:phase` ∈ {'01_HOOFD_7'})
	TT=[816](`tt:weekday` ∈ {'Fri'})
-------------------------------------------------------------------------------
Node [3244]: (CT=172, AT=584, TT=816), containing 29 events.
	CT=[172](`ct:permit_type` ∈ {'Bouw'})
	AT=[584](`at:phase` ∈ {'01_HOOFD_7'})
	TT=[816](`tt:weekday` ∈ {'Fri'})
-------------------------------------------------------------------------------
Node [3248]: (CT=171, AT=1207, TT=816), containing 86 events.
	CT=[171](`ct:permit_type` ∈ {'Non Bouw'})
	AT=[1207](`at:phase` ∈ {'01_HOOFD_8'})
	TT=[816](`tt:weekday` ∈ {'Fri'})
-------------------------------------------------------------------------------
Node [3249]: (CT=172, AT=1207, TT=816), containing 172 events.
	CT=[172](`ct:permit_type` ∈ {'Bouw'})
	AT=[1207](`at:phase` ∈ {'01_HOOFD_8'})
	TT=[816](`tt:weekday` ∈ {'Fri'})
-------------------------------------------------------------------------------
Node [3252]: (CT=171, AT=1514, TT=816), containing 463 events.
	CT=[171](`ct:permit_type` ∈ {'Non Bouw'})
	AT=[1514](`at:phase` ∈ {'01_HOOFD_2'})
	TT=[816](`tt:weekday` ∈ {'Fri'})
-------------------------------------------------------------------------------
Node [3253]: (CT=172, AT=1514, TT=816), containing 805 events.
	CT=[172](`ct:permit_type` ∈ {'Bouw'})
	AT=[1514](`at:phase` ∈ {'01_HOOFD_2'})
	TT=[816](`tt:weekday` ∈ {'Fri'})
-------------------------------------------------------------------------------
Node [4209]: (CT=171, AT=1868, TT=133), containing 56 events.
	CT=[171](`ct:permit_type` ∈ {'Non Bouw'})
	AT=[1868](`at:phase` ∈ {'01_HOOFD_0', '01_HOOFD_4', '01_HOOFD_5'})
	TT=[133](`tt:weekday` ∈ {'Sat'})
-------------------------------------------------------------------------------
Node [4210]: (CT=172, AT=1869, TT=133), containing 1 events.
	CT=[172](`ct:permit_type` ∈ {'Bouw'})
	AT=[1869](`at:phase` ∈ {'01_HOOFD_1'})
	TT=[133](`tt:weekday` ∈ {'Sat'})
-------------------------------------------------------------------------------
Node [4211]: (CT=172, AT=1868, TT=133), containing 92 events.
	CT=[172](`ct:permit_type` ∈ {'Bouw'})
	AT=[1868](`at:phase` ∈ {'01_HOOFD_0', '01_HOOFD_4', '01_HOOFD_5'})
	TT=[133](`tt:weekday` ∈ {'Sat'})
-------------------------------------------------------------------------------
Node [3260]: (CT=171, AT=1611, TT=816), containing 488 events.
	CT=[171](`ct:permit_type` ∈ {'Non Bouw'})
	AT=[1611](`at:phase` ∈ {'01_HOOFD_3'})
	TT=[816](`tt:weekday` ∈ {'Fri'})
-------------------------------------------------------------------------------
Node [3261]: (CT=172, AT=1611, TT=816), containing 849 events.
	CT=[172](`ct:permit_type` ∈ {'Bouw'})
	AT=[1611](`at:phase` ∈ {'01_HOOFD_3'})
	TT=[816](`tt:weekday` ∈ {'Fri'})
-------------------------------------------------------------------------------
Node [4212]: (CT=171, AT=1869, TT=816), containing 834 events.
	CT=[171](`ct:permit_type` ∈ {'Non Bouw'})
	AT=[1869](`at:phase` ∈ {'01_HOOFD_1'})
	TT=[816](`tt:weekday` ∈ {'Fri'})
-------------------------------------------------------------------------------
Node [4213]: (CT=171, AT=1868, TT=816), containing 2808 events.
	CT=[171](`ct:permit_type` ∈ {'Non Bouw'})
	AT=[1868](`at:phase` ∈ {'01_HOOFD_0', '01_HOOFD_4', '01_HOOFD_5'})
	TT=[816](`tt:weekday` ∈ {'Fri'})
-------------------------------------------------------------------------------
Node [4214]: (CT=172, AT=1869, TT=816), containing 1569 events.
	CT=[172](`ct:permit_type` ∈ {'Bouw'})
	AT=[1869](`at:phase` ∈ {'01_HOOFD_1'})
	TT=[816](`tt:weekday` ∈ {'Fri'})
-------------------------------------------------------------------------------
Node [4215]: (CT=172, AT=1868, TT=816), containing 5114 events.
	CT=[172](`ct:permit_type` ∈ {'Bouw'})
	AT=[1868](`at:phase` ∈ {'01_HOOFD_0', '01_HOOFD_4', '01_HOOFD_5'})
	TT=[816](`tt:weekday` ∈ {'Fri'})
-------------------------------------------------------------------------------
Node [3787]: (CT=171, AT=584, TT=1846), containing 14 events.
	CT=[171](`ct:permit_type` ∈ {'Non Bouw'})
	AT=[584](`at:phase` ∈ {'01_HOOFD_7'})
	TT=[1846](`tt:weekday` ∈ {'Sun'})
-------------------------------------------------------------------------------
Node [3788]: (CT=171, AT=584, TT=1847), containing 213 events.
	CT=[171](`ct:permit_type` ∈ {'Non Bouw'})
	AT=[584](`at:phase` ∈ {'01_HOOFD_7'})
	TT=[1847](`tt:weekday` ∈ {'Mon', 'Thu', 'Tue', 'Wed'})
-------------------------------------------------------------------------------
Node [3789]: (CT=172, AT=584, TT=1846), containing 22 events.
	CT=[172](`ct:permit_type` ∈ {'Bouw'})
	AT=[584](`at:phase` ∈ {'01_HOOFD_7'})
	TT=[1846](`tt:weekday` ∈ {'Sun'})
-------------------------------------------------------------------------------
Node [3790]: (CT=172, AT=584, TT=1847), containing 294 events.
	CT=[172](`ct:permit_type` ∈ {'Bouw'})
	AT=[584](`at:phase` ∈ {'01_HOOFD_7'})
	TT=[1847](`tt:weekday` ∈ {'Mon', 'Thu', 'Tue', 'Wed'})
-------------------------------------------------------------------------------
Node [3791]: (CT=172, AT=964, TT=1847), containing 15 events.
	CT=[172](`ct:permit_type` ∈ {'Bouw'})
	AT=[964](`at:phase` ∈ {'01_HOOFD_6'})
	TT=[1847](`tt:weekday` ∈ {'Mon', 'Thu', 'Tue', 'Wed'})
-------------------------------------------------------------------------------
Node [3792]: (CT=171, AT=1207, TT=1846), containing 388 events.
	CT=[171](`ct:permit_type` ∈ {'Non Bouw'})
	AT=[1207](`at:phase` ∈ {'01_HOOFD_8'})
	TT=[1846](`tt:weekday` ∈ {'Sun'})
-------------------------------------------------------------------------------
Node [3793]: (CT=171, AT=1207, TT=1847), containing 2019 events.
	CT=[171](`ct:permit_type` ∈ {'Non Bouw'})
	AT=[1207](`at:phase` ∈ {'01_HOOFD_8'})
	TT=[1847](`tt:weekday` ∈ {'Mon', 'Thu', 'Tue', 'Wed'})
-------------------------------------------------------------------------------
Node [3794]: (CT=172, AT=1207, TT=1846), containing 547 events.
	CT=[172](`ct:permit_type` ∈ {'Bouw'})
	AT=[1207](`at:phase` ∈ {'01_HOOFD_8'})
	TT=[1846](`tt:weekday` ∈ {'Sun'})
-------------------------------------------------------------------------------
Node [3795]: (CT=172, AT=1207, TT=1847), containing 3669 events.
	CT=[172](`ct:permit_type` ∈ {'Bouw'})
	AT=[1207](`at:phase` ∈ {'01_HOOFD_8'})
	TT=[1847](`tt:weekday` ∈ {'Mon', 'Thu', 'Tue', 'Wed'})
-------------------------------------------------------------------------------
Node [3796]: (CT=171, AT=1514, TT=1846), containing 298 events.
	CT=[171](`ct:permit_type` ∈ {'Non Bouw'})
	AT=[1514](`at:phase` ∈ {'01_HOOFD_2'})
	TT=[1846](`tt:weekday` ∈ {'Sun'})
-------------------------------------------------------------------------------
Node [3797]: (CT=171, AT=1514, TT=1847), containing 4992 events.
	CT=[171](`ct:permit_type` ∈ {'Non Bouw'})
	AT=[1514](`at:phase` ∈ {'01_HOOFD_2'})
	TT=[1847](`tt:weekday` ∈ {'Mon', 'Thu', 'Tue', 'Wed'})
-------------------------------------------------------------------------------
Node [3798]: (CT=172, AT=1514, TT=1846), containing 713 events.
	CT=[172](`ct:permit_type` ∈ {'Bouw'})
	AT=[1514](`at:phase` ∈ {'01_HOOFD_2'})
	TT=[1846](`tt:weekday` ∈ {'Sun'})
-------------------------------------------------------------------------------
Node [3799]: (CT=172, AT=1514, TT=1847), containing 9221 events.
	CT=[172](`ct:permit_type` ∈ {'Bouw'})
	AT=[1514](`at:phase` ∈ {'01_HOOFD_2'})
	TT=[1847](`tt:weekday` ∈ {'Mon', 'Thu', 'Tue', 'Wed'})
-------------------------------------------------------------------------------
Node [3800]: (CT=171, AT=1611, TT=1846), containing 400 events.
	CT=[171](`ct:permit_type` ∈ {'Non Bouw'})
	AT=[1611](`at:phase` ∈ {'01_HOOFD_3'})
	TT=[1846](`tt:weekday` ∈ {'Sun'})
-------------------------------------------------------------------------------
Node [3801]: (CT=171, AT=1611, TT=1847), containing 5303 events.
	CT=[171](`ct:permit_type` ∈ {'Non Bouw'})
	AT=[1611](`at:phase` ∈ {'01_HOOFD_3'})
	TT=[1847](`tt:weekday` ∈ {'Mon', 'Thu', 'Tue', 'Wed'})
-------------------------------------------------------------------------------
Node [3802]: (CT=172, AT=1611, TT=1846), containing 940 events.
	CT=[172](`ct:permit_type` ∈ {'Bouw'})
	AT=[1611](`at:phase` ∈ {'01_HOOFD_3'})
	TT=[1846](`tt:weekday` ∈ {'Sun'})
-------------------------------------------------------------------------------
Node [3803]: (CT=172, AT=1611, TT=1847), containing 9905 events.
	CT=[172](`ct:permit_type` ∈ {'Bouw'})
	AT=[1611](`at:phase` ∈ {'01_HOOFD_3'})
	TT=[1847](`tt:weekday` ∈ {'Mon', 'Thu', 'Tue', 'Wed'})
-------------------------------------------------------------------------------
Node [4216]: (CT=171, AT=1869, TT=1846), containing 671 events.
	CT=[171](`ct:permit_type` ∈ {'Non Bouw'})
	AT=[1869](`at:phase` ∈ {'01_HOOFD_1'})
	TT=[1846](`tt:weekday` ∈ {'Sun'})
-------------------------------------------------------------------------------
Node [4217]: (CT=171, AT=1868, TT=1846), containing 4170 events.
	CT=[171](`ct:permit_type` ∈ {'Non Bouw'})
	AT=[1868](`at:phase` ∈ {'01_HOOFD_0', '01_HOOFD_4', '01_HOOFD_5'})
	TT=[1846](`tt:weekday` ∈ {'Sun'})
-------------------------------------------------------------------------------
Node [4218]: (CT=171, AT=1869, TT=1847), containing 8559 events.
	CT=[171](`ct:permit_type` ∈ {'Non Bouw'})
	AT=[1869](`at:phase` ∈ {'01_HOOFD_1'})
	TT=[1847](`tt:weekday` ∈ {'Mon', 'Thu', 'Tue', 'Wed'})
-------------------------------------------------------------------------------
Node [4219]: (CT=171, AT=1868, TT=1847), containing 36074 events.
	CT=[171](`ct:permit_type` ∈ {'Non Bouw'})
	AT=[1868](`at:phase` ∈ {'01_HOOFD_0', '01_HOOFD_4', '01_HOOFD_5'})
	TT=[1847](`tt:weekday` ∈ {'Mon', 'Thu', 'Tue', 'Wed'})
-------------------------------------------------------------------------------
Node [4220]: (CT=172, AT=1869, TT=1846), containing 1467 events.
	CT=[172](`ct:permit_type` ∈ {'Bouw'})
	AT=[1869](`at:phase` ∈ {'01_HOOFD_1'})
	TT=[1846](`tt:weekday` ∈ {'Sun'})
-------------------------------------------------------------------------------
Node [4221]: (CT=172, AT=1868, TT=1846), containing 7662 events.
	CT=[172](`ct:permit_type` ∈ {'Bouw'})
	AT=[1868](`at:phase` ∈ {'01_HOOFD_0', '01_HOOFD_4', '01_HOOFD_5'})
	TT=[1846](`tt:weekday` ∈ {'Sun'})
-------------------------------------------------------------------------------
Node [4222]: (CT=172, AT=1869, TT=1847), containing 16732 events.
	CT=[172](`ct:permit_type` ∈ {'Bouw'})
	AT=[1869](`at:phase` ∈ {'01_HOOFD_1'})
	TT=[1847](`tt:weekday` ∈ {'Mon', 'Thu', 'Tue', 'Wed'})
-------------------------------------------------------------------------------
Node [4223]: (CT=172, AT=1868, TT=1847), containing 65784 events.
	CT=[172](`ct:permit_type` ∈ {'Bouw'})
	AT=[1868](`at:phase` ∈ {'01_HOOFD_0', '01_HOOFD_4', '01_HOOFD_5'})
	TT=[1847](`tt:weekday` ∈ {'Mon', 'Thu', 'Tue', 'Wed'})

===============================================================================
Step	[11]

-------------------------------------------------------------------------------
Node [3243]: (CT=171, AT=584, TT=816), containing 15 events.
	CT=[171](`ct:permit_type` ∈ {'Non Bouw'})
	AT=[584](`at:phase` ∈ {'01_HOOFD_7'})
	TT=[816](`tt:weekday` ∈ {'Fri'})
-------------------------------------------------------------------------------
Node [3244]: (CT=172, AT=584, TT=816), containing 29 events.
	CT=[172](`ct:permit_type` ∈ {'Bouw'})
	AT=[584](`at:phase` ∈ {'01_HOOFD_7'})
	TT=[816](`tt:weekday` ∈ {'Fri'})
-------------------------------------------------------------------------------
Node [3248]: (CT=171, AT=1207, TT=816), containing 86 events.
	CT=[171](`ct:permit_type` ∈ {'Non Bouw'})
	AT=[1207](`at:phase` ∈ {'01_HOOFD_8'})
	TT=[816](`tt:weekday` ∈ {'Fri'})
-------------------------------------------------------------------------------
Node [3249]: (CT=172, AT=1207, TT=816), containing 172 events.
	CT=[172](`ct:permit_type` ∈ {'Bouw'})
	AT=[1207](`at:phase` ∈ {'01_HOOFD_8'})
	TT=[816](`tt:weekday` ∈ {'Fri'})
-------------------------------------------------------------------------------
Node [3252]: (CT=171, AT=1514, TT=816), containing 463 events.
	CT=[171](`ct:permit_type` ∈ {'Non Bouw'})
	AT=[1514](`at:phase` ∈ {'01_HOOFD_2'})
	TT=[816](`tt:weekday` ∈ {'Fri'})
-------------------------------------------------------------------------------
Node [3253]: (CT=172, AT=1514, TT=816), containing 805 events.
	CT=[172](`ct:permit_type` ∈ {'Bouw'})
	AT=[1514](`at:phase` ∈ {'01_HOOFD_2'})
	TT=[816](`tt:weekday` ∈ {'Fri'})
-------------------------------------------------------------------------------
Node [3260]: (CT=171, AT=1611, TT=816), containing 488 events.
	CT=[171](`ct:permit_type` ∈ {'Non Bouw'})
	AT=[1611](`at:phase` ∈ {'01_HOOFD_3'})
	TT=[816](`tt:weekday` ∈ {'Fri'})
-------------------------------------------------------------------------------
Node [3261]: (CT=172, AT=1611, TT=816), containing 849 events.
	CT=[172](`ct:permit_type` ∈ {'Bouw'})
	AT=[1611](`at:phase` ∈ {'01_HOOFD_3'})
	TT=[816](`tt:weekday` ∈ {'Fri'})
-------------------------------------------------------------------------------
Node [3787]: (CT=171, AT=584, TT=1846), containing 14 events.
	CT=[171](`ct:permit_type` ∈ {'Non Bouw'})
	AT=[584](`at:phase` ∈ {'01_HOOFD_7'})
	TT=[1846](`tt:weekday` ∈ {'Sun'})
-------------------------------------------------------------------------------
Node [3788]: (CT=171, AT=584, TT=1847), containing 213 events.
	CT=[171](`ct:permit_type` ∈ {'Non Bouw'})
	AT=[584](`at:phase` ∈ {'01_HOOFD_7'})
	TT=[1847](`tt:weekday` ∈ {'Mon', 'Thu', 'Tue', 'Wed'})
-------------------------------------------------------------------------------
Node [3789]: (CT=172, AT=584, TT=1846), containing 22 events.
	CT=[172](`ct:permit_type` ∈ {'Bouw'})
	AT=[584](`at:phase` ∈ {'01_HOOFD_7'})
	TT=[1846](`tt:weekday` ∈ {'Sun'})
-------------------------------------------------------------------------------
Node [3790]: (CT=172, AT=584, TT=1847), containing 294 events.
	CT=[172](`ct:permit_type` ∈ {'Bouw'})
	AT=[584](`at:phase` ∈ {'01_HOOFD_7'})
	TT=[1847](`tt:weekday` ∈ {'Mon', 'Thu', 'Tue', 'Wed'})
-------------------------------------------------------------------------------
Node [3791]: (CT=172, AT=964, TT=1847), containing 15 events.
	CT=[172](`ct:permit_type` ∈ {'Bouw'})
	AT=[964](`at:phase` ∈ {'01_HOOFD_6'})
	TT=[1847](`tt:weekday` ∈ {'Mon', 'Thu', 'Tue', 'Wed'})
-------------------------------------------------------------------------------
Node [3792]: (CT=171, AT=1207, TT=1846), containing 388 events.
	CT=[171](`ct:permit_type` ∈ {'Non Bouw'})
	AT=[1207](`at:phase` ∈ {'01_HOOFD_8'})
	TT=[1846](`tt:weekday` ∈ {'Sun'})
-------------------------------------------------------------------------------
Node [3793]: (CT=171, AT=1207, TT=1847), containing 2019 events.
	CT=[171](`ct:permit_type` ∈ {'Non Bouw'})
	AT=[1207](`at:phase` ∈ {'01_HOOFD_8'})
	TT=[1847](`tt:weekday` ∈ {'Mon', 'Thu', 'Tue', 'Wed'})
-------------------------------------------------------------------------------
Node [3794]: (CT=172, AT=1207, TT=1846), containing 547 events.
	CT=[172](`ct:permit_type` ∈ {'Bouw'})
	AT=[1207](`at:phase` ∈ {'01_HOOFD_8'})
	TT=[1846](`tt:weekday` ∈ {'Sun'})
-------------------------------------------------------------------------------
Node [3795]: (CT=172, AT=1207, TT=1847), containing 3669 events.
	CT=[172](`ct:permit_type` ∈ {'Bouw'})
	AT=[1207](`at:phase` ∈ {'01_HOOFD_8'})
	TT=[1847](`tt:weekday` ∈ {'Mon', 'Thu', 'Tue', 'Wed'})
-------------------------------------------------------------------------------
Node [3796]: (CT=171, AT=1514, TT=1846), containing 298 events.
	CT=[171](`ct:permit_type` ∈ {'Non Bouw'})
	AT=[1514](`at:phase` ∈ {'01_HOOFD_2'})
	TT=[1846](`tt:weekday` ∈ {'Sun'})
-------------------------------------------------------------------------------
Node [3797]: (CT=171, AT=1514, TT=1847), containing 4992 events.
	CT=[171](`ct:permit_type` ∈ {'Non Bouw'})
	AT=[1514](`at:phase` ∈ {'01_HOOFD_2'})
	TT=[1847](`tt:weekday` ∈ {'Mon', 'Thu', 'Tue', 'Wed'})
-------------------------------------------------------------------------------
Node [3798]: (CT=172, AT=1514, TT=1846), containing 713 events.
	CT=[172](`ct:permit_type` ∈ {'Bouw'})
	AT=[1514](`at:phase` ∈ {'01_HOOFD_2'})
	TT=[1846](`tt:weekday` ∈ {'Sun'})
-------------------------------------------------------------------------------
Node [3799]: (CT=172, AT=1514, TT=1847), containing 9221 events.
	CT=[172](`ct:permit_type` ∈ {'Bouw'})
	AT=[1514](`at:phase` ∈ {'01_HOOFD_2'})
	TT=[1847](`tt:weekday` ∈ {'Mon', 'Thu', 'Tue', 'Wed'})
-------------------------------------------------------------------------------
Node [3800]: (CT=171, AT=1611, TT=1846), containing 400 events.
	CT=[171](`ct:permit_type` ∈ {'Non Bouw'})
	AT=[1611](`at:phase` ∈ {'01_HOOFD_3'})
	TT=[1846](`tt:weekday` ∈ {'Sun'})
-------------------------------------------------------------------------------
Node [3801]: (CT=171, AT=1611, TT=1847), containing 5303 events.
	CT=[171](`ct:permit_type` ∈ {'Non Bouw'})
	AT=[1611](`at:phase` ∈ {'01_HOOFD_3'})
	TT=[1847](`tt:weekday` ∈ {'Mon', 'Thu', 'Tue', 'Wed'})
-------------------------------------------------------------------------------
Node [3802]: (CT=172, AT=1611, TT=1846), containing 940 events.
	CT=[172](`ct:permit_type` ∈ {'Bouw'})
	AT=[1611](`at:phase` ∈ {'01_HOOFD_3'})
	TT=[1846](`tt:weekday` ∈ {'Sun'})
-------------------------------------------------------------------------------
Node [3803]: (CT=172, AT=1611, TT=1847), containing 9905 events.
	CT=[172](`ct:permit_type` ∈ {'Bouw'})
	AT=[1611](`at:phase` ∈ {'01_HOOFD_3'})
	TT=[1847](`tt:weekday` ∈ {'Mon', 'Thu', 'Tue', 'Wed'})
-------------------------------------------------------------------------------
Node [4619]: (CT=171, AT=1942, TT=133), containing 56 events.
	CT=[171](`ct:permit_type` ∈ {'Non Bouw'})
	AT=[1942](`at:phase` ∈ {'01_HOOFD_0', '01_HOOFD_4'})
	TT=[133](`tt:weekday` ∈ {'Sat'})
-------------------------------------------------------------------------------
Node [4210]: (CT=172, AT=1869, TT=133), containing 1 events.
	CT=[172](`ct:permit_type` ∈ {'Bouw'})
	AT=[1869](`at:phase` ∈ {'01_HOOFD_1'})
	TT=[133](`tt:weekday` ∈ {'Sat'})
-------------------------------------------------------------------------------
Node [4620]: (CT=172, AT=1943, TT=133), containing 1 events.
	CT=[172](`ct:permit_type` ∈ {'Bouw'})
	AT=[1943](`at:phase` ∈ {'01_HOOFD_5'})
	TT=[133](`tt:weekday` ∈ {'Sat'})
-------------------------------------------------------------------------------
Node [4621]: (CT=172, AT=1942, TT=133), containing 91 events.
	CT=[172](`ct:permit_type` ∈ {'Bouw'})
	AT=[1942](`at:phase` ∈ {'01_HOOFD_0', '01_HOOFD_4'})
	TT=[133](`tt:weekday` ∈ {'Sat'})
-------------------------------------------------------------------------------
Node [4212]: (CT=171, AT=1869, TT=816), containing 834 events.
	CT=[171](`ct:permit_type` ∈ {'Non Bouw'})
	AT=[1869](`at:phase` ∈ {'01_HOOFD_1'})
	TT=[816](`tt:weekday` ∈ {'Fri'})
-------------------------------------------------------------------------------
Node [4622]: (CT=171, AT=1943, TT=816), containing 640 events.
	CT=[171](`ct:permit_type` ∈ {'Non Bouw'})
	AT=[1943](`at:phase` ∈ {'01_HOOFD_5'})
	TT=[816](`tt:weekday` ∈ {'Fri'})
-------------------------------------------------------------------------------
Node [4623]: (CT=171, AT=1942, TT=816), containing 2168 events.
	CT=[171](`ct:permit_type` ∈ {'Non Bouw'})
	AT=[1942](`at:phase` ∈ {'01_HOOFD_0', '01_HOOFD_4'})
	TT=[816](`tt:weekday` ∈ {'Fri'})
-------------------------------------------------------------------------------
Node [4214]: (CT=172, AT=1869, TT=816), containing 1569 events.
	CT=[172](`ct:permit_type` ∈ {'Bouw'})
	AT=[1869](`at:phase` ∈ {'01_HOOFD_1'})
	TT=[816](`tt:weekday` ∈ {'Fri'})
-------------------------------------------------------------------------------
Node [4624]: (CT=172, AT=1943, TT=816), containing 1494 events.
	CT=[172](`ct:permit_type` ∈ {'Bouw'})
	AT=[1943](`at:phase` ∈ {'01_HOOFD_5'})
	TT=[816](`tt:weekday` ∈ {'Fri'})
-------------------------------------------------------------------------------
Node [4625]: (CT=172, AT=1942, TT=816), containing 3620 events.
	CT=[172](`ct:permit_type` ∈ {'Bouw'})
	AT=[1942](`at:phase` ∈ {'01_HOOFD_0', '01_HOOFD_4'})
	TT=[816](`tt:weekday` ∈ {'Fri'})
-------------------------------------------------------------------------------
Node [4216]: (CT=171, AT=1869, TT=1846), containing 671 events.
	CT=[171](`ct:permit_type` ∈ {'Non Bouw'})
	AT=[1869](`at:phase` ∈ {'01_HOOFD_1'})
	TT=[1846](`tt:weekday` ∈ {'Sun'})
-------------------------------------------------------------------------------
Node [4626]: (CT=171, AT=1943, TT=1846), containing 1167 events.
	CT=[171](`ct:permit_type` ∈ {'Non Bouw'})
	AT=[1943](`at:phase` ∈ {'01_HOOFD_5'})
	TT=[1846](`tt:weekday` ∈ {'Sun'})
-------------------------------------------------------------------------------
Node [4627]: (CT=171, AT=1942, TT=1846), containing 3003 events.
	CT=[171](`ct:permit_type` ∈ {'Non Bouw'})
	AT=[1942](`at:phase` ∈ {'01_HOOFD_0', '01_HOOFD_4'})
	TT=[1846](`tt:weekday` ∈ {'Sun'})
-------------------------------------------------------------------------------
Node [4218]: (CT=171, AT=1869, TT=1847), containing 8559 events.
	CT=[171](`ct:permit_type` ∈ {'Non Bouw'})
	AT=[1869](`at:phase` ∈ {'01_HOOFD_1'})
	TT=[1847](`tt:weekday` ∈ {'Mon', 'Thu', 'Tue', 'Wed'})
-------------------------------------------------------------------------------
Node [4628]: (CT=171, AT=1943, TT=1847), containing 8580 events.
	CT=[171](`ct:permit_type` ∈ {'Non Bouw'})
	AT=[1943](`at:phase` ∈ {'01_HOOFD_5'})
	TT=[1847](`tt:weekday` ∈ {'Mon', 'Thu', 'Tue', 'Wed'})
-------------------------------------------------------------------------------
Node [4629]: (CT=171, AT=1942, TT=1847), containing 27494 events.
	CT=[171](`ct:permit_type` ∈ {'Non Bouw'})
	AT=[1942](`at:phase` ∈ {'01_HOOFD_0', '01_HOOFD_4'})
	TT=[1847](`tt:weekday` ∈ {'Mon', 'Thu', 'Tue', 'Wed'})
-------------------------------------------------------------------------------
Node [4220]: (CT=172, AT=1869, TT=1846), containing 1467 events.
	CT=[172](`ct:permit_type` ∈ {'Bouw'})
	AT=[1869](`at:phase` ∈ {'01_HOOFD_1'})
	TT=[1846](`tt:weekday` ∈ {'Sun'})
-------------------------------------------------------------------------------
Node [4630]: (CT=172, AT=1943, TT=1846), containing 1827 events.
	CT=[172](`ct:permit_type` ∈ {'Bouw'})
	AT=[1943](`at:phase` ∈ {'01_HOOFD_5'})
	TT=[1846](`tt:weekday` ∈ {'Sun'})
-------------------------------------------------------------------------------
Node [4631]: (CT=172, AT=1942, TT=1846), containing 5835 events.
	CT=[172](`ct:permit_type` ∈ {'Bouw'})
	AT=[1942](`at:phase` ∈ {'01_HOOFD_0', '01_HOOFD_4'})
	TT=[1846](`tt:weekday` ∈ {'Sun'})
-------------------------------------------------------------------------------
Node [4222]: (CT=172, AT=1869, TT=1847), containing 16732 events.
	CT=[172](`ct:permit_type` ∈ {'Bouw'})
	AT=[1869](`at:phase` ∈ {'01_HOOFD_1'})
	TT=[1847](`tt:weekday` ∈ {'Mon', 'Thu', 'Tue', 'Wed'})
-------------------------------------------------------------------------------
Node [4632]: (CT=172, AT=1943, TT=1847), containing 16138 events.
	CT=[172](`ct:permit_type` ∈ {'Bouw'})
	AT=[1943](`at:phase` ∈ {'01_HOOFD_5'})
	TT=[1847](`tt:weekday` ∈ {'Mon', 'Thu', 'Tue', 'Wed'})
-------------------------------------------------------------------------------
Node [4633]: (CT=172, AT=1942, TT=1847), containing 49646 events.
	CT=[172](`ct:permit_type` ∈ {'Bouw'})
	AT=[1942](`at:phase` ∈ {'01_HOOFD_0', '01_HOOFD_4'})
	TT=[1847](`tt:weekday` ∈ {'Mon', 'Thu', 'Tue', 'Wed'})

===============================================================================
Step	[12]

-------------------------------------------------------------------------------
Node [3243]: (CT=171, AT=584, TT=816), containing 15 events.
	CT=[171](`ct:permit_type` ∈ {'Non Bouw'})
	AT=[584](`at:phase` ∈ {'01_HOOFD_7'})
	TT=[816](`tt:weekday` ∈ {'Fri'})
-------------------------------------------------------------------------------
Node [3244]: (CT=172, AT=584, TT=816), containing 29 events.
	CT=[172](`ct:permit_type` ∈ {'Bouw'})
	AT=[584](`at:phase` ∈ {'01_HOOFD_7'})
	TT=[816](`tt:weekday` ∈ {'Fri'})
-------------------------------------------------------------------------------
Node [3248]: (CT=171, AT=1207, TT=816), containing 86 events.
	CT=[171](`ct:permit_type` ∈ {'Non Bouw'})
	AT=[1207](`at:phase` ∈ {'01_HOOFD_8'})
	TT=[816](`tt:weekday` ∈ {'Fri'})
-------------------------------------------------------------------------------
Node [3249]: (CT=172, AT=1207, TT=816), containing 172 events.
	CT=[172](`ct:permit_type` ∈ {'Bouw'})
	AT=[1207](`at:phase` ∈ {'01_HOOFD_8'})
	TT=[816](`tt:weekday` ∈ {'Fri'})
-------------------------------------------------------------------------------
Node [3252]: (CT=171, AT=1514, TT=816), containing 463 events.
	CT=[171](`ct:permit_type` ∈ {'Non Bouw'})
	AT=[1514](`at:phase` ∈ {'01_HOOFD_2'})
	TT=[816](`tt:weekday` ∈ {'Fri'})
-------------------------------------------------------------------------------
Node [3253]: (CT=172, AT=1514, TT=816), containing 805 events.
	CT=[172](`ct:permit_type` ∈ {'Bouw'})
	AT=[1514](`at:phase` ∈ {'01_HOOFD_2'})
	TT=[816](`tt:weekday` ∈ {'Fri'})
-------------------------------------------------------------------------------
Node [3260]: (CT=171, AT=1611, TT=816), containing 488 events.
	CT=[171](`ct:permit_type` ∈ {'Non Bouw'})
	AT=[1611](`at:phase` ∈ {'01_HOOFD_3'})
	TT=[816](`tt:weekday` ∈ {'Fri'})
-------------------------------------------------------------------------------
Node [3261]: (CT=172, AT=1611, TT=816), containing 849 events.
	CT=[172](`ct:permit_type` ∈ {'Bouw'})
	AT=[1611](`at:phase` ∈ {'01_HOOFD_3'})
	TT=[816](`tt:weekday` ∈ {'Fri'})
-------------------------------------------------------------------------------
Node [3787]: (CT=171, AT=584, TT=1846), containing 14 events.
	CT=[171](`ct:permit_type` ∈ {'Non Bouw'})
	AT=[584](`at:phase` ∈ {'01_HOOFD_7'})
	TT=[1846](`tt:weekday` ∈ {'Sun'})
-------------------------------------------------------------------------------
Node [3788]: (CT=171, AT=584, TT=1847), containing 213 events.
	CT=[171](`ct:permit_type` ∈ {'Non Bouw'})
	AT=[584](`at:phase` ∈ {'01_HOOFD_7'})
	TT=[1847](`tt:weekday` ∈ {'Mon', 'Thu', 'Tue', 'Wed'})
-------------------------------------------------------------------------------
Node [3789]: (CT=172, AT=584, TT=1846), containing 22 events.
	CT=[172](`ct:permit_type` ∈ {'Bouw'})
	AT=[584](`at:phase` ∈ {'01_HOOFD_7'})
	TT=[1846](`tt:weekday` ∈ {'Sun'})
-------------------------------------------------------------------------------
Node [3790]: (CT=172, AT=584, TT=1847), containing 294 events.
	CT=[172](`ct:permit_type` ∈ {'Bouw'})
	AT=[584](`at:phase` ∈ {'01_HOOFD_7'})
	TT=[1847](`tt:weekday` ∈ {'Mon', 'Thu', 'Tue', 'Wed'})
-------------------------------------------------------------------------------
Node [3791]: (CT=172, AT=964, TT=1847), containing 15 events.
	CT=[172](`ct:permit_type` ∈ {'Bouw'})
	AT=[964](`at:phase` ∈ {'01_HOOFD_6'})
	TT=[1847](`tt:weekday` ∈ {'Mon', 'Thu', 'Tue', 'Wed'})
-------------------------------------------------------------------------------
Node [3792]: (CT=171, AT=1207, TT=1846), containing 388 events.
	CT=[171](`ct:permit_type` ∈ {'Non Bouw'})
	AT=[1207](`at:phase` ∈ {'01_HOOFD_8'})
	TT=[1846](`tt:weekday` ∈ {'Sun'})
-------------------------------------------------------------------------------
Node [3793]: (CT=171, AT=1207, TT=1847), containing 2019 events.
	CT=[171](`ct:permit_type` ∈ {'Non Bouw'})
	AT=[1207](`at:phase` ∈ {'01_HOOFD_8'})
	TT=[1847](`tt:weekday` ∈ {'Mon', 'Thu', 'Tue', 'Wed'})
-------------------------------------------------------------------------------
Node [3794]: (CT=172, AT=1207, TT=1846), containing 547 events.
	CT=[172](`ct:permit_type` ∈ {'Bouw'})
	AT=[1207](`at:phase` ∈ {'01_HOOFD_8'})
	TT=[1846](`tt:weekday` ∈ {'Sun'})
-------------------------------------------------------------------------------
Node [3795]: (CT=172, AT=1207, TT=1847), containing 3669 events.
	CT=[172](`ct:permit_type` ∈ {'Bouw'})
	AT=[1207](`at:phase` ∈ {'01_HOOFD_8'})
	TT=[1847](`tt:weekday` ∈ {'Mon', 'Thu', 'Tue', 'Wed'})
-------------------------------------------------------------------------------
Node [3796]: (CT=171, AT=1514, TT=1846), containing 298 events.
	CT=[171](`ct:permit_type` ∈ {'Non Bouw'})
	AT=[1514](`at:phase` ∈ {'01_HOOFD_2'})
	TT=[1846](`tt:weekday` ∈ {'Sun'})
-------------------------------------------------------------------------------
Node [3797]: (CT=171, AT=1514, TT=1847), containing 4992 events.
	CT=[171](`ct:permit_type` ∈ {'Non Bouw'})
	AT=[1514](`at:phase` ∈ {'01_HOOFD_2'})
	TT=[1847](`tt:weekday` ∈ {'Mon', 'Thu', 'Tue', 'Wed'})
-------------------------------------------------------------------------------
Node [3798]: (CT=172, AT=1514, TT=1846), containing 713 events.
	CT=[172](`ct:permit_type` ∈ {'Bouw'})
	AT=[1514](`at:phase` ∈ {'01_HOOFD_2'})
	TT=[1846](`tt:weekday` ∈ {'Sun'})
-------------------------------------------------------------------------------
Node [3799]: (CT=172, AT=1514, TT=1847), containing 9221 events.
	CT=[172](`ct:permit_type` ∈ {'Bouw'})
	AT=[1514](`at:phase` ∈ {'01_HOOFD_2'})
	TT=[1847](`tt:weekday` ∈ {'Mon', 'Thu', 'Tue', 'Wed'})
-------------------------------------------------------------------------------
Node [3800]: (CT=171, AT=1611, TT=1846), containing 400 events.
	CT=[171](`ct:permit_type` ∈ {'Non Bouw'})
	AT=[1611](`at:phase` ∈ {'01_HOOFD_3'})
	TT=[1846](`tt:weekday` ∈ {'Sun'})
-------------------------------------------------------------------------------
Node [3801]: (CT=171, AT=1611, TT=1847), containing 5303 events.
	CT=[171](`ct:permit_type` ∈ {'Non Bouw'})
	AT=[1611](`at:phase` ∈ {'01_HOOFD_3'})
	TT=[1847](`tt:weekday` ∈ {'Mon', 'Thu', 'Tue', 'Wed'})
-------------------------------------------------------------------------------
Node [3802]: (CT=172, AT=1611, TT=1846), containing 940 events.
	CT=[172](`ct:permit_type` ∈ {'Bouw'})
	AT=[1611](`at:phase` ∈ {'01_HOOFD_3'})
	TT=[1846](`tt:weekday` ∈ {'Sun'})
-------------------------------------------------------------------------------
Node [3803]: (CT=172, AT=1611, TT=1847), containing 9905 events.
	CT=[172](`ct:permit_type` ∈ {'Bouw'})
	AT=[1611](`at:phase` ∈ {'01_HOOFD_3'})
	TT=[1847](`tt:weekday` ∈ {'Mon', 'Thu', 'Tue', 'Wed'})
-------------------------------------------------------------------------------
Node [4210]: (CT=172, AT=1869, TT=133), containing 1 events.
	CT=[172](`ct:permit_type` ∈ {'Bouw'})
	AT=[1869](`at:phase` ∈ {'01_HOOFD_1'})
	TT=[133](`tt:weekday` ∈ {'Sat'})
-------------------------------------------------------------------------------
Node [4212]: (CT=171, AT=1869, TT=816), containing 834 events.
	CT=[171](`ct:permit_type` ∈ {'Non Bouw'})
	AT=[1869](`at:phase` ∈ {'01_HOOFD_1'})
	TT=[816](`tt:weekday` ∈ {'Fri'})
-------------------------------------------------------------------------------
Node [4214]: (CT=172, AT=1869, TT=816), containing 1569 events.
	CT=[172](`ct:permit_type` ∈ {'Bouw'})
	AT=[1869](`at:phase` ∈ {'01_HOOFD_1'})
	TT=[816](`tt:weekday` ∈ {'Fri'})
-------------------------------------------------------------------------------
Node [4216]: (CT=171, AT=1869, TT=1846), containing 671 events.
	CT=[171](`ct:permit_type` ∈ {'Non Bouw'})
	AT=[1869](`at:phase` ∈ {'01_HOOFD_1'})
	TT=[1846](`tt:weekday` ∈ {'Sun'})
-------------------------------------------------------------------------------
Node [4218]: (CT=171, AT=1869, TT=1847), containing 8559 events.
	CT=[171](`ct:permit_type` ∈ {'Non Bouw'})
	AT=[1869](`at:phase` ∈ {'01_HOOFD_1'})
	TT=[1847](`tt:weekday` ∈ {'Mon', 'Thu', 'Tue', 'Wed'})
-------------------------------------------------------------------------------
Node [4220]: (CT=172, AT=1869, TT=1846), containing 1467 events.
	CT=[172](`ct:permit_type` ∈ {'Bouw'})
	AT=[1869](`at:phase` ∈ {'01_HOOFD_1'})
	TT=[1846](`tt:weekday` ∈ {'Sun'})
-------------------------------------------------------------------------------
Node [4222]: (CT=172, AT=1869, TT=1847), containing 16732 events.
	CT=[172](`ct:permit_type` ∈ {'Bouw'})
	AT=[1869](`at:phase` ∈ {'01_HOOFD_1'})
	TT=[1847](`tt:weekday` ∈ {'Mon', 'Thu', 'Tue', 'Wed'})
-------------------------------------------------------------------------------
Node [5052]: (CT=171, AT=1985, TT=133), containing 56 events.
	CT=[171](`ct:permit_type` ∈ {'Non Bouw'})
	AT=[1985](`at:phase` ∈ {'01_HOOFD_0'})
	TT=[133](`tt:weekday` ∈ {'Sat'})
-------------------------------------------------------------------------------
Node [4620]: (CT=172, AT=1943, TT=133), containing 1 events.
	CT=[172](`ct:permit_type` ∈ {'Bouw'})
	AT=[1943](`at:phase` ∈ {'01_HOOFD_5'})
	TT=[133](`tt:weekday` ∈ {'Sat'})
-------------------------------------------------------------------------------
Node [5053]: (CT=172, AT=1985, TT=133), containing 91 events.
	CT=[172](`ct:permit_type` ∈ {'Bouw'})
	AT=[1985](`at:phase` ∈ {'01_HOOFD_0'})
	TT=[133](`tt:weekday` ∈ {'Sat'})
-------------------------------------------------------------------------------
Node [4622]: (CT=171, AT=1943, TT=816), containing 640 events.
	CT=[171](`ct:permit_type` ∈ {'Non Bouw'})
	AT=[1943](`at:phase` ∈ {'01_HOOFD_5'})
	TT=[816](`tt:weekday` ∈ {'Fri'})
-------------------------------------------------------------------------------
Node [5054]: (CT=171, AT=1987, TT=816), containing 962 events.
	CT=[171](`ct:permit_type` ∈ {'Non Bouw'})
	AT=[1987](`at:phase` ∈ {'01_HOOFD_4'})
	TT=[816](`tt:weekday` ∈ {'Fri'})
-------------------------------------------------------------------------------
Node [5055]: (CT=171, AT=1985, TT=816), containing 1206 events.
	CT=[171](`ct:permit_type` ∈ {'Non Bouw'})
	AT=[1985](`at:phase` ∈ {'01_HOOFD_0'})
	TT=[816](`tt:weekday` ∈ {'Fri'})
-------------------------------------------------------------------------------
Node [4624]: (CT=172, AT=1943, TT=816), containing 1494 events.
	CT=[172](`ct:permit_type` ∈ {'Bouw'})
	AT=[1943](`at:phase` ∈ {'01_HOOFD_5'})
	TT=[816](`tt:weekday` ∈ {'Fri'})
-------------------------------------------------------------------------------
Node [5056]: (CT=172, AT=1987, TT=816), containing 1614 events.
	CT=[172](`ct:permit_type` ∈ {'Bouw'})
	AT=[1987](`at:phase` ∈ {'01_HOOFD_4'})
	TT=[816](`tt:weekday` ∈ {'Fri'})
-------------------------------------------------------------------------------
Node [5057]: (CT=172, AT=1985, TT=816), containing 2006 events.
	CT=[172](`ct:permit_type` ∈ {'Bouw'})
	AT=[1985](`at:phase` ∈ {'01_HOOFD_0'})
	TT=[816](`tt:weekday` ∈ {'Fri'})
-------------------------------------------------------------------------------
Node [4626]: (CT=171, AT=1943, TT=1846), containing 1167 events.
	CT=[171](`ct:permit_type` ∈ {'Non Bouw'})
	AT=[1943](`at:phase` ∈ {'01_HOOFD_5'})
	TT=[1846](`tt:weekday` ∈ {'Sun'})
-------------------------------------------------------------------------------
Node [5058]: (CT=171, AT=1987, TT=1846), containing 1466 events.
	CT=[171](`ct:permit_type` ∈ {'Non Bouw'})
	AT=[1987](`at:phase` ∈ {'01_HOOFD_4'})
	TT=[1846](`tt:weekday` ∈ {'Sun'})
-------------------------------------------------------------------------------
Node [5059]: (CT=171, AT=1985, TT=1846), containing 1537 events.
	CT=[171](`ct:permit_type` ∈ {'Non Bouw'})
	AT=[1985](`at:phase` ∈ {'01_HOOFD_0'})
	TT=[1846](`tt:weekday` ∈ {'Sun'})
-------------------------------------------------------------------------------
Node [4628]: (CT=171, AT=1943, TT=1847), containing 8580 events.
	CT=[171](`ct:permit_type` ∈ {'Non Bouw'})
	AT=[1943](`at:phase` ∈ {'01_HOOFD_5'})
	TT=[1847](`tt:weekday` ∈ {'Mon', 'Thu', 'Tue', 'Wed'})
-------------------------------------------------------------------------------
Node [5060]: (CT=171, AT=1987, TT=1847), containing 12876 events.
	CT=[171](`ct:permit_type` ∈ {'Non Bouw'})
	AT=[1987](`at:phase` ∈ {'01_HOOFD_4'})
	TT=[1847](`tt:weekday` ∈ {'Mon', 'Thu', 'Tue', 'Wed'})
-------------------------------------------------------------------------------
Node [5061]: (CT=171, AT=1985, TT=1847), containing 14618 events.
	CT=[171](`ct:permit_type` ∈ {'Non Bouw'})
	AT=[1985](`at:phase` ∈ {'01_HOOFD_0'})
	TT=[1847](`tt:weekday` ∈ {'Mon', 'Thu', 'Tue', 'Wed'})
-------------------------------------------------------------------------------
Node [4630]: (CT=172, AT=1943, TT=1846), containing 1827 events.
	CT=[172](`ct:permit_type` ∈ {'Bouw'})
	AT=[1943](`at:phase` ∈ {'01_HOOFD_5'})
	TT=[1846](`tt:weekday` ∈ {'Sun'})
-------------------------------------------------------------------------------
Node [5062]: (CT=172, AT=1987, TT=1846), containing 2751 events.
	CT=[172](`ct:permit_type` ∈ {'Bouw'})
	AT=[1987](`at:phase` ∈ {'01_HOOFD_4'})
	TT=[1846](`tt:weekday` ∈ {'Sun'})
-------------------------------------------------------------------------------
Node [5063]: (CT=172, AT=1985, TT=1846), containing 3084 events.
	CT=[172](`ct:permit_type` ∈ {'Bouw'})
	AT=[1985](`at:phase` ∈ {'01_HOOFD_0'})
	TT=[1846](`tt:weekday` ∈ {'Sun'})
-------------------------------------------------------------------------------
Node [4632]: (CT=172, AT=1943, TT=1847), containing 16138 events.
	CT=[172](`ct:permit_type` ∈ {'Bouw'})
	AT=[1943](`at:phase` ∈ {'01_HOOFD_5'})
	TT=[1847](`tt:weekday` ∈ {'Mon', 'Thu', 'Tue', 'Wed'})
-------------------------------------------------------------------------------
Node [5064]: (CT=172, AT=1987, TT=1847), containing 23159 events.
	CT=[172](`ct:permit_type` ∈ {'Bouw'})
	AT=[1987](`at:phase` ∈ {'01_HOOFD_4'})
	TT=[1847](`tt:weekday` ∈ {'Mon', 'Thu', 'Tue', 'Wed'})
-------------------------------------------------------------------------------
Node [5065]: (CT=172, AT=1985, TT=1847), containing 26487 events.
	CT=[172](`ct:permit_type` ∈ {'Bouw'})
	AT=[1985](`at:phase` ∈ {'01_HOOFD_0'})
	TT=[1847](`tt:weekday` ∈ {'Mon', 'Thu', 'Tue', 'Wed'})
