
===============================================================================
Step	[1]

-------------------------------------------------------------------------------
Node [339]: (CT=0, AT=203, TT=0), containing 15 events.
	CT=[0]⊥ (null)
	AT=[203](`at:phase` ∈ {'01_HOOFD_6'})
	TT=[0]⊥ (null)
-------------------------------------------------------------------------------
Node [340]: (CT=0, AT=204, TT=0), containing 193438 events.
	CT=[0]⊥ (null)
	AT=[204](`at:phase` ∈ {'01_HOOFD_0', '01_HOOFD_1', '01_HOOFD_2', '01_HOOFD_3', '01_HOOFD_4', '01_HOOFD_5', '01_HOOFD_7', '01_HOOFD_8'})
	TT=[0]⊥ (null)

===============================================================================
Step	[2]

-------------------------------------------------------------------------------
Node [805]: (CT=0, AT=203, TT=389), containing 15 events.
	CT=[0]⊥ (null)
	AT=[203](`at:phase` ∈ {'01_HOOFD_6'})
	TT=[389](`tt:weekday` ∈ {'Fri', 'Mon', 'Sun', 'Thu', 'Tue', 'Wed'})
-------------------------------------------------------------------------------
Node [806]: (CT=0, AT=204, TT=390), containing 149 events.
	CT=[0]⊥ (null)
	AT=[204](`at:phase` ∈ {'01_HOOFD_0', '01_HOOFD_1', '01_HOOFD_2', '01_HOOFD_3', '01_HOOFD_4', '01_HOOFD_5', '01_HOOFD_7', '01_HOOFD_8'})
	TT=[390](`tt:weekday` ∈ {'Sat'})
-------------------------------------------------------------------------------
Node [807]: (CT=0, AT=204, TT=389), containing 193289 events.
	CT=[0]⊥ (null)
	AT=[204](`at:phase` ∈ {'01_HOOFD_0', '01_HOOFD_1', '01_HOOFD_2', '01_HOOFD_3', '01_HOOFD_4', '01_HOOFD_5', '01_HOOFD_7', '01_HOOFD_8'})
	TT=[389](`tt:weekday` ∈ {'Fri', 'Mon', 'Sun', 'Thu', 'Tue', 'Wed'})

===============================================================================
Step	[3]

-------------------------------------------------------------------------------
Node [805]: (CT=0, AT=203, TT=389), containing 15 events.
	CT=[0]⊥ (null)
	AT=[203](`at:phase` ∈ {'01_HOOFD_6'})
	TT=[389](`tt:weekday` ∈ {'Fri', 'Mon', 'Sun', 'Thu', 'Tue', 'Wed'})
-------------------------------------------------------------------------------
Node [1327]: (CT=0, AT=782, TT=390), containing 149 events.
	CT=[0]⊥ (null)
	AT=[782](`at:phase` ∈ {'01_HOOFD_0', '01_HOOFD_1', '01_HOOFD_2', '01_HOOFD_3', '01_HOOFD_4', '01_HOOFD_5', '01_HOOFD_8'})
	TT=[390](`tt:weekday` ∈ {'Sat'})
-------------------------------------------------------------------------------
Node [1328]: (CT=0, AT=783, TT=389), containing 587 events.
	CT=[0]⊥ (null)
	AT=[783](`at:phase` ∈ {'01_HOOFD_7'})
	TT=[389](`tt:weekday` ∈ {'Fri', 'Mon', 'Sun', 'Thu', 'Tue', 'Wed'})
-------------------------------------------------------------------------------
Node [1329]: (CT=0, AT=782, TT=389), containing 192702 events.
	CT=[0]⊥ (null)
	AT=[782](`at:phase` ∈ {'01_HOOFD_0', '01_HOOFD_1', '01_HOOFD_2', '01_HOOFD_3', '01_HOOFD_4', '01_HOOFD_5', '01_HOOFD_8'})
	TT=[389](`tt:weekday` ∈ {'Fri', 'Mon', 'Sun', 'Thu', 'Tue', 'Wed'})

===============================================================================
Step	[4]

-------------------------------------------------------------------------------
Node [805]: (CT=0, AT=203, TT=389), containing 15 events.
	CT=[0]⊥ (null)
	AT=[203](`at:phase` ∈ {'01_HOOFD_6'})
	TT=[389](`tt:weekday` ∈ {'Fri', 'Mon', 'Sun', 'Thu', 'Tue', 'Wed'})
-------------------------------------------------------------------------------
Node [1786]: (CT=0, AT=1025, TT=390), containing 149 events.
	CT=[0]⊥ (null)
	AT=[1025](`at:phase` ∈ {'01_HOOFD_0', '01_HOOFD_1', '01_HOOFD_2', '01_HOOFD_3', '01_HOOFD_4', '01_HOOFD_5'})
	TT=[390](`tt:weekday` ∈ {'Sat'})
-------------------------------------------------------------------------------
Node [1328]: (CT=0, AT=783, TT=389), containing 587 events.
	CT=[0]⊥ (null)
	AT=[783](`at:phase` ∈ {'01_HOOFD_7'})
	TT=[389](`tt:weekday` ∈ {'Fri', 'Mon', 'Sun', 'Thu', 'Tue', 'Wed'})
-------------------------------------------------------------------------------
Node [1787]: (CT=0, AT=1026, TT=389), containing 6881 events.
	CT=[0]⊥ (null)
	AT=[1026](`at:phase` ∈ {'01_HOOFD_8'})
	TT=[389](`tt:weekday` ∈ {'Fri', 'Mon', 'Sun', 'Thu', 'Tue', 'Wed'})
-------------------------------------------------------------------------------
Node [1788]: (CT=0, AT=1025, TT=389), containing 185821 events.
	CT=[0]⊥ (null)
	AT=[1025](`at:phase` ∈ {'01_HOOFD_0', '01_HOOFD_1', '01_HOOFD_2', '01_HOOFD_3', '01_HOOFD_4', '01_HOOFD_5'})
	TT=[389](`tt:weekday` ∈ {'Fri', 'Mon', 'Sun', 'Thu', 'Tue', 'Wed'})

===============================================================================
Step	[5]

-------------------------------------------------------------------------------
Node [2197]: (CT=0, AT=203, TT=998), containing 15 events.
	CT=[0]⊥ (null)
	AT=[203](`at:phase` ∈ {'01_HOOFD_6'})
	TT=[998](`tt:weekday` ∈ {'Mon', 'Sun', 'Thu', 'Tue', 'Wed'})
-------------------------------------------------------------------------------
Node [2198]: (CT=0, AT=783, TT=998), containing 543 events.
	CT=[0]⊥ (null)
	AT=[783](`at:phase` ∈ {'01_HOOFD_7'})
	TT=[998](`tt:weekday` ∈ {'Mon', 'Sun', 'Thu', 'Tue', 'Wed'})
-------------------------------------------------------------------------------
Node [2199]: (CT=0, AT=783, TT=1000), containing 44 events.
	CT=[0]⊥ (null)
	AT=[783](`at:phase` ∈ {'01_HOOFD_7'})
	TT=[1000](`tt:weekday` ∈ {'Fri'})
-------------------------------------------------------------------------------
Node [1786]: (CT=0, AT=1025, TT=390), containing 149 events.
	CT=[0]⊥ (null)
	AT=[1025](`at:phase` ∈ {'01_HOOFD_0', '01_HOOFD_1', '01_HOOFD_2', '01_HOOFD_3', '01_HOOFD_4', '01_HOOFD_5'})
	TT=[390](`tt:weekday` ∈ {'Sat'})
-------------------------------------------------------------------------------
Node [2200]: (CT=0, AT=1026, TT=998), containing 6623 events.
	CT=[0]⊥ (null)
	AT=[1026](`at:phase` ∈ {'01_HOOFD_8'})
	TT=[998](`tt:weekday` ∈ {'Mon', 'Sun', 'Thu', 'Tue', 'Wed'})
-------------------------------------------------------------------------------
Node [2201]: (CT=0, AT=1026, TT=1000), containing 258 events.
	CT=[0]⊥ (null)
	AT=[1026](`at:phase` ∈ {'01_HOOFD_8'})
	TT=[1000](`tt:weekday` ∈ {'Fri'})
-------------------------------------------------------------------------------
Node [2202]: (CT=0, AT=1025, TT=998), containing 172891 events.
	CT=[0]⊥ (null)
	AT=[1025](`at:phase` ∈ {'01_HOOFD_0', '01_HOOFD_1', '01_HOOFD_2', '01_HOOFD_3', '01_HOOFD_4', '01_HOOFD_5'})
	TT=[998](`tt:weekday` ∈ {'Mon', 'Sun', 'Thu', 'Tue', 'Wed'})
-------------------------------------------------------------------------------
Node [2203]: (CT=0, AT=1025, TT=1000), containing 12930 events.
	CT=[0]⊥ (null)
	AT=[1025](`at:phase` ∈ {'01_HOOFD_0', '01_HOOFD_1', '01_HOOFD_2', '01_HOOFD_3', '01_HOOFD_4', '01_HOOFD_5'})
	TT=[1000](`tt:weekday` ∈ {'Fri'})

===============================================================================
Step	[6]

-------------------------------------------------------------------------------
Node [2574]: (CT=0, AT=1332, TT=390), containing 149 events.
	CT=[0]⊥ (null)
	AT=[1332](`at:phase` ∈ {'01_HOOFD_0', '01_HOOFD_1', '01_HOOFD_3', '01_HOOFD_4', '01_HOOFD_5'})
	TT=[390](`tt:weekday` ∈ {'Sat'})
-------------------------------------------------------------------------------
Node [2197]: (CT=0, AT=203, TT=998), containing 15 events.
	CT=[0]⊥ (null)
	AT=[203](`at:phase` ∈ {'01_HOOFD_6'})
	TT=[998](`tt:weekday` ∈ {'Mon', 'Sun', 'Thu', 'Tue', 'Wed'})
-------------------------------------------------------------------------------
Node [2198]: (CT=0, AT=783, TT=998), containing 543 events.
	CT=[0]⊥ (null)
	AT=[783](`at:phase` ∈ {'01_HOOFD_7'})
	TT=[998](`tt:weekday` ∈ {'Mon', 'Sun', 'Thu', 'Tue', 'Wed'})
-------------------------------------------------------------------------------
Node [2199]: (CT=0, AT=783, TT=1000), containing 44 events.
	CT=[0]⊥ (null)
	AT=[783](`at:phase` ∈ {'01_HOOFD_7'})
	TT=[1000](`tt:weekday` ∈ {'Fri'})
-------------------------------------------------------------------------------
Node [2200]: (CT=0, AT=1026, TT=998), containing 6623 events.
	CT=[0]⊥ (null)
	AT=[1026](`at:phase` ∈ {'01_HOOFD_8'})
	TT=[998](`tt:weekday` ∈ {'Mon', 'Sun', 'Thu', 'Tue', 'Wed'})
-------------------------------------------------------------------------------
Node [2201]: (CT=0, AT=1026, TT=1000), containing 258 events.
	CT=[0]⊥ (null)
	AT=[1026](`at:phase` ∈ {'01_HOOFD_8'})
	TT=[1000](`tt:weekday` ∈ {'Fri'})
-------------------------------------------------------------------------------
Node [2575]: (CT=0, AT=1333, TT=998), containing 15224 events.
	CT=[0]⊥ (null)
	AT=[1333](`at:phase` ∈ {'01_HOOFD_2'})
	TT=[998](`tt:weekday` ∈ {'Mon', 'Sun', 'Thu', 'Tue', 'Wed'})
-------------------------------------------------------------------------------
Node [2576]: (CT=0, AT=1332, TT=998), containing 157667 events.
	CT=[0]⊥ (null)
	AT=[1332](`at:phase` ∈ {'01_HOOFD_0', '01_HOOFD_1', '01_HOOFD_3', '01_HOOFD_4', '01_HOOFD_5'})
	TT=[998](`tt:weekday` ∈ {'Mon', 'Sun', 'Thu', 'Tue', 'Wed'})
-------------------------------------------------------------------------------
Node [2577]: (CT=0, AT=1333, TT=1000), containing 1268 events.
	CT=[0]⊥ (null)
	AT=[1333](`at:phase` ∈ {'01_HOOFD_2'})
	TT=[1000](`tt:weekday` ∈ {'Fri'})
-------------------------------------------------------------------------------
Node [2578]: (CT=0, AT=1332, TT=1000), containing 11662 events.
	CT=[0]⊥ (null)
	AT=[1332](`at:phase` ∈ {'01_HOOFD_0', '01_HOOFD_1', '01_HOOFD_3', '01_HOOFD_4', '01_HOOFD_5'})
	TT=[1000](`tt:weekday` ∈ {'Fri'})

===============================================================================
Step	[7]

-------------------------------------------------------------------------------
Node [2197]: (CT=0, AT=203, TT=998), containing 15 events.
	CT=[0]⊥ (null)
	AT=[203](`at:phase` ∈ {'01_HOOFD_6'})
	TT=[998](`tt:weekday` ∈ {'Mon', 'Sun', 'Thu', 'Tue', 'Wed'})
-------------------------------------------------------------------------------
Node [2198]: (CT=0, AT=783, TT=998), containing 543 events.
	CT=[0]⊥ (null)
	AT=[783](`at:phase` ∈ {'01_HOOFD_7'})
	TT=[998](`tt:weekday` ∈ {'Mon', 'Sun', 'Thu', 'Tue', 'Wed'})
-------------------------------------------------------------------------------
Node [2199]: (CT=0, AT=783, TT=1000), containing 44 events.
	CT=[0]⊥ (null)
	AT=[783](`at:phase` ∈ {'01_HOOFD_7'})
	TT=[1000](`tt:weekday` ∈ {'Fri'})
-------------------------------------------------------------------------------
Node [2200]: (CT=0, AT=1026, TT=998), containing 6623 events.
	CT=[0]⊥ (null)
	AT=[1026](`at:phase` ∈ {'01_HOOFD_8'})
	TT=[998](`tt:weekday` ∈ {'Mon', 'Sun', 'Thu', 'Tue', 'Wed'})
-------------------------------------------------------------------------------
Node [2201]: (CT=0, AT=1026, TT=1000), containing 258 events.
	CT=[0]⊥ (null)
	AT=[1026](`at:phase` ∈ {'01_HOOFD_8'})
	TT=[1000](`tt:weekday` ∈ {'Fri'})
-------------------------------------------------------------------------------
Node [2905]: (CT=0, AT=1429, TT=390), containing 149 events.
	CT=[0]⊥ (null)
	AT=[1429](`at:phase` ∈ {'01_HOOFD_0', '01_HOOFD_1', '01_HOOFD_4', '01_HOOFD_5'})
	TT=[390](`tt:weekday` ∈ {'Sat'})
-------------------------------------------------------------------------------
Node [2575]: (CT=0, AT=1333, TT=998), containing 15224 events.
	CT=[0]⊥ (null)
	AT=[1333](`at:phase` ∈ {'01_HOOFD_2'})
	TT=[998](`tt:weekday` ∈ {'Mon', 'Sun', 'Thu', 'Tue', 'Wed'})
-------------------------------------------------------------------------------
Node [2906]: (CT=0, AT=1430, TT=998), containing 16548 events.
	CT=[0]⊥ (null)
	AT=[1430](`at:phase` ∈ {'01_HOOFD_3'})
	TT=[998](`tt:weekday` ∈ {'Mon', 'Sun', 'Thu', 'Tue', 'Wed'})
-------------------------------------------------------------------------------
Node [2907]: (CT=0, AT=1429, TT=998), containing 141119 events.
	CT=[0]⊥ (null)
	AT=[1429](`at:phase` ∈ {'01_HOOFD_0', '01_HOOFD_1', '01_HOOFD_4', '01_HOOFD_5'})
	TT=[998](`tt:weekday` ∈ {'Mon', 'Sun', 'Thu', 'Tue', 'Wed'})
-------------------------------------------------------------------------------
Node [2577]: (CT=0, AT=1333, TT=1000), containing 1268 events.
	CT=[0]⊥ (null)
	AT=[1333](`at:phase` ∈ {'01_HOOFD_2'})
	TT=[1000](`tt:weekday` ∈ {'Fri'})
-------------------------------------------------------------------------------
Node [2908]: (CT=0, AT=1430, TT=1000), containing 1337 events.
	CT=[0]⊥ (null)
	AT=[1430](`at:phase` ∈ {'01_HOOFD_3'})
	TT=[1000](`tt:weekday` ∈ {'Fri'})
-------------------------------------------------------------------------------
Node [2909]: (CT=0, AT=1429, TT=1000), containing 10325 events.
	CT=[0]⊥ (null)
	AT=[1429](`at:phase` ∈ {'01_HOOFD_0', '01_HOOFD_1', '01_HOOFD_4', '01_HOOFD_5'})
	TT=[1000](`tt:weekday` ∈ {'Fri'})

===============================================================================
Step	[8]

-------------------------------------------------------------------------------
Node [3239]: (CT=167, AT=203, TT=998), containing 15 events.
	CT=[167](`ct:permit_type` ∈ {'Bouw'})
	AT=[203](`at:phase` ∈ {'01_HOOFD_6'})
	TT=[998](`tt:weekday` ∈ {'Mon', 'Sun', 'Thu', 'Tue', 'Wed'})
-------------------------------------------------------------------------------
Node [3240]: (CT=168, AT=783, TT=998), containing 227 events.
	CT=[168](`ct:permit_type` ∈ {'Non Bouw'})
	AT=[783](`at:phase` ∈ {'01_HOOFD_7'})
	TT=[998](`tt:weekday` ∈ {'Mon', 'Sun', 'Thu', 'Tue', 'Wed'})
-------------------------------------------------------------------------------
Node [3241]: (CT=167, AT=783, TT=998), containing 316 events.
	CT=[167](`ct:permit_type` ∈ {'Bouw'})
	AT=[783](`at:phase` ∈ {'01_HOOFD_7'})
	TT=[998](`tt:weekday` ∈ {'Mon', 'Sun', 'Thu', 'Tue', 'Wed'})
-------------------------------------------------------------------------------
Node [3242]: (CT=168, AT=783, TT=1000), containing 15 events.
	CT=[168](`ct:permit_type` ∈ {'Non Bouw'})
	AT=[783](`at:phase` ∈ {'01_HOOFD_7'})
	TT=[1000](`tt:weekday` ∈ {'Fri'})
-------------------------------------------------------------------------------
Node [3243]: (CT=167, AT=783, TT=1000), containing 29 events.
	CT=[167](`ct:permit_type` ∈ {'Bouw'})
	AT=[783](`at:phase` ∈ {'01_HOOFD_7'})
	TT=[1000](`tt:weekday` ∈ {'Fri'})
-------------------------------------------------------------------------------
Node [3244]: (CT=168, AT=1026, TT=998), containing 2407 events.
	CT=[168](`ct:permit_type` ∈ {'Non Bouw'})
	AT=[1026](`at:phase` ∈ {'01_HOOFD_8'})
	TT=[998](`tt:weekday` ∈ {'Mon', 'Sun', 'Thu', 'Tue', 'Wed'})
-------------------------------------------------------------------------------
Node [3245]: (CT=167, AT=1026, TT=998), containing 4216 events.
	CT=[167](`ct:permit_type` ∈ {'Bouw'})
	AT=[1026](`at:phase` ∈ {'01_HOOFD_8'})
	TT=[998](`tt:weekday` ∈ {'Mon', 'Sun', 'Thu', 'Tue', 'Wed'})
-------------------------------------------------------------------------------
Node [3246]: (CT=168, AT=1026, TT=1000), containing 86 events.
	CT=[168](`ct:permit_type` ∈ {'Non Bouw'})
	AT=[1026](`at:phase` ∈ {'01_HOOFD_8'})
	TT=[1000](`tt:weekday` ∈ {'Fri'})
-------------------------------------------------------------------------------
Node [3247]: (CT=167, AT=1026, TT=1000), containing 172 events.
	CT=[167](`ct:permit_type` ∈ {'Bouw'})
	AT=[1026](`at:phase` ∈ {'01_HOOFD_8'})
	TT=[1000](`tt:weekday` ∈ {'Fri'})
-------------------------------------------------------------------------------
Node [3248]: (CT=168, AT=1333, TT=998), containing 5290 events.
	CT=[168](`ct:permit_type` ∈ {'Non Bouw'})
	AT=[1333](`at:phase` ∈ {'01_HOOFD_2'})
	TT=[998](`tt:weekday` ∈ {'Mon', 'Sun', 'Thu', 'Tue', 'Wed'})
-------------------------------------------------------------------------------
Node [3249]: (CT=167, AT=1333, TT=998), containing 9934 events.
	CT=[167](`ct:permit_type` ∈ {'Bouw'})
	AT=[1333](`at:phase` ∈ {'01_HOOFD_2'})
	TT=[998](`tt:weekday` ∈ {'Mon', 'Sun', 'Thu', 'Tue', 'Wed'})
-------------------------------------------------------------------------------
Node [3250]: (CT=168, AT=1333, TT=1000), containing 463 events.
	CT=[168](`ct:permit_type` ∈ {'Non Bouw'})
	AT=[1333](`at:phase` ∈ {'01_HOOFD_2'})
	TT=[1000](`tt:weekday` ∈ {'Fri'})
-------------------------------------------------------------------------------
Node [3251]: (CT=167, AT=1333, TT=1000), containing 805 events.
	CT=[167](`ct:permit_type` ∈ {'Bouw'})
	AT=[1333](`at:phase` ∈ {'01_HOOFD_2'})
	TT=[1000](`tt:weekday` ∈ {'Fri'})
-------------------------------------------------------------------------------
Node [3252]: (CT=168, AT=1429, TT=390), containing 56 events.
	CT=[168](`ct:permit_type` ∈ {'Non Bouw'})
	AT=[1429](`at:phase` ∈ {'01_HOOFD_0', '01_HOOFD_1', '01_HOOFD_4', '01_HOOFD_5'})
	TT=[390](`tt:weekday` ∈ {'Sat'})
-------------------------------------------------------------------------------
Node [3253]: (CT=167, AT=1429, TT=390), containing 93 events.
	CT=[167](`ct:permit_type` ∈ {'Bouw'})
	AT=[1429](`at:phase` ∈ {'01_HOOFD_0', '01_HOOFD_1', '01_HOOFD_4', '01_HOOFD_5'})
	TT=[390](`tt:weekday` ∈ {'Sat'})
-------------------------------------------------------------------------------
Node [3254]: (CT=168, AT=1430, TT=998), containing 5703 events.
	CT=[168](`ct:permit_type` ∈ {'Non Bouw'})
	AT=[1430](`at:phase` ∈ {'01_HOOFD_3'})
	TT=[998](`tt:weekday` ∈ {'Mon', 'Sun', 'Thu', 'Tue', 'Wed'})
-------------------------------------------------------------------------------
Node [3255]: (CT=167, AT=1430, TT=998), containing 10845 events.
	CT=[167](`ct:permit_type` ∈ {'Bouw'})
	AT=[1430](`at:phase` ∈ {'01_HOOFD_3'})
	TT=[998](`tt:weekday` ∈ {'Mon', 'Sun', 'Thu', 'Tue', 'Wed'})
-------------------------------------------------------------------------------
Node [3256]: (CT=168, AT=1429, TT=998), containing 49474 events.
	CT=[168](`ct:permit_type` ∈ {'Non Bouw'})
	AT=[1429](`at:phase` ∈ {'01_HOOFD_0', '01_HOOFD_1', '01_HOOFD_4', '01_HOOFD_5'})
	TT=[998](`tt:weekday` ∈ {'Mon', 'Sun', 'Thu', 'Tue', 'Wed'})
-------------------------------------------------------------------------------
Node [3257]: (CT=167, AT=1429, TT=998), containing 91645 events.
	CT=[167](`ct:permit_type` ∈ {'Bouw'})
	AT=[1429](`at:phase` ∈ {'01_HOOFD_0', '01_HOOFD_1', '01_HOOFD_4', '01_HOOFD_5'})
	TT=[998](`tt:weekday` ∈ {'Mon', 'Sun', 'Thu', 'Tue', 'Wed'})
-------------------------------------------------------------------------------
Node [3258]: (CT=168, AT=1430, TT=1000), containing 488 events.
	CT=[168](`ct:permit_type` ∈ {'Non Bouw'})
	AT=[1430](`at:phase` ∈ {'01_HOOFD_3'})
	TT=[1000](`tt:weekday` ∈ {'Fri'})
-------------------------------------------------------------------------------
Node [3259]: (CT=167, AT=1430, TT=1000), containing 849 events.
	CT=[167](`ct:permit_type` ∈ {'Bouw'})
	AT=[1430](`at:phase` ∈ {'01_HOOFD_3'})
	TT=[1000](`tt:weekday` ∈ {'Fri'})
-------------------------------------------------------------------------------
Node [3260]: (CT=168, AT=1429, TT=1000), containing 3642 events.
	CT=[168](`ct:permit_type` ∈ {'Non Bouw'})
	AT=[1429](`at:phase` ∈ {'01_HOOFD_0', '01_HOOFD_1', '01_HOOFD_4', '01_HOOFD_5'})
	TT=[1000](`tt:weekday` ∈ {'Fri'})
-------------------------------------------------------------------------------
Node [3261]: (CT=167, AT=1429, TT=1000), containing 6683 events.
	CT=[167](`ct:permit_type` ∈ {'Bouw'})
	AT=[1429](`at:phase` ∈ {'01_HOOFD_0', '01_HOOFD_1', '01_HOOFD_4', '01_HOOFD_5'})
	TT=[1000](`tt:weekday` ∈ {'Fri'})

===============================================================================
Step	[9]

-------------------------------------------------------------------------------
Node [3785]: (CT=167, AT=203, TT=2029), containing 15 events.
	CT=[167](`ct:permit_type` ∈ {'Bouw'})
	AT=[203](`at:phase` ∈ {'01_HOOFD_6'})
	TT=[2029](`tt:weekday` ∈ {'Mon', 'Thu', 'Tue', 'Wed'})
-------------------------------------------------------------------------------
Node [3786]: (CT=168, AT=783, TT=2030), containing 14 events.
	CT=[168](`ct:permit_type` ∈ {'Non Bouw'})
	AT=[783](`at:phase` ∈ {'01_HOOFD_7'})
	TT=[2030](`tt:weekday` ∈ {'Sun'})
-------------------------------------------------------------------------------
Node [3787]: (CT=168, AT=783, TT=2029), containing 213 events.
	CT=[168](`ct:permit_type` ∈ {'Non Bouw'})
	AT=[783](`at:phase` ∈ {'01_HOOFD_7'})
	TT=[2029](`tt:weekday` ∈ {'Mon', 'Thu', 'Tue', 'Wed'})
-------------------------------------------------------------------------------
Node [3788]: (CT=167, AT=783, TT=2030), containing 22 events.
	CT=[167](`ct:permit_type` ∈ {'Bouw'})
	AT=[783](`at:phase` ∈ {'01_HOOFD_7'})
	TT=[2030](`tt:weekday` ∈ {'Sun'})
-------------------------------------------------------------------------------
Node [3789]: (CT=167, AT=783, TT=2029), containing 294 events.
	CT=[167](`ct:permit_type` ∈ {'Bouw'})
	AT=[783](`at:phase` ∈ {'01_HOOFD_7'})
	TT=[2029](`tt:weekday` ∈ {'Mon', 'Thu', 'Tue', 'Wed'})
-------------------------------------------------------------------------------
Node [3242]: (CT=168, AT=783, TT=1000), containing 15 events.
	CT=[168](`ct:permit_type` ∈ {'Non Bouw'})
	AT=[783](`at:phase` ∈ {'01_HOOFD_7'})
	TT=[1000](`tt:weekday` ∈ {'Fri'})
-------------------------------------------------------------------------------
Node [3243]: (CT=167, AT=783, TT=1000), containing 29 events.
	CT=[167](`ct:permit_type` ∈ {'Bouw'})
	AT=[783](`at:phase` ∈ {'01_HOOFD_7'})
	TT=[1000](`tt:weekday` ∈ {'Fri'})
-------------------------------------------------------------------------------
Node [3790]: (CT=168, AT=1026, TT=2030), containing 388 events.
	CT=[168](`ct:permit_type` ∈ {'Non Bouw'})
	AT=[1026](`at:phase` ∈ {'01_HOOFD_8'})
	TT=[2030](`tt:weekday` ∈ {'Sun'})
-------------------------------------------------------------------------------
Node [3791]: (CT=168, AT=1026, TT=2029), containing 2019 events.
	CT=[168](`ct:permit_type` ∈ {'Non Bouw'})
	AT=[1026](`at:phase` ∈ {'01_HOOFD_8'})
	TT=[2029](`tt:weekday` ∈ {'Mon', 'Thu', 'Tue', 'Wed'})
-------------------------------------------------------------------------------
Node [3792]: (CT=167, AT=1026, TT=2030), containing 547 events.
	CT=[167](`ct:permit_type` ∈ {'Bouw'})
	AT=[1026](`at:phase` ∈ {'01_HOOFD_8'})
	TT=[2030](`tt:weekday` ∈ {'Sun'})
-------------------------------------------------------------------------------
Node [3793]: (CT=167, AT=1026, TT=2029), containing 3669 events.
	CT=[167](`ct:permit_type` ∈ {'Bouw'})
	AT=[1026](`at:phase` ∈ {'01_HOOFD_8'})
	TT=[2029](`tt:weekday` ∈ {'Mon', 'Thu', 'Tue', 'Wed'})
-------------------------------------------------------------------------------
Node [3246]: (CT=168, AT=1026, TT=1000), containing 86 events.
	CT=[168](`ct:permit_type` ∈ {'Non Bouw'})
	AT=[1026](`at:phase` ∈ {'01_HOOFD_8'})
	TT=[1000](`tt:weekday` ∈ {'Fri'})
-------------------------------------------------------------------------------
Node [3247]: (CT=167, AT=1026, TT=1000), containing 172 events.
	CT=[167](`ct:permit_type` ∈ {'Bouw'})
	AT=[1026](`at:phase` ∈ {'01_HOOFD_8'})
	TT=[1000](`tt:weekday` ∈ {'Fri'})
-------------------------------------------------------------------------------
Node [3794]: (CT=168, AT=1333, TT=2030), containing 298 events.
	CT=[168](`ct:permit_type` ∈ {'Non Bouw'})
	AT=[1333](`at:phase` ∈ {'01_HOOFD_2'})
	TT=[2030](`tt:weekday` ∈ {'Sun'})
-------------------------------------------------------------------------------
Node [3795]: (CT=168, AT=1333, TT=2029), containing 4992 events.
	CT=[168](`ct:permit_type` ∈ {'Non Bouw'})
	AT=[1333](`at:phase` ∈ {'01_HOOFD_2'})
	TT=[2029](`tt:weekday` ∈ {'Mon', 'Thu', 'Tue', 'Wed'})
-------------------------------------------------------------------------------
Node [3796]: (CT=167, AT=1333, TT=2030), containing 713 events.
	CT=[167](`ct:permit_type` ∈ {'Bouw'})
	AT=[1333](`at:phase` ∈ {'01_HOOFD_2'})
	TT=[2030](`tt:weekday` ∈ {'Sun'})
-------------------------------------------------------------------------------
Node [3797]: (CT=167, AT=1333, TT=2029), containing 9221 events.
	CT=[167](`ct:permit_type` ∈ {'Bouw'})
	AT=[1333](`at:phase` ∈ {'01_HOOFD_2'})
	TT=[2029](`tt:weekday` ∈ {'Mon', 'Thu', 'Tue', 'Wed'})
-------------------------------------------------------------------------------
Node [3250]: (CT=168, AT=1333, TT=1000), containing 463 events.
	CT=[168](`ct:permit_type` ∈ {'Non Bouw'})
	AT=[1333](`at:phase` ∈ {'01_HOOFD_2'})
	TT=[1000](`tt:weekday` ∈ {'Fri'})
-------------------------------------------------------------------------------
Node [3251]: (CT=167, AT=1333, TT=1000), containing 805 events.
	CT=[167](`ct:permit_type` ∈ {'Bouw'})
	AT=[1333](`at:phase` ∈ {'01_HOOFD_2'})
	TT=[1000](`tt:weekday` ∈ {'Fri'})
-------------------------------------------------------------------------------
Node [3252]: (CT=168, AT=1429, TT=390), containing 56 events.
	CT=[168](`ct:permit_type` ∈ {'Non Bouw'})
	AT=[1429](`at:phase` ∈ {'01_HOOFD_0', '01_HOOFD_1', '01_HOOFD_4', '01_HOOFD_5'})
	TT=[390](`tt:weekday` ∈ {'Sat'})
-------------------------------------------------------------------------------
Node [3253]: (CT=167, AT=1429, TT=390), containing 93 events.
	CT=[167](`ct:permit_type` ∈ {'Bouw'})
	AT=[1429](`at:phase` ∈ {'01_HOOFD_0', '01_HOOFD_1', '01_HOOFD_4', '01_HOOFD_5'})
	TT=[390](`tt:weekday` ∈ {'Sat'})
-------------------------------------------------------------------------------
Node [3798]: (CT=168, AT=1430, TT=2030), containing 400 events.
	CT=[168](`ct:permit_type` ∈ {'Non Bouw'})
	AT=[1430](`at:phase` ∈ {'01_HOOFD_3'})
	TT=[2030](`tt:weekday` ∈ {'Sun'})
-------------------------------------------------------------------------------
Node [3799]: (CT=168, AT=1430, TT=2029), containing 5303 events.
	CT=[168](`ct:permit_type` ∈ {'Non Bouw'})
	AT=[1430](`at:phase` ∈ {'01_HOOFD_3'})
	TT=[2029](`tt:weekday` ∈ {'Mon', 'Thu', 'Tue', 'Wed'})
-------------------------------------------------------------------------------
Node [3800]: (CT=167, AT=1430, TT=2030), containing 940 events.
	CT=[167](`ct:permit_type` ∈ {'Bouw'})
	AT=[1430](`at:phase` ∈ {'01_HOOFD_3'})
	TT=[2030](`tt:weekday` ∈ {'Sun'})
-------------------------------------------------------------------------------
Node [3801]: (CT=167, AT=1430, TT=2029), containing 9905 events.
	CT=[167](`ct:permit_type` ∈ {'Bouw'})
	AT=[1430](`at:phase` ∈ {'01_HOOFD_3'})
	TT=[2029](`tt:weekday` ∈ {'Mon', 'Thu', 'Tue', 'Wed'})
-------------------------------------------------------------------------------
Node [3802]: (CT=168, AT=1429, TT=2030), containing 4841 events.
	CT=[168](`ct:permit_type` ∈ {'Non Bouw'})
	AT=[1429](`at:phase` ∈ {'01_HOOFD_0', '01_HOOFD_1', '01_HOOFD_4', '01_HOOFD_5'})
	TT=[2030](`tt:weekday` ∈ {'Sun'})
-------------------------------------------------------------------------------
Node [3803]: (CT=168, AT=1429, TT=2029), containing 44633 events.
	CT=[168](`ct:permit_type` ∈ {'Non Bouw'})
	AT=[1429](`at:phase` ∈ {'01_HOOFD_0', '01_HOOFD_1', '01_HOOFD_4', '01_HOOFD_5'})
	TT=[2029](`tt:weekday` ∈ {'Mon', 'Thu', 'Tue', 'Wed'})
-------------------------------------------------------------------------------
Node [3804]: (CT=167, AT=1429, TT=2030), containing 9129 events.
	CT=[167](`ct:permit_type` ∈ {'Bouw'})
	AT=[1429](`at:phase` ∈ {'01_HOOFD_0', '01_HOOFD_1', '01_HOOFD_4', '01_HOOFD_5'})
	TT=[2030](`tt:weekday` ∈ {'Sun'})
-------------------------------------------------------------------------------
Node [3805]: (CT=167, AT=1429, TT=2029), containing 82516 events.
	CT=[167](`ct:permit_type` ∈ {'Bouw'})
	AT=[1429](`at:phase` ∈ {'01_HOOFD_0', '01_HOOFD_1', '01_HOOFD_4', '01_HOOFD_5'})
	TT=[2029](`tt:weekday` ∈ {'Mon', 'Thu', 'Tue', 'Wed'})
-------------------------------------------------------------------------------
Node [3258]: (CT=168, AT=1430, TT=1000), containing 488 events.
	CT=[168](`ct:permit_type` ∈ {'Non Bouw'})
	AT=[1430](`at:phase` ∈ {'01_HOOFD_3'})
	TT=[1000](`tt:weekday` ∈ {'Fri'})
-------------------------------------------------------------------------------
Node [3259]: (CT=167, AT=1430, TT=1000), containing 849 events.
	CT=[167](`ct:permit_type` ∈ {'Bouw'})
	AT=[1430](`at:phase` ∈ {'01_HOOFD_3'})
	TT=[1000](`tt:weekday` ∈ {'Fri'})
-------------------------------------------------------------------------------
Node [3260]: (CT=168, AT=1429, TT=1000), containing 3642 events.
	CT=[168](`ct:permit_type` ∈ {'Non Bouw'})
	AT=[1429](`at:phase` ∈ {'01_HOOFD_0', '01_HOOFD_1', '01_HOOFD_4', '01_HOOFD_5'})
	TT=[1000](`tt:weekday` ∈ {'Fri'})
-------------------------------------------------------------------------------
Node [3261]: (CT=167, AT=1429, TT=1000), containing 6683 events.
	CT=[167](`ct:permit_type` ∈ {'Bouw'})
	AT=[1429](`at:phase` ∈ {'01_HOOFD_0', '01_HOOFD_1', '01_HOOFD_4', '01_HOOFD_5'})
	TT=[1000](`tt:weekday` ∈ {'Fri'})

===============================================================================
Step	[10]

-------------------------------------------------------------------------------
Node [3242]: (CT=168, AT=783, TT=1000), containing 15 events.
	CT=[168](`ct:permit_type` ∈ {'Non Bouw'})
	AT=[783](`at:phase` ∈ {'01_HOOFD_7'})
	TT=[1000](`tt:weekday` ∈ {'Fri'})
-------------------------------------------------------------------------------
Node [3243]: (CT=167, AT=783, TT=1000), containing 29 events.
	CT=[167](`ct:permit_type` ∈ {'Bouw'})
	AT=[783](`at:phase` ∈ {'01_HOOFD_7'})
	TT=[1000](`tt:weekday` ∈ {'Fri'})
-------------------------------------------------------------------------------
Node [3246]: (CT=168, AT=1026, TT=1000), containing 86 events.
	CT=[168](`ct:permit_type` ∈ {'Non Bouw'})
	AT=[1026](`at:phase` ∈ {'01_HOOFD_8'})
	TT=[1000](`tt:weekday` ∈ {'Fri'})
-------------------------------------------------------------------------------
Node [3247]: (CT=167, AT=1026, TT=1000), containing 172 events.
	CT=[167](`ct:permit_type` ∈ {'Bouw'})
	AT=[1026](`at:phase` ∈ {'01_HOOFD_8'})
	TT=[1000](`tt:weekday` ∈ {'Fri'})
-------------------------------------------------------------------------------
Node [3250]: (CT=168, AT=1333, TT=1000), containing 463 events.
	CT=[168](`ct:permit_type` ∈ {'Non Bouw'})
	AT=[1333](`at:phase` ∈ {'01_HOOFD_2'})
	TT=[1000](`tt:weekday` ∈ {'Fri'})
-------------------------------------------------------------------------------
Node [3251]: (CT=167, AT=1333, TT=1000), containing 805 events.
	CT=[167](`ct:permit_type` ∈ {'Bouw'})
	AT=[1333](`at:phase` ∈ {'01_HOOFD_2'})
	TT=[1000](`tt:weekday` ∈ {'Fri'})
-------------------------------------------------------------------------------
Node [4207]: (CT=168, AT=1687, TT=390), containing 56 events.
	CT=[168](`ct:permit_type` ∈ {'Non Bouw'})
	AT=[1687](`at:phase` ∈ {'01_HOOFD_0', '01_HOOFD_4', '01_HOOFD_5'})
	TT=[390](`tt:weekday` ∈ {'Sat'})
-------------------------------------------------------------------------------
Node [4208]: (CT=167, AT=1688, TT=390), containing 1 events.
	CT=[167](`ct:permit_type` ∈ {'Bouw'})
	AT=[1688](`at:phase` ∈ {'01_HOOFD_1'})
	TT=[390](`tt:weekday` ∈ {'Sat'})
-------------------------------------------------------------------------------
Node [4209]: (CT=167, AT=1687, TT=390), containing 92 events.
	CT=[167](`ct:permit_type` ∈ {'Bouw'})
	AT=[1687](`at:phase` ∈ {'01_HOOFD_0', '01_HOOFD_4', '01_HOOFD_5'})
	TT=[390](`tt:weekday` ∈ {'Sat'})
-------------------------------------------------------------------------------
Node [3258]: (CT=168, AT=1430, TT=1000), containing 488 events.
	CT=[168](`ct:permit_type` ∈ {'Non Bouw'})
	AT=[1430](`at:phase` ∈ {'01_HOOFD_3'})
	TT=[1000](`tt:weekday` ∈ {'Fri'})
-------------------------------------------------------------------------------
Node [3259]: (CT=167, AT=1430, TT=1000), containing 849 events.
	CT=[167](`ct:permit_type` ∈ {'Bouw'})
	AT=[1430](`at:phase` ∈ {'01_HOOFD_3'})
	TT=[1000](`tt:weekday` ∈ {'Fri'})
-------------------------------------------------------------------------------
Node [4210]: (CT=168, AT=1688, TT=1000), containing 834 events.
	CT=[168](`ct:permit_type` ∈ {'Non Bouw'})
	AT=[1688](`at:phase` ∈ {'01_HOOFD_1'})
	TT=[1000](`tt:weekday` ∈ {'Fri'})
-------------------------------------------------------------------------------
Node [4211]: (CT=168, AT=1687, TT=1000), containing 2808 events.
	CT=[168](`ct:permit_type` ∈ {'Non Bouw'})
	AT=[1687](`at:phase` ∈ {'01_HOOFD_0', '01_HOOFD_4', '01_HOOFD_5'})
	TT=[1000](`tt:weekday` ∈ {'Fri'})
-------------------------------------------------------------------------------
Node [4212]: (CT=167, AT=1688, TT=1000), containing 1569 events.
	CT=[167](`ct:permit_type` ∈ {'Bouw'})
	AT=[1688](`at:phase` ∈ {'01_HOOFD_1'})
	TT=[1000](`tt:weekday` ∈ {'Fri'})
-------------------------------------------------------------------------------
Node [4213]: (CT=167, AT=1687, TT=1000), containing 5114 events.
	CT=[167](`ct:permit_type` ∈ {'Bouw'})
	AT=[1687](`at:phase` ∈ {'01_HOOFD_0', '01_HOOFD_4', '01_HOOFD_5'})
	TT=[1000](`tt:weekday` ∈ {'Fri'})
-------------------------------------------------------------------------------
Node [3785]: (CT=167, AT=203, TT=2029), containing 15 events.
	CT=[167](`ct:permit_type` ∈ {'Bouw'})
	AT=[203](`at:phase` ∈ {'01_HOOFD_6'})
	TT=[2029](`tt:weekday` ∈ {'Mon', 'Thu', 'Tue', 'Wed'})
-------------------------------------------------------------------------------
Node [3786]: (CT=168, AT=783, TT=2030), containing 14 events.
	CT=[168](`ct:permit_type` ∈ {'Non Bouw'})
	AT=[783](`at:phase` ∈ {'01_HOOFD_7'})
	TT=[2030](`tt:weekday` ∈ {'Sun'})
-------------------------------------------------------------------------------
Node [3787]: (CT=168, AT=783, TT=2029), containing 213 events.
	CT=[168](`ct:permit_type` ∈ {'Non Bouw'})
	AT=[783](`at:phase` ∈ {'01_HOOFD_7'})
	TT=[2029](`tt:weekday` ∈ {'Mon', 'Thu', 'Tue', 'Wed'})
-------------------------------------------------------------------------------
Node [3788]: (CT=167, AT=783, TT=2030), containing 22 events.
	CT=[167](`ct:permit_type` ∈ {'Bouw'})
	AT=[783](`at:phase` ∈ {'01_HOOFD_7'})
	TT=[2030](`tt:weekday` ∈ {'Sun'})
-------------------------------------------------------------------------------
Node [3789]: (CT=167, AT=783, TT=2029), containing 294 events.
	CT=[167](`ct:permit_type` ∈ {'Bouw'})
	AT=[783](`at:phase` ∈ {'01_HOOFD_7'})
	TT=[2029](`tt:weekday` ∈ {'Mon', 'Thu', 'Tue', 'Wed'})
-------------------------------------------------------------------------------
Node [3790]: (CT=168, AT=1026, TT=2030), containing 388 events.
	CT=[168](`ct:permit_type` ∈ {'Non Bouw'})
	AT=[1026](`at:phase` ∈ {'01_HOOFD_8'})
	TT=[2030](`tt:weekday` ∈ {'Sun'})
-------------------------------------------------------------------------------
Node [3791]: (CT=168, AT=1026, TT=2029), containing 2019 events.
	CT=[168](`ct:permit_type` ∈ {'Non Bouw'})
	AT=[1026](`at:phase` ∈ {'01_HOOFD_8'})
	TT=[2029](`tt:weekday` ∈ {'Mon', 'Thu', 'Tue', 'Wed'})
-------------------------------------------------------------------------------
Node [3792]: (CT=167, AT=1026, TT=2030), containing 547 events.
	CT=[167](`ct:permit_type` ∈ {'Bouw'})
	AT=[1026](`at:phase` ∈ {'01_HOOFD_8'})
	TT=[2030](`tt:weekday` ∈ {'Sun'})
-------------------------------------------------------------------------------
Node [3793]: (CT=167, AT=1026, TT=2029), containing 3669 events.
	CT=[167](`ct:permit_type` ∈ {'Bouw'})
	AT=[1026](`at:phase` ∈ {'01_HOOFD_8'})
	TT=[2029](`tt:weekday` ∈ {'Mon', 'Thu', 'Tue', 'Wed'})
-------------------------------------------------------------------------------
Node [3794]: (CT=168, AT=1333, TT=2030), containing 298 events.
	CT=[168](`ct:permit_type` ∈ {'Non Bouw'})
	AT=[1333](`at:phase` ∈ {'01_HOOFD_2'})
	TT=[2030](`tt:weekday` ∈ {'Sun'})
-------------------------------------------------------------------------------
Node [3795]: (CT=168, AT=1333, TT=2029), containing 4992 events.
	CT=[168](`ct:permit_type` ∈ {'Non Bouw'})
	AT=[1333](`at:phase` ∈ {'01_HOOFD_2'})
	TT=[2029](`tt:weekday` ∈ {'Mon', 'Thu', 'Tue', 'Wed'})
-------------------------------------------------------------------------------
Node [3796]: (CT=167, AT=1333, TT=2030), containing 713 events.
	CT=[167](`ct:permit_type` ∈ {'Bouw'})
	AT=[1333](`at:phase` ∈ {'01_HOOFD_2'})
	TT=[2030](`tt:weekday` ∈ {'Sun'})
-------------------------------------------------------------------------------
Node [3797]: (CT=167, AT=1333, TT=2029), containing 9221 events.
	CT=[167](`ct:permit_type` ∈ {'Bouw'})
	AT=[1333](`at:phase` ∈ {'01_HOOFD_2'})
	TT=[2029](`tt:weekday` ∈ {'Mon', 'Thu', 'Tue', 'Wed'})
-------------------------------------------------------------------------------
Node [3798]: (CT=168, AT=1430, TT=2030), containing 400 events.
	CT=[168](`ct:permit_type` ∈ {'Non Bouw'})
	AT=[1430](`at:phase` ∈ {'01_HOOFD_3'})
	TT=[2030](`tt:weekday` ∈ {'Sun'})
-------------------------------------------------------------------------------
Node [3799]: (CT=168, AT=1430, TT=2029), containing 5303 events.
	CT=[168](`ct:permit_type` ∈ {'Non Bouw'})
	AT=[1430](`at:phase` ∈ {'01_HOOFD_3'})
	TT=[2029](`tt:weekday` ∈ {'Mon', 'Thu', 'Tue', 'Wed'})
-------------------------------------------------------------------------------
Node [3800]: (CT=167, AT=1430, TT=2030), containing 940 events.
	CT=[167](`ct:permit_type` ∈ {'Bouw'})
	AT=[1430](`at:phase` ∈ {'01_HOOFD_3'})
	TT=[2030](`tt:weekday` ∈ {'Sun'})
-------------------------------------------------------------------------------
Node [3801]: (CT=167, AT=1430, TT=2029), containing 9905 events.
	CT=[167](`ct:permit_type` ∈ {'Bouw'})
	AT=[1430](`at:phase` ∈ {'01_HOOFD_3'})
	TT=[2029](`tt:weekday` ∈ {'Mon', 'Thu', 'Tue', 'Wed'})
-------------------------------------------------------------------------------
Node [4214]: (CT=168, AT=1688, TT=2030), containing 671 events.
	CT=[168](`ct:permit_type` ∈ {'Non Bouw'})
	AT=[1688](`at:phase` ∈ {'01_HOOFD_1'})
	TT=[2030](`tt:weekday` ∈ {'Sun'})
-------------------------------------------------------------------------------
Node [4215]: (CT=168, AT=1687, TT=2030), containing 4170 events.
	CT=[168](`ct:permit_type` ∈ {'Non Bouw'})
	AT=[1687](`at:phase` ∈ {'01_HOOFD_0', '01_HOOFD_4', '01_HOOFD_5'})
	TT=[2030](`tt:weekday` ∈ {'Sun'})
-------------------------------------------------------------------------------
Node [4216]: (CT=168, AT=1688, TT=2029), containing 8559 events.
	CT=[168](`ct:permit_type` ∈ {'Non Bouw'})
	AT=[1688](`at:phase` ∈ {'01_HOOFD_1'})
	TT=[2029](`tt:weekday` ∈ {'Mon', 'Thu', 'Tue', 'Wed'})
-------------------------------------------------------------------------------
Node [4217]: (CT=168, AT=1687, TT=2029), containing 36074 events.
	CT=[168](`ct:permit_type` ∈ {'Non Bouw'})
	AT=[1687](`at:phase` ∈ {'01_HOOFD_0', '01_HOOFD_4', '01_HOOFD_5'})
	TT=[2029](`tt:weekday` ∈ {'Mon', 'Thu', 'Tue', 'Wed'})
-------------------------------------------------------------------------------
Node [4218]: (CT=167, AT=1688, TT=2030), containing 1467 events.
	CT=[167](`ct:permit_type` ∈ {'Bouw'})
	AT=[1688](`at:phase` ∈ {'01_HOOFD_1'})
	TT=[2030](`tt:weekday` ∈ {'Sun'})
-------------------------------------------------------------------------------
Node [4219]: (CT=167, AT=1687, TT=2030), containing 7662 events.
	CT=[167](`ct:permit_type` ∈ {'Bouw'})
	AT=[1687](`at:phase` ∈ {'01_HOOFD_0', '01_HOOFD_4', '01_HOOFD_5'})
	TT=[2030](`tt:weekday` ∈ {'Sun'})
-------------------------------------------------------------------------------
Node [4220]: (CT=167, AT=1688, TT=2029), containing 16732 events.
	CT=[167](`ct:permit_type` ∈ {'Bouw'})
	AT=[1688](`at:phase` ∈ {'01_HOOFD_1'})
	TT=[2029](`tt:weekday` ∈ {'Mon', 'Thu', 'Tue', 'Wed'})
-------------------------------------------------------------------------------
Node [4221]: (CT=167, AT=1687, TT=2029), containing 65784 events.
	CT=[167](`ct:permit_type` ∈ {'Bouw'})
	AT=[1687](`at:phase` ∈ {'01_HOOFD_0', '01_HOOFD_4', '01_HOOFD_5'})
	TT=[2029](`tt:weekday` ∈ {'Mon', 'Thu', 'Tue', 'Wed'})

===============================================================================
Step	[11]

-------------------------------------------------------------------------------
Node [3242]: (CT=168, AT=783, TT=1000), containing 15 events.
	CT=[168](`ct:permit_type` ∈ {'Non Bouw'})
	AT=[783](`at:phase` ∈ {'01_HOOFD_7'})
	TT=[1000](`tt:weekday` ∈ {'Fri'})
-------------------------------------------------------------------------------
Node [3243]: (CT=167, AT=783, TT=1000), containing 29 events.
	CT=[167](`ct:permit_type` ∈ {'Bouw'})
	AT=[783](`at:phase` ∈ {'01_HOOFD_7'})
	TT=[1000](`tt:weekday` ∈ {'Fri'})
-------------------------------------------------------------------------------
Node [3246]: (CT=168, AT=1026, TT=1000), containing 86 events.
	CT=[168](`ct:permit_type` ∈ {'Non Bouw'})
	AT=[1026](`at:phase` ∈ {'01_HOOFD_8'})
	TT=[1000](`tt:weekday` ∈ {'Fri'})
-------------------------------------------------------------------------------
Node [3247]: (CT=167, AT=1026, TT=1000), containing 172 events.
	CT=[167](`ct:permit_type` ∈ {'Bouw'})
	AT=[1026](`at:phase` ∈ {'01_HOOFD_8'})
	TT=[1000](`tt:weekday` ∈ {'Fri'})
-------------------------------------------------------------------------------
Node [3250]: (CT=168, AT=1333, TT=1000), containing 463 events.
	CT=[168](`ct:permit_type` ∈ {'Non Bouw'})
	AT=[1333](`at:phase` ∈ {'01_HOOFD_2'})
	TT=[1000](`tt:weekday` ∈ {'Fri'})
-------------------------------------------------------------------------------
Node [3251]: (CT=167, AT=1333, TT=1000), containing 805 events.
	CT=[167](`ct:permit_type` ∈ {'Bouw'})
	AT=[1333](`at:phase` ∈ {'01_HOOFD_2'})
	TT=[1000](`tt:weekday` ∈ {'Fri'})
-------------------------------------------------------------------------------
Node [3258]: (CT=168, AT=1430, TT=1000), containing 488 events.
	CT=[168](`ct:permit_type` ∈ {'Non Bouw'})
	AT=[1430](`at:phase` ∈ {'01_HOOFD_3'})
	TT=[1000](`tt:weekday` ∈ {'Fri'})
-------------------------------------------------------------------------------
Node [3259]: (CT=167, AT=1430, TT=1000), containing 849 events.
	CT=[167](`ct:permit_type` ∈ {'Bouw'})
	AT=[1430](`at:phase` ∈ {'01_HOOFD_3'})
	TT=[1000](`tt:weekday` ∈ {'Fri'})
-------------------------------------------------------------------------------
Node [3785]: (CT=167, AT=203, TT=2029), containing 15 events.
	CT=[167](`ct:permit_type` ∈ {'Bouw'})
	AT=[203](`at:phase` ∈ {'01_HOOFD_6'})
	TT=[2029](`tt:weekday` ∈ {'Mon', 'Thu', 'Tue', 'Wed'})
-------------------------------------------------------------------------------
Node [3786]: (CT=168, AT=783, TT=2030), containing 14 events.
	CT=[168](`ct:permit_type` ∈ {'Non Bouw'})
	AT=[783](`at:phase` ∈ {'01_HOOFD_7'})
	TT=[2030](`tt:weekday` ∈ {'Sun'})
-------------------------------------------------------------------------------
Node [3787]: (CT=168, AT=783, TT=2029), containing 213 events.
	CT=[168](`ct:permit_type` ∈ {'Non Bouw'})
	AT=[783](`at:phase` ∈ {'01_HOOFD_7'})
	TT=[2029](`tt:weekday` ∈ {'Mon', 'Thu', 'Tue', 'Wed'})
-------------------------------------------------------------------------------
Node [3788]: (CT=167, AT=783, TT=2030), containing 22 events.
	CT=[167](`ct:permit_type` ∈ {'Bouw'})
	AT=[783](`at:phase` ∈ {'01_HOOFD_7'})
	TT=[2030](`tt:weekday` ∈ {'Sun'})
-------------------------------------------------------------------------------
Node [3789]: (CT=167, AT=783, TT=2029), containing 294 events.
	CT=[167](`ct:permit_type` ∈ {'Bouw'})
	AT=[783](`at:phase` ∈ {'01_HOOFD_7'})
	TT=[2029](`tt:weekday` ∈ {'Mon', 'Thu', 'Tue', 'Wed'})
-------------------------------------------------------------------------------
Node [3790]: (CT=168, AT=1026, TT=2030), containing 388 events.
	CT=[168](`ct:permit_type` ∈ {'Non Bouw'})
	AT=[1026](`at:phase` ∈ {'01_HOOFD_8'})
	TT=[2030](`tt:weekday` ∈ {'Sun'})
-------------------------------------------------------------------------------
Node [3791]: (CT=168, AT=1026, TT=2029), containing 2019 events.
	CT=[168](`ct:permit_type` ∈ {'Non Bouw'})
	AT=[1026](`at:phase` ∈ {'01_HOOFD_8'})
	TT=[2029](`tt:weekday` ∈ {'Mon', 'Thu', 'Tue', 'Wed'})
-------------------------------------------------------------------------------
Node [3792]: (CT=167, AT=1026, TT=2030), containing 547 events.
	CT=[167](`ct:permit_type` ∈ {'Bouw'})
	AT=[1026](`at:phase` ∈ {'01_HOOFD_8'})
	TT=[2030](`tt:weekday` ∈ {'Sun'})
-------------------------------------------------------------------------------
Node [3793]: (CT=167, AT=1026, TT=2029), containing 3669 events.
	CT=[167](`ct:permit_type` ∈ {'Bouw'})
	AT=[1026](`at:phase` ∈ {'01_HOOFD_8'})
	TT=[2029](`tt:weekday` ∈ {'Mon', 'Thu', 'Tue', 'Wed'})
-------------------------------------------------------------------------------
Node [3794]: (CT=168, AT=1333, TT=2030), containing 298 events.
	CT=[168](`ct:permit_type` ∈ {'Non Bouw'})
	AT=[1333](`at:phase` ∈ {'01_HOOFD_2'})
	TT=[2030](`tt:weekday` ∈ {'Sun'})
-------------------------------------------------------------------------------
Node [3795]: (CT=168, AT=1333, TT=2029), containing 4992 events.
	CT=[168](`ct:permit_type` ∈ {'Non Bouw'})
	AT=[1333](`at:phase` ∈ {'01_HOOFD_2'})
	TT=[2029](`tt:weekday` ∈ {'Mon', 'Thu', 'Tue', 'Wed'})
-------------------------------------------------------------------------------
Node [3796]: (CT=167, AT=1333, TT=2030), containing 713 events.
	CT=[167](`ct:permit_type` ∈ {'Bouw'})
	AT=[1333](`at:phase` ∈ {'01_HOOFD_2'})
	TT=[2030](`tt:weekday` ∈ {'Sun'})
-------------------------------------------------------------------------------
Node [3797]: (CT=167, AT=1333, TT=2029), containing 9221 events.
	CT=[167](`ct:permit_type` ∈ {'Bouw'})
	AT=[1333](`at:phase` ∈ {'01_HOOFD_2'})
	TT=[2029](`tt:weekday` ∈ {'Mon', 'Thu', 'Tue', 'Wed'})
-------------------------------------------------------------------------------
Node [3798]: (CT=168, AT=1430, TT=2030), containing 400 events.
	CT=[168](`ct:permit_type` ∈ {'Non Bouw'})
	AT=[1430](`at:phase` ∈ {'01_HOOFD_3'})
	TT=[2030](`tt:weekday` ∈ {'Sun'})
-------------------------------------------------------------------------------
Node [3799]: (CT=168, AT=1430, TT=2029), containing 5303 events.
	CT=[168](`ct:permit_type` ∈ {'Non Bouw'})
	AT=[1430](`at:phase` ∈ {'01_HOOFD_3'})
	TT=[2029](`tt:weekday` ∈ {'Mon', 'Thu', 'Tue', 'Wed'})
-------------------------------------------------------------------------------
Node [3800]: (CT=167, AT=1430, TT=2030), containing 940 events.
	CT=[167](`ct:permit_type` ∈ {'Bouw'})
	AT=[1430](`at:phase` ∈ {'01_HOOFD_3'})
	TT=[2030](`tt:weekday` ∈ {'Sun'})
-------------------------------------------------------------------------------
Node [3801]: (CT=167, AT=1430, TT=2029), containing 9905 events.
	CT=[167](`ct:permit_type` ∈ {'Bouw'})
	AT=[1430](`at:phase` ∈ {'01_HOOFD_3'})
	TT=[2029](`tt:weekday` ∈ {'Mon', 'Thu', 'Tue', 'Wed'})
-------------------------------------------------------------------------------
Node [4617]: (CT=168, AT=1761, TT=390), containing 56 events.
	CT=[168](`ct:permit_type` ∈ {'Non Bouw'})
	AT=[1761](`at:phase` ∈ {'01_HOOFD_0', '01_HOOFD_4'})
	TT=[390](`tt:weekday` ∈ {'Sat'})
-------------------------------------------------------------------------------
Node [4208]: (CT=167, AT=1688, TT=390), containing 1 events.
	CT=[167](`ct:permit_type` ∈ {'Bouw'})
	AT=[1688](`at:phase` ∈ {'01_HOOFD_1'})
	TT=[390](`tt:weekday` ∈ {'Sat'})
-------------------------------------------------------------------------------
Node [4618]: (CT=167, AT=1762, TT=390), containing 1 events.
	CT=[167](`ct:permit_type` ∈ {'Bouw'})
	AT=[1762](`at:phase` ∈ {'01_HOOFD_5'})
	TT=[390](`tt:weekday` ∈ {'Sat'})
-------------------------------------------------------------------------------
Node [4619]: (CT=167, AT=1761, TT=390), containing 91 events.
	CT=[167](`ct:permit_type` ∈ {'Bouw'})
	AT=[1761](`at:phase` ∈ {'01_HOOFD_0', '01_HOOFD_4'})
	TT=[390](`tt:weekday` ∈ {'Sat'})
-------------------------------------------------------------------------------
Node [4210]: (CT=168, AT=1688, TT=1000), containing 834 events.
	CT=[168](`ct:permit_type` ∈ {'Non Bouw'})
	AT=[1688](`at:phase` ∈ {'01_HOOFD_1'})
	TT=[1000](`tt:weekday` ∈ {'Fri'})
-------------------------------------------------------------------------------
Node [4620]: (CT=168, AT=1762, TT=1000), containing 640 events.
	CT=[168](`ct:permit_type` ∈ {'Non Bouw'})
	AT=[1762](`at:phase` ∈ {'01_HOOFD_5'})
	TT=[1000](`tt:weekday` ∈ {'Fri'})
-------------------------------------------------------------------------------
Node [4621]: (CT=168, AT=1761, TT=1000), containing 2168 events.
	CT=[168](`ct:permit_type` ∈ {'Non Bouw'})
	AT=[1761](`at:phase` ∈ {'01_HOOFD_0', '01_HOOFD_4'})
	TT=[1000](`tt:weekday` ∈ {'Fri'})
-------------------------------------------------------------------------------
Node [4212]: (CT=167, AT=1688, TT=1000), containing 1569 events.
	CT=[167](`ct:permit_type` ∈ {'Bouw'})
	AT=[1688](`at:phase` ∈ {'01_HOOFD_1'})
	TT=[1000](`tt:weekday` ∈ {'Fri'})
-------------------------------------------------------------------------------
Node [4622]: (CT=167, AT=1762, TT=1000), containing 1494 events.
	CT=[167](`ct:permit_type` ∈ {'Bouw'})
	AT=[1762](`at:phase` ∈ {'01_HOOFD_5'})
	TT=[1000](`tt:weekday` ∈ {'Fri'})
-------------------------------------------------------------------------------
Node [4623]: (CT=167, AT=1761, TT=1000), containing 3620 events.
	CT=[167](`ct:permit_type` ∈ {'Bouw'})
	AT=[1761](`at:phase` ∈ {'01_HOOFD_0', '01_HOOFD_4'})
	TT=[1000](`tt:weekday` ∈ {'Fri'})
-------------------------------------------------------------------------------
Node [4214]: (CT=168, AT=1688, TT=2030), containing 671 events.
	CT=[168](`ct:permit_type` ∈ {'Non Bouw'})
	AT=[1688](`at:phase` ∈ {'01_HOOFD_1'})
	TT=[2030](`tt:weekday` ∈ {'Sun'})
-------------------------------------------------------------------------------
Node [4624]: (CT=168, AT=1762, TT=2030), containing 1167 events.
	CT=[168](`ct:permit_type` ∈ {'Non Bouw'})
	AT=[1762](`at:phase` ∈ {'01_HOOFD_5'})
	TT=[2030](`tt:weekday` ∈ {'Sun'})
-------------------------------------------------------------------------------
Node [4625]: (CT=168, AT=1761, TT=2030), containing 3003 events.
	CT=[168](`ct:permit_type` ∈ {'Non Bouw'})
	AT=[1761](`at:phase` ∈ {'01_HOOFD_0', '01_HOOFD_4'})
	TT=[2030](`tt:weekday` ∈ {'Sun'})
-------------------------------------------------------------------------------
Node [4216]: (CT=168, AT=1688, TT=2029), containing 8559 events.
	CT=[168](`ct:permit_type` ∈ {'Non Bouw'})
	AT=[1688](`at:phase` ∈ {'01_HOOFD_1'})
	TT=[2029](`tt:weekday` ∈ {'Mon', 'Thu', 'Tue', 'Wed'})
-------------------------------------------------------------------------------
Node [4626]: (CT=168, AT=1762, TT=2029), containing 8580 events.
	CT=[168](`ct:permit_type` ∈ {'Non Bouw'})
	AT=[1762](`at:phase` ∈ {'01_HOOFD_5'})
	TT=[2029](`tt:weekday` ∈ {'Mon', 'Thu', 'Tue', 'Wed'})
-------------------------------------------------------------------------------
Node [4627]: (CT=168, AT=1761, TT=2029), containing 27494 events.
	CT=[168](`ct:permit_type` ∈ {'Non Bouw'})
	AT=[1761](`at:phase` ∈ {'01_HOOFD_0', '01_HOOFD_4'})
	TT=[2029](`tt:weekday` ∈ {'Mon', 'Thu', 'Tue', 'Wed'})
-------------------------------------------------------------------------------
Node [4218]: (CT=167, AT=1688, TT=2030), containing 1467 events.
	CT=[167](`ct:permit_type` ∈ {'Bouw'})
	AT=[1688](`at:phase` ∈ {'01_HOOFD_1'})
	TT=[2030](`tt:weekday` ∈ {'Sun'})
-------------------------------------------------------------------------------
Node [4628]: (CT=167, AT=1762, TT=2030), containing 1827 events.
	CT=[167](`ct:permit_type` ∈ {'Bouw'})
	AT=[1762](`at:phase` ∈ {'01_HOOFD_5'})
	TT=[2030](`tt:weekday` ∈ {'Sun'})
-------------------------------------------------------------------------------
Node [4629]: (CT=167, AT=1761, TT=2030), containing 5835 events.
	CT=[167](`ct:permit_type` ∈ {'Bouw'})
	AT=[1761](`at:phase` ∈ {'01_HOOFD_0', '01_HOOFD_4'})
	TT=[2030](`tt:weekday` ∈ {'Sun'})
-------------------------------------------------------------------------------
Node [4220]: (CT=167, AT=1688, TT=2029), containing 16732 events.
	CT=[167](`ct:permit_type` ∈ {'Bouw'})
	AT=[1688](`at:phase` ∈ {'01_HOOFD_1'})
	TT=[2029](`tt:weekday` ∈ {'Mon', 'Thu', 'Tue', 'Wed'})
-------------------------------------------------------------------------------
Node [4630]: (CT=167, AT=1762, TT=2029), containing 16138 events.
	CT=[167](`ct:permit_type` ∈ {'Bouw'})
	AT=[1762](`at:phase` ∈ {'01_HOOFD_5'})
	TT=[2029](`tt:weekday` ∈ {'Mon', 'Thu', 'Tue', 'Wed'})
-------------------------------------------------------------------------------
Node [4631]: (CT=167, AT=1761, TT=2029), containing 49646 events.
	CT=[167](`ct:permit_type` ∈ {'Bouw'})
	AT=[1761](`at:phase` ∈ {'01_HOOFD_0', '01_HOOFD_4'})
	TT=[2029](`tt:weekday` ∈ {'Mon', 'Thu', 'Tue', 'Wed'})

===============================================================================
Step	[12]

-------------------------------------------------------------------------------
Node [3242]: (CT=168, AT=783, TT=1000), containing 15 events.
	CT=[168](`ct:permit_type` ∈ {'Non Bouw'})
	AT=[783](`at:phase` ∈ {'01_HOOFD_7'})
	TT=[1000](`tt:weekday` ∈ {'Fri'})
-------------------------------------------------------------------------------
Node [3243]: (CT=167, AT=783, TT=1000), containing 29 events.
	CT=[167](`ct:permit_type` ∈ {'Bouw'})
	AT=[783](`at:phase` ∈ {'01_HOOFD_7'})
	TT=[1000](`tt:weekday` ∈ {'Fri'})
-------------------------------------------------------------------------------
Node [3246]: (CT=168, AT=1026, TT=1000), containing 86 events.
	CT=[168](`ct:permit_type` ∈ {'Non Bouw'})
	AT=[1026](`at:phase` ∈ {'01_HOOFD_8'})
	TT=[1000](`tt:weekday` ∈ {'Fri'})
-------------------------------------------------------------------------------
Node [3247]: (CT=167, AT=1026, TT=1000), containing 172 events.
	CT=[167](`ct:permit_type` ∈ {'Bouw'})
	AT=[1026](`at:phase` ∈ {'01_HOOFD_8'})
	TT=[1000](`tt:weekday` ∈ {'Fri'})
-------------------------------------------------------------------------------
Node [3250]: (CT=168, AT=1333, TT=1000), containing 463 events.
	CT=[168](`ct:permit_type` ∈ {'Non Bouw'})
	AT=[1333](`at:phase` ∈ {'01_HOOFD_2'})
	TT=[1000](`tt:weekday` ∈ {'Fri'})
-------------------------------------------------------------------------------
Node [3251]: (CT=167, AT=1333, TT=1000), containing 805 events.
	CT=[167](`ct:permit_type` ∈ {'Bouw'})
	AT=[1333](`at:phase` ∈ {'01_HOOFD_2'})
	TT=[1000](`tt:weekday` ∈ {'Fri'})
-------------------------------------------------------------------------------
Node [3258]: (CT=168, AT=1430, TT=1000), containing 488 events.
	CT=[168](`ct:permit_type` ∈ {'Non Bouw'})
	AT=[1430](`at:phase` ∈ {'01_HOOFD_3'})
	TT=[1000](`tt:weekday` ∈ {'Fri'})
-------------------------------------------------------------------------------
Node [3259]: (CT=167, AT=1430, TT=1000), containing 849 events.
	CT=[167](`ct:permit_type` ∈ {'Bouw'})
	AT=[1430](`at:phase` ∈ {'01_HOOFD_3'})
	TT=[1000](`tt:weekday` ∈ {'Fri'})
-------------------------------------------------------------------------------
Node [3785]: (CT=167, AT=203, TT=2029), containing 15 events.
	CT=[167](`ct:permit_type` ∈ {'Bouw'})
	AT=[203](`at:phase` ∈ {'01_HOOFD_6'})
	TT=[2029](`tt:weekday` ∈ {'Mon', 'Thu', 'Tue', 'Wed'})
-------------------------------------------------------------------------------
Node [3786]: (CT=168, AT=783, TT=2030), containing 14 events.
	CT=[168](`ct:permit_type` ∈ {'Non Bouw'})
	AT=[783](`at:phase` ∈ {'01_HOOFD_7'})
	TT=[2030](`tt:weekday` ∈ {'Sun'})
-------------------------------------------------------------------------------
Node [3787]: (CT=168, AT=783, TT=2029), containing 213 events.
	CT=[168](`ct:permit_type` ∈ {'Non Bouw'})
	AT=[783](`at:phase` ∈ {'01_HOOFD_7'})
	TT=[2029](`tt:weekday` ∈ {'Mon', 'Thu', 'Tue', 'Wed'})
-------------------------------------------------------------------------------
Node [3788]: (CT=167, AT=783, TT=2030), containing 22 events.
	CT=[167](`ct:permit_type` ∈ {'Bouw'})
	AT=[783](`at:phase` ∈ {'01_HOOFD_7'})
	TT=[2030](`tt:weekday` ∈ {'Sun'})
-------------------------------------------------------------------------------
Node [3789]: (CT=167, AT=783, TT=2029), containing 294 events.
	CT=[167](`ct:permit_type` ∈ {'Bouw'})
	AT=[783](`at:phase` ∈ {'01_HOOFD_7'})
	TT=[2029](`tt:weekday` ∈ {'Mon', 'Thu', 'Tue', 'Wed'})
-------------------------------------------------------------------------------
Node [3790]: (CT=168, AT=1026, TT=2030), containing 388 events.
	CT=[168](`ct:permit_type` ∈ {'Non Bouw'})
	AT=[1026](`at:phase` ∈ {'01_HOOFD_8'})
	TT=[2030](`tt:weekday` ∈ {'Sun'})
-------------------------------------------------------------------------------
Node [3791]: (CT=168, AT=1026, TT=2029), containing 2019 events.
	CT=[168](`ct:permit_type` ∈ {'Non Bouw'})
	AT=[1026](`at:phase` ∈ {'01_HOOFD_8'})
	TT=[2029](`tt:weekday` ∈ {'Mon', 'Thu', 'Tue', 'Wed'})
-------------------------------------------------------------------------------
Node [3792]: (CT=167, AT=1026, TT=2030), containing 547 events.
	CT=[167](`ct:permit_type` ∈ {'Bouw'})
	AT=[1026](`at:phase` ∈ {'01_HOOFD_8'})
	TT=[2030](`tt:weekday` ∈ {'Sun'})
-------------------------------------------------------------------------------
Node [3793]: (CT=167, AT=1026, TT=2029), containing 3669 events.
	CT=[167](`ct:permit_type` ∈ {'Bouw'})
	AT=[1026](`at:phase` ∈ {'01_HOOFD_8'})
	TT=[2029](`tt:weekday` ∈ {'Mon', 'Thu', 'Tue', 'Wed'})
-------------------------------------------------------------------------------
Node [3794]: (CT=168, AT=1333, TT=2030), containing 298 events.
	CT=[168](`ct:permit_type` ∈ {'Non Bouw'})
	AT=[1333](`at:phase` ∈ {'01_HOOFD_2'})
	TT=[2030](`tt:weekday` ∈ {'Sun'})
-------------------------------------------------------------------------------
Node [3795]: (CT=168, AT=1333, TT=2029), containing 4992 events.
	CT=[168](`ct:permit_type` ∈ {'Non Bouw'})
	AT=[1333](`at:phase` ∈ {'01_HOOFD_2'})
	TT=[2029](`tt:weekday` ∈ {'Mon', 'Thu', 'Tue', 'Wed'})
-------------------------------------------------------------------------------
Node [3796]: (CT=167, AT=1333, TT=2030), containing 713 events.
	CT=[167](`ct:permit_type` ∈ {'Bouw'})
	AT=[1333](`at:phase` ∈ {'01_HOOFD_2'})
	TT=[2030](`tt:weekday` ∈ {'Sun'})
-------------------------------------------------------------------------------
Node [3797]: (CT=167, AT=1333, TT=2029), containing 9221 events.
	CT=[167](`ct:permit_type` ∈ {'Bouw'})
	AT=[1333](`at:phase` ∈ {'01_HOOFD_2'})
	TT=[2029](`tt:weekday` ∈ {'Mon', 'Thu', 'Tue', 'Wed'})
-------------------------------------------------------------------------------
Node [3798]: (CT=168, AT=1430, TT=2030), containing 400 events.
	CT=[168](`ct:permit_type` ∈ {'Non Bouw'})
	AT=[1430](`at:phase` ∈ {'01_HOOFD_3'})
	TT=[2030](`tt:weekday` ∈ {'Sun'})
-------------------------------------------------------------------------------
Node [3799]: (CT=168, AT=1430, TT=2029), containing 5303 events.
	CT=[168](`ct:permit_type` ∈ {'Non Bouw'})
	AT=[1430](`at:phase` ∈ {'01_HOOFD_3'})
	TT=[2029](`tt:weekday` ∈ {'Mon', 'Thu', 'Tue', 'Wed'})
-------------------------------------------------------------------------------
Node [3800]: (CT=167, AT=1430, TT=2030), containing 940 events.
	CT=[167](`ct:permit_type` ∈ {'Bouw'})
	AT=[1430](`at:phase` ∈ {'01_HOOFD_3'})
	TT=[2030](`tt:weekday` ∈ {'Sun'})
-------------------------------------------------------------------------------
Node [3801]: (CT=167, AT=1430, TT=2029), containing 9905 events.
	CT=[167](`ct:permit_type` ∈ {'Bouw'})
	AT=[1430](`at:phase` ∈ {'01_HOOFD_3'})
	TT=[2029](`tt:weekday` ∈ {'Mon', 'Thu', 'Tue', 'Wed'})
-------------------------------------------------------------------------------
Node [4208]: (CT=167, AT=1688, TT=390), containing 1 events.
	CT=[167](`ct:permit_type` ∈ {'Bouw'})
	AT=[1688](`at:phase` ∈ {'01_HOOFD_1'})
	TT=[390](`tt:weekday` ∈ {'Sat'})
-------------------------------------------------------------------------------
Node [4210]: (CT=168, AT=1688, TT=1000), containing 834 events.
	CT=[168](`ct:permit_type` ∈ {'Non Bouw'})
	AT=[1688](`at:phase` ∈ {'01_HOOFD_1'})
	TT=[1000](`tt:weekday` ∈ {'Fri'})
-------------------------------------------------------------------------------
Node [4212]: (CT=167, AT=1688, TT=1000), containing 1569 events.
	CT=[167](`ct:permit_type` ∈ {'Bouw'})
	AT=[1688](`at:phase` ∈ {'01_HOOFD_1'})
	TT=[1000](`tt:weekday` ∈ {'Fri'})
-------------------------------------------------------------------------------
Node [4214]: (CT=168, AT=1688, TT=2030), containing 671 events.
	CT=[168](`ct:permit_type` ∈ {'Non Bouw'})
	AT=[1688](`at:phase` ∈ {'01_HOOFD_1'})
	TT=[2030](`tt:weekday` ∈ {'Sun'})
-------------------------------------------------------------------------------
Node [4216]: (CT=168, AT=1688, TT=2029), containing 8559 events.
	CT=[168](`ct:permit_type` ∈ {'Non Bouw'})
	AT=[1688](`at:phase` ∈ {'01_HOOFD_1'})
	TT=[2029](`tt:weekday` ∈ {'Mon', 'Thu', 'Tue', 'Wed'})
-------------------------------------------------------------------------------
Node [4218]: (CT=167, AT=1688, TT=2030), containing 1467 events.
	CT=[167](`ct:permit_type` ∈ {'Bouw'})
	AT=[1688](`at:phase` ∈ {'01_HOOFD_1'})
	TT=[2030](`tt:weekday` ∈ {'Sun'})
-------------------------------------------------------------------------------
Node [4220]: (CT=167, AT=1688, TT=2029), containing 16732 events.
	CT=[167](`ct:permit_type` ∈ {'Bouw'})
	AT=[1688](`at:phase` ∈ {'01_HOOFD_1'})
	TT=[2029](`tt:weekday` ∈ {'Mon', 'Thu', 'Tue', 'Wed'})
-------------------------------------------------------------------------------
Node [5050]: (CT=168, AT=1804, TT=390), containing 56 events.
	CT=[168](`ct:permit_type` ∈ {'Non Bouw'})
	AT=[1804](`at:phase` ∈ {'01_HOOFD_0'})
	TT=[390](`tt:weekday` ∈ {'Sat'})
-------------------------------------------------------------------------------
Node [4618]: (CT=167, AT=1762, TT=390), containing 1 events.
	CT=[167](`ct:permit_type` ∈ {'Bouw'})
	AT=[1762](`at:phase` ∈ {'01_HOOFD_5'})
	TT=[390](`tt:weekday` ∈ {'Sat'})
-------------------------------------------------------------------------------
Node [5051]: (CT=167, AT=1804, TT=390), containing 91 events.
	CT=[167](`ct:permit_type` ∈ {'Bouw'})
	AT=[1804](`at:phase` ∈ {'01_HOOFD_0'})
	TT=[390](`tt:weekday` ∈ {'Sat'})
-------------------------------------------------------------------------------
Node [4620]: (CT=168, AT=1762, TT=1000), containing 640 events.
	CT=[168](`ct:permit_type` ∈ {'Non Bouw'})
	AT=[1762](`at:phase` ∈ {'01_HOOFD_5'})
	TT=[1000](`tt:weekday` ∈ {'Fri'})
-------------------------------------------------------------------------------
Node [5052]: (CT=168, AT=1806, TT=1000), containing 962 events.
	CT=[168](`ct:permit_type` ∈ {'Non Bouw'})
	AT=[1806](`at:phase` ∈ {'01_HOOFD_4'})
	TT=[1000](`tt:weekday` ∈ {'Fri'})
-------------------------------------------------------------------------------
Node [5053]: (CT=168, AT=1804, TT=1000), containing 1206 events.
	CT=[168](`ct:permit_type` ∈ {'Non Bouw'})
	AT=[1804](`at:phase` ∈ {'01_HOOFD_0'})
	TT=[1000](`tt:weekday` ∈ {'Fri'})
-------------------------------------------------------------------------------
Node [4622]: (CT=167, AT=1762, TT=1000), containing 1494 events.
	CT=[167](`ct:permit_type` ∈ {'Bouw'})
	AT=[1762](`at:phase` ∈ {'01_HOOFD_5'})
	TT=[1000](`tt:weekday` ∈ {'Fri'})
-------------------------------------------------------------------------------
Node [5054]: (CT=167, AT=1806, TT=1000), containing 1614 events.
	CT=[167](`ct:permit_type` ∈ {'Bouw'})
	AT=[1806](`at:phase` ∈ {'01_HOOFD_4'})
	TT=[1000](`tt:weekday` ∈ {'Fri'})
-------------------------------------------------------------------------------
Node [5055]: (CT=167, AT=1804, TT=1000), containing 2006 events.
	CT=[167](`ct:permit_type` ∈ {'Bouw'})
	AT=[1804](`at:phase` ∈ {'01_HOOFD_0'})
	TT=[1000](`tt:weekday` ∈ {'Fri'})
-------------------------------------------------------------------------------
Node [4624]: (CT=168, AT=1762, TT=2030), containing 1167 events.
	CT=[168](`ct:permit_type` ∈ {'Non Bouw'})
	AT=[1762](`at:phase` ∈ {'01_HOOFD_5'})
	TT=[2030](`tt:weekday` ∈ {'Sun'})
-------------------------------------------------------------------------------
Node [5056]: (CT=168, AT=1806, TT=2030), containing 1466 events.
	CT=[168](`ct:permit_type` ∈ {'Non Bouw'})
	AT=[1806](`at:phase` ∈ {'01_HOOFD_4'})
	TT=[2030](`tt:weekday` ∈ {'Sun'})
-------------------------------------------------------------------------------
Node [5057]: (CT=168, AT=1804, TT=2030), containing 1537 events.
	CT=[168](`ct:permit_type` ∈ {'Non Bouw'})
	AT=[1804](`at:phase` ∈ {'01_HOOFD_0'})
	TT=[2030](`tt:weekday` ∈ {'Sun'})
-------------------------------------------------------------------------------
Node [4626]: (CT=168, AT=1762, TT=2029), containing 8580 events.
	CT=[168](`ct:permit_type` ∈ {'Non Bouw'})
	AT=[1762](`at:phase` ∈ {'01_HOOFD_5'})
	TT=[2029](`tt:weekday` ∈ {'Mon', 'Thu', 'Tue', 'Wed'})
-------------------------------------------------------------------------------
Node [5058]: (CT=168, AT=1806, TT=2029), containing 12876 events.
	CT=[168](`ct:permit_type` ∈ {'Non Bouw'})
	AT=[1806](`at:phase` ∈ {'01_HOOFD_4'})
	TT=[2029](`tt:weekday` ∈ {'Mon', 'Thu', 'Tue', 'Wed'})
-------------------------------------------------------------------------------
Node [5059]: (CT=168, AT=1804, TT=2029), containing 14618 events.
	CT=[168](`ct:permit_type` ∈ {'Non Bouw'})
	AT=[1804](`at:phase` ∈ {'01_HOOFD_0'})
	TT=[2029](`tt:weekday` ∈ {'Mon', 'Thu', 'Tue', 'Wed'})
-------------------------------------------------------------------------------
Node [4628]: (CT=167, AT=1762, TT=2030), containing 1827 events.
	CT=[167](`ct:permit_type` ∈ {'Bouw'})
	AT=[1762](`at:phase` ∈ {'01_HOOFD_5'})
	TT=[2030](`tt:weekday` ∈ {'Sun'})
-------------------------------------------------------------------------------
Node [5060]: (CT=167, AT=1806, TT=2030), containing 2751 events.
	CT=[167](`ct:permit_type` ∈ {'Bouw'})
	AT=[1806](`at:phase` ∈ {'01_HOOFD_4'})
	TT=[2030](`tt:weekday` ∈ {'Sun'})
-------------------------------------------------------------------------------
Node [5061]: (CT=167, AT=1804, TT=2030), containing 3084 events.
	CT=[167](`ct:permit_type` ∈ {'Bouw'})
	AT=[1804](`at:phase` ∈ {'01_HOOFD_0'})
	TT=[2030](`tt:weekday` ∈ {'Sun'})
-------------------------------------------------------------------------------
Node [4630]: (CT=167, AT=1762, TT=2029), containing 16138 events.
	CT=[167](`ct:permit_type` ∈ {'Bouw'})
	AT=[1762](`at:phase` ∈ {'01_HOOFD_5'})
	TT=[2029](`tt:weekday` ∈ {'Mon', 'Thu', 'Tue', 'Wed'})
-------------------------------------------------------------------------------
Node [5062]: (CT=167, AT=1806, TT=2029), containing 23159 events.
	CT=[167](`ct:permit_type` ∈ {'Bouw'})
	AT=[1806](`at:phase` ∈ {'01_HOOFD_4'})
	TT=[2029](`tt:weekday` ∈ {'Mon', 'Thu', 'Tue', 'Wed'})
-------------------------------------------------------------------------------
Node [5063]: (CT=167, AT=1804, TT=2029), containing 26487 events.
	CT=[167](`ct:permit_type` ∈ {'Bouw'})
	AT=[1804](`at:phase` ∈ {'01_HOOFD_0'})
	TT=[2029](`tt:weekday` ∈ {'Mon', 'Thu', 'Tue', 'Wed'})
