
===============================================================================
Step	[1]

-------------------------------------------------------------------------------
Node [339]: (CT=0, AT=0, TT=133), containing 149 events.
	CT=[0]T(NULL)
	AT=[0]T(NULL)
	TT=[133](`tt:weekday` ELEMENT OF {'Sun'})
-------------------------------------------------------------------------------
Node [340]: (CT=0, AT=0, TT=134), containing 193304 events.
	CT=[0]T(NULL)
	AT=[0]T(NULL)
	TT=[134](`tt:weekday` ELEMENT OF {'Fri', 'Mon', 'Sat', 'Thu', 'Tue', 'Wed'})

===============================================================================
Step	[2]

-------------------------------------------------------------------------------
Node [797]: (CT=0, AT=581, TT=133), containing 149 events.
	CT=[0]T(NULL)
	AT=[581](`at:phase` ELEMENT OF {'01_HOOFD_0', '01_HOOFD_1', '01_HOOFD_2', '01_HOOFD_3', '01_HOOFD_4', '01_HOOFD_5', '01_HOOFD_8'})
	TT=[133](`tt:weekday` ELEMENT OF {'Sun'})
-------------------------------------------------------------------------------
Node [798]: (CT=0, AT=582, TT=134), containing 602 events.
	CT=[0]T(NULL)
	AT=[582](`at:phase` ELEMENT OF {'01_HOOFD_6', '01_HOOFD_7'})
	TT=[134](`tt:weekday` ELEMENT OF {'Fri', 'Mon', 'Sat', 'Thu', 'Tue', 'Wed'})
-------------------------------------------------------------------------------
Node [799]: (CT=0, AT=581, TT=134), containing 192702 events.
	CT=[0]T(NULL)
	AT=[581](`at:phase` ELEMENT OF {'01_HOOFD_0', '01_HOOFD_1', '01_HOOFD_2', '01_HOOFD_3', '01_HOOFD_4', '01_HOOFD_5', '01_HOOFD_8'})
	TT=[134](`tt:weekday` ELEMENT OF {'Fri', 'Mon', 'Sat', 'Thu', 'Tue', 'Wed'})

===============================================================================
Step	[3]

-------------------------------------------------------------------------------
Node [797]: (CT=0, AT=581, TT=133), containing 149 events.
	CT=[0]T(NULL)
	AT=[581](`at:phase` ELEMENT OF {'01_HOOFD_0', '01_HOOFD_1', '01_HOOFD_2', '01_HOOFD_3', '01_HOOFD_4', '01_HOOFD_5', '01_HOOFD_8'})
	TT=[133](`tt:weekday` ELEMENT OF {'Sun'})
-------------------------------------------------------------------------------
Node [1194]: (CT=0, AT=828, TT=134), containing 587 events.
	CT=[0]T(NULL)
	AT=[828](`at:phase` ELEMENT OF {'01_HOOFD_7'})
	TT=[134](`tt:weekday` ELEMENT OF {'Fri', 'Mon', 'Sat', 'Thu', 'Tue', 'Wed'})
-------------------------------------------------------------------------------
Node [1195]: (CT=0, AT=829, TT=134), containing 15 events.
	CT=[0]T(NULL)
	AT=[829](`at:phase` ELEMENT OF {'01_HOOFD_6'})
	TT=[134](`tt:weekday` ELEMENT OF {'Fri', 'Mon', 'Sat', 'Thu', 'Tue', 'Wed'})
-------------------------------------------------------------------------------
Node [799]: (CT=0, AT=581, TT=134), containing 192702 events.
	CT=[0]T(NULL)
	AT=[581](`at:phase` ELEMENT OF {'01_HOOFD_0', '01_HOOFD_1', '01_HOOFD_2', '01_HOOFD_3', '01_HOOFD_4', '01_HOOFD_5', '01_HOOFD_8'})
	TT=[134](`tt:weekday` ELEMENT OF {'Fri', 'Mon', 'Sat', 'Thu', 'Tue', 'Wed'})

===============================================================================
Step	[4]

-------------------------------------------------------------------------------
Node [797]: (CT=0, AT=581, TT=133), containing 149 events.
	CT=[0]T(NULL)
	AT=[581](`at:phase` ELEMENT OF {'01_HOOFD_0', '01_HOOFD_1', '01_HOOFD_2', '01_HOOFD_3', '01_HOOFD_4', '01_HOOFD_5', '01_HOOFD_8'})
	TT=[133](`tt:weekday` ELEMENT OF {'Sun'})
-------------------------------------------------------------------------------
Node [1654]: (CT=0, AT=581, TT=547), containing 588 events.
	CT=[0]T(NULL)
	AT=[581](`at:phase` ELEMENT OF {'01_HOOFD_0', '01_HOOFD_1', '01_HOOFD_2', '01_HOOFD_3', '01_HOOFD_4', '01_HOOFD_5', '01_HOOFD_8'})
	TT=[547](`tt:weekday` ELEMENT OF {'Sat'})
-------------------------------------------------------------------------------
Node [1655]: (CT=0, AT=581, TT=548), containing 192114 events.
	CT=[0]T(NULL)
	AT=[581](`at:phase` ELEMENT OF {'01_HOOFD_0', '01_HOOFD_1', '01_HOOFD_2', '01_HOOFD_3', '01_HOOFD_4', '01_HOOFD_5', '01_HOOFD_8'})
	TT=[548](`tt:weekday` ELEMENT OF {'Fri', 'Mon', 'Thu', 'Tue', 'Wed'})
-------------------------------------------------------------------------------
Node [1656]: (CT=0, AT=828, TT=547), containing 1 events.
	CT=[0]T(NULL)
	AT=[828](`at:phase` ELEMENT OF {'01_HOOFD_7'})
	TT=[547](`tt:weekday` ELEMENT OF {'Sat'})
-------------------------------------------------------------------------------
Node [1657]: (CT=0, AT=828, TT=548), containing 586 events.
	CT=[0]T(NULL)
	AT=[828](`at:phase` ELEMENT OF {'01_HOOFD_7'})
	TT=[548](`tt:weekday` ELEMENT OF {'Fri', 'Mon', 'Thu', 'Tue', 'Wed'})
-------------------------------------------------------------------------------
Node [1658]: (CT=0, AT=829, TT=548), containing 15 events.
	CT=[0]T(NULL)
	AT=[829](`at:phase` ELEMENT OF {'01_HOOFD_6'})
	TT=[548](`tt:weekday` ELEMENT OF {'Fri', 'Mon', 'Thu', 'Tue', 'Wed'})

===============================================================================
Step	[5]

-------------------------------------------------------------------------------
Node [2158]: (CT=0, AT=1435, TT=133), containing 149 events.
	CT=[0]T(NULL)
	AT=[1435](`at:phase` ELEMENT OF {'01_HOOFD_0', '01_HOOFD_1', '01_HOOFD_2', '01_HOOFD_3', '01_HOOFD_4', '01_HOOFD_5'})
	TT=[133](`tt:weekday` ELEMENT OF {'Sun'})
-------------------------------------------------------------------------------
Node [2159]: (CT=0, AT=1436, TT=547), containing 7 events.
	CT=[0]T(NULL)
	AT=[1436](`at:phase` ELEMENT OF {'01_HOOFD_8'})
	TT=[547](`tt:weekday` ELEMENT OF {'Sat'})
-------------------------------------------------------------------------------
Node [2160]: (CT=0, AT=1435, TT=547), containing 581 events.
	CT=[0]T(NULL)
	AT=[1435](`at:phase` ELEMENT OF {'01_HOOFD_0', '01_HOOFD_1', '01_HOOFD_2', '01_HOOFD_3', '01_HOOFD_4', '01_HOOFD_5'})
	TT=[547](`tt:weekday` ELEMENT OF {'Sat'})
-------------------------------------------------------------------------------
Node [2161]: (CT=0, AT=1436, TT=548), containing 6874 events.
	CT=[0]T(NULL)
	AT=[1436](`at:phase` ELEMENT OF {'01_HOOFD_8'})
	TT=[548](`tt:weekday` ELEMENT OF {'Fri', 'Mon', 'Thu', 'Tue', 'Wed'})
-------------------------------------------------------------------------------
Node [2162]: (CT=0, AT=1435, TT=548), containing 185240 events.
	CT=[0]T(NULL)
	AT=[1435](`at:phase` ELEMENT OF {'01_HOOFD_0', '01_HOOFD_1', '01_HOOFD_2', '01_HOOFD_3', '01_HOOFD_4', '01_HOOFD_5'})
	TT=[548](`tt:weekday` ELEMENT OF {'Fri', 'Mon', 'Thu', 'Tue', 'Wed'})
-------------------------------------------------------------------------------
Node [1656]: (CT=0, AT=828, TT=547), containing 1 events.
	CT=[0]T(NULL)
	AT=[828](`at:phase` ELEMENT OF {'01_HOOFD_7'})
	TT=[547](`tt:weekday` ELEMENT OF {'Sat'})
-------------------------------------------------------------------------------
Node [1657]: (CT=0, AT=828, TT=548), containing 586 events.
	CT=[0]T(NULL)
	AT=[828](`at:phase` ELEMENT OF {'01_HOOFD_7'})
	TT=[548](`tt:weekday` ELEMENT OF {'Fri', 'Mon', 'Thu', 'Tue', 'Wed'})
-------------------------------------------------------------------------------
Node [1658]: (CT=0, AT=829, TT=548), containing 15 events.
	CT=[0]T(NULL)
	AT=[829](`at:phase` ELEMENT OF {'01_HOOFD_6'})
	TT=[548](`tt:weekday` ELEMENT OF {'Fri', 'Mon', 'Thu', 'Tue', 'Wed'})

===============================================================================
Step	[6]

-------------------------------------------------------------------------------
Node [1656]: (CT=0, AT=828, TT=547), containing 1 events.
	CT=[0]T(NULL)
	AT=[828](`at:phase` ELEMENT OF {'01_HOOFD_7'})
	TT=[547](`tt:weekday` ELEMENT OF {'Sat'})
-------------------------------------------------------------------------------
Node [1657]: (CT=0, AT=828, TT=548), containing 586 events.
	CT=[0]T(NULL)
	AT=[828](`at:phase` ELEMENT OF {'01_HOOFD_7'})
	TT=[548](`tt:weekday` ELEMENT OF {'Fri', 'Mon', 'Thu', 'Tue', 'Wed'})
-------------------------------------------------------------------------------
Node [1658]: (CT=0, AT=829, TT=548), containing 15 events.
	CT=[0]T(NULL)
	AT=[829](`at:phase` ELEMENT OF {'01_HOOFD_6'})
	TT=[548](`tt:weekday` ELEMENT OF {'Fri', 'Mon', 'Thu', 'Tue', 'Wed'})
-------------------------------------------------------------------------------
Node [2523]: (CT=0, AT=1620, TT=133), containing 149 events.
	CT=[0]T(NULL)
	AT=[1620](`at:phase` ELEMENT OF {'01_HOOFD_0', '01_HOOFD_1', '01_HOOFD_3', '01_HOOFD_4', '01_HOOFD_5'})
	TT=[133](`tt:weekday` ELEMENT OF {'Sun'})
-------------------------------------------------------------------------------
Node [2159]: (CT=0, AT=1436, TT=547), containing 7 events.
	CT=[0]T(NULL)
	AT=[1436](`at:phase` ELEMENT OF {'01_HOOFD_8'})
	TT=[547](`tt:weekday` ELEMENT OF {'Sat'})
-------------------------------------------------------------------------------
Node [2524]: (CT=0, AT=1620, TT=547), containing 581 events.
	CT=[0]T(NULL)
	AT=[1620](`at:phase` ELEMENT OF {'01_HOOFD_0', '01_HOOFD_1', '01_HOOFD_3', '01_HOOFD_4', '01_HOOFD_5'})
	TT=[547](`tt:weekday` ELEMENT OF {'Sat'})
-------------------------------------------------------------------------------
Node [2161]: (CT=0, AT=1436, TT=548), containing 6874 events.
	CT=[0]T(NULL)
	AT=[1436](`at:phase` ELEMENT OF {'01_HOOFD_8'})
	TT=[548](`tt:weekday` ELEMENT OF {'Fri', 'Mon', 'Thu', 'Tue', 'Wed'})
-------------------------------------------------------------------------------
Node [2525]: (CT=0, AT=1622, TT=548), containing 16492 events.
	CT=[0]T(NULL)
	AT=[1622](`at:phase` ELEMENT OF {'01_HOOFD_2'})
	TT=[548](`tt:weekday` ELEMENT OF {'Fri', 'Mon', 'Thu', 'Tue', 'Wed'})
-------------------------------------------------------------------------------
Node [2526]: (CT=0, AT=1620, TT=548), containing 168748 events.
	CT=[0]T(NULL)
	AT=[1620](`at:phase` ELEMENT OF {'01_HOOFD_0', '01_HOOFD_1', '01_HOOFD_3', '01_HOOFD_4', '01_HOOFD_5'})
	TT=[548](`tt:weekday` ELEMENT OF {'Fri', 'Mon', 'Thu', 'Tue', 'Wed'})

===============================================================================
Step	[7]

-------------------------------------------------------------------------------
Node [1656]: (CT=0, AT=828, TT=547), containing 1 events.
	CT=[0]T(NULL)
	AT=[828](`at:phase` ELEMENT OF {'01_HOOFD_7'})
	TT=[547](`tt:weekday` ELEMENT OF {'Sat'})
-------------------------------------------------------------------------------
Node [1657]: (CT=0, AT=828, TT=548), containing 586 events.
	CT=[0]T(NULL)
	AT=[828](`at:phase` ELEMENT OF {'01_HOOFD_7'})
	TT=[548](`tt:weekday` ELEMENT OF {'Fri', 'Mon', 'Thu', 'Tue', 'Wed'})
-------------------------------------------------------------------------------
Node [1658]: (CT=0, AT=829, TT=548), containing 15 events.
	CT=[0]T(NULL)
	AT=[829](`at:phase` ELEMENT OF {'01_HOOFD_6'})
	TT=[548](`tt:weekday` ELEMENT OF {'Fri', 'Mon', 'Thu', 'Tue', 'Wed'})
-------------------------------------------------------------------------------
Node [2159]: (CT=0, AT=1436, TT=547), containing 7 events.
	CT=[0]T(NULL)
	AT=[1436](`at:phase` ELEMENT OF {'01_HOOFD_8'})
	TT=[547](`tt:weekday` ELEMENT OF {'Sat'})
-------------------------------------------------------------------------------
Node [2161]: (CT=0, AT=1436, TT=548), containing 6874 events.
	CT=[0]T(NULL)
	AT=[1436](`at:phase` ELEMENT OF {'01_HOOFD_8'})
	TT=[548](`tt:weekday` ELEMENT OF {'Fri', 'Mon', 'Thu', 'Tue', 'Wed'})
-------------------------------------------------------------------------------
Node [2837]: (CT=0, AT=1714, TT=133), containing 149 events.
	CT=[0]T(NULL)
	AT=[1714](`at:phase` ELEMENT OF {'01_HOOFD_0', '01_HOOFD_1', '01_HOOFD_4', '01_HOOFD_5'})
	TT=[133](`tt:weekday` ELEMENT OF {'Sun'})
-------------------------------------------------------------------------------
Node [2838]: (CT=0, AT=1714, TT=547), containing 581 events.
	CT=[0]T(NULL)
	AT=[1714](`at:phase` ELEMENT OF {'01_HOOFD_0', '01_HOOFD_1', '01_HOOFD_4', '01_HOOFD_5'})
	TT=[547](`tt:weekday` ELEMENT OF {'Sat'})
-------------------------------------------------------------------------------
Node [2525]: (CT=0, AT=1622, TT=548), containing 16492 events.
	CT=[0]T(NULL)
	AT=[1622](`at:phase` ELEMENT OF {'01_HOOFD_2'})
	TT=[548](`tt:weekday` ELEMENT OF {'Fri', 'Mon', 'Thu', 'Tue', 'Wed'})
-------------------------------------------------------------------------------
Node [2839]: (CT=0, AT=1716, TT=548), containing 17885 events.
	CT=[0]T(NULL)
	AT=[1716](`at:phase` ELEMENT OF {'01_HOOFD_3'})
	TT=[548](`tt:weekday` ELEMENT OF {'Fri', 'Mon', 'Thu', 'Tue', 'Wed'})
-------------------------------------------------------------------------------
Node [2840]: (CT=0, AT=1714, TT=548), containing 150863 events.
	CT=[0]T(NULL)
	AT=[1714](`at:phase` ELEMENT OF {'01_HOOFD_0', '01_HOOFD_1', '01_HOOFD_4', '01_HOOFD_5'})
	TT=[548](`tt:weekday` ELEMENT OF {'Fri', 'Mon', 'Thu', 'Tue', 'Wed'})

===============================================================================
Step	[8]

-------------------------------------------------------------------------------
Node [3148]: (CT=155, AT=828, TT=547), containing 1 events.
	CT=[155](`ct:permit_type` ELEMENT OF {'Bouw'})
	AT=[828](`at:phase` ELEMENT OF {'01_HOOFD_7'})
	TT=[547](`tt:weekday` ELEMENT OF {'Sat'})
-------------------------------------------------------------------------------
Node [3149]: (CT=156, AT=828, TT=548), containing 242 events.
	CT=[156](`ct:permit_type` ELEMENT OF {'Non Bouw'})
	AT=[828](`at:phase` ELEMENT OF {'01_HOOFD_7'})
	TT=[548](`tt:weekday` ELEMENT OF {'Fri', 'Mon', 'Thu', 'Tue', 'Wed'})
-------------------------------------------------------------------------------
Node [3150]: (CT=155, AT=828, TT=548), containing 344 events.
	CT=[155](`ct:permit_type` ELEMENT OF {'Bouw'})
	AT=[828](`at:phase` ELEMENT OF {'01_HOOFD_7'})
	TT=[548](`tt:weekday` ELEMENT OF {'Fri', 'Mon', 'Thu', 'Tue', 'Wed'})
-------------------------------------------------------------------------------
Node [3151]: (CT=155, AT=829, TT=548), containing 15 events.
	CT=[155](`ct:permit_type` ELEMENT OF {'Bouw'})
	AT=[829](`at:phase` ELEMENT OF {'01_HOOFD_6'})
	TT=[548](`tt:weekday` ELEMENT OF {'Fri', 'Mon', 'Thu', 'Tue', 'Wed'})
-------------------------------------------------------------------------------
Node [3152]: (CT=156, AT=1436, TT=547), containing 1 events.
	CT=[156](`ct:permit_type` ELEMENT OF {'Non Bouw'})
	AT=[1436](`at:phase` ELEMENT OF {'01_HOOFD_8'})
	TT=[547](`tt:weekday` ELEMENT OF {'Sat'})
-------------------------------------------------------------------------------
Node [3153]: (CT=155, AT=1436, TT=547), containing 6 events.
	CT=[155](`ct:permit_type` ELEMENT OF {'Bouw'})
	AT=[1436](`at:phase` ELEMENT OF {'01_HOOFD_8'})
	TT=[547](`tt:weekday` ELEMENT OF {'Sat'})
-------------------------------------------------------------------------------
Node [3154]: (CT=156, AT=1436, TT=548), containing 2492 events.
	CT=[156](`ct:permit_type` ELEMENT OF {'Non Bouw'})
	AT=[1436](`at:phase` ELEMENT OF {'01_HOOFD_8'})
	TT=[548](`tt:weekday` ELEMENT OF {'Fri', 'Mon', 'Thu', 'Tue', 'Wed'})
-------------------------------------------------------------------------------
Node [3155]: (CT=155, AT=1436, TT=548), containing 4382 events.
	CT=[155](`ct:permit_type` ELEMENT OF {'Bouw'})
	AT=[1436](`at:phase` ELEMENT OF {'01_HOOFD_8'})
	TT=[548](`tt:weekday` ELEMENT OF {'Fri', 'Mon', 'Thu', 'Tue', 'Wed'})
-------------------------------------------------------------------------------
Node [3156]: (CT=156, AT=1622, TT=548), containing 5753 events.
	CT=[156](`ct:permit_type` ELEMENT OF {'Non Bouw'})
	AT=[1622](`at:phase` ELEMENT OF {'01_HOOFD_2'})
	TT=[548](`tt:weekday` ELEMENT OF {'Fri', 'Mon', 'Thu', 'Tue', 'Wed'})
-------------------------------------------------------------------------------
Node [3157]: (CT=155, AT=1622, TT=548), containing 10739 events.
	CT=[155](`ct:permit_type` ELEMENT OF {'Bouw'})
	AT=[1622](`at:phase` ELEMENT OF {'01_HOOFD_2'})
	TT=[548](`tt:weekday` ELEMENT OF {'Fri', 'Mon', 'Thu', 'Tue', 'Wed'})
-------------------------------------------------------------------------------
Node [3158]: (CT=156, AT=1714, TT=133), containing 56 events.
	CT=[156](`ct:permit_type` ELEMENT OF {'Non Bouw'})
	AT=[1714](`at:phase` ELEMENT OF {'01_HOOFD_0', '01_HOOFD_1', '01_HOOFD_4', '01_HOOFD_5'})
	TT=[133](`tt:weekday` ELEMENT OF {'Sun'})
-------------------------------------------------------------------------------
Node [3159]: (CT=155, AT=1714, TT=133), containing 93 events.
	CT=[155](`ct:permit_type` ELEMENT OF {'Bouw'})
	AT=[1714](`at:phase` ELEMENT OF {'01_HOOFD_0', '01_HOOFD_1', '01_HOOFD_4', '01_HOOFD_5'})
	TT=[133](`tt:weekday` ELEMENT OF {'Sun'})
-------------------------------------------------------------------------------
Node [3160]: (CT=156, AT=1714, TT=547), containing 220 events.
	CT=[156](`ct:permit_type` ELEMENT OF {'Non Bouw'})
	AT=[1714](`at:phase` ELEMENT OF {'01_HOOFD_0', '01_HOOFD_1', '01_HOOFD_4', '01_HOOFD_5'})
	TT=[547](`tt:weekday` ELEMENT OF {'Sat'})
-------------------------------------------------------------------------------
Node [3161]: (CT=155, AT=1714, TT=547), containing 361 events.
	CT=[155](`ct:permit_type` ELEMENT OF {'Bouw'})
	AT=[1714](`at:phase` ELEMENT OF {'01_HOOFD_0', '01_HOOFD_1', '01_HOOFD_4', '01_HOOFD_5'})
	TT=[547](`tt:weekday` ELEMENT OF {'Sat'})
-------------------------------------------------------------------------------
Node [3162]: (CT=156, AT=1716, TT=548), containing 6191 events.
	CT=[156](`ct:permit_type` ELEMENT OF {'Non Bouw'})
	AT=[1716](`at:phase` ELEMENT OF {'01_HOOFD_3'})
	TT=[548](`tt:weekday` ELEMENT OF {'Fri', 'Mon', 'Thu', 'Tue', 'Wed'})
-------------------------------------------------------------------------------
Node [3163]: (CT=155, AT=1716, TT=548), containing 11694 events.
	CT=[155](`ct:permit_type` ELEMENT OF {'Bouw'})
	AT=[1716](`at:phase` ELEMENT OF {'01_HOOFD_3'})
	TT=[548](`tt:weekday` ELEMENT OF {'Fri', 'Mon', 'Thu', 'Tue', 'Wed'})
-------------------------------------------------------------------------------
Node [3164]: (CT=156, AT=1714, TT=548), containing 52896 events.
	CT=[156](`ct:permit_type` ELEMENT OF {'Non Bouw'})
	AT=[1714](`at:phase` ELEMENT OF {'01_HOOFD_0', '01_HOOFD_1', '01_HOOFD_4', '01_HOOFD_5'})
	TT=[548](`tt:weekday` ELEMENT OF {'Fri', 'Mon', 'Thu', 'Tue', 'Wed'})
-------------------------------------------------------------------------------
Node [3165]: (CT=155, AT=1714, TT=548), containing 97967 events.
	CT=[155](`ct:permit_type` ELEMENT OF {'Bouw'})
	AT=[1714](`at:phase` ELEMENT OF {'01_HOOFD_0', '01_HOOFD_1', '01_HOOFD_4', '01_HOOFD_5'})
	TT=[548](`tt:weekday` ELEMENT OF {'Fri', 'Mon', 'Thu', 'Tue', 'Wed'})

===============================================================================
Step	[9]

-------------------------------------------------------------------------------
Node [3148]: (CT=155, AT=828, TT=547), containing 1 events.
	CT=[155](`ct:permit_type` ELEMENT OF {'Bouw'})
	AT=[828](`at:phase` ELEMENT OF {'01_HOOFD_7'})
	TT=[547](`tt:weekday` ELEMENT OF {'Sat'})
-------------------------------------------------------------------------------
Node [3149]: (CT=156, AT=828, TT=548), containing 242 events.
	CT=[156](`ct:permit_type` ELEMENT OF {'Non Bouw'})
	AT=[828](`at:phase` ELEMENT OF {'01_HOOFD_7'})
	TT=[548](`tt:weekday` ELEMENT OF {'Fri', 'Mon', 'Thu', 'Tue', 'Wed'})
-------------------------------------------------------------------------------
Node [3150]: (CT=155, AT=828, TT=548), containing 344 events.
	CT=[155](`ct:permit_type` ELEMENT OF {'Bouw'})
	AT=[828](`at:phase` ELEMENT OF {'01_HOOFD_7'})
	TT=[548](`tt:weekday` ELEMENT OF {'Fri', 'Mon', 'Thu', 'Tue', 'Wed'})
-------------------------------------------------------------------------------
Node [3151]: (CT=155, AT=829, TT=548), containing 15 events.
	CT=[155](`ct:permit_type` ELEMENT OF {'Bouw'})
	AT=[829](`at:phase` ELEMENT OF {'01_HOOFD_6'})
	TT=[548](`tt:weekday` ELEMENT OF {'Fri', 'Mon', 'Thu', 'Tue', 'Wed'})
-------------------------------------------------------------------------------
Node [3152]: (CT=156, AT=1436, TT=547), containing 1 events.
	CT=[156](`ct:permit_type` ELEMENT OF {'Non Bouw'})
	AT=[1436](`at:phase` ELEMENT OF {'01_HOOFD_8'})
	TT=[547](`tt:weekday` ELEMENT OF {'Sat'})
-------------------------------------------------------------------------------
Node [3153]: (CT=155, AT=1436, TT=547), containing 6 events.
	CT=[155](`ct:permit_type` ELEMENT OF {'Bouw'})
	AT=[1436](`at:phase` ELEMENT OF {'01_HOOFD_8'})
	TT=[547](`tt:weekday` ELEMENT OF {'Sat'})
-------------------------------------------------------------------------------
Node [3154]: (CT=156, AT=1436, TT=548), containing 2492 events.
	CT=[156](`ct:permit_type` ELEMENT OF {'Non Bouw'})
	AT=[1436](`at:phase` ELEMENT OF {'01_HOOFD_8'})
	TT=[548](`tt:weekday` ELEMENT OF {'Fri', 'Mon', 'Thu', 'Tue', 'Wed'})
-------------------------------------------------------------------------------
Node [3155]: (CT=155, AT=1436, TT=548), containing 4382 events.
	CT=[155](`ct:permit_type` ELEMENT OF {'Bouw'})
	AT=[1436](`at:phase` ELEMENT OF {'01_HOOFD_8'})
	TT=[548](`tt:weekday` ELEMENT OF {'Fri', 'Mon', 'Thu', 'Tue', 'Wed'})
-------------------------------------------------------------------------------
Node [3156]: (CT=156, AT=1622, TT=548), containing 5753 events.
	CT=[156](`ct:permit_type` ELEMENT OF {'Non Bouw'})
	AT=[1622](`at:phase` ELEMENT OF {'01_HOOFD_2'})
	TT=[548](`tt:weekday` ELEMENT OF {'Fri', 'Mon', 'Thu', 'Tue', 'Wed'})
-------------------------------------------------------------------------------
Node [3157]: (CT=155, AT=1622, TT=548), containing 10739 events.
	CT=[155](`ct:permit_type` ELEMENT OF {'Bouw'})
	AT=[1622](`at:phase` ELEMENT OF {'01_HOOFD_2'})
	TT=[548](`tt:weekday` ELEMENT OF {'Fri', 'Mon', 'Thu', 'Tue', 'Wed'})
-------------------------------------------------------------------------------
Node [3663]: (CT=156, AT=1852, TT=133), containing 56 events.
	CT=[156](`ct:permit_type` ELEMENT OF {'Non Bouw'})
	AT=[1852](`at:phase` ELEMENT OF {'01_HOOFD_0', '01_HOOFD_4', '01_HOOFD_5'})
	TT=[133](`tt:weekday` ELEMENT OF {'Sun'})
-------------------------------------------------------------------------------
Node [3664]: (CT=155, AT=1853, TT=133), containing 1 events.
	CT=[155](`ct:permit_type` ELEMENT OF {'Bouw'})
	AT=[1853](`at:phase` ELEMENT OF {'01_HOOFD_1'})
	TT=[133](`tt:weekday` ELEMENT OF {'Sun'})
-------------------------------------------------------------------------------
Node [3665]: (CT=155, AT=1852, TT=133), containing 92 events.
	CT=[155](`ct:permit_type` ELEMENT OF {'Bouw'})
	AT=[1852](`at:phase` ELEMENT OF {'01_HOOFD_0', '01_HOOFD_4', '01_HOOFD_5'})
	TT=[133](`tt:weekday` ELEMENT OF {'Sun'})
-------------------------------------------------------------------------------
Node [3666]: (CT=156, AT=1853, TT=547), containing 98 events.
	CT=[156](`ct:permit_type` ELEMENT OF {'Non Bouw'})
	AT=[1853](`at:phase` ELEMENT OF {'01_HOOFD_1'})
	TT=[547](`tt:weekday` ELEMENT OF {'Sat'})
-------------------------------------------------------------------------------
Node [3667]: (CT=156, AT=1852, TT=547), containing 122 events.
	CT=[156](`ct:permit_type` ELEMENT OF {'Non Bouw'})
	AT=[1852](`at:phase` ELEMENT OF {'01_HOOFD_0', '01_HOOFD_4', '01_HOOFD_5'})
	TT=[547](`tt:weekday` ELEMENT OF {'Sat'})
-------------------------------------------------------------------------------
Node [3668]: (CT=155, AT=1853, TT=547), containing 148 events.
	CT=[155](`ct:permit_type` ELEMENT OF {'Bouw'})
	AT=[1853](`at:phase` ELEMENT OF {'01_HOOFD_1'})
	TT=[547](`tt:weekday` ELEMENT OF {'Sat'})
-------------------------------------------------------------------------------
Node [3669]: (CT=155, AT=1852, TT=547), containing 213 events.
	CT=[155](`ct:permit_type` ELEMENT OF {'Bouw'})
	AT=[1852](`at:phase` ELEMENT OF {'01_HOOFD_0', '01_HOOFD_4', '01_HOOFD_5'})
	TT=[547](`tt:weekday` ELEMENT OF {'Sat'})
-------------------------------------------------------------------------------
Node [3162]: (CT=156, AT=1716, TT=548), containing 6191 events.
	CT=[156](`ct:permit_type` ELEMENT OF {'Non Bouw'})
	AT=[1716](`at:phase` ELEMENT OF {'01_HOOFD_3'})
	TT=[548](`tt:weekday` ELEMENT OF {'Fri', 'Mon', 'Thu', 'Tue', 'Wed'})
-------------------------------------------------------------------------------
Node [3163]: (CT=155, AT=1716, TT=548), containing 11694 events.
	CT=[155](`ct:permit_type` ELEMENT OF {'Bouw'})
	AT=[1716](`at:phase` ELEMENT OF {'01_HOOFD_3'})
	TT=[548](`tt:weekday` ELEMENT OF {'Fri', 'Mon', 'Thu', 'Tue', 'Wed'})
-------------------------------------------------------------------------------
Node [3670]: (CT=156, AT=1853, TT=548), containing 9966 events.
	CT=[156](`ct:permit_type` ELEMENT OF {'Non Bouw'})
	AT=[1853](`at:phase` ELEMENT OF {'01_HOOFD_1'})
	TT=[548](`tt:weekday` ELEMENT OF {'Fri', 'Mon', 'Thu', 'Tue', 'Wed'})
-------------------------------------------------------------------------------
Node [3671]: (CT=156, AT=1852, TT=548), containing 42930 events.
	CT=[156](`ct:permit_type` ELEMENT OF {'Non Bouw'})
	AT=[1852](`at:phase` ELEMENT OF {'01_HOOFD_0', '01_HOOFD_4', '01_HOOFD_5'})
	TT=[548](`tt:weekday` ELEMENT OF {'Fri', 'Mon', 'Thu', 'Tue', 'Wed'})
-------------------------------------------------------------------------------
Node [3672]: (CT=155, AT=1853, TT=548), containing 19620 events.
	CT=[155](`ct:permit_type` ELEMENT OF {'Bouw'})
	AT=[1853](`at:phase` ELEMENT OF {'01_HOOFD_1'})
	TT=[548](`tt:weekday` ELEMENT OF {'Fri', 'Mon', 'Thu', 'Tue', 'Wed'})
-------------------------------------------------------------------------------
Node [3673]: (CT=155, AT=1852, TT=548), containing 78347 events.
	CT=[155](`ct:permit_type` ELEMENT OF {'Bouw'})
	AT=[1852](`at:phase` ELEMENT OF {'01_HOOFD_0', '01_HOOFD_4', '01_HOOFD_5'})
	TT=[548](`tt:weekday` ELEMENT OF {'Fri', 'Mon', 'Thu', 'Tue', 'Wed'})

===============================================================================
Step	[10]

-------------------------------------------------------------------------------
Node [3148]: (CT=155, AT=828, TT=547), containing 1 events.
	CT=[155](`ct:permit_type` ELEMENT OF {'Bouw'})
	AT=[828](`at:phase` ELEMENT OF {'01_HOOFD_7'})
	TT=[547](`tt:weekday` ELEMENT OF {'Sat'})
-------------------------------------------------------------------------------
Node [3149]: (CT=156, AT=828, TT=548), containing 242 events.
	CT=[156](`ct:permit_type` ELEMENT OF {'Non Bouw'})
	AT=[828](`at:phase` ELEMENT OF {'01_HOOFD_7'})
	TT=[548](`tt:weekday` ELEMENT OF {'Fri', 'Mon', 'Thu', 'Tue', 'Wed'})
-------------------------------------------------------------------------------
Node [3150]: (CT=155, AT=828, TT=548), containing 344 events.
	CT=[155](`ct:permit_type` ELEMENT OF {'Bouw'})
	AT=[828](`at:phase` ELEMENT OF {'01_HOOFD_7'})
	TT=[548](`tt:weekday` ELEMENT OF {'Fri', 'Mon', 'Thu', 'Tue', 'Wed'})
-------------------------------------------------------------------------------
Node [3151]: (CT=155, AT=829, TT=548), containing 15 events.
	CT=[155](`ct:permit_type` ELEMENT OF {'Bouw'})
	AT=[829](`at:phase` ELEMENT OF {'01_HOOFD_6'})
	TT=[548](`tt:weekday` ELEMENT OF {'Fri', 'Mon', 'Thu', 'Tue', 'Wed'})
-------------------------------------------------------------------------------
Node [3152]: (CT=156, AT=1436, TT=547), containing 1 events.
	CT=[156](`ct:permit_type` ELEMENT OF {'Non Bouw'})
	AT=[1436](`at:phase` ELEMENT OF {'01_HOOFD_8'})
	TT=[547](`tt:weekday` ELEMENT OF {'Sat'})
-------------------------------------------------------------------------------
Node [3153]: (CT=155, AT=1436, TT=547), containing 6 events.
	CT=[155](`ct:permit_type` ELEMENT OF {'Bouw'})
	AT=[1436](`at:phase` ELEMENT OF {'01_HOOFD_8'})
	TT=[547](`tt:weekday` ELEMENT OF {'Sat'})
-------------------------------------------------------------------------------
Node [3154]: (CT=156, AT=1436, TT=548), containing 2492 events.
	CT=[156](`ct:permit_type` ELEMENT OF {'Non Bouw'})
	AT=[1436](`at:phase` ELEMENT OF {'01_HOOFD_8'})
	TT=[548](`tt:weekday` ELEMENT OF {'Fri', 'Mon', 'Thu', 'Tue', 'Wed'})
-------------------------------------------------------------------------------
Node [3155]: (CT=155, AT=1436, TT=548), containing 4382 events.
	CT=[155](`ct:permit_type` ELEMENT OF {'Bouw'})
	AT=[1436](`at:phase` ELEMENT OF {'01_HOOFD_8'})
	TT=[548](`tt:weekday` ELEMENT OF {'Fri', 'Mon', 'Thu', 'Tue', 'Wed'})
-------------------------------------------------------------------------------
Node [3156]: (CT=156, AT=1622, TT=548), containing 5753 events.
	CT=[156](`ct:permit_type` ELEMENT OF {'Non Bouw'})
	AT=[1622](`at:phase` ELEMENT OF {'01_HOOFD_2'})
	TT=[548](`tt:weekday` ELEMENT OF {'Fri', 'Mon', 'Thu', 'Tue', 'Wed'})
-------------------------------------------------------------------------------
Node [3157]: (CT=155, AT=1622, TT=548), containing 10739 events.
	CT=[155](`ct:permit_type` ELEMENT OF {'Bouw'})
	AT=[1622](`at:phase` ELEMENT OF {'01_HOOFD_2'})
	TT=[548](`tt:weekday` ELEMENT OF {'Fri', 'Mon', 'Thu', 'Tue', 'Wed'})
-------------------------------------------------------------------------------
Node [3162]: (CT=156, AT=1716, TT=548), containing 6191 events.
	CT=[156](`ct:permit_type` ELEMENT OF {'Non Bouw'})
	AT=[1716](`at:phase` ELEMENT OF {'01_HOOFD_3'})
	TT=[548](`tt:weekday` ELEMENT OF {'Fri', 'Mon', 'Thu', 'Tue', 'Wed'})
-------------------------------------------------------------------------------
Node [3163]: (CT=155, AT=1716, TT=548), containing 11694 events.
	CT=[155](`ct:permit_type` ELEMENT OF {'Bouw'})
	AT=[1716](`at:phase` ELEMENT OF {'01_HOOFD_3'})
	TT=[548](`tt:weekday` ELEMENT OF {'Fri', 'Mon', 'Thu', 'Tue', 'Wed'})
-------------------------------------------------------------------------------
Node [4205]: (CT=156, AT=1906, TT=133), containing 56 events.
	CT=[156](`ct:permit_type` ELEMENT OF {'Non Bouw'})
	AT=[1906](`at:phase` ELEMENT OF {'01_HOOFD_0', '01_HOOFD_4'})
	TT=[133](`tt:weekday` ELEMENT OF {'Sun'})
-------------------------------------------------------------------------------
Node [3664]: (CT=155, AT=1853, TT=133), containing 1 events.
	CT=[155](`ct:permit_type` ELEMENT OF {'Bouw'})
	AT=[1853](`at:phase` ELEMENT OF {'01_HOOFD_1'})
	TT=[133](`tt:weekday` ELEMENT OF {'Sun'})
-------------------------------------------------------------------------------
Node [4206]: (CT=155, AT=1907, TT=133), containing 1 events.
	CT=[155](`ct:permit_type` ELEMENT OF {'Bouw'})
	AT=[1907](`at:phase` ELEMENT OF {'01_HOOFD_5'})
	TT=[133](`tt:weekday` ELEMENT OF {'Sun'})
-------------------------------------------------------------------------------
Node [4207]: (CT=155, AT=1906, TT=133), containing 91 events.
	CT=[155](`ct:permit_type` ELEMENT OF {'Bouw'})
	AT=[1906](`at:phase` ELEMENT OF {'01_HOOFD_0', '01_HOOFD_4'})
	TT=[133](`tt:weekday` ELEMENT OF {'Sun'})
-------------------------------------------------------------------------------
Node [3666]: (CT=156, AT=1853, TT=547), containing 98 events.
	CT=[156](`ct:permit_type` ELEMENT OF {'Non Bouw'})
	AT=[1853](`at:phase` ELEMENT OF {'01_HOOFD_1'})
	TT=[547](`tt:weekday` ELEMENT OF {'Sat'})
-------------------------------------------------------------------------------
Node [4208]: (CT=156, AT=1907, TT=547), containing 93 events.
	CT=[156](`ct:permit_type` ELEMENT OF {'Non Bouw'})
	AT=[1907](`at:phase` ELEMENT OF {'01_HOOFD_5'})
	TT=[547](`tt:weekday` ELEMENT OF {'Sat'})
-------------------------------------------------------------------------------
Node [4209]: (CT=156, AT=1906, TT=547), containing 29 events.
	CT=[156](`ct:permit_type` ELEMENT OF {'Non Bouw'})
	AT=[1906](`at:phase` ELEMENT OF {'01_HOOFD_0', '01_HOOFD_4'})
	TT=[547](`tt:weekday` ELEMENT OF {'Sat'})
-------------------------------------------------------------------------------
Node [3668]: (CT=155, AT=1853, TT=547), containing 148 events.
	CT=[155](`ct:permit_type` ELEMENT OF {'Bouw'})
	AT=[1853](`at:phase` ELEMENT OF {'01_HOOFD_1'})
	TT=[547](`tt:weekday` ELEMENT OF {'Sat'})
-------------------------------------------------------------------------------
Node [4210]: (CT=155, AT=1907, TT=547), containing 122 events.
	CT=[155](`ct:permit_type` ELEMENT OF {'Bouw'})
	AT=[1907](`at:phase` ELEMENT OF {'01_HOOFD_5'})
	TT=[547](`tt:weekday` ELEMENT OF {'Sat'})
-------------------------------------------------------------------------------
Node [4211]: (CT=155, AT=1906, TT=547), containing 91 events.
	CT=[155](`ct:permit_type` ELEMENT OF {'Bouw'})
	AT=[1906](`at:phase` ELEMENT OF {'01_HOOFD_0', '01_HOOFD_4'})
	TT=[547](`tt:weekday` ELEMENT OF {'Sat'})
-------------------------------------------------------------------------------
Node [3670]: (CT=156, AT=1853, TT=548), containing 9966 events.
	CT=[156](`ct:permit_type` ELEMENT OF {'Non Bouw'})
	AT=[1853](`at:phase` ELEMENT OF {'01_HOOFD_1'})
	TT=[548](`tt:weekday` ELEMENT OF {'Fri', 'Mon', 'Thu', 'Tue', 'Wed'})
-------------------------------------------------------------------------------
Node [4212]: (CT=156, AT=1907, TT=548), containing 10294 events.
	CT=[156](`ct:permit_type` ELEMENT OF {'Non Bouw'})
	AT=[1907](`at:phase` ELEMENT OF {'01_HOOFD_5'})
	TT=[548](`tt:weekday` ELEMENT OF {'Fri', 'Mon', 'Thu', 'Tue', 'Wed'})
-------------------------------------------------------------------------------
Node [4213]: (CT=156, AT=1906, TT=548), containing 32636 events.
	CT=[156](`ct:permit_type` ELEMENT OF {'Non Bouw'})
	AT=[1906](`at:phase` ELEMENT OF {'01_HOOFD_0', '01_HOOFD_4'})
	TT=[548](`tt:weekday` ELEMENT OF {'Fri', 'Mon', 'Thu', 'Tue', 'Wed'})
-------------------------------------------------------------------------------
Node [3672]: (CT=155, AT=1853, TT=548), containing 19620 events.
	CT=[155](`ct:permit_type` ELEMENT OF {'Bouw'})
	AT=[1853](`at:phase` ELEMENT OF {'01_HOOFD_1'})
	TT=[548](`tt:weekday` ELEMENT OF {'Fri', 'Mon', 'Thu', 'Tue', 'Wed'})
-------------------------------------------------------------------------------
Node [4214]: (CT=155, AT=1907, TT=548), containing 19337 events.
	CT=[155](`ct:permit_type` ELEMENT OF {'Bouw'})
	AT=[1907](`at:phase` ELEMENT OF {'01_HOOFD_5'})
	TT=[548](`tt:weekday` ELEMENT OF {'Fri', 'Mon', 'Thu', 'Tue', 'Wed'})
-------------------------------------------------------------------------------
Node [4215]: (CT=155, AT=1906, TT=548), containing 59010 events.
	CT=[155](`ct:permit_type` ELEMENT OF {'Bouw'})
	AT=[1906](`at:phase` ELEMENT OF {'01_HOOFD_0', '01_HOOFD_4'})
	TT=[548](`tt:weekday` ELEMENT OF {'Fri', 'Mon', 'Thu', 'Tue', 'Wed'})
