
===============================================================================
Step	[1]

-------------------------------------------------------------------------------
Node [339]: (CT=0, AT=203, TT=0), containing 15 events.
	CT=[0]T(NULL)
	AT=[203](`at:phase` ELEMENT OF {'01_HOOFD_6'})
	TT=[0]T(NULL)
-------------------------------------------------------------------------------
Node [340]: (CT=0, AT=204, TT=0), containing 193438 events.
	CT=[0]T(NULL)
	AT=[204](`at:phase` ELEMENT OF {'01_HOOFD_0', '01_HOOFD_1', '01_HOOFD_2', '01_HOOFD_3', '01_HOOFD_4', '01_HOOFD_5', '01_HOOFD_7', '01_HOOFD_8'})
	TT=[0]T(NULL)

===============================================================================
Step	[2]

-------------------------------------------------------------------------------
Node [805]: (CT=0, AT=203, TT=389), containing 15 events.
	CT=[0]T(NULL)
	AT=[203](`at:phase` ELEMENT OF {'01_HOOFD_6'})
	TT=[389](`tt:weekday` ELEMENT OF {'Fri', 'Mon', 'Sun', 'Thu', 'Tue', 'Wed'})
-------------------------------------------------------------------------------
Node [806]: (CT=0, AT=204, TT=390), containing 149 events.
	CT=[0]T(NULL)
	AT=[204](`at:phase` ELEMENT OF {'01_HOOFD_0', '01_HOOFD_1', '01_HOOFD_2', '01_HOOFD_3', '01_HOOFD_4', '01_HOOFD_5', '01_HOOFD_7', '01_HOOFD_8'})
	TT=[390](`tt:weekday` ELEMENT OF {'Sat'})
-------------------------------------------------------------------------------
Node [807]: (CT=0, AT=204, TT=389), containing 193289 events.
	CT=[0]T(NULL)
	AT=[204](`at:phase` ELEMENT OF {'01_HOOFD_0', '01_HOOFD_1', '01_HOOFD_2', '01_HOOFD_3', '01_HOOFD_4', '01_HOOFD_5', '01_HOOFD_7', '01_HOOFD_8'})
	TT=[389](`tt:weekday` ELEMENT OF {'Fri', 'Mon', 'Sun', 'Thu', 'Tue', 'Wed'})

===============================================================================
Step	[3]

-------------------------------------------------------------------------------
Node [805]: (CT=0, AT=203, TT=389), containing 15 events.
	CT=[0]T(NULL)
	AT=[203](`at:phase` ELEMENT OF {'01_HOOFD_6'})
	TT=[389](`tt:weekday` ELEMENT OF {'Fri', 'Mon', 'Sun', 'Thu', 'Tue', 'Wed'})
-------------------------------------------------------------------------------
Node [1330]: (CT=0, AT=785, TT=390), containing 149 events.
	CT=[0]T(NULL)
	AT=[785](`at:phase` ELEMENT OF {'01_HOOFD_0', '01_HOOFD_1', '01_HOOFD_2', '01_HOOFD_3', '01_HOOFD_4', '01_HOOFD_5', '01_HOOFD_8'})
	TT=[390](`tt:weekday` ELEMENT OF {'Sat'})
-------------------------------------------------------------------------------
Node [1331]: (CT=0, AT=786, TT=389), containing 587 events.
	CT=[0]T(NULL)
	AT=[786](`at:phase` ELEMENT OF {'01_HOOFD_7'})
	TT=[389](`tt:weekday` ELEMENT OF {'Fri', 'Mon', 'Sun', 'Thu', 'Tue', 'Wed'})
-------------------------------------------------------------------------------
Node [1332]: (CT=0, AT=785, TT=389), containing 192702 events.
	CT=[0]T(NULL)
	AT=[785](`at:phase` ELEMENT OF {'01_HOOFD_0', '01_HOOFD_1', '01_HOOFD_2', '01_HOOFD_3', '01_HOOFD_4', '01_HOOFD_5', '01_HOOFD_8'})
	TT=[389](`tt:weekday` ELEMENT OF {'Fri', 'Mon', 'Sun', 'Thu', 'Tue', 'Wed'})

===============================================================================
Step	[4]

-------------------------------------------------------------------------------
Node [805]: (CT=0, AT=203, TT=389), containing 15 events.
	CT=[0]T(NULL)
	AT=[203](`at:phase` ELEMENT OF {'01_HOOFD_6'})
	TT=[389](`tt:weekday` ELEMENT OF {'Fri', 'Mon', 'Sun', 'Thu', 'Tue', 'Wed'})
-------------------------------------------------------------------------------
Node [1789]: (CT=0, AT=1028, TT=390), containing 149 events.
	CT=[0]T(NULL)
	AT=[1028](`at:phase` ELEMENT OF {'01_HOOFD_0', '01_HOOFD_1', '01_HOOFD_2', '01_HOOFD_3', '01_HOOFD_4', '01_HOOFD_5'})
	TT=[390](`tt:weekday` ELEMENT OF {'Sat'})
-------------------------------------------------------------------------------
Node [1331]: (CT=0, AT=786, TT=389), containing 587 events.
	CT=[0]T(NULL)
	AT=[786](`at:phase` ELEMENT OF {'01_HOOFD_7'})
	TT=[389](`tt:weekday` ELEMENT OF {'Fri', 'Mon', 'Sun', 'Thu', 'Tue', 'Wed'})
-------------------------------------------------------------------------------
Node [1790]: (CT=0, AT=1029, TT=389), containing 6881 events.
	CT=[0]T(NULL)
	AT=[1029](`at:phase` ELEMENT OF {'01_HOOFD_8'})
	TT=[389](`tt:weekday` ELEMENT OF {'Fri', 'Mon', 'Sun', 'Thu', 'Tue', 'Wed'})
-------------------------------------------------------------------------------
Node [1791]: (CT=0, AT=1028, TT=389), containing 185821 events.
	CT=[0]T(NULL)
	AT=[1028](`at:phase` ELEMENT OF {'01_HOOFD_0', '01_HOOFD_1', '01_HOOFD_2', '01_HOOFD_3', '01_HOOFD_4', '01_HOOFD_5'})
	TT=[389](`tt:weekday` ELEMENT OF {'Fri', 'Mon', 'Sun', 'Thu', 'Tue', 'Wed'})

===============================================================================
Step	[5]

-------------------------------------------------------------------------------
Node [2200]: (CT=0, AT=203, TT=998), containing 15 events.
	CT=[0]T(NULL)
	AT=[203](`at:phase` ELEMENT OF {'01_HOOFD_6'})
	TT=[998](`tt:weekday` ELEMENT OF {'Mon', 'Sun', 'Thu', 'Tue', 'Wed'})
-------------------------------------------------------------------------------
Node [2201]: (CT=0, AT=786, TT=998), containing 543 events.
	CT=[0]T(NULL)
	AT=[786](`at:phase` ELEMENT OF {'01_HOOFD_7'})
	TT=[998](`tt:weekday` ELEMENT OF {'Mon', 'Sun', 'Thu', 'Tue', 'Wed'})
-------------------------------------------------------------------------------
Node [2202]: (CT=0, AT=786, TT=1000), containing 44 events.
	CT=[0]T(NULL)
	AT=[786](`at:phase` ELEMENT OF {'01_HOOFD_7'})
	TT=[1000](`tt:weekday` ELEMENT OF {'Fri'})
-------------------------------------------------------------------------------
Node [1789]: (CT=0, AT=1028, TT=390), containing 149 events.
	CT=[0]T(NULL)
	AT=[1028](`at:phase` ELEMENT OF {'01_HOOFD_0', '01_HOOFD_1', '01_HOOFD_2', '01_HOOFD_3', '01_HOOFD_4', '01_HOOFD_5'})
	TT=[390](`tt:weekday` ELEMENT OF {'Sat'})
-------------------------------------------------------------------------------
Node [2203]: (CT=0, AT=1029, TT=998), containing 6623 events.
	CT=[0]T(NULL)
	AT=[1029](`at:phase` ELEMENT OF {'01_HOOFD_8'})
	TT=[998](`tt:weekday` ELEMENT OF {'Mon', 'Sun', 'Thu', 'Tue', 'Wed'})
-------------------------------------------------------------------------------
Node [2204]: (CT=0, AT=1029, TT=1000), containing 258 events.
	CT=[0]T(NULL)
	AT=[1029](`at:phase` ELEMENT OF {'01_HOOFD_8'})
	TT=[1000](`tt:weekday` ELEMENT OF {'Fri'})
-------------------------------------------------------------------------------
Node [2205]: (CT=0, AT=1028, TT=998), containing 172891 events.
	CT=[0]T(NULL)
	AT=[1028](`at:phase` ELEMENT OF {'01_HOOFD_0', '01_HOOFD_1', '01_HOOFD_2', '01_HOOFD_3', '01_HOOFD_4', '01_HOOFD_5'})
	TT=[998](`tt:weekday` ELEMENT OF {'Mon', 'Sun', 'Thu', 'Tue', 'Wed'})
-------------------------------------------------------------------------------
Node [2206]: (CT=0, AT=1028, TT=1000), containing 12930 events.
	CT=[0]T(NULL)
	AT=[1028](`at:phase` ELEMENT OF {'01_HOOFD_0', '01_HOOFD_1', '01_HOOFD_2', '01_HOOFD_3', '01_HOOFD_4', '01_HOOFD_5'})
	TT=[1000](`tt:weekday` ELEMENT OF {'Fri'})

===============================================================================
Step	[6]

-------------------------------------------------------------------------------
Node [2577]: (CT=0, AT=1335, TT=390), containing 149 events.
	CT=[0]T(NULL)
	AT=[1335](`at:phase` ELEMENT OF {'01_HOOFD_0', '01_HOOFD_1', '01_HOOFD_3', '01_HOOFD_4', '01_HOOFD_5'})
	TT=[390](`tt:weekday` ELEMENT OF {'Sat'})
-------------------------------------------------------------------------------
Node [2200]: (CT=0, AT=203, TT=998), containing 15 events.
	CT=[0]T(NULL)
	AT=[203](`at:phase` ELEMENT OF {'01_HOOFD_6'})
	TT=[998](`tt:weekday` ELEMENT OF {'Mon', 'Sun', 'Thu', 'Tue', 'Wed'})
-------------------------------------------------------------------------------
Node [2201]: (CT=0, AT=786, TT=998), containing 543 events.
	CT=[0]T(NULL)
	AT=[786](`at:phase` ELEMENT OF {'01_HOOFD_7'})
	TT=[998](`tt:weekday` ELEMENT OF {'Mon', 'Sun', 'Thu', 'Tue', 'Wed'})
-------------------------------------------------------------------------------
Node [2202]: (CT=0, AT=786, TT=1000), containing 44 events.
	CT=[0]T(NULL)
	AT=[786](`at:phase` ELEMENT OF {'01_HOOFD_7'})
	TT=[1000](`tt:weekday` ELEMENT OF {'Fri'})
-------------------------------------------------------------------------------
Node [2203]: (CT=0, AT=1029, TT=998), containing 6623 events.
	CT=[0]T(NULL)
	AT=[1029](`at:phase` ELEMENT OF {'01_HOOFD_8'})
	TT=[998](`tt:weekday` ELEMENT OF {'Mon', 'Sun', 'Thu', 'Tue', 'Wed'})
-------------------------------------------------------------------------------
Node [2204]: (CT=0, AT=1029, TT=1000), containing 258 events.
	CT=[0]T(NULL)
	AT=[1029](`at:phase` ELEMENT OF {'01_HOOFD_8'})
	TT=[1000](`tt:weekday` ELEMENT OF {'Fri'})
-------------------------------------------------------------------------------
Node [2578]: (CT=0, AT=1336, TT=998), containing 15224 events.
	CT=[0]T(NULL)
	AT=[1336](`at:phase` ELEMENT OF {'01_HOOFD_2'})
	TT=[998](`tt:weekday` ELEMENT OF {'Mon', 'Sun', 'Thu', 'Tue', 'Wed'})
-------------------------------------------------------------------------------
Node [2579]: (CT=0, AT=1335, TT=998), containing 157667 events.
	CT=[0]T(NULL)
	AT=[1335](`at:phase` ELEMENT OF {'01_HOOFD_0', '01_HOOFD_1', '01_HOOFD_3', '01_HOOFD_4', '01_HOOFD_5'})
	TT=[998](`tt:weekday` ELEMENT OF {'Mon', 'Sun', 'Thu', 'Tue', 'Wed'})
-------------------------------------------------------------------------------
Node [2580]: (CT=0, AT=1336, TT=1000), containing 1268 events.
	CT=[0]T(NULL)
	AT=[1336](`at:phase` ELEMENT OF {'01_HOOFD_2'})
	TT=[1000](`tt:weekday` ELEMENT OF {'Fri'})
-------------------------------------------------------------------------------
Node [2581]: (CT=0, AT=1335, TT=1000), containing 11662 events.
	CT=[0]T(NULL)
	AT=[1335](`at:phase` ELEMENT OF {'01_HOOFD_0', '01_HOOFD_1', '01_HOOFD_3', '01_HOOFD_4', '01_HOOFD_5'})
	TT=[1000](`tt:weekday` ELEMENT OF {'Fri'})

===============================================================================
Step	[7]

-------------------------------------------------------------------------------
Node [2200]: (CT=0, AT=203, TT=998), containing 15 events.
	CT=[0]T(NULL)
	AT=[203](`at:phase` ELEMENT OF {'01_HOOFD_6'})
	TT=[998](`tt:weekday` ELEMENT OF {'Mon', 'Sun', 'Thu', 'Tue', 'Wed'})
-------------------------------------------------------------------------------
Node [2201]: (CT=0, AT=786, TT=998), containing 543 events.
	CT=[0]T(NULL)
	AT=[786](`at:phase` ELEMENT OF {'01_HOOFD_7'})
	TT=[998](`tt:weekday` ELEMENT OF {'Mon', 'Sun', 'Thu', 'Tue', 'Wed'})
-------------------------------------------------------------------------------
Node [2202]: (CT=0, AT=786, TT=1000), containing 44 events.
	CT=[0]T(NULL)
	AT=[786](`at:phase` ELEMENT OF {'01_HOOFD_7'})
	TT=[1000](`tt:weekday` ELEMENT OF {'Fri'})
-------------------------------------------------------------------------------
Node [2203]: (CT=0, AT=1029, TT=998), containing 6623 events.
	CT=[0]T(NULL)
	AT=[1029](`at:phase` ELEMENT OF {'01_HOOFD_8'})
	TT=[998](`tt:weekday` ELEMENT OF {'Mon', 'Sun', 'Thu', 'Tue', 'Wed'})
-------------------------------------------------------------------------------
Node [2204]: (CT=0, AT=1029, TT=1000), containing 258 events.
	CT=[0]T(NULL)
	AT=[1029](`at:phase` ELEMENT OF {'01_HOOFD_8'})
	TT=[1000](`tt:weekday` ELEMENT OF {'Fri'})
-------------------------------------------------------------------------------
Node [2908]: (CT=0, AT=1432, TT=390), containing 149 events.
	CT=[0]T(NULL)
	AT=[1432](`at:phase` ELEMENT OF {'01_HOOFD_0', '01_HOOFD_1', '01_HOOFD_4', '01_HOOFD_5'})
	TT=[390](`tt:weekday` ELEMENT OF {'Sat'})
-------------------------------------------------------------------------------
Node [2578]: (CT=0, AT=1336, TT=998), containing 15224 events.
	CT=[0]T(NULL)
	AT=[1336](`at:phase` ELEMENT OF {'01_HOOFD_2'})
	TT=[998](`tt:weekday` ELEMENT OF {'Mon', 'Sun', 'Thu', 'Tue', 'Wed'})
-------------------------------------------------------------------------------
Node [2909]: (CT=0, AT=1433, TT=998), containing 16548 events.
	CT=[0]T(NULL)
	AT=[1433](`at:phase` ELEMENT OF {'01_HOOFD_3'})
	TT=[998](`tt:weekday` ELEMENT OF {'Mon', 'Sun', 'Thu', 'Tue', 'Wed'})
-------------------------------------------------------------------------------
Node [2910]: (CT=0, AT=1432, TT=998), containing 141119 events.
	CT=[0]T(NULL)
	AT=[1432](`at:phase` ELEMENT OF {'01_HOOFD_0', '01_HOOFD_1', '01_HOOFD_4', '01_HOOFD_5'})
	TT=[998](`tt:weekday` ELEMENT OF {'Mon', 'Sun', 'Thu', 'Tue', 'Wed'})
-------------------------------------------------------------------------------
Node [2580]: (CT=0, AT=1336, TT=1000), containing 1268 events.
	CT=[0]T(NULL)
	AT=[1336](`at:phase` ELEMENT OF {'01_HOOFD_2'})
	TT=[1000](`tt:weekday` ELEMENT OF {'Fri'})
-------------------------------------------------------------------------------
Node [2911]: (CT=0, AT=1433, TT=1000), containing 1337 events.
	CT=[0]T(NULL)
	AT=[1433](`at:phase` ELEMENT OF {'01_HOOFD_3'})
	TT=[1000](`tt:weekday` ELEMENT OF {'Fri'})
-------------------------------------------------------------------------------
Node [2912]: (CT=0, AT=1432, TT=1000), containing 10325 events.
	CT=[0]T(NULL)
	AT=[1432](`at:phase` ELEMENT OF {'01_HOOFD_0', '01_HOOFD_1', '01_HOOFD_4', '01_HOOFD_5'})
	TT=[1000](`tt:weekday` ELEMENT OF {'Fri'})

===============================================================================
Step	[8]

-------------------------------------------------------------------------------
Node [3242]: (CT=167, AT=203, TT=998), containing 15 events.
	CT=[167](`ct:permit_type` ELEMENT OF {'Bouw'})
	AT=[203](`at:phase` ELEMENT OF {'01_HOOFD_6'})
	TT=[998](`tt:weekday` ELEMENT OF {'Mon', 'Sun', 'Thu', 'Tue', 'Wed'})
-------------------------------------------------------------------------------
Node [3243]: (CT=168, AT=786, TT=998), containing 227 events.
	CT=[168](`ct:permit_type` ELEMENT OF {'Non Bouw'})
	AT=[786](`at:phase` ELEMENT OF {'01_HOOFD_7'})
	TT=[998](`tt:weekday` ELEMENT OF {'Mon', 'Sun', 'Thu', 'Tue', 'Wed'})
-------------------------------------------------------------------------------
Node [3244]: (CT=167, AT=786, TT=998), containing 316 events.
	CT=[167](`ct:permit_type` ELEMENT OF {'Bouw'})
	AT=[786](`at:phase` ELEMENT OF {'01_HOOFD_7'})
	TT=[998](`tt:weekday` ELEMENT OF {'Mon', 'Sun', 'Thu', 'Tue', 'Wed'})
-------------------------------------------------------------------------------
Node [3245]: (CT=168, AT=786, TT=1000), containing 15 events.
	CT=[168](`ct:permit_type` ELEMENT OF {'Non Bouw'})
	AT=[786](`at:phase` ELEMENT OF {'01_HOOFD_7'})
	TT=[1000](`tt:weekday` ELEMENT OF {'Fri'})
-------------------------------------------------------------------------------
Node [3246]: (CT=167, AT=786, TT=1000), containing 29 events.
	CT=[167](`ct:permit_type` ELEMENT OF {'Bouw'})
	AT=[786](`at:phase` ELEMENT OF {'01_HOOFD_7'})
	TT=[1000](`tt:weekday` ELEMENT OF {'Fri'})
-------------------------------------------------------------------------------
Node [3247]: (CT=168, AT=1029, TT=998), containing 2407 events.
	CT=[168](`ct:permit_type` ELEMENT OF {'Non Bouw'})
	AT=[1029](`at:phase` ELEMENT OF {'01_HOOFD_8'})
	TT=[998](`tt:weekday` ELEMENT OF {'Mon', 'Sun', 'Thu', 'Tue', 'Wed'})
-------------------------------------------------------------------------------
Node [3248]: (CT=167, AT=1029, TT=998), containing 4216 events.
	CT=[167](`ct:permit_type` ELEMENT OF {'Bouw'})
	AT=[1029](`at:phase` ELEMENT OF {'01_HOOFD_8'})
	TT=[998](`tt:weekday` ELEMENT OF {'Mon', 'Sun', 'Thu', 'Tue', 'Wed'})
-------------------------------------------------------------------------------
Node [3249]: (CT=168, AT=1029, TT=1000), containing 86 events.
	CT=[168](`ct:permit_type` ELEMENT OF {'Non Bouw'})
	AT=[1029](`at:phase` ELEMENT OF {'01_HOOFD_8'})
	TT=[1000](`tt:weekday` ELEMENT OF {'Fri'})
-------------------------------------------------------------------------------
Node [3250]: (CT=167, AT=1029, TT=1000), containing 172 events.
	CT=[167](`ct:permit_type` ELEMENT OF {'Bouw'})
	AT=[1029](`at:phase` ELEMENT OF {'01_HOOFD_8'})
	TT=[1000](`tt:weekday` ELEMENT OF {'Fri'})
-------------------------------------------------------------------------------
Node [3251]: (CT=168, AT=1336, TT=998), containing 5290 events.
	CT=[168](`ct:permit_type` ELEMENT OF {'Non Bouw'})
	AT=[1336](`at:phase` ELEMENT OF {'01_HOOFD_2'})
	TT=[998](`tt:weekday` ELEMENT OF {'Mon', 'Sun', 'Thu', 'Tue', 'Wed'})
-------------------------------------------------------------------------------
Node [3252]: (CT=167, AT=1336, TT=998), containing 9934 events.
	CT=[167](`ct:permit_type` ELEMENT OF {'Bouw'})
	AT=[1336](`at:phase` ELEMENT OF {'01_HOOFD_2'})
	TT=[998](`tt:weekday` ELEMENT OF {'Mon', 'Sun', 'Thu', 'Tue', 'Wed'})
-------------------------------------------------------------------------------
Node [3253]: (CT=168, AT=1336, TT=1000), containing 463 events.
	CT=[168](`ct:permit_type` ELEMENT OF {'Non Bouw'})
	AT=[1336](`at:phase` ELEMENT OF {'01_HOOFD_2'})
	TT=[1000](`tt:weekday` ELEMENT OF {'Fri'})
-------------------------------------------------------------------------------
Node [3254]: (CT=167, AT=1336, TT=1000), containing 805 events.
	CT=[167](`ct:permit_type` ELEMENT OF {'Bouw'})
	AT=[1336](`at:phase` ELEMENT OF {'01_HOOFD_2'})
	TT=[1000](`tt:weekday` ELEMENT OF {'Fri'})
-------------------------------------------------------------------------------
Node [3255]: (CT=168, AT=1432, TT=390), containing 56 events.
	CT=[168](`ct:permit_type` ELEMENT OF {'Non Bouw'})
	AT=[1432](`at:phase` ELEMENT OF {'01_HOOFD_0', '01_HOOFD_1', '01_HOOFD_4', '01_HOOFD_5'})
	TT=[390](`tt:weekday` ELEMENT OF {'Sat'})
-------------------------------------------------------------------------------
Node [3256]: (CT=167, AT=1432, TT=390), containing 93 events.
	CT=[167](`ct:permit_type` ELEMENT OF {'Bouw'})
	AT=[1432](`at:phase` ELEMENT OF {'01_HOOFD_0', '01_HOOFD_1', '01_HOOFD_4', '01_HOOFD_5'})
	TT=[390](`tt:weekday` ELEMENT OF {'Sat'})
-------------------------------------------------------------------------------
Node [3257]: (CT=168, AT=1433, TT=998), containing 5703 events.
	CT=[168](`ct:permit_type` ELEMENT OF {'Non Bouw'})
	AT=[1433](`at:phase` ELEMENT OF {'01_HOOFD_3'})
	TT=[998](`tt:weekday` ELEMENT OF {'Mon', 'Sun', 'Thu', 'Tue', 'Wed'})
-------------------------------------------------------------------------------
Node [3258]: (CT=167, AT=1433, TT=998), containing 10845 events.
	CT=[167](`ct:permit_type` ELEMENT OF {'Bouw'})
	AT=[1433](`at:phase` ELEMENT OF {'01_HOOFD_3'})
	TT=[998](`tt:weekday` ELEMENT OF {'Mon', 'Sun', 'Thu', 'Tue', 'Wed'})
-------------------------------------------------------------------------------
Node [3259]: (CT=168, AT=1432, TT=998), containing 49474 events.
	CT=[168](`ct:permit_type` ELEMENT OF {'Non Bouw'})
	AT=[1432](`at:phase` ELEMENT OF {'01_HOOFD_0', '01_HOOFD_1', '01_HOOFD_4', '01_HOOFD_5'})
	TT=[998](`tt:weekday` ELEMENT OF {'Mon', 'Sun', 'Thu', 'Tue', 'Wed'})
-------------------------------------------------------------------------------
Node [3260]: (CT=167, AT=1432, TT=998), containing 91645 events.
	CT=[167](`ct:permit_type` ELEMENT OF {'Bouw'})
	AT=[1432](`at:phase` ELEMENT OF {'01_HOOFD_0', '01_HOOFD_1', '01_HOOFD_4', '01_HOOFD_5'})
	TT=[998](`tt:weekday` ELEMENT OF {'Mon', 'Sun', 'Thu', 'Tue', 'Wed'})
-------------------------------------------------------------------------------
Node [3261]: (CT=168, AT=1433, TT=1000), containing 488 events.
	CT=[168](`ct:permit_type` ELEMENT OF {'Non Bouw'})
	AT=[1433](`at:phase` ELEMENT OF {'01_HOOFD_3'})
	TT=[1000](`tt:weekday` ELEMENT OF {'Fri'})
-------------------------------------------------------------------------------
Node [3262]: (CT=167, AT=1433, TT=1000), containing 849 events.
	CT=[167](`ct:permit_type` ELEMENT OF {'Bouw'})
	AT=[1433](`at:phase` ELEMENT OF {'01_HOOFD_3'})
	TT=[1000](`tt:weekday` ELEMENT OF {'Fri'})
-------------------------------------------------------------------------------
Node [3263]: (CT=168, AT=1432, TT=1000), containing 3642 events.
	CT=[168](`ct:permit_type` ELEMENT OF {'Non Bouw'})
	AT=[1432](`at:phase` ELEMENT OF {'01_HOOFD_0', '01_HOOFD_1', '01_HOOFD_4', '01_HOOFD_5'})
	TT=[1000](`tt:weekday` ELEMENT OF {'Fri'})
-------------------------------------------------------------------------------
Node [3264]: (CT=167, AT=1432, TT=1000), containing 6683 events.
	CT=[167](`ct:permit_type` ELEMENT OF {'Bouw'})
	AT=[1432](`at:phase` ELEMENT OF {'01_HOOFD_0', '01_HOOFD_1', '01_HOOFD_4', '01_HOOFD_5'})
	TT=[1000](`tt:weekday` ELEMENT OF {'Fri'})

===============================================================================
Step	[9]

-------------------------------------------------------------------------------
Node [3788]: (CT=167, AT=203, TT=2029), containing 15 events.
	CT=[167](`ct:permit_type` ELEMENT OF {'Bouw'})
	AT=[203](`at:phase` ELEMENT OF {'01_HOOFD_6'})
	TT=[2029](`tt:weekday` ELEMENT OF {'Mon', 'Thu', 'Tue', 'Wed'})
-------------------------------------------------------------------------------
Node [3789]: (CT=168, AT=786, TT=2030), containing 14 events.
	CT=[168](`ct:permit_type` ELEMENT OF {'Non Bouw'})
	AT=[786](`at:phase` ELEMENT OF {'01_HOOFD_7'})
	TT=[2030](`tt:weekday` ELEMENT OF {'Sun'})
-------------------------------------------------------------------------------
Node [3790]: (CT=168, AT=786, TT=2029), containing 213 events.
	CT=[168](`ct:permit_type` ELEMENT OF {'Non Bouw'})
	AT=[786](`at:phase` ELEMENT OF {'01_HOOFD_7'})
	TT=[2029](`tt:weekday` ELEMENT OF {'Mon', 'Thu', 'Tue', 'Wed'})
-------------------------------------------------------------------------------
Node [3791]: (CT=167, AT=786, TT=2030), containing 22 events.
	CT=[167](`ct:permit_type` ELEMENT OF {'Bouw'})
	AT=[786](`at:phase` ELEMENT OF {'01_HOOFD_7'})
	TT=[2030](`tt:weekday` ELEMENT OF {'Sun'})
-------------------------------------------------------------------------------
Node [3792]: (CT=167, AT=786, TT=2029), containing 294 events.
	CT=[167](`ct:permit_type` ELEMENT OF {'Bouw'})
	AT=[786](`at:phase` ELEMENT OF {'01_HOOFD_7'})
	TT=[2029](`tt:weekday` ELEMENT OF {'Mon', 'Thu', 'Tue', 'Wed'})
-------------------------------------------------------------------------------
Node [3245]: (CT=168, AT=786, TT=1000), containing 15 events.
	CT=[168](`ct:permit_type` ELEMENT OF {'Non Bouw'})
	AT=[786](`at:phase` ELEMENT OF {'01_HOOFD_7'})
	TT=[1000](`tt:weekday` ELEMENT OF {'Fri'})
-------------------------------------------------------------------------------
Node [3246]: (CT=167, AT=786, TT=1000), containing 29 events.
	CT=[167](`ct:permit_type` ELEMENT OF {'Bouw'})
	AT=[786](`at:phase` ELEMENT OF {'01_HOOFD_7'})
	TT=[1000](`tt:weekday` ELEMENT OF {'Fri'})
-------------------------------------------------------------------------------
Node [3793]: (CT=168, AT=1029, TT=2030), containing 388 events.
	CT=[168](`ct:permit_type` ELEMENT OF {'Non Bouw'})
	AT=[1029](`at:phase` ELEMENT OF {'01_HOOFD_8'})
	TT=[2030](`tt:weekday` ELEMENT OF {'Sun'})
-------------------------------------------------------------------------------
Node [3794]: (CT=168, AT=1029, TT=2029), containing 2019 events.
	CT=[168](`ct:permit_type` ELEMENT OF {'Non Bouw'})
	AT=[1029](`at:phase` ELEMENT OF {'01_HOOFD_8'})
	TT=[2029](`tt:weekday` ELEMENT OF {'Mon', 'Thu', 'Tue', 'Wed'})
-------------------------------------------------------------------------------
Node [3795]: (CT=167, AT=1029, TT=2030), containing 547 events.
	CT=[167](`ct:permit_type` ELEMENT OF {'Bouw'})
	AT=[1029](`at:phase` ELEMENT OF {'01_HOOFD_8'})
	TT=[2030](`tt:weekday` ELEMENT OF {'Sun'})
-------------------------------------------------------------------------------
Node [3796]: (CT=167, AT=1029, TT=2029), containing 3669 events.
	CT=[167](`ct:permit_type` ELEMENT OF {'Bouw'})
	AT=[1029](`at:phase` ELEMENT OF {'01_HOOFD_8'})
	TT=[2029](`tt:weekday` ELEMENT OF {'Mon', 'Thu', 'Tue', 'Wed'})
-------------------------------------------------------------------------------
Node [3249]: (CT=168, AT=1029, TT=1000), containing 86 events.
	CT=[168](`ct:permit_type` ELEMENT OF {'Non Bouw'})
	AT=[1029](`at:phase` ELEMENT OF {'01_HOOFD_8'})
	TT=[1000](`tt:weekday` ELEMENT OF {'Fri'})
-------------------------------------------------------------------------------
Node [3250]: (CT=167, AT=1029, TT=1000), containing 172 events.
	CT=[167](`ct:permit_type` ELEMENT OF {'Bouw'})
	AT=[1029](`at:phase` ELEMENT OF {'01_HOOFD_8'})
	TT=[1000](`tt:weekday` ELEMENT OF {'Fri'})
-------------------------------------------------------------------------------
Node [3797]: (CT=168, AT=1336, TT=2030), containing 298 events.
	CT=[168](`ct:permit_type` ELEMENT OF {'Non Bouw'})
	AT=[1336](`at:phase` ELEMENT OF {'01_HOOFD_2'})
	TT=[2030](`tt:weekday` ELEMENT OF {'Sun'})
-------------------------------------------------------------------------------
Node [3798]: (CT=168, AT=1336, TT=2029), containing 4992 events.
	CT=[168](`ct:permit_type` ELEMENT OF {'Non Bouw'})
	AT=[1336](`at:phase` ELEMENT OF {'01_HOOFD_2'})
	TT=[2029](`tt:weekday` ELEMENT OF {'Mon', 'Thu', 'Tue', 'Wed'})
-------------------------------------------------------------------------------
Node [3799]: (CT=167, AT=1336, TT=2030), containing 713 events.
	CT=[167](`ct:permit_type` ELEMENT OF {'Bouw'})
	AT=[1336](`at:phase` ELEMENT OF {'01_HOOFD_2'})
	TT=[2030](`tt:weekday` ELEMENT OF {'Sun'})
-------------------------------------------------------------------------------
Node [3800]: (CT=167, AT=1336, TT=2029), containing 9221 events.
	CT=[167](`ct:permit_type` ELEMENT OF {'Bouw'})
	AT=[1336](`at:phase` ELEMENT OF {'01_HOOFD_2'})
	TT=[2029](`tt:weekday` ELEMENT OF {'Mon', 'Thu', 'Tue', 'Wed'})
-------------------------------------------------------------------------------
Node [3253]: (CT=168, AT=1336, TT=1000), containing 463 events.
	CT=[168](`ct:permit_type` ELEMENT OF {'Non Bouw'})
	AT=[1336](`at:phase` ELEMENT OF {'01_HOOFD_2'})
	TT=[1000](`tt:weekday` ELEMENT OF {'Fri'})
-------------------------------------------------------------------------------
Node [3254]: (CT=167, AT=1336, TT=1000), containing 805 events.
	CT=[167](`ct:permit_type` ELEMENT OF {'Bouw'})
	AT=[1336](`at:phase` ELEMENT OF {'01_HOOFD_2'})
	TT=[1000](`tt:weekday` ELEMENT OF {'Fri'})
-------------------------------------------------------------------------------
Node [3255]: (CT=168, AT=1432, TT=390), containing 56 events.
	CT=[168](`ct:permit_type` ELEMENT OF {'Non Bouw'})
	AT=[1432](`at:phase` ELEMENT OF {'01_HOOFD_0', '01_HOOFD_1', '01_HOOFD_4', '01_HOOFD_5'})
	TT=[390](`tt:weekday` ELEMENT OF {'Sat'})
-------------------------------------------------------------------------------
Node [3256]: (CT=167, AT=1432, TT=390), containing 93 events.
	CT=[167](`ct:permit_type` ELEMENT OF {'Bouw'})
	AT=[1432](`at:phase` ELEMENT OF {'01_HOOFD_0', '01_HOOFD_1', '01_HOOFD_4', '01_HOOFD_5'})
	TT=[390](`tt:weekday` ELEMENT OF {'Sat'})
-------------------------------------------------------------------------------
Node [3801]: (CT=168, AT=1433, TT=2030), containing 400 events.
	CT=[168](`ct:permit_type` ELEMENT OF {'Non Bouw'})
	AT=[1433](`at:phase` ELEMENT OF {'01_HOOFD_3'})
	TT=[2030](`tt:weekday` ELEMENT OF {'Sun'})
-------------------------------------------------------------------------------
Node [3802]: (CT=168, AT=1433, TT=2029), containing 5303 events.
	CT=[168](`ct:permit_type` ELEMENT OF {'Non Bouw'})
	AT=[1433](`at:phase` ELEMENT OF {'01_HOOFD_3'})
	TT=[2029](`tt:weekday` ELEMENT OF {'Mon', 'Thu', 'Tue', 'Wed'})
-------------------------------------------------------------------------------
Node [3803]: (CT=167, AT=1433, TT=2030), containing 940 events.
	CT=[167](`ct:permit_type` ELEMENT OF {'Bouw'})
	AT=[1433](`at:phase` ELEMENT OF {'01_HOOFD_3'})
	TT=[2030](`tt:weekday` ELEMENT OF {'Sun'})
-------------------------------------------------------------------------------
Node [3804]: (CT=167, AT=1433, TT=2029), containing 9905 events.
	CT=[167](`ct:permit_type` ELEMENT OF {'Bouw'})
	AT=[1433](`at:phase` ELEMENT OF {'01_HOOFD_3'})
	TT=[2029](`tt:weekday` ELEMENT OF {'Mon', 'Thu', 'Tue', 'Wed'})
-------------------------------------------------------------------------------
Node [3805]: (CT=168, AT=1432, TT=2030), containing 4841 events.
	CT=[168](`ct:permit_type` ELEMENT OF {'Non Bouw'})
	AT=[1432](`at:phase` ELEMENT OF {'01_HOOFD_0', '01_HOOFD_1', '01_HOOFD_4', '01_HOOFD_5'})
	TT=[2030](`tt:weekday` ELEMENT OF {'Sun'})
-------------------------------------------------------------------------------
Node [3806]: (CT=168, AT=1432, TT=2029), containing 44633 events.
	CT=[168](`ct:permit_type` ELEMENT OF {'Non Bouw'})
	AT=[1432](`at:phase` ELEMENT OF {'01_HOOFD_0', '01_HOOFD_1', '01_HOOFD_4', '01_HOOFD_5'})
	TT=[2029](`tt:weekday` ELEMENT OF {'Mon', 'Thu', 'Tue', 'Wed'})
-------------------------------------------------------------------------------
Node [3807]: (CT=167, AT=1432, TT=2030), containing 9129 events.
	CT=[167](`ct:permit_type` ELEMENT OF {'Bouw'})
	AT=[1432](`at:phase` ELEMENT OF {'01_HOOFD_0', '01_HOOFD_1', '01_HOOFD_4', '01_HOOFD_5'})
	TT=[2030](`tt:weekday` ELEMENT OF {'Sun'})
-------------------------------------------------------------------------------
Node [3808]: (CT=167, AT=1432, TT=2029), containing 82516 events.
	CT=[167](`ct:permit_type` ELEMENT OF {'Bouw'})
	AT=[1432](`at:phase` ELEMENT OF {'01_HOOFD_0', '01_HOOFD_1', '01_HOOFD_4', '01_HOOFD_5'})
	TT=[2029](`tt:weekday` ELEMENT OF {'Mon', 'Thu', 'Tue', 'Wed'})
-------------------------------------------------------------------------------
Node [3261]: (CT=168, AT=1433, TT=1000), containing 488 events.
	CT=[168](`ct:permit_type` ELEMENT OF {'Non Bouw'})
	AT=[1433](`at:phase` ELEMENT OF {'01_HOOFD_3'})
	TT=[1000](`tt:weekday` ELEMENT OF {'Fri'})
-------------------------------------------------------------------------------
Node [3262]: (CT=167, AT=1433, TT=1000), containing 849 events.
	CT=[167](`ct:permit_type` ELEMENT OF {'Bouw'})
	AT=[1433](`at:phase` ELEMENT OF {'01_HOOFD_3'})
	TT=[1000](`tt:weekday` ELEMENT OF {'Fri'})
-------------------------------------------------------------------------------
Node [3263]: (CT=168, AT=1432, TT=1000), containing 3642 events.
	CT=[168](`ct:permit_type` ELEMENT OF {'Non Bouw'})
	AT=[1432](`at:phase` ELEMENT OF {'01_HOOFD_0', '01_HOOFD_1', '01_HOOFD_4', '01_HOOFD_5'})
	TT=[1000](`tt:weekday` ELEMENT OF {'Fri'})
-------------------------------------------------------------------------------
Node [3264]: (CT=167, AT=1432, TT=1000), containing 6683 events.
	CT=[167](`ct:permit_type` ELEMENT OF {'Bouw'})
	AT=[1432](`at:phase` ELEMENT OF {'01_HOOFD_0', '01_HOOFD_1', '01_HOOFD_4', '01_HOOFD_5'})
	TT=[1000](`tt:weekday` ELEMENT OF {'Fri'})

===============================================================================
Step	[10]

-------------------------------------------------------------------------------
Node [3245]: (CT=168, AT=786, TT=1000), containing 15 events.
	CT=[168](`ct:permit_type` ELEMENT OF {'Non Bouw'})
	AT=[786](`at:phase` ELEMENT OF {'01_HOOFD_7'})
	TT=[1000](`tt:weekday` ELEMENT OF {'Fri'})
-------------------------------------------------------------------------------
Node [3246]: (CT=167, AT=786, TT=1000), containing 29 events.
	CT=[167](`ct:permit_type` ELEMENT OF {'Bouw'})
	AT=[786](`at:phase` ELEMENT OF {'01_HOOFD_7'})
	TT=[1000](`tt:weekday` ELEMENT OF {'Fri'})
-------------------------------------------------------------------------------
Node [3249]: (CT=168, AT=1029, TT=1000), containing 86 events.
	CT=[168](`ct:permit_type` ELEMENT OF {'Non Bouw'})
	AT=[1029](`at:phase` ELEMENT OF {'01_HOOFD_8'})
	TT=[1000](`tt:weekday` ELEMENT OF {'Fri'})
-------------------------------------------------------------------------------
Node [3250]: (CT=167, AT=1029, TT=1000), containing 172 events.
	CT=[167](`ct:permit_type` ELEMENT OF {'Bouw'})
	AT=[1029](`at:phase` ELEMENT OF {'01_HOOFD_8'})
	TT=[1000](`tt:weekday` ELEMENT OF {'Fri'})
-------------------------------------------------------------------------------
Node [3253]: (CT=168, AT=1336, TT=1000), containing 463 events.
	CT=[168](`ct:permit_type` ELEMENT OF {'Non Bouw'})
	AT=[1336](`at:phase` ELEMENT OF {'01_HOOFD_2'})
	TT=[1000](`tt:weekday` ELEMENT OF {'Fri'})
-------------------------------------------------------------------------------
Node [3254]: (CT=167, AT=1336, TT=1000), containing 805 events.
	CT=[167](`ct:permit_type` ELEMENT OF {'Bouw'})
	AT=[1336](`at:phase` ELEMENT OF {'01_HOOFD_2'})
	TT=[1000](`tt:weekday` ELEMENT OF {'Fri'})
-------------------------------------------------------------------------------
Node [4210]: (CT=168, AT=1690, TT=390), containing 56 events.
	CT=[168](`ct:permit_type` ELEMENT OF {'Non Bouw'})
	AT=[1690](`at:phase` ELEMENT OF {'01_HOOFD_0', '01_HOOFD_4', '01_HOOFD_5'})
	TT=[390](`tt:weekday` ELEMENT OF {'Sat'})
-------------------------------------------------------------------------------
Node [4211]: (CT=167, AT=1691, TT=390), containing 1 events.
	CT=[167](`ct:permit_type` ELEMENT OF {'Bouw'})
	AT=[1691](`at:phase` ELEMENT OF {'01_HOOFD_1'})
	TT=[390](`tt:weekday` ELEMENT OF {'Sat'})
-------------------------------------------------------------------------------
Node [4212]: (CT=167, AT=1690, TT=390), containing 92 events.
	CT=[167](`ct:permit_type` ELEMENT OF {'Bouw'})
	AT=[1690](`at:phase` ELEMENT OF {'01_HOOFD_0', '01_HOOFD_4', '01_HOOFD_5'})
	TT=[390](`tt:weekday` ELEMENT OF {'Sat'})
-------------------------------------------------------------------------------
Node [3261]: (CT=168, AT=1433, TT=1000), containing 488 events.
	CT=[168](`ct:permit_type` ELEMENT OF {'Non Bouw'})
	AT=[1433](`at:phase` ELEMENT OF {'01_HOOFD_3'})
	TT=[1000](`tt:weekday` ELEMENT OF {'Fri'})
-------------------------------------------------------------------------------
Node [3262]: (CT=167, AT=1433, TT=1000), containing 849 events.
	CT=[167](`ct:permit_type` ELEMENT OF {'Bouw'})
	AT=[1433](`at:phase` ELEMENT OF {'01_HOOFD_3'})
	TT=[1000](`tt:weekday` ELEMENT OF {'Fri'})
-------------------------------------------------------------------------------
Node [4213]: (CT=168, AT=1691, TT=1000), containing 834 events.
	CT=[168](`ct:permit_type` ELEMENT OF {'Non Bouw'})
	AT=[1691](`at:phase` ELEMENT OF {'01_HOOFD_1'})
	TT=[1000](`tt:weekday` ELEMENT OF {'Fri'})
-------------------------------------------------------------------------------
Node [4214]: (CT=168, AT=1690, TT=1000), containing 2808 events.
	CT=[168](`ct:permit_type` ELEMENT OF {'Non Bouw'})
	AT=[1690](`at:phase` ELEMENT OF {'01_HOOFD_0', '01_HOOFD_4', '01_HOOFD_5'})
	TT=[1000](`tt:weekday` ELEMENT OF {'Fri'})
-------------------------------------------------------------------------------
Node [4215]: (CT=167, AT=1691, TT=1000), containing 1569 events.
	CT=[167](`ct:permit_type` ELEMENT OF {'Bouw'})
	AT=[1691](`at:phase` ELEMENT OF {'01_HOOFD_1'})
	TT=[1000](`tt:weekday` ELEMENT OF {'Fri'})
-------------------------------------------------------------------------------
Node [4216]: (CT=167, AT=1690, TT=1000), containing 5114 events.
	CT=[167](`ct:permit_type` ELEMENT OF {'Bouw'})
	AT=[1690](`at:phase` ELEMENT OF {'01_HOOFD_0', '01_HOOFD_4', '01_HOOFD_5'})
	TT=[1000](`tt:weekday` ELEMENT OF {'Fri'})
-------------------------------------------------------------------------------
Node [3788]: (CT=167, AT=203, TT=2029), containing 15 events.
	CT=[167](`ct:permit_type` ELEMENT OF {'Bouw'})
	AT=[203](`at:phase` ELEMENT OF {'01_HOOFD_6'})
	TT=[2029](`tt:weekday` ELEMENT OF {'Mon', 'Thu', 'Tue', 'Wed'})
-------------------------------------------------------------------------------
Node [3789]: (CT=168, AT=786, TT=2030), containing 14 events.
	CT=[168](`ct:permit_type` ELEMENT OF {'Non Bouw'})
	AT=[786](`at:phase` ELEMENT OF {'01_HOOFD_7'})
	TT=[2030](`tt:weekday` ELEMENT OF {'Sun'})
-------------------------------------------------------------------------------
Node [3790]: (CT=168, AT=786, TT=2029), containing 213 events.
	CT=[168](`ct:permit_type` ELEMENT OF {'Non Bouw'})
	AT=[786](`at:phase` ELEMENT OF {'01_HOOFD_7'})
	TT=[2029](`tt:weekday` ELEMENT OF {'Mon', 'Thu', 'Tue', 'Wed'})
-------------------------------------------------------------------------------
Node [3791]: (CT=167, AT=786, TT=2030), containing 22 events.
	CT=[167](`ct:permit_type` ELEMENT OF {'Bouw'})
	AT=[786](`at:phase` ELEMENT OF {'01_HOOFD_7'})
	TT=[2030](`tt:weekday` ELEMENT OF {'Sun'})
-------------------------------------------------------------------------------
Node [3792]: (CT=167, AT=786, TT=2029), containing 294 events.
	CT=[167](`ct:permit_type` ELEMENT OF {'Bouw'})
	AT=[786](`at:phase` ELEMENT OF {'01_HOOFD_7'})
	TT=[2029](`tt:weekday` ELEMENT OF {'Mon', 'Thu', 'Tue', 'Wed'})
-------------------------------------------------------------------------------
Node [3793]: (CT=168, AT=1029, TT=2030), containing 388 events.
	CT=[168](`ct:permit_type` ELEMENT OF {'Non Bouw'})
	AT=[1029](`at:phase` ELEMENT OF {'01_HOOFD_8'})
	TT=[2030](`tt:weekday` ELEMENT OF {'Sun'})
-------------------------------------------------------------------------------
Node [3794]: (CT=168, AT=1029, TT=2029), containing 2019 events.
	CT=[168](`ct:permit_type` ELEMENT OF {'Non Bouw'})
	AT=[1029](`at:phase` ELEMENT OF {'01_HOOFD_8'})
	TT=[2029](`tt:weekday` ELEMENT OF {'Mon', 'Thu', 'Tue', 'Wed'})
-------------------------------------------------------------------------------
Node [3795]: (CT=167, AT=1029, TT=2030), containing 547 events.
	CT=[167](`ct:permit_type` ELEMENT OF {'Bouw'})
	AT=[1029](`at:phase` ELEMENT OF {'01_HOOFD_8'})
	TT=[2030](`tt:weekday` ELEMENT OF {'Sun'})
-------------------------------------------------------------------------------
Node [3796]: (CT=167, AT=1029, TT=2029), containing 3669 events.
	CT=[167](`ct:permit_type` ELEMENT OF {'Bouw'})
	AT=[1029](`at:phase` ELEMENT OF {'01_HOOFD_8'})
	TT=[2029](`tt:weekday` ELEMENT OF {'Mon', 'Thu', 'Tue', 'Wed'})
-------------------------------------------------------------------------------
Node [3797]: (CT=168, AT=1336, TT=2030), containing 298 events.
	CT=[168](`ct:permit_type` ELEMENT OF {'Non Bouw'})
	AT=[1336](`at:phase` ELEMENT OF {'01_HOOFD_2'})
	TT=[2030](`tt:weekday` ELEMENT OF {'Sun'})
-------------------------------------------------------------------------------
Node [3798]: (CT=168, AT=1336, TT=2029), containing 4992 events.
	CT=[168](`ct:permit_type` ELEMENT OF {'Non Bouw'})
	AT=[1336](`at:phase` ELEMENT OF {'01_HOOFD_2'})
	TT=[2029](`tt:weekday` ELEMENT OF {'Mon', 'Thu', 'Tue', 'Wed'})
-------------------------------------------------------------------------------
Node [3799]: (CT=167, AT=1336, TT=2030), containing 713 events.
	CT=[167](`ct:permit_type` ELEMENT OF {'Bouw'})
	AT=[1336](`at:phase` ELEMENT OF {'01_HOOFD_2'})
	TT=[2030](`tt:weekday` ELEMENT OF {'Sun'})
-------------------------------------------------------------------------------
Node [3800]: (CT=167, AT=1336, TT=2029), containing 9221 events.
	CT=[167](`ct:permit_type` ELEMENT OF {'Bouw'})
	AT=[1336](`at:phase` ELEMENT OF {'01_HOOFD_2'})
	TT=[2029](`tt:weekday` ELEMENT OF {'Mon', 'Thu', 'Tue', 'Wed'})
-------------------------------------------------------------------------------
Node [3801]: (CT=168, AT=1433, TT=2030), containing 400 events.
	CT=[168](`ct:permit_type` ELEMENT OF {'Non Bouw'})
	AT=[1433](`at:phase` ELEMENT OF {'01_HOOFD_3'})
	TT=[2030](`tt:weekday` ELEMENT OF {'Sun'})
-------------------------------------------------------------------------------
Node [3802]: (CT=168, AT=1433, TT=2029), containing 5303 events.
	CT=[168](`ct:permit_type` ELEMENT OF {'Non Bouw'})
	AT=[1433](`at:phase` ELEMENT OF {'01_HOOFD_3'})
	TT=[2029](`tt:weekday` ELEMENT OF {'Mon', 'Thu', 'Tue', 'Wed'})
-------------------------------------------------------------------------------
Node [3803]: (CT=167, AT=1433, TT=2030), containing 940 events.
	CT=[167](`ct:permit_type` ELEMENT OF {'Bouw'})
	AT=[1433](`at:phase` ELEMENT OF {'01_HOOFD_3'})
	TT=[2030](`tt:weekday` ELEMENT OF {'Sun'})
-------------------------------------------------------------------------------
Node [3804]: (CT=167, AT=1433, TT=2029), containing 9905 events.
	CT=[167](`ct:permit_type` ELEMENT OF {'Bouw'})
	AT=[1433](`at:phase` ELEMENT OF {'01_HOOFD_3'})
	TT=[2029](`tt:weekday` ELEMENT OF {'Mon', 'Thu', 'Tue', 'Wed'})
-------------------------------------------------------------------------------
Node [4217]: (CT=168, AT=1691, TT=2030), containing 671 events.
	CT=[168](`ct:permit_type` ELEMENT OF {'Non Bouw'})
	AT=[1691](`at:phase` ELEMENT OF {'01_HOOFD_1'})
	TT=[2030](`tt:weekday` ELEMENT OF {'Sun'})
-------------------------------------------------------------------------------
Node [4218]: (CT=168, AT=1690, TT=2030), containing 4170 events.
	CT=[168](`ct:permit_type` ELEMENT OF {'Non Bouw'})
	AT=[1690](`at:phase` ELEMENT OF {'01_HOOFD_0', '01_HOOFD_4', '01_HOOFD_5'})
	TT=[2030](`tt:weekday` ELEMENT OF {'Sun'})
-------------------------------------------------------------------------------
Node [4219]: (CT=168, AT=1691, TT=2029), containing 8559 events.
	CT=[168](`ct:permit_type` ELEMENT OF {'Non Bouw'})
	AT=[1691](`at:phase` ELEMENT OF {'01_HOOFD_1'})
	TT=[2029](`tt:weekday` ELEMENT OF {'Mon', 'Thu', 'Tue', 'Wed'})
-------------------------------------------------------------------------------
Node [4220]: (CT=168, AT=1690, TT=2029), containing 36074 events.
	CT=[168](`ct:permit_type` ELEMENT OF {'Non Bouw'})
	AT=[1690](`at:phase` ELEMENT OF {'01_HOOFD_0', '01_HOOFD_4', '01_HOOFD_5'})
	TT=[2029](`tt:weekday` ELEMENT OF {'Mon', 'Thu', 'Tue', 'Wed'})
-------------------------------------------------------------------------------
Node [4221]: (CT=167, AT=1691, TT=2030), containing 1467 events.
	CT=[167](`ct:permit_type` ELEMENT OF {'Bouw'})
	AT=[1691](`at:phase` ELEMENT OF {'01_HOOFD_1'})
	TT=[2030](`tt:weekday` ELEMENT OF {'Sun'})
-------------------------------------------------------------------------------
Node [4222]: (CT=167, AT=1690, TT=2030), containing 7662 events.
	CT=[167](`ct:permit_type` ELEMENT OF {'Bouw'})
	AT=[1690](`at:phase` ELEMENT OF {'01_HOOFD_0', '01_HOOFD_4', '01_HOOFD_5'})
	TT=[2030](`tt:weekday` ELEMENT OF {'Sun'})
-------------------------------------------------------------------------------
Node [4223]: (CT=167, AT=1691, TT=2029), containing 16732 events.
	CT=[167](`ct:permit_type` ELEMENT OF {'Bouw'})
	AT=[1691](`at:phase` ELEMENT OF {'01_HOOFD_1'})
	TT=[2029](`tt:weekday` ELEMENT OF {'Mon', 'Thu', 'Tue', 'Wed'})
-------------------------------------------------------------------------------
Node [4224]: (CT=167, AT=1690, TT=2029), containing 65784 events.
	CT=[167](`ct:permit_type` ELEMENT OF {'Bouw'})
	AT=[1690](`at:phase` ELEMENT OF {'01_HOOFD_0', '01_HOOFD_4', '01_HOOFD_5'})
	TT=[2029](`tt:weekday` ELEMENT OF {'Mon', 'Thu', 'Tue', 'Wed'})

===============================================================================
Step	[11]

-------------------------------------------------------------------------------
Node [3245]: (CT=168, AT=786, TT=1000), containing 15 events.
	CT=[168](`ct:permit_type` ELEMENT OF {'Non Bouw'})
	AT=[786](`at:phase` ELEMENT OF {'01_HOOFD_7'})
	TT=[1000](`tt:weekday` ELEMENT OF {'Fri'})
-------------------------------------------------------------------------------
Node [3246]: (CT=167, AT=786, TT=1000), containing 29 events.
	CT=[167](`ct:permit_type` ELEMENT OF {'Bouw'})
	AT=[786](`at:phase` ELEMENT OF {'01_HOOFD_7'})
	TT=[1000](`tt:weekday` ELEMENT OF {'Fri'})
-------------------------------------------------------------------------------
Node [3249]: (CT=168, AT=1029, TT=1000), containing 86 events.
	CT=[168](`ct:permit_type` ELEMENT OF {'Non Bouw'})
	AT=[1029](`at:phase` ELEMENT OF {'01_HOOFD_8'})
	TT=[1000](`tt:weekday` ELEMENT OF {'Fri'})
-------------------------------------------------------------------------------
Node [3250]: (CT=167, AT=1029, TT=1000), containing 172 events.
	CT=[167](`ct:permit_type` ELEMENT OF {'Bouw'})
	AT=[1029](`at:phase` ELEMENT OF {'01_HOOFD_8'})
	TT=[1000](`tt:weekday` ELEMENT OF {'Fri'})
-------------------------------------------------------------------------------
Node [3253]: (CT=168, AT=1336, TT=1000), containing 463 events.
	CT=[168](`ct:permit_type` ELEMENT OF {'Non Bouw'})
	AT=[1336](`at:phase` ELEMENT OF {'01_HOOFD_2'})
	TT=[1000](`tt:weekday` ELEMENT OF {'Fri'})
-------------------------------------------------------------------------------
Node [3254]: (CT=167, AT=1336, TT=1000), containing 805 events.
	CT=[167](`ct:permit_type` ELEMENT OF {'Bouw'})
	AT=[1336](`at:phase` ELEMENT OF {'01_HOOFD_2'})
	TT=[1000](`tt:weekday` ELEMENT OF {'Fri'})
-------------------------------------------------------------------------------
Node [3261]: (CT=168, AT=1433, TT=1000), containing 488 events.
	CT=[168](`ct:permit_type` ELEMENT OF {'Non Bouw'})
	AT=[1433](`at:phase` ELEMENT OF {'01_HOOFD_3'})
	TT=[1000](`tt:weekday` ELEMENT OF {'Fri'})
-------------------------------------------------------------------------------
Node [3262]: (CT=167, AT=1433, TT=1000), containing 849 events.
	CT=[167](`ct:permit_type` ELEMENT OF {'Bouw'})
	AT=[1433](`at:phase` ELEMENT OF {'01_HOOFD_3'})
	TT=[1000](`tt:weekday` ELEMENT OF {'Fri'})
-------------------------------------------------------------------------------
Node [3788]: (CT=167, AT=203, TT=2029), containing 15 events.
	CT=[167](`ct:permit_type` ELEMENT OF {'Bouw'})
	AT=[203](`at:phase` ELEMENT OF {'01_HOOFD_6'})
	TT=[2029](`tt:weekday` ELEMENT OF {'Mon', 'Thu', 'Tue', 'Wed'})
-------------------------------------------------------------------------------
Node [3789]: (CT=168, AT=786, TT=2030), containing 14 events.
	CT=[168](`ct:permit_type` ELEMENT OF {'Non Bouw'})
	AT=[786](`at:phase` ELEMENT OF {'01_HOOFD_7'})
	TT=[2030](`tt:weekday` ELEMENT OF {'Sun'})
-------------------------------------------------------------------------------
Node [3790]: (CT=168, AT=786, TT=2029), containing 213 events.
	CT=[168](`ct:permit_type` ELEMENT OF {'Non Bouw'})
	AT=[786](`at:phase` ELEMENT OF {'01_HOOFD_7'})
	TT=[2029](`tt:weekday` ELEMENT OF {'Mon', 'Thu', 'Tue', 'Wed'})
-------------------------------------------------------------------------------
Node [3791]: (CT=167, AT=786, TT=2030), containing 22 events.
	CT=[167](`ct:permit_type` ELEMENT OF {'Bouw'})
	AT=[786](`at:phase` ELEMENT OF {'01_HOOFD_7'})
	TT=[2030](`tt:weekday` ELEMENT OF {'Sun'})
-------------------------------------------------------------------------------
Node [3792]: (CT=167, AT=786, TT=2029), containing 294 events.
	CT=[167](`ct:permit_type` ELEMENT OF {'Bouw'})
	AT=[786](`at:phase` ELEMENT OF {'01_HOOFD_7'})
	TT=[2029](`tt:weekday` ELEMENT OF {'Mon', 'Thu', 'Tue', 'Wed'})
-------------------------------------------------------------------------------
Node [3793]: (CT=168, AT=1029, TT=2030), containing 388 events.
	CT=[168](`ct:permit_type` ELEMENT OF {'Non Bouw'})
	AT=[1029](`at:phase` ELEMENT OF {'01_HOOFD_8'})
	TT=[2030](`tt:weekday` ELEMENT OF {'Sun'})
-------------------------------------------------------------------------------
Node [3794]: (CT=168, AT=1029, TT=2029), containing 2019 events.
	CT=[168](`ct:permit_type` ELEMENT OF {'Non Bouw'})
	AT=[1029](`at:phase` ELEMENT OF {'01_HOOFD_8'})
	TT=[2029](`tt:weekday` ELEMENT OF {'Mon', 'Thu', 'Tue', 'Wed'})
-------------------------------------------------------------------------------
Node [3795]: (CT=167, AT=1029, TT=2030), containing 547 events.
	CT=[167](`ct:permit_type` ELEMENT OF {'Bouw'})
	AT=[1029](`at:phase` ELEMENT OF {'01_HOOFD_8'})
	TT=[2030](`tt:weekday` ELEMENT OF {'Sun'})
-------------------------------------------------------------------------------
Node [3796]: (CT=167, AT=1029, TT=2029), containing 3669 events.
	CT=[167](`ct:permit_type` ELEMENT OF {'Bouw'})
	AT=[1029](`at:phase` ELEMENT OF {'01_HOOFD_8'})
	TT=[2029](`tt:weekday` ELEMENT OF {'Mon', 'Thu', 'Tue', 'Wed'})
-------------------------------------------------------------------------------
Node [3797]: (CT=168, AT=1336, TT=2030), containing 298 events.
	CT=[168](`ct:permit_type` ELEMENT OF {'Non Bouw'})
	AT=[1336](`at:phase` ELEMENT OF {'01_HOOFD_2'})
	TT=[2030](`tt:weekday` ELEMENT OF {'Sun'})
-------------------------------------------------------------------------------
Node [3798]: (CT=168, AT=1336, TT=2029), containing 4992 events.
	CT=[168](`ct:permit_type` ELEMENT OF {'Non Bouw'})
	AT=[1336](`at:phase` ELEMENT OF {'01_HOOFD_2'})
	TT=[2029](`tt:weekday` ELEMENT OF {'Mon', 'Thu', 'Tue', 'Wed'})
-------------------------------------------------------------------------------
Node [3799]: (CT=167, AT=1336, TT=2030), containing 713 events.
	CT=[167](`ct:permit_type` ELEMENT OF {'Bouw'})
	AT=[1336](`at:phase` ELEMENT OF {'01_HOOFD_2'})
	TT=[2030](`tt:weekday` ELEMENT OF {'Sun'})
-------------------------------------------------------------------------------
Node [3800]: (CT=167, AT=1336, TT=2029), containing 9221 events.
	CT=[167](`ct:permit_type` ELEMENT OF {'Bouw'})
	AT=[1336](`at:phase` ELEMENT OF {'01_HOOFD_2'})
	TT=[2029](`tt:weekday` ELEMENT OF {'Mon', 'Thu', 'Tue', 'Wed'})
-------------------------------------------------------------------------------
Node [3801]: (CT=168, AT=1433, TT=2030), containing 400 events.
	CT=[168](`ct:permit_type` ELEMENT OF {'Non Bouw'})
	AT=[1433](`at:phase` ELEMENT OF {'01_HOOFD_3'})
	TT=[2030](`tt:weekday` ELEMENT OF {'Sun'})
-------------------------------------------------------------------------------
Node [3802]: (CT=168, AT=1433, TT=2029), containing 5303 events.
	CT=[168](`ct:permit_type` ELEMENT OF {'Non Bouw'})
	AT=[1433](`at:phase` ELEMENT OF {'01_HOOFD_3'})
	TT=[2029](`tt:weekday` ELEMENT OF {'Mon', 'Thu', 'Tue', 'Wed'})
-------------------------------------------------------------------------------
Node [3803]: (CT=167, AT=1433, TT=2030), containing 940 events.
	CT=[167](`ct:permit_type` ELEMENT OF {'Bouw'})
	AT=[1433](`at:phase` ELEMENT OF {'01_HOOFD_3'})
	TT=[2030](`tt:weekday` ELEMENT OF {'Sun'})
-------------------------------------------------------------------------------
Node [3804]: (CT=167, AT=1433, TT=2029), containing 9905 events.
	CT=[167](`ct:permit_type` ELEMENT OF {'Bouw'})
	AT=[1433](`at:phase` ELEMENT OF {'01_HOOFD_3'})
	TT=[2029](`tt:weekday` ELEMENT OF {'Mon', 'Thu', 'Tue', 'Wed'})
-------------------------------------------------------------------------------
Node [4620]: (CT=168, AT=1764, TT=390), containing 56 events.
	CT=[168](`ct:permit_type` ELEMENT OF {'Non Bouw'})
	AT=[1764](`at:phase` ELEMENT OF {'01_HOOFD_0', '01_HOOFD_4'})
	TT=[390](`tt:weekday` ELEMENT OF {'Sat'})
-------------------------------------------------------------------------------
Node [4211]: (CT=167, AT=1691, TT=390), containing 1 events.
	CT=[167](`ct:permit_type` ELEMENT OF {'Bouw'})
	AT=[1691](`at:phase` ELEMENT OF {'01_HOOFD_1'})
	TT=[390](`tt:weekday` ELEMENT OF {'Sat'})
-------------------------------------------------------------------------------
Node [4621]: (CT=167, AT=1765, TT=390), containing 1 events.
	CT=[167](`ct:permit_type` ELEMENT OF {'Bouw'})
	AT=[1765](`at:phase` ELEMENT OF {'01_HOOFD_5'})
	TT=[390](`tt:weekday` ELEMENT OF {'Sat'})
-------------------------------------------------------------------------------
Node [4622]: (CT=167, AT=1764, TT=390), containing 91 events.
	CT=[167](`ct:permit_type` ELEMENT OF {'Bouw'})
	AT=[1764](`at:phase` ELEMENT OF {'01_HOOFD_0', '01_HOOFD_4'})
	TT=[390](`tt:weekday` ELEMENT OF {'Sat'})
-------------------------------------------------------------------------------
Node [4213]: (CT=168, AT=1691, TT=1000), containing 834 events.
	CT=[168](`ct:permit_type` ELEMENT OF {'Non Bouw'})
	AT=[1691](`at:phase` ELEMENT OF {'01_HOOFD_1'})
	TT=[1000](`tt:weekday` ELEMENT OF {'Fri'})
-------------------------------------------------------------------------------
Node [4623]: (CT=168, AT=1765, TT=1000), containing 640 events.
	CT=[168](`ct:permit_type` ELEMENT OF {'Non Bouw'})
	AT=[1765](`at:phase` ELEMENT OF {'01_HOOFD_5'})
	TT=[1000](`tt:weekday` ELEMENT OF {'Fri'})
-------------------------------------------------------------------------------
Node [4624]: (CT=168, AT=1764, TT=1000), containing 2168 events.
	CT=[168](`ct:permit_type` ELEMENT OF {'Non Bouw'})
	AT=[1764](`at:phase` ELEMENT OF {'01_HOOFD_0', '01_HOOFD_4'})
	TT=[1000](`tt:weekday` ELEMENT OF {'Fri'})
-------------------------------------------------------------------------------
Node [4215]: (CT=167, AT=1691, TT=1000), containing 1569 events.
	CT=[167](`ct:permit_type` ELEMENT OF {'Bouw'})
	AT=[1691](`at:phase` ELEMENT OF {'01_HOOFD_1'})
	TT=[1000](`tt:weekday` ELEMENT OF {'Fri'})
-------------------------------------------------------------------------------
Node [4625]: (CT=167, AT=1765, TT=1000), containing 1494 events.
	CT=[167](`ct:permit_type` ELEMENT OF {'Bouw'})
	AT=[1765](`at:phase` ELEMENT OF {'01_HOOFD_5'})
	TT=[1000](`tt:weekday` ELEMENT OF {'Fri'})
-------------------------------------------------------------------------------
Node [4626]: (CT=167, AT=1764, TT=1000), containing 3620 events.
	CT=[167](`ct:permit_type` ELEMENT OF {'Bouw'})
	AT=[1764](`at:phase` ELEMENT OF {'01_HOOFD_0', '01_HOOFD_4'})
	TT=[1000](`tt:weekday` ELEMENT OF {'Fri'})
-------------------------------------------------------------------------------
Node [4217]: (CT=168, AT=1691, TT=2030), containing 671 events.
	CT=[168](`ct:permit_type` ELEMENT OF {'Non Bouw'})
	AT=[1691](`at:phase` ELEMENT OF {'01_HOOFD_1'})
	TT=[2030](`tt:weekday` ELEMENT OF {'Sun'})
-------------------------------------------------------------------------------
Node [4627]: (CT=168, AT=1765, TT=2030), containing 1167 events.
	CT=[168](`ct:permit_type` ELEMENT OF {'Non Bouw'})
	AT=[1765](`at:phase` ELEMENT OF {'01_HOOFD_5'})
	TT=[2030](`tt:weekday` ELEMENT OF {'Sun'})
-------------------------------------------------------------------------------
Node [4628]: (CT=168, AT=1764, TT=2030), containing 3003 events.
	CT=[168](`ct:permit_type` ELEMENT OF {'Non Bouw'})
	AT=[1764](`at:phase` ELEMENT OF {'01_HOOFD_0', '01_HOOFD_4'})
	TT=[2030](`tt:weekday` ELEMENT OF {'Sun'})
-------------------------------------------------------------------------------
Node [4219]: (CT=168, AT=1691, TT=2029), containing 8559 events.
	CT=[168](`ct:permit_type` ELEMENT OF {'Non Bouw'})
	AT=[1691](`at:phase` ELEMENT OF {'01_HOOFD_1'})
	TT=[2029](`tt:weekday` ELEMENT OF {'Mon', 'Thu', 'Tue', 'Wed'})
-------------------------------------------------------------------------------
Node [4629]: (CT=168, AT=1765, TT=2029), containing 8580 events.
	CT=[168](`ct:permit_type` ELEMENT OF {'Non Bouw'})
	AT=[1765](`at:phase` ELEMENT OF {'01_HOOFD_5'})
	TT=[2029](`tt:weekday` ELEMENT OF {'Mon', 'Thu', 'Tue', 'Wed'})
-------------------------------------------------------------------------------
Node [4630]: (CT=168, AT=1764, TT=2029), containing 27494 events.
	CT=[168](`ct:permit_type` ELEMENT OF {'Non Bouw'})
	AT=[1764](`at:phase` ELEMENT OF {'01_HOOFD_0', '01_HOOFD_4'})
	TT=[2029](`tt:weekday` ELEMENT OF {'Mon', 'Thu', 'Tue', 'Wed'})
-------------------------------------------------------------------------------
Node [4221]: (CT=167, AT=1691, TT=2030), containing 1467 events.
	CT=[167](`ct:permit_type` ELEMENT OF {'Bouw'})
	AT=[1691](`at:phase` ELEMENT OF {'01_HOOFD_1'})
	TT=[2030](`tt:weekday` ELEMENT OF {'Sun'})
-------------------------------------------------------------------------------
Node [4631]: (CT=167, AT=1765, TT=2030), containing 1827 events.
	CT=[167](`ct:permit_type` ELEMENT OF {'Bouw'})
	AT=[1765](`at:phase` ELEMENT OF {'01_HOOFD_5'})
	TT=[2030](`tt:weekday` ELEMENT OF {'Sun'})
-------------------------------------------------------------------------------
Node [4632]: (CT=167, AT=1764, TT=2030), containing 5835 events.
	CT=[167](`ct:permit_type` ELEMENT OF {'Bouw'})
	AT=[1764](`at:phase` ELEMENT OF {'01_HOOFD_0', '01_HOOFD_4'})
	TT=[2030](`tt:weekday` ELEMENT OF {'Sun'})
-------------------------------------------------------------------------------
Node [4223]: (CT=167, AT=1691, TT=2029), containing 16732 events.
	CT=[167](`ct:permit_type` ELEMENT OF {'Bouw'})
	AT=[1691](`at:phase` ELEMENT OF {'01_HOOFD_1'})
	TT=[2029](`tt:weekday` ELEMENT OF {'Mon', 'Thu', 'Tue', 'Wed'})
-------------------------------------------------------------------------------
Node [4633]: (CT=167, AT=1765, TT=2029), containing 16138 events.
	CT=[167](`ct:permit_type` ELEMENT OF {'Bouw'})
	AT=[1765](`at:phase` ELEMENT OF {'01_HOOFD_5'})
	TT=[2029](`tt:weekday` ELEMENT OF {'Mon', 'Thu', 'Tue', 'Wed'})
-------------------------------------------------------------------------------
Node [4634]: (CT=167, AT=1764, TT=2029), containing 49646 events.
	CT=[167](`ct:permit_type` ELEMENT OF {'Bouw'})
	AT=[1764](`at:phase` ELEMENT OF {'01_HOOFD_0', '01_HOOFD_4'})
	TT=[2029](`tt:weekday` ELEMENT OF {'Mon', 'Thu', 'Tue', 'Wed'})

===============================================================================
Step	[12]

-------------------------------------------------------------------------------
Node [3245]: (CT=168, AT=786, TT=1000), containing 15 events.
	CT=[168](`ct:permit_type` ELEMENT OF {'Non Bouw'})
	AT=[786](`at:phase` ELEMENT OF {'01_HOOFD_7'})
	TT=[1000](`tt:weekday` ELEMENT OF {'Fri'})
-------------------------------------------------------------------------------
Node [3246]: (CT=167, AT=786, TT=1000), containing 29 events.
	CT=[167](`ct:permit_type` ELEMENT OF {'Bouw'})
	AT=[786](`at:phase` ELEMENT OF {'01_HOOFD_7'})
	TT=[1000](`tt:weekday` ELEMENT OF {'Fri'})
-------------------------------------------------------------------------------
Node [3249]: (CT=168, AT=1029, TT=1000), containing 86 events.
	CT=[168](`ct:permit_type` ELEMENT OF {'Non Bouw'})
	AT=[1029](`at:phase` ELEMENT OF {'01_HOOFD_8'})
	TT=[1000](`tt:weekday` ELEMENT OF {'Fri'})
-------------------------------------------------------------------------------
Node [3250]: (CT=167, AT=1029, TT=1000), containing 172 events.
	CT=[167](`ct:permit_type` ELEMENT OF {'Bouw'})
	AT=[1029](`at:phase` ELEMENT OF {'01_HOOFD_8'})
	TT=[1000](`tt:weekday` ELEMENT OF {'Fri'})
-------------------------------------------------------------------------------
Node [3253]: (CT=168, AT=1336, TT=1000), containing 463 events.
	CT=[168](`ct:permit_type` ELEMENT OF {'Non Bouw'})
	AT=[1336](`at:phase` ELEMENT OF {'01_HOOFD_2'})
	TT=[1000](`tt:weekday` ELEMENT OF {'Fri'})
-------------------------------------------------------------------------------
Node [3254]: (CT=167, AT=1336, TT=1000), containing 805 events.
	CT=[167](`ct:permit_type` ELEMENT OF {'Bouw'})
	AT=[1336](`at:phase` ELEMENT OF {'01_HOOFD_2'})
	TT=[1000](`tt:weekday` ELEMENT OF {'Fri'})
-------------------------------------------------------------------------------
Node [3261]: (CT=168, AT=1433, TT=1000), containing 488 events.
	CT=[168](`ct:permit_type` ELEMENT OF {'Non Bouw'})
	AT=[1433](`at:phase` ELEMENT OF {'01_HOOFD_3'})
	TT=[1000](`tt:weekday` ELEMENT OF {'Fri'})
-------------------------------------------------------------------------------
Node [3262]: (CT=167, AT=1433, TT=1000), containing 849 events.
	CT=[167](`ct:permit_type` ELEMENT OF {'Bouw'})
	AT=[1433](`at:phase` ELEMENT OF {'01_HOOFD_3'})
	TT=[1000](`tt:weekday` ELEMENT OF {'Fri'})
-------------------------------------------------------------------------------
Node [3788]: (CT=167, AT=203, TT=2029), containing 15 events.
	CT=[167](`ct:permit_type` ELEMENT OF {'Bouw'})
	AT=[203](`at:phase` ELEMENT OF {'01_HOOFD_6'})
	TT=[2029](`tt:weekday` ELEMENT OF {'Mon', 'Thu', 'Tue', 'Wed'})
-------------------------------------------------------------------------------
Node [3789]: (CT=168, AT=786, TT=2030), containing 14 events.
	CT=[168](`ct:permit_type` ELEMENT OF {'Non Bouw'})
	AT=[786](`at:phase` ELEMENT OF {'01_HOOFD_7'})
	TT=[2030](`tt:weekday` ELEMENT OF {'Sun'})
-------------------------------------------------------------------------------
Node [3790]: (CT=168, AT=786, TT=2029), containing 213 events.
	CT=[168](`ct:permit_type` ELEMENT OF {'Non Bouw'})
	AT=[786](`at:phase` ELEMENT OF {'01_HOOFD_7'})
	TT=[2029](`tt:weekday` ELEMENT OF {'Mon', 'Thu', 'Tue', 'Wed'})
-------------------------------------------------------------------------------
Node [3791]: (CT=167, AT=786, TT=2030), containing 22 events.
	CT=[167](`ct:permit_type` ELEMENT OF {'Bouw'})
	AT=[786](`at:phase` ELEMENT OF {'01_HOOFD_7'})
	TT=[2030](`tt:weekday` ELEMENT OF {'Sun'})
-------------------------------------------------------------------------------
Node [3792]: (CT=167, AT=786, TT=2029), containing 294 events.
	CT=[167](`ct:permit_type` ELEMENT OF {'Bouw'})
	AT=[786](`at:phase` ELEMENT OF {'01_HOOFD_7'})
	TT=[2029](`tt:weekday` ELEMENT OF {'Mon', 'Thu', 'Tue', 'Wed'})
-------------------------------------------------------------------------------
Node [3793]: (CT=168, AT=1029, TT=2030), containing 388 events.
	CT=[168](`ct:permit_type` ELEMENT OF {'Non Bouw'})
	AT=[1029](`at:phase` ELEMENT OF {'01_HOOFD_8'})
	TT=[2030](`tt:weekday` ELEMENT OF {'Sun'})
-------------------------------------------------------------------------------
Node [3794]: (CT=168, AT=1029, TT=2029), containing 2019 events.
	CT=[168](`ct:permit_type` ELEMENT OF {'Non Bouw'})
	AT=[1029](`at:phase` ELEMENT OF {'01_HOOFD_8'})
	TT=[2029](`tt:weekday` ELEMENT OF {'Mon', 'Thu', 'Tue', 'Wed'})
-------------------------------------------------------------------------------
Node [3795]: (CT=167, AT=1029, TT=2030), containing 547 events.
	CT=[167](`ct:permit_type` ELEMENT OF {'Bouw'})
	AT=[1029](`at:phase` ELEMENT OF {'01_HOOFD_8'})
	TT=[2030](`tt:weekday` ELEMENT OF {'Sun'})
-------------------------------------------------------------------------------
Node [3796]: (CT=167, AT=1029, TT=2029), containing 3669 events.
	CT=[167](`ct:permit_type` ELEMENT OF {'Bouw'})
	AT=[1029](`at:phase` ELEMENT OF {'01_HOOFD_8'})
	TT=[2029](`tt:weekday` ELEMENT OF {'Mon', 'Thu', 'Tue', 'Wed'})
-------------------------------------------------------------------------------
Node [3797]: (CT=168, AT=1336, TT=2030), containing 298 events.
	CT=[168](`ct:permit_type` ELEMENT OF {'Non Bouw'})
	AT=[1336](`at:phase` ELEMENT OF {'01_HOOFD_2'})
	TT=[2030](`tt:weekday` ELEMENT OF {'Sun'})
-------------------------------------------------------------------------------
Node [3798]: (CT=168, AT=1336, TT=2029), containing 4992 events.
	CT=[168](`ct:permit_type` ELEMENT OF {'Non Bouw'})
	AT=[1336](`at:phase` ELEMENT OF {'01_HOOFD_2'})
	TT=[2029](`tt:weekday` ELEMENT OF {'Mon', 'Thu', 'Tue', 'Wed'})
-------------------------------------------------------------------------------
Node [3799]: (CT=167, AT=1336, TT=2030), containing 713 events.
	CT=[167](`ct:permit_type` ELEMENT OF {'Bouw'})
	AT=[1336](`at:phase` ELEMENT OF {'01_HOOFD_2'})
	TT=[2030](`tt:weekday` ELEMENT OF {'Sun'})
-------------------------------------------------------------------------------
Node [3800]: (CT=167, AT=1336, TT=2029), containing 9221 events.
	CT=[167](`ct:permit_type` ELEMENT OF {'Bouw'})
	AT=[1336](`at:phase` ELEMENT OF {'01_HOOFD_2'})
	TT=[2029](`tt:weekday` ELEMENT OF {'Mon', 'Thu', 'Tue', 'Wed'})
-------------------------------------------------------------------------------
Node [3801]: (CT=168, AT=1433, TT=2030), containing 400 events.
	CT=[168](`ct:permit_type` ELEMENT OF {'Non Bouw'})
	AT=[1433](`at:phase` ELEMENT OF {'01_HOOFD_3'})
	TT=[2030](`tt:weekday` ELEMENT OF {'Sun'})
-------------------------------------------------------------------------------
Node [3802]: (CT=168, AT=1433, TT=2029), containing 5303 events.
	CT=[168](`ct:permit_type` ELEMENT OF {'Non Bouw'})
	AT=[1433](`at:phase` ELEMENT OF {'01_HOOFD_3'})
	TT=[2029](`tt:weekday` ELEMENT OF {'Mon', 'Thu', 'Tue', 'Wed'})
-------------------------------------------------------------------------------
Node [3803]: (CT=167, AT=1433, TT=2030), containing 940 events.
	CT=[167](`ct:permit_type` ELEMENT OF {'Bouw'})
	AT=[1433](`at:phase` ELEMENT OF {'01_HOOFD_3'})
	TT=[2030](`tt:weekday` ELEMENT OF {'Sun'})
-------------------------------------------------------------------------------
Node [3804]: (CT=167, AT=1433, TT=2029), containing 9905 events.
	CT=[167](`ct:permit_type` ELEMENT OF {'Bouw'})
	AT=[1433](`at:phase` ELEMENT OF {'01_HOOFD_3'})
	TT=[2029](`tt:weekday` ELEMENT OF {'Mon', 'Thu', 'Tue', 'Wed'})
-------------------------------------------------------------------------------
Node [4211]: (CT=167, AT=1691, TT=390), containing 1 events.
	CT=[167](`ct:permit_type` ELEMENT OF {'Bouw'})
	AT=[1691](`at:phase` ELEMENT OF {'01_HOOFD_1'})
	TT=[390](`tt:weekday` ELEMENT OF {'Sat'})
-------------------------------------------------------------------------------
Node [4213]: (CT=168, AT=1691, TT=1000), containing 834 events.
	CT=[168](`ct:permit_type` ELEMENT OF {'Non Bouw'})
	AT=[1691](`at:phase` ELEMENT OF {'01_HOOFD_1'})
	TT=[1000](`tt:weekday` ELEMENT OF {'Fri'})
-------------------------------------------------------------------------------
Node [4215]: (CT=167, AT=1691, TT=1000), containing 1569 events.
	CT=[167](`ct:permit_type` ELEMENT OF {'Bouw'})
	AT=[1691](`at:phase` ELEMENT OF {'01_HOOFD_1'})
	TT=[1000](`tt:weekday` ELEMENT OF {'Fri'})
-------------------------------------------------------------------------------
Node [4217]: (CT=168, AT=1691, TT=2030), containing 671 events.
	CT=[168](`ct:permit_type` ELEMENT OF {'Non Bouw'})
	AT=[1691](`at:phase` ELEMENT OF {'01_HOOFD_1'})
	TT=[2030](`tt:weekday` ELEMENT OF {'Sun'})
-------------------------------------------------------------------------------
Node [4219]: (CT=168, AT=1691, TT=2029), containing 8559 events.
	CT=[168](`ct:permit_type` ELEMENT OF {'Non Bouw'})
	AT=[1691](`at:phase` ELEMENT OF {'01_HOOFD_1'})
	TT=[2029](`tt:weekday` ELEMENT OF {'Mon', 'Thu', 'Tue', 'Wed'})
-------------------------------------------------------------------------------
Node [4221]: (CT=167, AT=1691, TT=2030), containing 1467 events.
	CT=[167](`ct:permit_type` ELEMENT OF {'Bouw'})
	AT=[1691](`at:phase` ELEMENT OF {'01_HOOFD_1'})
	TT=[2030](`tt:weekday` ELEMENT OF {'Sun'})
-------------------------------------------------------------------------------
Node [4223]: (CT=167, AT=1691, TT=2029), containing 16732 events.
	CT=[167](`ct:permit_type` ELEMENT OF {'Bouw'})
	AT=[1691](`at:phase` ELEMENT OF {'01_HOOFD_1'})
	TT=[2029](`tt:weekday` ELEMENT OF {'Mon', 'Thu', 'Tue', 'Wed'})
-------------------------------------------------------------------------------
Node [5053]: (CT=168, AT=1807, TT=390), containing 56 events.
	CT=[168](`ct:permit_type` ELEMENT OF {'Non Bouw'})
	AT=[1807](`at:phase` ELEMENT OF {'01_HOOFD_0'})
	TT=[390](`tt:weekday` ELEMENT OF {'Sat'})
-------------------------------------------------------------------------------
Node [4621]: (CT=167, AT=1765, TT=390), containing 1 events.
	CT=[167](`ct:permit_type` ELEMENT OF {'Bouw'})
	AT=[1765](`at:phase` ELEMENT OF {'01_HOOFD_5'})
	TT=[390](`tt:weekday` ELEMENT OF {'Sat'})
-------------------------------------------------------------------------------
Node [5054]: (CT=167, AT=1807, TT=390), containing 91 events.
	CT=[167](`ct:permit_type` ELEMENT OF {'Bouw'})
	AT=[1807](`at:phase` ELEMENT OF {'01_HOOFD_0'})
	TT=[390](`tt:weekday` ELEMENT OF {'Sat'})
-------------------------------------------------------------------------------
Node [4623]: (CT=168, AT=1765, TT=1000), containing 640 events.
	CT=[168](`ct:permit_type` ELEMENT OF {'Non Bouw'})
	AT=[1765](`at:phase` ELEMENT OF {'01_HOOFD_5'})
	TT=[1000](`tt:weekday` ELEMENT OF {'Fri'})
-------------------------------------------------------------------------------
Node [5055]: (CT=168, AT=1809, TT=1000), containing 962 events.
	CT=[168](`ct:permit_type` ELEMENT OF {'Non Bouw'})
	AT=[1809](`at:phase` ELEMENT OF {'01_HOOFD_4'})
	TT=[1000](`tt:weekday` ELEMENT OF {'Fri'})
-------------------------------------------------------------------------------
Node [5056]: (CT=168, AT=1807, TT=1000), containing 1206 events.
	CT=[168](`ct:permit_type` ELEMENT OF {'Non Bouw'})
	AT=[1807](`at:phase` ELEMENT OF {'01_HOOFD_0'})
	TT=[1000](`tt:weekday` ELEMENT OF {'Fri'})
-------------------------------------------------------------------------------
Node [4625]: (CT=167, AT=1765, TT=1000), containing 1494 events.
	CT=[167](`ct:permit_type` ELEMENT OF {'Bouw'})
	AT=[1765](`at:phase` ELEMENT OF {'01_HOOFD_5'})
	TT=[1000](`tt:weekday` ELEMENT OF {'Fri'})
-------------------------------------------------------------------------------
Node [5057]: (CT=167, AT=1809, TT=1000), containing 1614 events.
	CT=[167](`ct:permit_type` ELEMENT OF {'Bouw'})
	AT=[1809](`at:phase` ELEMENT OF {'01_HOOFD_4'})
	TT=[1000](`tt:weekday` ELEMENT OF {'Fri'})
-------------------------------------------------------------------------------
Node [5058]: (CT=167, AT=1807, TT=1000), containing 2006 events.
	CT=[167](`ct:permit_type` ELEMENT OF {'Bouw'})
	AT=[1807](`at:phase` ELEMENT OF {'01_HOOFD_0'})
	TT=[1000](`tt:weekday` ELEMENT OF {'Fri'})
-------------------------------------------------------------------------------
Node [4627]: (CT=168, AT=1765, TT=2030), containing 1167 events.
	CT=[168](`ct:permit_type` ELEMENT OF {'Non Bouw'})
	AT=[1765](`at:phase` ELEMENT OF {'01_HOOFD_5'})
	TT=[2030](`tt:weekday` ELEMENT OF {'Sun'})
-------------------------------------------------------------------------------
Node [5059]: (CT=168, AT=1809, TT=2030), containing 1466 events.
	CT=[168](`ct:permit_type` ELEMENT OF {'Non Bouw'})
	AT=[1809](`at:phase` ELEMENT OF {'01_HOOFD_4'})
	TT=[2030](`tt:weekday` ELEMENT OF {'Sun'})
-------------------------------------------------------------------------------
Node [5060]: (CT=168, AT=1807, TT=2030), containing 1537 events.
	CT=[168](`ct:permit_type` ELEMENT OF {'Non Bouw'})
	AT=[1807](`at:phase` ELEMENT OF {'01_HOOFD_0'})
	TT=[2030](`tt:weekday` ELEMENT OF {'Sun'})
-------------------------------------------------------------------------------
Node [4629]: (CT=168, AT=1765, TT=2029), containing 8580 events.
	CT=[168](`ct:permit_type` ELEMENT OF {'Non Bouw'})
	AT=[1765](`at:phase` ELEMENT OF {'01_HOOFD_5'})
	TT=[2029](`tt:weekday` ELEMENT OF {'Mon', 'Thu', 'Tue', 'Wed'})
-------------------------------------------------------------------------------
Node [5061]: (CT=168, AT=1809, TT=2029), containing 12876 events.
	CT=[168](`ct:permit_type` ELEMENT OF {'Non Bouw'})
	AT=[1809](`at:phase` ELEMENT OF {'01_HOOFD_4'})
	TT=[2029](`tt:weekday` ELEMENT OF {'Mon', 'Thu', 'Tue', 'Wed'})
-------------------------------------------------------------------------------
Node [5062]: (CT=168, AT=1807, TT=2029), containing 14618 events.
	CT=[168](`ct:permit_type` ELEMENT OF {'Non Bouw'})
	AT=[1807](`at:phase` ELEMENT OF {'01_HOOFD_0'})
	TT=[2029](`tt:weekday` ELEMENT OF {'Mon', 'Thu', 'Tue', 'Wed'})
-------------------------------------------------------------------------------
Node [4631]: (CT=167, AT=1765, TT=2030), containing 1827 events.
	CT=[167](`ct:permit_type` ELEMENT OF {'Bouw'})
	AT=[1765](`at:phase` ELEMENT OF {'01_HOOFD_5'})
	TT=[2030](`tt:weekday` ELEMENT OF {'Sun'})
-------------------------------------------------------------------------------
Node [5063]: (CT=167, AT=1809, TT=2030), containing 2751 events.
	CT=[167](`ct:permit_type` ELEMENT OF {'Bouw'})
	AT=[1809](`at:phase` ELEMENT OF {'01_HOOFD_4'})
	TT=[2030](`tt:weekday` ELEMENT OF {'Sun'})
-------------------------------------------------------------------------------
Node [5064]: (CT=167, AT=1807, TT=2030), containing 3084 events.
	CT=[167](`ct:permit_type` ELEMENT OF {'Bouw'})
	AT=[1807](`at:phase` ELEMENT OF {'01_HOOFD_0'})
	TT=[2030](`tt:weekday` ELEMENT OF {'Sun'})
-------------------------------------------------------------------------------
Node [4633]: (CT=167, AT=1765, TT=2029), containing 16138 events.
	CT=[167](`ct:permit_type` ELEMENT OF {'Bouw'})
	AT=[1765](`at:phase` ELEMENT OF {'01_HOOFD_5'})
	TT=[2029](`tt:weekday` ELEMENT OF {'Mon', 'Thu', 'Tue', 'Wed'})
-------------------------------------------------------------------------------
Node [5065]: (CT=167, AT=1809, TT=2029), containing 23159 events.
	CT=[167](`ct:permit_type` ELEMENT OF {'Bouw'})
	AT=[1809](`at:phase` ELEMENT OF {'01_HOOFD_4'})
	TT=[2029](`tt:weekday` ELEMENT OF {'Mon', 'Thu', 'Tue', 'Wed'})
-------------------------------------------------------------------------------
Node [5066]: (CT=167, AT=1807, TT=2029), containing 26487 events.
	CT=[167](`ct:permit_type` ELEMENT OF {'Bouw'})
	AT=[1807](`at:phase` ELEMENT OF {'01_HOOFD_0'})
	TT=[2029](`tt:weekday` ELEMENT OF {'Mon', 'Thu', 'Tue', 'Wed'})
