
===============================================================================
Step	[1]

-------------------------------------------------------------------------------
Node [339]: (CT=0, AT=203, TT=0), containing 15 events.
	CT=[0]T(NULL)
	AT=[203](`at:phase` ELEMENT OF {'01_HOOFD_6'})
	TT=[0]T(NULL)
-------------------------------------------------------------------------------
Node [340]: (CT=0, AT=204, TT=0), containing 193438 events.
	CT=[0]T(NULL)
	AT=[204](`at:phase` ELEMENT OF {'01_HOOFD_0', '01_HOOFD_1', '01_HOOFD_2', '01_HOOFD_3', '01_HOOFD_4', '01_HOOFD_5', '01_HOOFD_7', '01_HOOFD_8'})
	TT=[0]T(NULL)

===============================================================================
Step	[2]

-------------------------------------------------------------------------------
Node [809]: (CT=0, AT=203, TT=393), containing 15 events.
	CT=[0]T(NULL)
	AT=[203](`at:phase` ELEMENT OF {'01_HOOFD_6'})
	TT=[393](`tt:weekday` ELEMENT OF {'Fri', 'Mon', 'Sat', 'Thu', 'Tue', 'Wed'})
-------------------------------------------------------------------------------
Node [810]: (CT=0, AT=204, TT=394), containing 149 events.
	CT=[0]T(NULL)
	AT=[204](`at:phase` ELEMENT OF {'01_HOOFD_0', '01_HOOFD_1', '01_HOOFD_2', '01_HOOFD_3', '01_HOOFD_4', '01_HOOFD_5', '01_HOOFD_7', '01_HOOFD_8'})
	TT=[394](`tt:weekday` ELEMENT OF {'Sun'})
-------------------------------------------------------------------------------
Node [811]: (CT=0, AT=204, TT=393), containing 193289 events.
	CT=[0]T(NULL)
	AT=[204](`at:phase` ELEMENT OF {'01_HOOFD_0', '01_HOOFD_1', '01_HOOFD_2', '01_HOOFD_3', '01_HOOFD_4', '01_HOOFD_5', '01_HOOFD_7', '01_HOOFD_8'})
	TT=[393](`tt:weekday` ELEMENT OF {'Fri', 'Mon', 'Sat', 'Thu', 'Tue', 'Wed'})

===============================================================================
Step	[3]

-------------------------------------------------------------------------------
Node [809]: (CT=0, AT=203, TT=393), containing 15 events.
	CT=[0]T(NULL)
	AT=[203](`at:phase` ELEMENT OF {'01_HOOFD_6'})
	TT=[393](`tt:weekday` ELEMENT OF {'Fri', 'Mon', 'Sat', 'Thu', 'Tue', 'Wed'})
-------------------------------------------------------------------------------
Node [1338]: (CT=0, AT=787, TT=394), containing 149 events.
	CT=[0]T(NULL)
	AT=[787](`at:phase` ELEMENT OF {'01_HOOFD_0', '01_HOOFD_1', '01_HOOFD_2', '01_HOOFD_3', '01_HOOFD_4', '01_HOOFD_5', '01_HOOFD_8'})
	TT=[394](`tt:weekday` ELEMENT OF {'Sun'})
-------------------------------------------------------------------------------
Node [1339]: (CT=0, AT=788, TT=393), containing 587 events.
	CT=[0]T(NULL)
	AT=[788](`at:phase` ELEMENT OF {'01_HOOFD_7'})
	TT=[393](`tt:weekday` ELEMENT OF {'Fri', 'Mon', 'Sat', 'Thu', 'Tue', 'Wed'})
-------------------------------------------------------------------------------
Node [1340]: (CT=0, AT=787, TT=393), containing 192702 events.
	CT=[0]T(NULL)
	AT=[787](`at:phase` ELEMENT OF {'01_HOOFD_0', '01_HOOFD_1', '01_HOOFD_2', '01_HOOFD_3', '01_HOOFD_4', '01_HOOFD_5', '01_HOOFD_8'})
	TT=[393](`tt:weekday` ELEMENT OF {'Fri', 'Mon', 'Sat', 'Thu', 'Tue', 'Wed'})

===============================================================================
Step	[4]

-------------------------------------------------------------------------------
Node [1799]: (CT=0, AT=203, TT=736), containing 15 events.
	CT=[0]T(NULL)
	AT=[203](`at:phase` ELEMENT OF {'01_HOOFD_6'})
	TT=[736](`tt:weekday` ELEMENT OF {'Fri', 'Mon', 'Thu', 'Tue', 'Wed'})
-------------------------------------------------------------------------------
Node [1338]: (CT=0, AT=787, TT=394), containing 149 events.
	CT=[0]T(NULL)
	AT=[787](`at:phase` ELEMENT OF {'01_HOOFD_0', '01_HOOFD_1', '01_HOOFD_2', '01_HOOFD_3', '01_HOOFD_4', '01_HOOFD_5', '01_HOOFD_8'})
	TT=[394](`tt:weekday` ELEMENT OF {'Sun'})
-------------------------------------------------------------------------------
Node [1800]: (CT=0, AT=788, TT=737), containing 2 events.
	CT=[0]T(NULL)
	AT=[788](`at:phase` ELEMENT OF {'01_HOOFD_7'})
	TT=[737](`tt:weekday` ELEMENT OF {'Sat'})
-------------------------------------------------------------------------------
Node [1801]: (CT=0, AT=788, TT=736), containing 585 events.
	CT=[0]T(NULL)
	AT=[788](`at:phase` ELEMENT OF {'01_HOOFD_7'})
	TT=[736](`tt:weekday` ELEMENT OF {'Fri', 'Mon', 'Thu', 'Tue', 'Wed'})
-------------------------------------------------------------------------------
Node [1802]: (CT=0, AT=787, TT=737), containing 878 events.
	CT=[0]T(NULL)
	AT=[787](`at:phase` ELEMENT OF {'01_HOOFD_0', '01_HOOFD_1', '01_HOOFD_2', '01_HOOFD_3', '01_HOOFD_4', '01_HOOFD_5', '01_HOOFD_8'})
	TT=[737](`tt:weekday` ELEMENT OF {'Sat'})
-------------------------------------------------------------------------------
Node [1803]: (CT=0, AT=787, TT=736), containing 191824 events.
	CT=[0]T(NULL)
	AT=[787](`at:phase` ELEMENT OF {'01_HOOFD_0', '01_HOOFD_1', '01_HOOFD_2', '01_HOOFD_3', '01_HOOFD_4', '01_HOOFD_5', '01_HOOFD_8'})
	TT=[736](`tt:weekday` ELEMENT OF {'Fri', 'Mon', 'Thu', 'Tue', 'Wed'})

===============================================================================
Step	[5]

-------------------------------------------------------------------------------
Node [2306]: (CT=0, AT=1398, TT=394), containing 149 events.
	CT=[0]T(NULL)
	AT=[1398](`at:phase` ELEMENT OF {'01_HOOFD_0', '01_HOOFD_1', '01_HOOFD_2', '01_HOOFD_3', '01_HOOFD_4', '01_HOOFD_5'})
	TT=[394](`tt:weekday` ELEMENT OF {'Sun'})
-------------------------------------------------------------------------------
Node [1799]: (CT=0, AT=203, TT=736), containing 15 events.
	CT=[0]T(NULL)
	AT=[203](`at:phase` ELEMENT OF {'01_HOOFD_6'})
	TT=[736](`tt:weekday` ELEMENT OF {'Fri', 'Mon', 'Thu', 'Tue', 'Wed'})
-------------------------------------------------------------------------------
Node [1800]: (CT=0, AT=788, TT=737), containing 2 events.
	CT=[0]T(NULL)
	AT=[788](`at:phase` ELEMENT OF {'01_HOOFD_7'})
	TT=[737](`tt:weekday` ELEMENT OF {'Sat'})
-------------------------------------------------------------------------------
Node [1801]: (CT=0, AT=788, TT=736), containing 585 events.
	CT=[0]T(NULL)
	AT=[788](`at:phase` ELEMENT OF {'01_HOOFD_7'})
	TT=[736](`tt:weekday` ELEMENT OF {'Fri', 'Mon', 'Thu', 'Tue', 'Wed'})
-------------------------------------------------------------------------------
Node [2307]: (CT=0, AT=1399, TT=737), containing 10 events.
	CT=[0]T(NULL)
	AT=[1399](`at:phase` ELEMENT OF {'01_HOOFD_8'})
	TT=[737](`tt:weekday` ELEMENT OF {'Sat'})
-------------------------------------------------------------------------------
Node [2308]: (CT=0, AT=1398, TT=737), containing 868 events.
	CT=[0]T(NULL)
	AT=[1398](`at:phase` ELEMENT OF {'01_HOOFD_0', '01_HOOFD_1', '01_HOOFD_2', '01_HOOFD_3', '01_HOOFD_4', '01_HOOFD_5'})
	TT=[737](`tt:weekday` ELEMENT OF {'Sat'})
-------------------------------------------------------------------------------
Node [2309]: (CT=0, AT=1399, TT=736), containing 6871 events.
	CT=[0]T(NULL)
	AT=[1399](`at:phase` ELEMENT OF {'01_HOOFD_8'})
	TT=[736](`tt:weekday` ELEMENT OF {'Fri', 'Mon', 'Thu', 'Tue', 'Wed'})
-------------------------------------------------------------------------------
Node [2310]: (CT=0, AT=1398, TT=736), containing 184953 events.
	CT=[0]T(NULL)
	AT=[1398](`at:phase` ELEMENT OF {'01_HOOFD_0', '01_HOOFD_1', '01_HOOFD_2', '01_HOOFD_3', '01_HOOFD_4', '01_HOOFD_5'})
	TT=[736](`tt:weekday` ELEMENT OF {'Fri', 'Mon', 'Thu', 'Tue', 'Wed'})

===============================================================================
Step	[6]

-------------------------------------------------------------------------------
Node [1799]: (CT=0, AT=203, TT=736), containing 15 events.
	CT=[0]T(NULL)
	AT=[203](`at:phase` ELEMENT OF {'01_HOOFD_6'})
	TT=[736](`tt:weekday` ELEMENT OF {'Fri', 'Mon', 'Thu', 'Tue', 'Wed'})
-------------------------------------------------------------------------------
Node [1800]: (CT=0, AT=788, TT=737), containing 2 events.
	CT=[0]T(NULL)
	AT=[788](`at:phase` ELEMENT OF {'01_HOOFD_7'})
	TT=[737](`tt:weekday` ELEMENT OF {'Sat'})
-------------------------------------------------------------------------------
Node [1801]: (CT=0, AT=788, TT=736), containing 585 events.
	CT=[0]T(NULL)
	AT=[788](`at:phase` ELEMENT OF {'01_HOOFD_7'})
	TT=[736](`tt:weekday` ELEMENT OF {'Fri', 'Mon', 'Thu', 'Tue', 'Wed'})
-------------------------------------------------------------------------------
Node [2675]: (CT=0, AT=1587, TT=394), containing 149 events.
	CT=[0]T(NULL)
	AT=[1587](`at:phase` ELEMENT OF {'01_HOOFD_0', '01_HOOFD_1', '01_HOOFD_3', '01_HOOFD_4', '01_HOOFD_5'})
	TT=[394](`tt:weekday` ELEMENT OF {'Sun'})
-------------------------------------------------------------------------------
Node [2307]: (CT=0, AT=1399, TT=737), containing 10 events.
	CT=[0]T(NULL)
	AT=[1399](`at:phase` ELEMENT OF {'01_HOOFD_8'})
	TT=[737](`tt:weekday` ELEMENT OF {'Sat'})
-------------------------------------------------------------------------------
Node [2676]: (CT=0, AT=1588, TT=737), containing 41 events.
	CT=[0]T(NULL)
	AT=[1588](`at:phase` ELEMENT OF {'01_HOOFD_2'})
	TT=[737](`tt:weekday` ELEMENT OF {'Sat'})
-------------------------------------------------------------------------------
Node [2677]: (CT=0, AT=1587, TT=737), containing 827 events.
	CT=[0]T(NULL)
	AT=[1587](`at:phase` ELEMENT OF {'01_HOOFD_0', '01_HOOFD_1', '01_HOOFD_3', '01_HOOFD_4', '01_HOOFD_5'})
	TT=[737](`tt:weekday` ELEMENT OF {'Sat'})
-------------------------------------------------------------------------------
Node [2309]: (CT=0, AT=1399, TT=736), containing 6871 events.
	CT=[0]T(NULL)
	AT=[1399](`at:phase` ELEMENT OF {'01_HOOFD_8'})
	TT=[736](`tt:weekday` ELEMENT OF {'Fri', 'Mon', 'Thu', 'Tue', 'Wed'})
-------------------------------------------------------------------------------
Node [2678]: (CT=0, AT=1588, TT=736), containing 16451 events.
	CT=[0]T(NULL)
	AT=[1588](`at:phase` ELEMENT OF {'01_HOOFD_2'})
	TT=[736](`tt:weekday` ELEMENT OF {'Fri', 'Mon', 'Thu', 'Tue', 'Wed'})
-------------------------------------------------------------------------------
Node [2679]: (CT=0, AT=1587, TT=736), containing 168502 events.
	CT=[0]T(NULL)
	AT=[1587](`at:phase` ELEMENT OF {'01_HOOFD_0', '01_HOOFD_1', '01_HOOFD_3', '01_HOOFD_4', '01_HOOFD_5'})
	TT=[736](`tt:weekday` ELEMENT OF {'Fri', 'Mon', 'Thu', 'Tue', 'Wed'})

===============================================================================
Step	[7]

-------------------------------------------------------------------------------
Node [1799]: (CT=0, AT=203, TT=736), containing 15 events.
	CT=[0]T(NULL)
	AT=[203](`at:phase` ELEMENT OF {'01_HOOFD_6'})
	TT=[736](`tt:weekday` ELEMENT OF {'Fri', 'Mon', 'Thu', 'Tue', 'Wed'})
-------------------------------------------------------------------------------
Node [1800]: (CT=0, AT=788, TT=737), containing 2 events.
	CT=[0]T(NULL)
	AT=[788](`at:phase` ELEMENT OF {'01_HOOFD_7'})
	TT=[737](`tt:weekday` ELEMENT OF {'Sat'})
-------------------------------------------------------------------------------
Node [1801]: (CT=0, AT=788, TT=736), containing 585 events.
	CT=[0]T(NULL)
	AT=[788](`at:phase` ELEMENT OF {'01_HOOFD_7'})
	TT=[736](`tt:weekday` ELEMENT OF {'Fri', 'Mon', 'Thu', 'Tue', 'Wed'})
-------------------------------------------------------------------------------
Node [2307]: (CT=0, AT=1399, TT=737), containing 10 events.
	CT=[0]T(NULL)
	AT=[1399](`at:phase` ELEMENT OF {'01_HOOFD_8'})
	TT=[737](`tt:weekday` ELEMENT OF {'Sat'})
-------------------------------------------------------------------------------
Node [2309]: (CT=0, AT=1399, TT=736), containing 6871 events.
	CT=[0]T(NULL)
	AT=[1399](`at:phase` ELEMENT OF {'01_HOOFD_8'})
	TT=[736](`tt:weekday` ELEMENT OF {'Fri', 'Mon', 'Thu', 'Tue', 'Wed'})
-------------------------------------------------------------------------------
Node [2998]: (CT=0, AT=1684, TT=394), containing 149 events.
	CT=[0]T(NULL)
	AT=[1684](`at:phase` ELEMENT OF {'01_HOOFD_0', '01_HOOFD_1', '01_HOOFD_4', '01_HOOFD_5'})
	TT=[394](`tt:weekday` ELEMENT OF {'Sun'})
-------------------------------------------------------------------------------
Node [2676]: (CT=0, AT=1588, TT=737), containing 41 events.
	CT=[0]T(NULL)
	AT=[1588](`at:phase` ELEMENT OF {'01_HOOFD_2'})
	TT=[737](`tt:weekday` ELEMENT OF {'Sat'})
-------------------------------------------------------------------------------
Node [2999]: (CT=0, AT=1685, TT=737), containing 49 events.
	CT=[0]T(NULL)
	AT=[1685](`at:phase` ELEMENT OF {'01_HOOFD_3'})
	TT=[737](`tt:weekday` ELEMENT OF {'Sat'})
-------------------------------------------------------------------------------
Node [3000]: (CT=0, AT=1684, TT=737), containing 778 events.
	CT=[0]T(NULL)
	AT=[1684](`at:phase` ELEMENT OF {'01_HOOFD_0', '01_HOOFD_1', '01_HOOFD_4', '01_HOOFD_5'})
	TT=[737](`tt:weekday` ELEMENT OF {'Sat'})
-------------------------------------------------------------------------------
Node [2678]: (CT=0, AT=1588, TT=736), containing 16451 events.
	CT=[0]T(NULL)
	AT=[1588](`at:phase` ELEMENT OF {'01_HOOFD_2'})
	TT=[736](`tt:weekday` ELEMENT OF {'Fri', 'Mon', 'Thu', 'Tue', 'Wed'})
-------------------------------------------------------------------------------
Node [3001]: (CT=0, AT=1685, TT=736), containing 17836 events.
	CT=[0]T(NULL)
	AT=[1685](`at:phase` ELEMENT OF {'01_HOOFD_3'})
	TT=[736](`tt:weekday` ELEMENT OF {'Fri', 'Mon', 'Thu', 'Tue', 'Wed'})
-------------------------------------------------------------------------------
Node [3002]: (CT=0, AT=1684, TT=736), containing 150666 events.
	CT=[0]T(NULL)
	AT=[1684](`at:phase` ELEMENT OF {'01_HOOFD_0', '01_HOOFD_1', '01_HOOFD_4', '01_HOOFD_5'})
	TT=[736](`tt:weekday` ELEMENT OF {'Fri', 'Mon', 'Thu', 'Tue', 'Wed'})
