
===============================================================================
Step	[1]

-------------------------------------------------------------------------------
Node [339]: (CT=0, AT=0, TT=133), containing 149 events.
	CT=[0]T(NULL)
	AT=[0]T(NULL)
	TT=[133](`tt:weekday` ELEMENT OF {'Sat'})
-------------------------------------------------------------------------------
Node [340]: (CT=0, AT=0, TT=134), containing 193304 events.
	CT=[0]T(NULL)
	AT=[0]T(NULL)
	TT=[134](`tt:weekday` ELEMENT OF {'Fri', 'Mon', 'Sun', 'Thu', 'Tue', 'Wed'})

===============================================================================
Step	[2]

-------------------------------------------------------------------------------
Node [796]: (CT=0, AT=580, TT=133), containing 149 events.
	CT=[0]T(NULL)
	AT=[580](`at:phase` ELEMENT OF {'01_HOOFD_0', '01_HOOFD_1', '01_HOOFD_2', '01_HOOFD_3', '01_HOOFD_4', '01_HOOFD_5', '01_HOOFD_7'})
	TT=[133](`tt:weekday` ELEMENT OF {'Sat'})
-------------------------------------------------------------------------------
Node [797]: (CT=0, AT=581, TT=134), containing 6896 events.
	CT=[0]T(NULL)
	AT=[581](`at:phase` ELEMENT OF {'01_HOOFD_6', '01_HOOFD_8'})
	TT=[134](`tt:weekday` ELEMENT OF {'Fri', 'Mon', 'Sun', 'Thu', 'Tue', 'Wed'})
-------------------------------------------------------------------------------
Node [798]: (CT=0, AT=580, TT=134), containing 186408 events.
	CT=[0]T(NULL)
	AT=[580](`at:phase` ELEMENT OF {'01_HOOFD_0', '01_HOOFD_1', '01_HOOFD_2', '01_HOOFD_3', '01_HOOFD_4', '01_HOOFD_5', '01_HOOFD_7'})
	TT=[134](`tt:weekday` ELEMENT OF {'Fri', 'Mon', 'Sun', 'Thu', 'Tue', 'Wed'})

===============================================================================
Step	[3]

-------------------------------------------------------------------------------
Node [796]: (CT=0, AT=580, TT=133), containing 149 events.
	CT=[0]T(NULL)
	AT=[580](`at:phase` ELEMENT OF {'01_HOOFD_0', '01_HOOFD_1', '01_HOOFD_2', '01_HOOFD_3', '01_HOOFD_4', '01_HOOFD_5', '01_HOOFD_7'})
	TT=[133](`tt:weekday` ELEMENT OF {'Sat'})
-------------------------------------------------------------------------------
Node [1193]: (CT=0, AT=827, TT=134), containing 6881 events.
	CT=[0]T(NULL)
	AT=[827](`at:phase` ELEMENT OF {'01_HOOFD_8'})
	TT=[134](`tt:weekday` ELEMENT OF {'Fri', 'Mon', 'Sun', 'Thu', 'Tue', 'Wed'})
-------------------------------------------------------------------------------
Node [1194]: (CT=0, AT=828, TT=134), containing 15 events.
	CT=[0]T(NULL)
	AT=[828](`at:phase` ELEMENT OF {'01_HOOFD_6'})
	TT=[134](`tt:weekday` ELEMENT OF {'Fri', 'Mon', 'Sun', 'Thu', 'Tue', 'Wed'})
-------------------------------------------------------------------------------
Node [798]: (CT=0, AT=580, TT=134), containing 186408 events.
	CT=[0]T(NULL)
	AT=[580](`at:phase` ELEMENT OF {'01_HOOFD_0', '01_HOOFD_1', '01_HOOFD_2', '01_HOOFD_3', '01_HOOFD_4', '01_HOOFD_5', '01_HOOFD_7'})
	TT=[134](`tt:weekday` ELEMENT OF {'Fri', 'Mon', 'Sun', 'Thu', 'Tue', 'Wed'})

===============================================================================
Step	[4]

-------------------------------------------------------------------------------
Node [1651]: (CT=0, AT=1069, TT=133), containing 149 events.
	CT=[0]T(NULL)
	AT=[1069](`at:phase` ELEMENT OF {'01_HOOFD_0', '01_HOOFD_1', '01_HOOFD_2', '01_HOOFD_3', '01_HOOFD_4', '01_HOOFD_5'})
	TT=[133](`tt:weekday` ELEMENT OF {'Sat'})
-------------------------------------------------------------------------------
Node [1652]: (CT=0, AT=1070, TT=134), containing 587 events.
	CT=[0]T(NULL)
	AT=[1070](`at:phase` ELEMENT OF {'01_HOOFD_7'})
	TT=[134](`tt:weekday` ELEMENT OF {'Fri', 'Mon', 'Sun', 'Thu', 'Tue', 'Wed'})
-------------------------------------------------------------------------------
Node [1653]: (CT=0, AT=1069, TT=134), containing 185821 events.
	CT=[0]T(NULL)
	AT=[1069](`at:phase` ELEMENT OF {'01_HOOFD_0', '01_HOOFD_1', '01_HOOFD_2', '01_HOOFD_3', '01_HOOFD_4', '01_HOOFD_5'})
	TT=[134](`tt:weekday` ELEMENT OF {'Fri', 'Mon', 'Sun', 'Thu', 'Tue', 'Wed'})
-------------------------------------------------------------------------------
Node [1193]: (CT=0, AT=827, TT=134), containing 6881 events.
	CT=[0]T(NULL)
	AT=[827](`at:phase` ELEMENT OF {'01_HOOFD_8'})
	TT=[134](`tt:weekday` ELEMENT OF {'Fri', 'Mon', 'Sun', 'Thu', 'Tue', 'Wed'})
-------------------------------------------------------------------------------
Node [1194]: (CT=0, AT=828, TT=134), containing 15 events.
	CT=[0]T(NULL)
	AT=[828](`at:phase` ELEMENT OF {'01_HOOFD_6'})
	TT=[134](`tt:weekday` ELEMENT OF {'Fri', 'Mon', 'Sun', 'Thu', 'Tue', 'Wed'})

===============================================================================
Step	[5]

-------------------------------------------------------------------------------
Node [2062]: (CT=0, AT=827, TT=815), containing 6623 events.
	CT=[0]T(NULL)
	AT=[827](`at:phase` ELEMENT OF {'01_HOOFD_8'})
	TT=[815](`tt:weekday` ELEMENT OF {'Mon', 'Sun', 'Thu', 'Tue', 'Wed'})
-------------------------------------------------------------------------------
Node [2063]: (CT=0, AT=827, TT=816), containing 258 events.
	CT=[0]T(NULL)
	AT=[827](`at:phase` ELEMENT OF {'01_HOOFD_8'})
	TT=[816](`tt:weekday` ELEMENT OF {'Fri'})
-------------------------------------------------------------------------------
Node [2064]: (CT=0, AT=828, TT=815), containing 15 events.
	CT=[0]T(NULL)
	AT=[828](`at:phase` ELEMENT OF {'01_HOOFD_6'})
	TT=[815](`tt:weekday` ELEMENT OF {'Mon', 'Sun', 'Thu', 'Tue', 'Wed'})
-------------------------------------------------------------------------------
Node [1651]: (CT=0, AT=1069, TT=133), containing 149 events.
	CT=[0]T(NULL)
	AT=[1069](`at:phase` ELEMENT OF {'01_HOOFD_0', '01_HOOFD_1', '01_HOOFD_2', '01_HOOFD_3', '01_HOOFD_4', '01_HOOFD_5'})
	TT=[133](`tt:weekday` ELEMENT OF {'Sat'})
-------------------------------------------------------------------------------
Node [2065]: (CT=0, AT=1070, TT=815), containing 543 events.
	CT=[0]T(NULL)
	AT=[1070](`at:phase` ELEMENT OF {'01_HOOFD_7'})
	TT=[815](`tt:weekday` ELEMENT OF {'Mon', 'Sun', 'Thu', 'Tue', 'Wed'})
-------------------------------------------------------------------------------
Node [2066]: (CT=0, AT=1070, TT=816), containing 44 events.
	CT=[0]T(NULL)
	AT=[1070](`at:phase` ELEMENT OF {'01_HOOFD_7'})
	TT=[816](`tt:weekday` ELEMENT OF {'Fri'})
-------------------------------------------------------------------------------
Node [2067]: (CT=0, AT=1069, TT=815), containing 172891 events.
	CT=[0]T(NULL)
	AT=[1069](`at:phase` ELEMENT OF {'01_HOOFD_0', '01_HOOFD_1', '01_HOOFD_2', '01_HOOFD_3', '01_HOOFD_4', '01_HOOFD_5'})
	TT=[815](`tt:weekday` ELEMENT OF {'Mon', 'Sun', 'Thu', 'Tue', 'Wed'})
-------------------------------------------------------------------------------
Node [2068]: (CT=0, AT=1069, TT=816), containing 12930 events.
	CT=[0]T(NULL)
	AT=[1069](`at:phase` ELEMENT OF {'01_HOOFD_0', '01_HOOFD_1', '01_HOOFD_2', '01_HOOFD_3', '01_HOOFD_4', '01_HOOFD_5'})
	TT=[816](`tt:weekday` ELEMENT OF {'Fri'})

===============================================================================
Step	[6]

-------------------------------------------------------------------------------
Node [2439]: (CT=0, AT=1376, TT=133), containing 149 events.
	CT=[0]T(NULL)
	AT=[1376](`at:phase` ELEMENT OF {'01_HOOFD_0', '01_HOOFD_1', '01_HOOFD_3', '01_HOOFD_4', '01_HOOFD_5'})
	TT=[133](`tt:weekday` ELEMENT OF {'Sat'})
-------------------------------------------------------------------------------
Node [2062]: (CT=0, AT=827, TT=815), containing 6623 events.
	CT=[0]T(NULL)
	AT=[827](`at:phase` ELEMENT OF {'01_HOOFD_8'})
	TT=[815](`tt:weekday` ELEMENT OF {'Mon', 'Sun', 'Thu', 'Tue', 'Wed'})
-------------------------------------------------------------------------------
Node [2063]: (CT=0, AT=827, TT=816), containing 258 events.
	CT=[0]T(NULL)
	AT=[827](`at:phase` ELEMENT OF {'01_HOOFD_8'})
	TT=[816](`tt:weekday` ELEMENT OF {'Fri'})
-------------------------------------------------------------------------------
Node [2064]: (CT=0, AT=828, TT=815), containing 15 events.
	CT=[0]T(NULL)
	AT=[828](`at:phase` ELEMENT OF {'01_HOOFD_6'})
	TT=[815](`tt:weekday` ELEMENT OF {'Mon', 'Sun', 'Thu', 'Tue', 'Wed'})
-------------------------------------------------------------------------------
Node [2065]: (CT=0, AT=1070, TT=815), containing 543 events.
	CT=[0]T(NULL)
	AT=[1070](`at:phase` ELEMENT OF {'01_HOOFD_7'})
	TT=[815](`tt:weekday` ELEMENT OF {'Mon', 'Sun', 'Thu', 'Tue', 'Wed'})
-------------------------------------------------------------------------------
Node [2066]: (CT=0, AT=1070, TT=816), containing 44 events.
	CT=[0]T(NULL)
	AT=[1070](`at:phase` ELEMENT OF {'01_HOOFD_7'})
	TT=[816](`tt:weekday` ELEMENT OF {'Fri'})
-------------------------------------------------------------------------------
Node [2440]: (CT=0, AT=1377, TT=815), containing 15224 events.
	CT=[0]T(NULL)
	AT=[1377](`at:phase` ELEMENT OF {'01_HOOFD_2'})
	TT=[815](`tt:weekday` ELEMENT OF {'Mon', 'Sun', 'Thu', 'Tue', 'Wed'})
-------------------------------------------------------------------------------
Node [2441]: (CT=0, AT=1376, TT=815), containing 157667 events.
	CT=[0]T(NULL)
	AT=[1376](`at:phase` ELEMENT OF {'01_HOOFD_0', '01_HOOFD_1', '01_HOOFD_3', '01_HOOFD_4', '01_HOOFD_5'})
	TT=[815](`tt:weekday` ELEMENT OF {'Mon', 'Sun', 'Thu', 'Tue', 'Wed'})
-------------------------------------------------------------------------------
Node [2442]: (CT=0, AT=1377, TT=816), containing 1268 events.
	CT=[0]T(NULL)
	AT=[1377](`at:phase` ELEMENT OF {'01_HOOFD_2'})
	TT=[816](`tt:weekday` ELEMENT OF {'Fri'})
-------------------------------------------------------------------------------
Node [2443]: (CT=0, AT=1376, TT=816), containing 11662 events.
	CT=[0]T(NULL)
	AT=[1376](`at:phase` ELEMENT OF {'01_HOOFD_0', '01_HOOFD_1', '01_HOOFD_3', '01_HOOFD_4', '01_HOOFD_5'})
	TT=[816](`tt:weekday` ELEMENT OF {'Fri'})

===============================================================================
Step	[7]

-------------------------------------------------------------------------------
Node [2062]: (CT=0, AT=827, TT=815), containing 6623 events.
	CT=[0]T(NULL)
	AT=[827](`at:phase` ELEMENT OF {'01_HOOFD_8'})
	TT=[815](`tt:weekday` ELEMENT OF {'Mon', 'Sun', 'Thu', 'Tue', 'Wed'})
-------------------------------------------------------------------------------
Node [2063]: (CT=0, AT=827, TT=816), containing 258 events.
	CT=[0]T(NULL)
	AT=[827](`at:phase` ELEMENT OF {'01_HOOFD_8'})
	TT=[816](`tt:weekday` ELEMENT OF {'Fri'})
-------------------------------------------------------------------------------
Node [2064]: (CT=0, AT=828, TT=815), containing 15 events.
	CT=[0]T(NULL)
	AT=[828](`at:phase` ELEMENT OF {'01_HOOFD_6'})
	TT=[815](`tt:weekday` ELEMENT OF {'Mon', 'Sun', 'Thu', 'Tue', 'Wed'})
-------------------------------------------------------------------------------
Node [2065]: (CT=0, AT=1070, TT=815), containing 543 events.
	CT=[0]T(NULL)
	AT=[1070](`at:phase` ELEMENT OF {'01_HOOFD_7'})
	TT=[815](`tt:weekday` ELEMENT OF {'Mon', 'Sun', 'Thu', 'Tue', 'Wed'})
-------------------------------------------------------------------------------
Node [2066]: (CT=0, AT=1070, TT=816), containing 44 events.
	CT=[0]T(NULL)
	AT=[1070](`at:phase` ELEMENT OF {'01_HOOFD_7'})
	TT=[816](`tt:weekday` ELEMENT OF {'Fri'})
-------------------------------------------------------------------------------
Node [2770]: (CT=0, AT=1473, TT=133), containing 149 events.
	CT=[0]T(NULL)
	AT=[1473](`at:phase` ELEMENT OF {'01_HOOFD_0', '01_HOOFD_1', '01_HOOFD_4', '01_HOOFD_5'})
	TT=[133](`tt:weekday` ELEMENT OF {'Sat'})
-------------------------------------------------------------------------------
Node [2440]: (CT=0, AT=1377, TT=815), containing 15224 events.
	CT=[0]T(NULL)
	AT=[1377](`at:phase` ELEMENT OF {'01_HOOFD_2'})
	TT=[815](`tt:weekday` ELEMENT OF {'Mon', 'Sun', 'Thu', 'Tue', 'Wed'})
-------------------------------------------------------------------------------
Node [2771]: (CT=0, AT=1474, TT=815), containing 16548 events.
	CT=[0]T(NULL)
	AT=[1474](`at:phase` ELEMENT OF {'01_HOOFD_3'})
	TT=[815](`tt:weekday` ELEMENT OF {'Mon', 'Sun', 'Thu', 'Tue', 'Wed'})
-------------------------------------------------------------------------------
Node [2772]: (CT=0, AT=1473, TT=815), containing 141119 events.
	CT=[0]T(NULL)
	AT=[1473](`at:phase` ELEMENT OF {'01_HOOFD_0', '01_HOOFD_1', '01_HOOFD_4', '01_HOOFD_5'})
	TT=[815](`tt:weekday` ELEMENT OF {'Mon', 'Sun', 'Thu', 'Tue', 'Wed'})
-------------------------------------------------------------------------------
Node [2442]: (CT=0, AT=1377, TT=816), containing 1268 events.
	CT=[0]T(NULL)
	AT=[1377](`at:phase` ELEMENT OF {'01_HOOFD_2'})
	TT=[816](`tt:weekday` ELEMENT OF {'Fri'})
-------------------------------------------------------------------------------
Node [2773]: (CT=0, AT=1474, TT=816), containing 1337 events.
	CT=[0]T(NULL)
	AT=[1474](`at:phase` ELEMENT OF {'01_HOOFD_3'})
	TT=[816](`tt:weekday` ELEMENT OF {'Fri'})
-------------------------------------------------------------------------------
Node [2774]: (CT=0, AT=1473, TT=816), containing 10325 events.
	CT=[0]T(NULL)
	AT=[1473](`at:phase` ELEMENT OF {'01_HOOFD_0', '01_HOOFD_1', '01_HOOFD_4', '01_HOOFD_5'})
	TT=[816](`tt:weekday` ELEMENT OF {'Fri'})

===============================================================================
Step	[8]

-------------------------------------------------------------------------------
Node [3104]: (CT=171, AT=827, TT=815), containing 2407 events.
	CT=[171](`ct:permit_type` ELEMENT OF {'Non Bouw'})
	AT=[827](`at:phase` ELEMENT OF {'01_HOOFD_8'})
	TT=[815](`tt:weekday` ELEMENT OF {'Mon', 'Sun', 'Thu', 'Tue', 'Wed'})
-------------------------------------------------------------------------------
Node [3105]: (CT=172, AT=827, TT=815), containing 4216 events.
	CT=[172](`ct:permit_type` ELEMENT OF {'Bouw'})
	AT=[827](`at:phase` ELEMENT OF {'01_HOOFD_8'})
	TT=[815](`tt:weekday` ELEMENT OF {'Mon', 'Sun', 'Thu', 'Tue', 'Wed'})
-------------------------------------------------------------------------------
Node [3106]: (CT=171, AT=827, TT=816), containing 86 events.
	CT=[171](`ct:permit_type` ELEMENT OF {'Non Bouw'})
	AT=[827](`at:phase` ELEMENT OF {'01_HOOFD_8'})
	TT=[816](`tt:weekday` ELEMENT OF {'Fri'})
-------------------------------------------------------------------------------
Node [3107]: (CT=172, AT=827, TT=816), containing 172 events.
	CT=[172](`ct:permit_type` ELEMENT OF {'Bouw'})
	AT=[827](`at:phase` ELEMENT OF {'01_HOOFD_8'})
	TT=[816](`tt:weekday` ELEMENT OF {'Fri'})
-------------------------------------------------------------------------------
Node [3108]: (CT=172, AT=828, TT=815), containing 15 events.
	CT=[172](`ct:permit_type` ELEMENT OF {'Bouw'})
	AT=[828](`at:phase` ELEMENT OF {'01_HOOFD_6'})
	TT=[815](`tt:weekday` ELEMENT OF {'Mon', 'Sun', 'Thu', 'Tue', 'Wed'})
-------------------------------------------------------------------------------
Node [3109]: (CT=171, AT=1070, TT=815), containing 227 events.
	CT=[171](`ct:permit_type` ELEMENT OF {'Non Bouw'})
	AT=[1070](`at:phase` ELEMENT OF {'01_HOOFD_7'})
	TT=[815](`tt:weekday` ELEMENT OF {'Mon', 'Sun', 'Thu', 'Tue', 'Wed'})
-------------------------------------------------------------------------------
Node [3110]: (CT=172, AT=1070, TT=815), containing 316 events.
	CT=[172](`ct:permit_type` ELEMENT OF {'Bouw'})
	AT=[1070](`at:phase` ELEMENT OF {'01_HOOFD_7'})
	TT=[815](`tt:weekday` ELEMENT OF {'Mon', 'Sun', 'Thu', 'Tue', 'Wed'})
-------------------------------------------------------------------------------
Node [3111]: (CT=171, AT=1070, TT=816), containing 15 events.
	CT=[171](`ct:permit_type` ELEMENT OF {'Non Bouw'})
	AT=[1070](`at:phase` ELEMENT OF {'01_HOOFD_7'})
	TT=[816](`tt:weekday` ELEMENT OF {'Fri'})
-------------------------------------------------------------------------------
Node [3112]: (CT=172, AT=1070, TT=816), containing 29 events.
	CT=[172](`ct:permit_type` ELEMENT OF {'Bouw'})
	AT=[1070](`at:phase` ELEMENT OF {'01_HOOFD_7'})
	TT=[816](`tt:weekday` ELEMENT OF {'Fri'})
-------------------------------------------------------------------------------
Node [3113]: (CT=171, AT=1377, TT=815), containing 5290 events.
	CT=[171](`ct:permit_type` ELEMENT OF {'Non Bouw'})
	AT=[1377](`at:phase` ELEMENT OF {'01_HOOFD_2'})
	TT=[815](`tt:weekday` ELEMENT OF {'Mon', 'Sun', 'Thu', 'Tue', 'Wed'})
-------------------------------------------------------------------------------
Node [3114]: (CT=172, AT=1377, TT=815), containing 9934 events.
	CT=[172](`ct:permit_type` ELEMENT OF {'Bouw'})
	AT=[1377](`at:phase` ELEMENT OF {'01_HOOFD_2'})
	TT=[815](`tt:weekday` ELEMENT OF {'Mon', 'Sun', 'Thu', 'Tue', 'Wed'})
-------------------------------------------------------------------------------
Node [3115]: (CT=171, AT=1377, TT=816), containing 463 events.
	CT=[171](`ct:permit_type` ELEMENT OF {'Non Bouw'})
	AT=[1377](`at:phase` ELEMENT OF {'01_HOOFD_2'})
	TT=[816](`tt:weekday` ELEMENT OF {'Fri'})
-------------------------------------------------------------------------------
Node [3116]: (CT=172, AT=1377, TT=816), containing 805 events.
	CT=[172](`ct:permit_type` ELEMENT OF {'Bouw'})
	AT=[1377](`at:phase` ELEMENT OF {'01_HOOFD_2'})
	TT=[816](`tt:weekday` ELEMENT OF {'Fri'})
-------------------------------------------------------------------------------
Node [3117]: (CT=171, AT=1473, TT=133), containing 56 events.
	CT=[171](`ct:permit_type` ELEMENT OF {'Non Bouw'})
	AT=[1473](`at:phase` ELEMENT OF {'01_HOOFD_0', '01_HOOFD_1', '01_HOOFD_4', '01_HOOFD_5'})
	TT=[133](`tt:weekday` ELEMENT OF {'Sat'})
-------------------------------------------------------------------------------
Node [3118]: (CT=172, AT=1473, TT=133), containing 93 events.
	CT=[172](`ct:permit_type` ELEMENT OF {'Bouw'})
	AT=[1473](`at:phase` ELEMENT OF {'01_HOOFD_0', '01_HOOFD_1', '01_HOOFD_4', '01_HOOFD_5'})
	TT=[133](`tt:weekday` ELEMENT OF {'Sat'})
-------------------------------------------------------------------------------
Node [3119]: (CT=171, AT=1474, TT=815), containing 5703 events.
	CT=[171](`ct:permit_type` ELEMENT OF {'Non Bouw'})
	AT=[1474](`at:phase` ELEMENT OF {'01_HOOFD_3'})
	TT=[815](`tt:weekday` ELEMENT OF {'Mon', 'Sun', 'Thu', 'Tue', 'Wed'})
-------------------------------------------------------------------------------
Node [3120]: (CT=172, AT=1474, TT=815), containing 10845 events.
	CT=[172](`ct:permit_type` ELEMENT OF {'Bouw'})
	AT=[1474](`at:phase` ELEMENT OF {'01_HOOFD_3'})
	TT=[815](`tt:weekday` ELEMENT OF {'Mon', 'Sun', 'Thu', 'Tue', 'Wed'})
-------------------------------------------------------------------------------
Node [3121]: (CT=171, AT=1473, TT=815), containing 49474 events.
	CT=[171](`ct:permit_type` ELEMENT OF {'Non Bouw'})
	AT=[1473](`at:phase` ELEMENT OF {'01_HOOFD_0', '01_HOOFD_1', '01_HOOFD_4', '01_HOOFD_5'})
	TT=[815](`tt:weekday` ELEMENT OF {'Mon', 'Sun', 'Thu', 'Tue', 'Wed'})
-------------------------------------------------------------------------------
Node [3122]: (CT=172, AT=1473, TT=815), containing 91645 events.
	CT=[172](`ct:permit_type` ELEMENT OF {'Bouw'})
	AT=[1473](`at:phase` ELEMENT OF {'01_HOOFD_0', '01_HOOFD_1', '01_HOOFD_4', '01_HOOFD_5'})
	TT=[815](`tt:weekday` ELEMENT OF {'Mon', 'Sun', 'Thu', 'Tue', 'Wed'})
-------------------------------------------------------------------------------
Node [3123]: (CT=171, AT=1474, TT=816), containing 488 events.
	CT=[171](`ct:permit_type` ELEMENT OF {'Non Bouw'})
	AT=[1474](`at:phase` ELEMENT OF {'01_HOOFD_3'})
	TT=[816](`tt:weekday` ELEMENT OF {'Fri'})
-------------------------------------------------------------------------------
Node [3124]: (CT=172, AT=1474, TT=816), containing 849 events.
	CT=[172](`ct:permit_type` ELEMENT OF {'Bouw'})
	AT=[1474](`at:phase` ELEMENT OF {'01_HOOFD_3'})
	TT=[816](`tt:weekday` ELEMENT OF {'Fri'})
-------------------------------------------------------------------------------
Node [3125]: (CT=171, AT=1473, TT=816), containing 3642 events.
	CT=[171](`ct:permit_type` ELEMENT OF {'Non Bouw'})
	AT=[1473](`at:phase` ELEMENT OF {'01_HOOFD_0', '01_HOOFD_1', '01_HOOFD_4', '01_HOOFD_5'})
	TT=[816](`tt:weekday` ELEMENT OF {'Fri'})
-------------------------------------------------------------------------------
Node [3126]: (CT=172, AT=1473, TT=816), containing 6683 events.
	CT=[172](`ct:permit_type` ELEMENT OF {'Bouw'})
	AT=[1473](`at:phase` ELEMENT OF {'01_HOOFD_0', '01_HOOFD_1', '01_HOOFD_4', '01_HOOFD_5'})
	TT=[816](`tt:weekday` ELEMENT OF {'Fri'})

===============================================================================
Step	[9]

-------------------------------------------------------------------------------
Node [3650]: (CT=171, AT=827, TT=1846), containing 388 events.
	CT=[171](`ct:permit_type` ELEMENT OF {'Non Bouw'})
	AT=[827](`at:phase` ELEMENT OF {'01_HOOFD_8'})
	TT=[1846](`tt:weekday` ELEMENT OF {'Sun'})
-------------------------------------------------------------------------------
Node [3651]: (CT=171, AT=827, TT=1847), containing 2019 events.
	CT=[171](`ct:permit_type` ELEMENT OF {'Non Bouw'})
	AT=[827](`at:phase` ELEMENT OF {'01_HOOFD_8'})
	TT=[1847](`tt:weekday` ELEMENT OF {'Mon', 'Thu', 'Tue', 'Wed'})
-------------------------------------------------------------------------------
Node [3652]: (CT=172, AT=827, TT=1846), containing 547 events.
	CT=[172](`ct:permit_type` ELEMENT OF {'Bouw'})
	AT=[827](`at:phase` ELEMENT OF {'01_HOOFD_8'})
	TT=[1846](`tt:weekday` ELEMENT OF {'Sun'})
-------------------------------------------------------------------------------
Node [3653]: (CT=172, AT=827, TT=1847), containing 3669 events.
	CT=[172](`ct:permit_type` ELEMENT OF {'Bouw'})
	AT=[827](`at:phase` ELEMENT OF {'01_HOOFD_8'})
	TT=[1847](`tt:weekday` ELEMENT OF {'Mon', 'Thu', 'Tue', 'Wed'})
-------------------------------------------------------------------------------
Node [3106]: (CT=171, AT=827, TT=816), containing 86 events.
	CT=[171](`ct:permit_type` ELEMENT OF {'Non Bouw'})
	AT=[827](`at:phase` ELEMENT OF {'01_HOOFD_8'})
	TT=[816](`tt:weekday` ELEMENT OF {'Fri'})
-------------------------------------------------------------------------------
Node [3107]: (CT=172, AT=827, TT=816), containing 172 events.
	CT=[172](`ct:permit_type` ELEMENT OF {'Bouw'})
	AT=[827](`at:phase` ELEMENT OF {'01_HOOFD_8'})
	TT=[816](`tt:weekday` ELEMENT OF {'Fri'})
-------------------------------------------------------------------------------
Node [3654]: (CT=172, AT=828, TT=1847), containing 15 events.
	CT=[172](`ct:permit_type` ELEMENT OF {'Bouw'})
	AT=[828](`at:phase` ELEMENT OF {'01_HOOFD_6'})
	TT=[1847](`tt:weekday` ELEMENT OF {'Mon', 'Thu', 'Tue', 'Wed'})
-------------------------------------------------------------------------------
Node [3655]: (CT=171, AT=1070, TT=1846), containing 14 events.
	CT=[171](`ct:permit_type` ELEMENT OF {'Non Bouw'})
	AT=[1070](`at:phase` ELEMENT OF {'01_HOOFD_7'})
	TT=[1846](`tt:weekday` ELEMENT OF {'Sun'})
-------------------------------------------------------------------------------
Node [3656]: (CT=171, AT=1070, TT=1847), containing 213 events.
	CT=[171](`ct:permit_type` ELEMENT OF {'Non Bouw'})
	AT=[1070](`at:phase` ELEMENT OF {'01_HOOFD_7'})
	TT=[1847](`tt:weekday` ELEMENT OF {'Mon', 'Thu', 'Tue', 'Wed'})
-------------------------------------------------------------------------------
Node [3657]: (CT=172, AT=1070, TT=1846), containing 22 events.
	CT=[172](`ct:permit_type` ELEMENT OF {'Bouw'})
	AT=[1070](`at:phase` ELEMENT OF {'01_HOOFD_7'})
	TT=[1846](`tt:weekday` ELEMENT OF {'Sun'})
-------------------------------------------------------------------------------
Node [3658]: (CT=172, AT=1070, TT=1847), containing 294 events.
	CT=[172](`ct:permit_type` ELEMENT OF {'Bouw'})
	AT=[1070](`at:phase` ELEMENT OF {'01_HOOFD_7'})
	TT=[1847](`tt:weekday` ELEMENT OF {'Mon', 'Thu', 'Tue', 'Wed'})
-------------------------------------------------------------------------------
Node [3111]: (CT=171, AT=1070, TT=816), containing 15 events.
	CT=[171](`ct:permit_type` ELEMENT OF {'Non Bouw'})
	AT=[1070](`at:phase` ELEMENT OF {'01_HOOFD_7'})
	TT=[816](`tt:weekday` ELEMENT OF {'Fri'})
-------------------------------------------------------------------------------
Node [3112]: (CT=172, AT=1070, TT=816), containing 29 events.
	CT=[172](`ct:permit_type` ELEMENT OF {'Bouw'})
	AT=[1070](`at:phase` ELEMENT OF {'01_HOOFD_7'})
	TT=[816](`tt:weekday` ELEMENT OF {'Fri'})
-------------------------------------------------------------------------------
Node [3659]: (CT=171, AT=1377, TT=1846), containing 298 events.
	CT=[171](`ct:permit_type` ELEMENT OF {'Non Bouw'})
	AT=[1377](`at:phase` ELEMENT OF {'01_HOOFD_2'})
	TT=[1846](`tt:weekday` ELEMENT OF {'Sun'})
-------------------------------------------------------------------------------
Node [3660]: (CT=171, AT=1377, TT=1847), containing 4992 events.
	CT=[171](`ct:permit_type` ELEMENT OF {'Non Bouw'})
	AT=[1377](`at:phase` ELEMENT OF {'01_HOOFD_2'})
	TT=[1847](`tt:weekday` ELEMENT OF {'Mon', 'Thu', 'Tue', 'Wed'})
-------------------------------------------------------------------------------
Node [3661]: (CT=172, AT=1377, TT=1846), containing 713 events.
	CT=[172](`ct:permit_type` ELEMENT OF {'Bouw'})
	AT=[1377](`at:phase` ELEMENT OF {'01_HOOFD_2'})
	TT=[1846](`tt:weekday` ELEMENT OF {'Sun'})
-------------------------------------------------------------------------------
Node [3662]: (CT=172, AT=1377, TT=1847), containing 9221 events.
	CT=[172](`ct:permit_type` ELEMENT OF {'Bouw'})
	AT=[1377](`at:phase` ELEMENT OF {'01_HOOFD_2'})
	TT=[1847](`tt:weekday` ELEMENT OF {'Mon', 'Thu', 'Tue', 'Wed'})
-------------------------------------------------------------------------------
Node [3115]: (CT=171, AT=1377, TT=816), containing 463 events.
	CT=[171](`ct:permit_type` ELEMENT OF {'Non Bouw'})
	AT=[1377](`at:phase` ELEMENT OF {'01_HOOFD_2'})
	TT=[816](`tt:weekday` ELEMENT OF {'Fri'})
-------------------------------------------------------------------------------
Node [3116]: (CT=172, AT=1377, TT=816), containing 805 events.
	CT=[172](`ct:permit_type` ELEMENT OF {'Bouw'})
	AT=[1377](`at:phase` ELEMENT OF {'01_HOOFD_2'})
	TT=[816](`tt:weekday` ELEMENT OF {'Fri'})
-------------------------------------------------------------------------------
Node [3117]: (CT=171, AT=1473, TT=133), containing 56 events.
	CT=[171](`ct:permit_type` ELEMENT OF {'Non Bouw'})
	AT=[1473](`at:phase` ELEMENT OF {'01_HOOFD_0', '01_HOOFD_1', '01_HOOFD_4', '01_HOOFD_5'})
	TT=[133](`tt:weekday` ELEMENT OF {'Sat'})
-------------------------------------------------------------------------------
Node [3118]: (CT=172, AT=1473, TT=133), containing 93 events.
	CT=[172](`ct:permit_type` ELEMENT OF {'Bouw'})
	AT=[1473](`at:phase` ELEMENT OF {'01_HOOFD_0', '01_HOOFD_1', '01_HOOFD_4', '01_HOOFD_5'})
	TT=[133](`tt:weekday` ELEMENT OF {'Sat'})
-------------------------------------------------------------------------------
Node [3663]: (CT=171, AT=1474, TT=1846), containing 400 events.
	CT=[171](`ct:permit_type` ELEMENT OF {'Non Bouw'})
	AT=[1474](`at:phase` ELEMENT OF {'01_HOOFD_3'})
	TT=[1846](`tt:weekday` ELEMENT OF {'Sun'})
-------------------------------------------------------------------------------
Node [3664]: (CT=171, AT=1474, TT=1847), containing 5303 events.
	CT=[171](`ct:permit_type` ELEMENT OF {'Non Bouw'})
	AT=[1474](`at:phase` ELEMENT OF {'01_HOOFD_3'})
	TT=[1847](`tt:weekday` ELEMENT OF {'Mon', 'Thu', 'Tue', 'Wed'})
-------------------------------------------------------------------------------
Node [3665]: (CT=172, AT=1474, TT=1846), containing 940 events.
	CT=[172](`ct:permit_type` ELEMENT OF {'Bouw'})
	AT=[1474](`at:phase` ELEMENT OF {'01_HOOFD_3'})
	TT=[1846](`tt:weekday` ELEMENT OF {'Sun'})
-------------------------------------------------------------------------------
Node [3666]: (CT=172, AT=1474, TT=1847), containing 9905 events.
	CT=[172](`ct:permit_type` ELEMENT OF {'Bouw'})
	AT=[1474](`at:phase` ELEMENT OF {'01_HOOFD_3'})
	TT=[1847](`tt:weekday` ELEMENT OF {'Mon', 'Thu', 'Tue', 'Wed'})
-------------------------------------------------------------------------------
Node [3667]: (CT=171, AT=1473, TT=1846), containing 4841 events.
	CT=[171](`ct:permit_type` ELEMENT OF {'Non Bouw'})
	AT=[1473](`at:phase` ELEMENT OF {'01_HOOFD_0', '01_HOOFD_1', '01_HOOFD_4', '01_HOOFD_5'})
	TT=[1846](`tt:weekday` ELEMENT OF {'Sun'})
-------------------------------------------------------------------------------
Node [3668]: (CT=171, AT=1473, TT=1847), containing 44633 events.
	CT=[171](`ct:permit_type` ELEMENT OF {'Non Bouw'})
	AT=[1473](`at:phase` ELEMENT OF {'01_HOOFD_0', '01_HOOFD_1', '01_HOOFD_4', '01_HOOFD_5'})
	TT=[1847](`tt:weekday` ELEMENT OF {'Mon', 'Thu', 'Tue', 'Wed'})
-------------------------------------------------------------------------------
Node [3669]: (CT=172, AT=1473, TT=1846), containing 9129 events.
	CT=[172](`ct:permit_type` ELEMENT OF {'Bouw'})
	AT=[1473](`at:phase` ELEMENT OF {'01_HOOFD_0', '01_HOOFD_1', '01_HOOFD_4', '01_HOOFD_5'})
	TT=[1846](`tt:weekday` ELEMENT OF {'Sun'})
-------------------------------------------------------------------------------
Node [3670]: (CT=172, AT=1473, TT=1847), containing 82516 events.
	CT=[172](`ct:permit_type` ELEMENT OF {'Bouw'})
	AT=[1473](`at:phase` ELEMENT OF {'01_HOOFD_0', '01_HOOFD_1', '01_HOOFD_4', '01_HOOFD_5'})
	TT=[1847](`tt:weekday` ELEMENT OF {'Mon', 'Thu', 'Tue', 'Wed'})
-------------------------------------------------------------------------------
Node [3123]: (CT=171, AT=1474, TT=816), containing 488 events.
	CT=[171](`ct:permit_type` ELEMENT OF {'Non Bouw'})
	AT=[1474](`at:phase` ELEMENT OF {'01_HOOFD_3'})
	TT=[816](`tt:weekday` ELEMENT OF {'Fri'})
-------------------------------------------------------------------------------
Node [3124]: (CT=172, AT=1474, TT=816), containing 849 events.
	CT=[172](`ct:permit_type` ELEMENT OF {'Bouw'})
	AT=[1474](`at:phase` ELEMENT OF {'01_HOOFD_3'})
	TT=[816](`tt:weekday` ELEMENT OF {'Fri'})
-------------------------------------------------------------------------------
Node [3125]: (CT=171, AT=1473, TT=816), containing 3642 events.
	CT=[171](`ct:permit_type` ELEMENT OF {'Non Bouw'})
	AT=[1473](`at:phase` ELEMENT OF {'01_HOOFD_0', '01_HOOFD_1', '01_HOOFD_4', '01_HOOFD_5'})
	TT=[816](`tt:weekday` ELEMENT OF {'Fri'})
-------------------------------------------------------------------------------
Node [3126]: (CT=172, AT=1473, TT=816), containing 6683 events.
	CT=[172](`ct:permit_type` ELEMENT OF {'Bouw'})
	AT=[1473](`at:phase` ELEMENT OF {'01_HOOFD_0', '01_HOOFD_1', '01_HOOFD_4', '01_HOOFD_5'})
	TT=[816](`tt:weekday` ELEMENT OF {'Fri'})

===============================================================================
Step	[10]

-------------------------------------------------------------------------------
Node [3106]: (CT=171, AT=827, TT=816), containing 86 events.
	CT=[171](`ct:permit_type` ELEMENT OF {'Non Bouw'})
	AT=[827](`at:phase` ELEMENT OF {'01_HOOFD_8'})
	TT=[816](`tt:weekday` ELEMENT OF {'Fri'})
-------------------------------------------------------------------------------
Node [3107]: (CT=172, AT=827, TT=816), containing 172 events.
	CT=[172](`ct:permit_type` ELEMENT OF {'Bouw'})
	AT=[827](`at:phase` ELEMENT OF {'01_HOOFD_8'})
	TT=[816](`tt:weekday` ELEMENT OF {'Fri'})
-------------------------------------------------------------------------------
Node [3111]: (CT=171, AT=1070, TT=816), containing 15 events.
	CT=[171](`ct:permit_type` ELEMENT OF {'Non Bouw'})
	AT=[1070](`at:phase` ELEMENT OF {'01_HOOFD_7'})
	TT=[816](`tt:weekday` ELEMENT OF {'Fri'})
-------------------------------------------------------------------------------
Node [3112]: (CT=172, AT=1070, TT=816), containing 29 events.
	CT=[172](`ct:permit_type` ELEMENT OF {'Bouw'})
	AT=[1070](`at:phase` ELEMENT OF {'01_HOOFD_7'})
	TT=[816](`tt:weekday` ELEMENT OF {'Fri'})
-------------------------------------------------------------------------------
Node [3115]: (CT=171, AT=1377, TT=816), containing 463 events.
	CT=[171](`ct:permit_type` ELEMENT OF {'Non Bouw'})
	AT=[1377](`at:phase` ELEMENT OF {'01_HOOFD_2'})
	TT=[816](`tt:weekday` ELEMENT OF {'Fri'})
-------------------------------------------------------------------------------
Node [3116]: (CT=172, AT=1377, TT=816), containing 805 events.
	CT=[172](`ct:permit_type` ELEMENT OF {'Bouw'})
	AT=[1377](`at:phase` ELEMENT OF {'01_HOOFD_2'})
	TT=[816](`tt:weekday` ELEMENT OF {'Fri'})
-------------------------------------------------------------------------------
Node [4072]: (CT=171, AT=1731, TT=133), containing 56 events.
	CT=[171](`ct:permit_type` ELEMENT OF {'Non Bouw'})
	AT=[1731](`at:phase` ELEMENT OF {'01_HOOFD_0', '01_HOOFD_4', '01_HOOFD_5'})
	TT=[133](`tt:weekday` ELEMENT OF {'Sat'})
-------------------------------------------------------------------------------
Node [4073]: (CT=172, AT=1732, TT=133), containing 1 events.
	CT=[172](`ct:permit_type` ELEMENT OF {'Bouw'})
	AT=[1732](`at:phase` ELEMENT OF {'01_HOOFD_1'})
	TT=[133](`tt:weekday` ELEMENT OF {'Sat'})
-------------------------------------------------------------------------------
Node [4074]: (CT=172, AT=1731, TT=133), containing 92 events.
	CT=[172](`ct:permit_type` ELEMENT OF {'Bouw'})
	AT=[1731](`at:phase` ELEMENT OF {'01_HOOFD_0', '01_HOOFD_4', '01_HOOFD_5'})
	TT=[133](`tt:weekday` ELEMENT OF {'Sat'})
-------------------------------------------------------------------------------
Node [3123]: (CT=171, AT=1474, TT=816), containing 488 events.
	CT=[171](`ct:permit_type` ELEMENT OF {'Non Bouw'})
	AT=[1474](`at:phase` ELEMENT OF {'01_HOOFD_3'})
	TT=[816](`tt:weekday` ELEMENT OF {'Fri'})
-------------------------------------------------------------------------------
Node [3124]: (CT=172, AT=1474, TT=816), containing 849 events.
	CT=[172](`ct:permit_type` ELEMENT OF {'Bouw'})
	AT=[1474](`at:phase` ELEMENT OF {'01_HOOFD_3'})
	TT=[816](`tt:weekday` ELEMENT OF {'Fri'})
-------------------------------------------------------------------------------
Node [4075]: (CT=171, AT=1732, TT=816), containing 834 events.
	CT=[171](`ct:permit_type` ELEMENT OF {'Non Bouw'})
	AT=[1732](`at:phase` ELEMENT OF {'01_HOOFD_1'})
	TT=[816](`tt:weekday` ELEMENT OF {'Fri'})
-------------------------------------------------------------------------------
Node [4076]: (CT=171, AT=1731, TT=816), containing 2808 events.
	CT=[171](`ct:permit_type` ELEMENT OF {'Non Bouw'})
	AT=[1731](`at:phase` ELEMENT OF {'01_HOOFD_0', '01_HOOFD_4', '01_HOOFD_5'})
	TT=[816](`tt:weekday` ELEMENT OF {'Fri'})
-------------------------------------------------------------------------------
Node [4077]: (CT=172, AT=1732, TT=816), containing 1569 events.
	CT=[172](`ct:permit_type` ELEMENT OF {'Bouw'})
	AT=[1732](`at:phase` ELEMENT OF {'01_HOOFD_1'})
	TT=[816](`tt:weekday` ELEMENT OF {'Fri'})
-------------------------------------------------------------------------------
Node [4078]: (CT=172, AT=1731, TT=816), containing 5114 events.
	CT=[172](`ct:permit_type` ELEMENT OF {'Bouw'})
	AT=[1731](`at:phase` ELEMENT OF {'01_HOOFD_0', '01_HOOFD_4', '01_HOOFD_5'})
	TT=[816](`tt:weekday` ELEMENT OF {'Fri'})
-------------------------------------------------------------------------------
Node [3650]: (CT=171, AT=827, TT=1846), containing 388 events.
	CT=[171](`ct:permit_type` ELEMENT OF {'Non Bouw'})
	AT=[827](`at:phase` ELEMENT OF {'01_HOOFD_8'})
	TT=[1846](`tt:weekday` ELEMENT OF {'Sun'})
-------------------------------------------------------------------------------
Node [3651]: (CT=171, AT=827, TT=1847), containing 2019 events.
	CT=[171](`ct:permit_type` ELEMENT OF {'Non Bouw'})
	AT=[827](`at:phase` ELEMENT OF {'01_HOOFD_8'})
	TT=[1847](`tt:weekday` ELEMENT OF {'Mon', 'Thu', 'Tue', 'Wed'})
-------------------------------------------------------------------------------
Node [3652]: (CT=172, AT=827, TT=1846), containing 547 events.
	CT=[172](`ct:permit_type` ELEMENT OF {'Bouw'})
	AT=[827](`at:phase` ELEMENT OF {'01_HOOFD_8'})
	TT=[1846](`tt:weekday` ELEMENT OF {'Sun'})
-------------------------------------------------------------------------------
Node [3653]: (CT=172, AT=827, TT=1847), containing 3669 events.
	CT=[172](`ct:permit_type` ELEMENT OF {'Bouw'})
	AT=[827](`at:phase` ELEMENT OF {'01_HOOFD_8'})
	TT=[1847](`tt:weekday` ELEMENT OF {'Mon', 'Thu', 'Tue', 'Wed'})
-------------------------------------------------------------------------------
Node [3654]: (CT=172, AT=828, TT=1847), containing 15 events.
	CT=[172](`ct:permit_type` ELEMENT OF {'Bouw'})
	AT=[828](`at:phase` ELEMENT OF {'01_HOOFD_6'})
	TT=[1847](`tt:weekday` ELEMENT OF {'Mon', 'Thu', 'Tue', 'Wed'})
-------------------------------------------------------------------------------
Node [3655]: (CT=171, AT=1070, TT=1846), containing 14 events.
	CT=[171](`ct:permit_type` ELEMENT OF {'Non Bouw'})
	AT=[1070](`at:phase` ELEMENT OF {'01_HOOFD_7'})
	TT=[1846](`tt:weekday` ELEMENT OF {'Sun'})
-------------------------------------------------------------------------------
Node [3656]: (CT=171, AT=1070, TT=1847), containing 213 events.
	CT=[171](`ct:permit_type` ELEMENT OF {'Non Bouw'})
	AT=[1070](`at:phase` ELEMENT OF {'01_HOOFD_7'})
	TT=[1847](`tt:weekday` ELEMENT OF {'Mon', 'Thu', 'Tue', 'Wed'})
-------------------------------------------------------------------------------
Node [3657]: (CT=172, AT=1070, TT=1846), containing 22 events.
	CT=[172](`ct:permit_type` ELEMENT OF {'Bouw'})
	AT=[1070](`at:phase` ELEMENT OF {'01_HOOFD_7'})
	TT=[1846](`tt:weekday` ELEMENT OF {'Sun'})
-------------------------------------------------------------------------------
Node [3658]: (CT=172, AT=1070, TT=1847), containing 294 events.
	CT=[172](`ct:permit_type` ELEMENT OF {'Bouw'})
	AT=[1070](`at:phase` ELEMENT OF {'01_HOOFD_7'})
	TT=[1847](`tt:weekday` ELEMENT OF {'Mon', 'Thu', 'Tue', 'Wed'})
-------------------------------------------------------------------------------
Node [3659]: (CT=171, AT=1377, TT=1846), containing 298 events.
	CT=[171](`ct:permit_type` ELEMENT OF {'Non Bouw'})
	AT=[1377](`at:phase` ELEMENT OF {'01_HOOFD_2'})
	TT=[1846](`tt:weekday` ELEMENT OF {'Sun'})
-------------------------------------------------------------------------------
Node [3660]: (CT=171, AT=1377, TT=1847), containing 4992 events.
	CT=[171](`ct:permit_type` ELEMENT OF {'Non Bouw'})
	AT=[1377](`at:phase` ELEMENT OF {'01_HOOFD_2'})
	TT=[1847](`tt:weekday` ELEMENT OF {'Mon', 'Thu', 'Tue', 'Wed'})
-------------------------------------------------------------------------------
Node [3661]: (CT=172, AT=1377, TT=1846), containing 713 events.
	CT=[172](`ct:permit_type` ELEMENT OF {'Bouw'})
	AT=[1377](`at:phase` ELEMENT OF {'01_HOOFD_2'})
	TT=[1846](`tt:weekday` ELEMENT OF {'Sun'})
-------------------------------------------------------------------------------
Node [3662]: (CT=172, AT=1377, TT=1847), containing 9221 events.
	CT=[172](`ct:permit_type` ELEMENT OF {'Bouw'})
	AT=[1377](`at:phase` ELEMENT OF {'01_HOOFD_2'})
	TT=[1847](`tt:weekday` ELEMENT OF {'Mon', 'Thu', 'Tue', 'Wed'})
-------------------------------------------------------------------------------
Node [3663]: (CT=171, AT=1474, TT=1846), containing 400 events.
	CT=[171](`ct:permit_type` ELEMENT OF {'Non Bouw'})
	AT=[1474](`at:phase` ELEMENT OF {'01_HOOFD_3'})
	TT=[1846](`tt:weekday` ELEMENT OF {'Sun'})
-------------------------------------------------------------------------------
Node [3664]: (CT=171, AT=1474, TT=1847), containing 5303 events.
	CT=[171](`ct:permit_type` ELEMENT OF {'Non Bouw'})
	AT=[1474](`at:phase` ELEMENT OF {'01_HOOFD_3'})
	TT=[1847](`tt:weekday` ELEMENT OF {'Mon', 'Thu', 'Tue', 'Wed'})
-------------------------------------------------------------------------------
Node [3665]: (CT=172, AT=1474, TT=1846), containing 940 events.
	CT=[172](`ct:permit_type` ELEMENT OF {'Bouw'})
	AT=[1474](`at:phase` ELEMENT OF {'01_HOOFD_3'})
	TT=[1846](`tt:weekday` ELEMENT OF {'Sun'})
-------------------------------------------------------------------------------
Node [3666]: (CT=172, AT=1474, TT=1847), containing 9905 events.
	CT=[172](`ct:permit_type` ELEMENT OF {'Bouw'})
	AT=[1474](`at:phase` ELEMENT OF {'01_HOOFD_3'})
	TT=[1847](`tt:weekday` ELEMENT OF {'Mon', 'Thu', 'Tue', 'Wed'})
-------------------------------------------------------------------------------
Node [4079]: (CT=171, AT=1732, TT=1846), containing 671 events.
	CT=[171](`ct:permit_type` ELEMENT OF {'Non Bouw'})
	AT=[1732](`at:phase` ELEMENT OF {'01_HOOFD_1'})
	TT=[1846](`tt:weekday` ELEMENT OF {'Sun'})
-------------------------------------------------------------------------------
Node [4080]: (CT=171, AT=1731, TT=1846), containing 4170 events.
	CT=[171](`ct:permit_type` ELEMENT OF {'Non Bouw'})
	AT=[1731](`at:phase` ELEMENT OF {'01_HOOFD_0', '01_HOOFD_4', '01_HOOFD_5'})
	TT=[1846](`tt:weekday` ELEMENT OF {'Sun'})
-------------------------------------------------------------------------------
Node [4081]: (CT=171, AT=1732, TT=1847), containing 8559 events.
	CT=[171](`ct:permit_type` ELEMENT OF {'Non Bouw'})
	AT=[1732](`at:phase` ELEMENT OF {'01_HOOFD_1'})
	TT=[1847](`tt:weekday` ELEMENT OF {'Mon', 'Thu', 'Tue', 'Wed'})
-------------------------------------------------------------------------------
Node [4082]: (CT=171, AT=1731, TT=1847), containing 36074 events.
	CT=[171](`ct:permit_type` ELEMENT OF {'Non Bouw'})
	AT=[1731](`at:phase` ELEMENT OF {'01_HOOFD_0', '01_HOOFD_4', '01_HOOFD_5'})
	TT=[1847](`tt:weekday` ELEMENT OF {'Mon', 'Thu', 'Tue', 'Wed'})
-------------------------------------------------------------------------------
Node [4083]: (CT=172, AT=1732, TT=1846), containing 1467 events.
	CT=[172](`ct:permit_type` ELEMENT OF {'Bouw'})
	AT=[1732](`at:phase` ELEMENT OF {'01_HOOFD_1'})
	TT=[1846](`tt:weekday` ELEMENT OF {'Sun'})
-------------------------------------------------------------------------------
Node [4084]: (CT=172, AT=1731, TT=1846), containing 7662 events.
	CT=[172](`ct:permit_type` ELEMENT OF {'Bouw'})
	AT=[1731](`at:phase` ELEMENT OF {'01_HOOFD_0', '01_HOOFD_4', '01_HOOFD_5'})
	TT=[1846](`tt:weekday` ELEMENT OF {'Sun'})
-------------------------------------------------------------------------------
Node [4085]: (CT=172, AT=1732, TT=1847), containing 16732 events.
	CT=[172](`ct:permit_type` ELEMENT OF {'Bouw'})
	AT=[1732](`at:phase` ELEMENT OF {'01_HOOFD_1'})
	TT=[1847](`tt:weekday` ELEMENT OF {'Mon', 'Thu', 'Tue', 'Wed'})
-------------------------------------------------------------------------------
Node [4086]: (CT=172, AT=1731, TT=1847), containing 65784 events.
	CT=[172](`ct:permit_type` ELEMENT OF {'Bouw'})
	AT=[1731](`at:phase` ELEMENT OF {'01_HOOFD_0', '01_HOOFD_4', '01_HOOFD_5'})
	TT=[1847](`tt:weekday` ELEMENT OF {'Mon', 'Thu', 'Tue', 'Wed'})

===============================================================================
Step	[11]

-------------------------------------------------------------------------------
Node [3106]: (CT=171, AT=827, TT=816), containing 86 events.
	CT=[171](`ct:permit_type` ELEMENT OF {'Non Bouw'})
	AT=[827](`at:phase` ELEMENT OF {'01_HOOFD_8'})
	TT=[816](`tt:weekday` ELEMENT OF {'Fri'})
-------------------------------------------------------------------------------
Node [3107]: (CT=172, AT=827, TT=816), containing 172 events.
	CT=[172](`ct:permit_type` ELEMENT OF {'Bouw'})
	AT=[827](`at:phase` ELEMENT OF {'01_HOOFD_8'})
	TT=[816](`tt:weekday` ELEMENT OF {'Fri'})
-------------------------------------------------------------------------------
Node [3111]: (CT=171, AT=1070, TT=816), containing 15 events.
	CT=[171](`ct:permit_type` ELEMENT OF {'Non Bouw'})
	AT=[1070](`at:phase` ELEMENT OF {'01_HOOFD_7'})
	TT=[816](`tt:weekday` ELEMENT OF {'Fri'})
-------------------------------------------------------------------------------
Node [3112]: (CT=172, AT=1070, TT=816), containing 29 events.
	CT=[172](`ct:permit_type` ELEMENT OF {'Bouw'})
	AT=[1070](`at:phase` ELEMENT OF {'01_HOOFD_7'})
	TT=[816](`tt:weekday` ELEMENT OF {'Fri'})
-------------------------------------------------------------------------------
Node [3115]: (CT=171, AT=1377, TT=816), containing 463 events.
	CT=[171](`ct:permit_type` ELEMENT OF {'Non Bouw'})
	AT=[1377](`at:phase` ELEMENT OF {'01_HOOFD_2'})
	TT=[816](`tt:weekday` ELEMENT OF {'Fri'})
-------------------------------------------------------------------------------
Node [3116]: (CT=172, AT=1377, TT=816), containing 805 events.
	CT=[172](`ct:permit_type` ELEMENT OF {'Bouw'})
	AT=[1377](`at:phase` ELEMENT OF {'01_HOOFD_2'})
	TT=[816](`tt:weekday` ELEMENT OF {'Fri'})
-------------------------------------------------------------------------------
Node [3123]: (CT=171, AT=1474, TT=816), containing 488 events.
	CT=[171](`ct:permit_type` ELEMENT OF {'Non Bouw'})
	AT=[1474](`at:phase` ELEMENT OF {'01_HOOFD_3'})
	TT=[816](`tt:weekday` ELEMENT OF {'Fri'})
-------------------------------------------------------------------------------
Node [3124]: (CT=172, AT=1474, TT=816), containing 849 events.
	CT=[172](`ct:permit_type` ELEMENT OF {'Bouw'})
	AT=[1474](`at:phase` ELEMENT OF {'01_HOOFD_3'})
	TT=[816](`tt:weekday` ELEMENT OF {'Fri'})
-------------------------------------------------------------------------------
Node [3650]: (CT=171, AT=827, TT=1846), containing 388 events.
	CT=[171](`ct:permit_type` ELEMENT OF {'Non Bouw'})
	AT=[827](`at:phase` ELEMENT OF {'01_HOOFD_8'})
	TT=[1846](`tt:weekday` ELEMENT OF {'Sun'})
-------------------------------------------------------------------------------
Node [3651]: (CT=171, AT=827, TT=1847), containing 2019 events.
	CT=[171](`ct:permit_type` ELEMENT OF {'Non Bouw'})
	AT=[827](`at:phase` ELEMENT OF {'01_HOOFD_8'})
	TT=[1847](`tt:weekday` ELEMENT OF {'Mon', 'Thu', 'Tue', 'Wed'})
-------------------------------------------------------------------------------
Node [3652]: (CT=172, AT=827, TT=1846), containing 547 events.
	CT=[172](`ct:permit_type` ELEMENT OF {'Bouw'})
	AT=[827](`at:phase` ELEMENT OF {'01_HOOFD_8'})
	TT=[1846](`tt:weekday` ELEMENT OF {'Sun'})
-------------------------------------------------------------------------------
Node [3653]: (CT=172, AT=827, TT=1847), containing 3669 events.
	CT=[172](`ct:permit_type` ELEMENT OF {'Bouw'})
	AT=[827](`at:phase` ELEMENT OF {'01_HOOFD_8'})
	TT=[1847](`tt:weekday` ELEMENT OF {'Mon', 'Thu', 'Tue', 'Wed'})
-------------------------------------------------------------------------------
Node [3654]: (CT=172, AT=828, TT=1847), containing 15 events.
	CT=[172](`ct:permit_type` ELEMENT OF {'Bouw'})
	AT=[828](`at:phase` ELEMENT OF {'01_HOOFD_6'})
	TT=[1847](`tt:weekday` ELEMENT OF {'Mon', 'Thu', 'Tue', 'Wed'})
-------------------------------------------------------------------------------
Node [3655]: (CT=171, AT=1070, TT=1846), containing 14 events.
	CT=[171](`ct:permit_type` ELEMENT OF {'Non Bouw'})
	AT=[1070](`at:phase` ELEMENT OF {'01_HOOFD_7'})
	TT=[1846](`tt:weekday` ELEMENT OF {'Sun'})
-------------------------------------------------------------------------------
Node [3656]: (CT=171, AT=1070, TT=1847), containing 213 events.
	CT=[171](`ct:permit_type` ELEMENT OF {'Non Bouw'})
	AT=[1070](`at:phase` ELEMENT OF {'01_HOOFD_7'})
	TT=[1847](`tt:weekday` ELEMENT OF {'Mon', 'Thu', 'Tue', 'Wed'})
-------------------------------------------------------------------------------
Node [3657]: (CT=172, AT=1070, TT=1846), containing 22 events.
	CT=[172](`ct:permit_type` ELEMENT OF {'Bouw'})
	AT=[1070](`at:phase` ELEMENT OF {'01_HOOFD_7'})
	TT=[1846](`tt:weekday` ELEMENT OF {'Sun'})
-------------------------------------------------------------------------------
Node [3658]: (CT=172, AT=1070, TT=1847), containing 294 events.
	CT=[172](`ct:permit_type` ELEMENT OF {'Bouw'})
	AT=[1070](`at:phase` ELEMENT OF {'01_HOOFD_7'})
	TT=[1847](`tt:weekday` ELEMENT OF {'Mon', 'Thu', 'Tue', 'Wed'})
-------------------------------------------------------------------------------
Node [3659]: (CT=171, AT=1377, TT=1846), containing 298 events.
	CT=[171](`ct:permit_type` ELEMENT OF {'Non Bouw'})
	AT=[1377](`at:phase` ELEMENT OF {'01_HOOFD_2'})
	TT=[1846](`tt:weekday` ELEMENT OF {'Sun'})
-------------------------------------------------------------------------------
Node [3660]: (CT=171, AT=1377, TT=1847), containing 4992 events.
	CT=[171](`ct:permit_type` ELEMENT OF {'Non Bouw'})
	AT=[1377](`at:phase` ELEMENT OF {'01_HOOFD_2'})
	TT=[1847](`tt:weekday` ELEMENT OF {'Mon', 'Thu', 'Tue', 'Wed'})
-------------------------------------------------------------------------------
Node [3661]: (CT=172, AT=1377, TT=1846), containing 713 events.
	CT=[172](`ct:permit_type` ELEMENT OF {'Bouw'})
	AT=[1377](`at:phase` ELEMENT OF {'01_HOOFD_2'})
	TT=[1846](`tt:weekday` ELEMENT OF {'Sun'})
-------------------------------------------------------------------------------
Node [3662]: (CT=172, AT=1377, TT=1847), containing 9221 events.
	CT=[172](`ct:permit_type` ELEMENT OF {'Bouw'})
	AT=[1377](`at:phase` ELEMENT OF {'01_HOOFD_2'})
	TT=[1847](`tt:weekday` ELEMENT OF {'Mon', 'Thu', 'Tue', 'Wed'})
-------------------------------------------------------------------------------
Node [3663]: (CT=171, AT=1474, TT=1846), containing 400 events.
	CT=[171](`ct:permit_type` ELEMENT OF {'Non Bouw'})
	AT=[1474](`at:phase` ELEMENT OF {'01_HOOFD_3'})
	TT=[1846](`tt:weekday` ELEMENT OF {'Sun'})
-------------------------------------------------------------------------------
Node [3664]: (CT=171, AT=1474, TT=1847), containing 5303 events.
	CT=[171](`ct:permit_type` ELEMENT OF {'Non Bouw'})
	AT=[1474](`at:phase` ELEMENT OF {'01_HOOFD_3'})
	TT=[1847](`tt:weekday` ELEMENT OF {'Mon', 'Thu', 'Tue', 'Wed'})
-------------------------------------------------------------------------------
Node [3665]: (CT=172, AT=1474, TT=1846), containing 940 events.
	CT=[172](`ct:permit_type` ELEMENT OF {'Bouw'})
	AT=[1474](`at:phase` ELEMENT OF {'01_HOOFD_3'})
	TT=[1846](`tt:weekday` ELEMENT OF {'Sun'})
-------------------------------------------------------------------------------
Node [3666]: (CT=172, AT=1474, TT=1847), containing 9905 events.
	CT=[172](`ct:permit_type` ELEMENT OF {'Bouw'})
	AT=[1474](`at:phase` ELEMENT OF {'01_HOOFD_3'})
	TT=[1847](`tt:weekday` ELEMENT OF {'Mon', 'Thu', 'Tue', 'Wed'})
-------------------------------------------------------------------------------
Node [4482]: (CT=171, AT=1805, TT=133), containing 56 events.
	CT=[171](`ct:permit_type` ELEMENT OF {'Non Bouw'})
	AT=[1805](`at:phase` ELEMENT OF {'01_HOOFD_0', '01_HOOFD_4'})
	TT=[133](`tt:weekday` ELEMENT OF {'Sat'})
-------------------------------------------------------------------------------
Node [4073]: (CT=172, AT=1732, TT=133), containing 1 events.
	CT=[172](`ct:permit_type` ELEMENT OF {'Bouw'})
	AT=[1732](`at:phase` ELEMENT OF {'01_HOOFD_1'})
	TT=[133](`tt:weekday` ELEMENT OF {'Sat'})
-------------------------------------------------------------------------------
Node [4483]: (CT=172, AT=1806, TT=133), containing 1 events.
	CT=[172](`ct:permit_type` ELEMENT OF {'Bouw'})
	AT=[1806](`at:phase` ELEMENT OF {'01_HOOFD_5'})
	TT=[133](`tt:weekday` ELEMENT OF {'Sat'})
-------------------------------------------------------------------------------
Node [4484]: (CT=172, AT=1805, TT=133), containing 91 events.
	CT=[172](`ct:permit_type` ELEMENT OF {'Bouw'})
	AT=[1805](`at:phase` ELEMENT OF {'01_HOOFD_0', '01_HOOFD_4'})
	TT=[133](`tt:weekday` ELEMENT OF {'Sat'})
-------------------------------------------------------------------------------
Node [4075]: (CT=171, AT=1732, TT=816), containing 834 events.
	CT=[171](`ct:permit_type` ELEMENT OF {'Non Bouw'})
	AT=[1732](`at:phase` ELEMENT OF {'01_HOOFD_1'})
	TT=[816](`tt:weekday` ELEMENT OF {'Fri'})
-------------------------------------------------------------------------------
Node [4485]: (CT=171, AT=1806, TT=816), containing 640 events.
	CT=[171](`ct:permit_type` ELEMENT OF {'Non Bouw'})
	AT=[1806](`at:phase` ELEMENT OF {'01_HOOFD_5'})
	TT=[816](`tt:weekday` ELEMENT OF {'Fri'})
-------------------------------------------------------------------------------
Node [4486]: (CT=171, AT=1805, TT=816), containing 2168 events.
	CT=[171](`ct:permit_type` ELEMENT OF {'Non Bouw'})
	AT=[1805](`at:phase` ELEMENT OF {'01_HOOFD_0', '01_HOOFD_4'})
	TT=[816](`tt:weekday` ELEMENT OF {'Fri'})
-------------------------------------------------------------------------------
Node [4077]: (CT=172, AT=1732, TT=816), containing 1569 events.
	CT=[172](`ct:permit_type` ELEMENT OF {'Bouw'})
	AT=[1732](`at:phase` ELEMENT OF {'01_HOOFD_1'})
	TT=[816](`tt:weekday` ELEMENT OF {'Fri'})
-------------------------------------------------------------------------------
Node [4487]: (CT=172, AT=1806, TT=816), containing 1494 events.
	CT=[172](`ct:permit_type` ELEMENT OF {'Bouw'})
	AT=[1806](`at:phase` ELEMENT OF {'01_HOOFD_5'})
	TT=[816](`tt:weekday` ELEMENT OF {'Fri'})
-------------------------------------------------------------------------------
Node [4488]: (CT=172, AT=1805, TT=816), containing 3620 events.
	CT=[172](`ct:permit_type` ELEMENT OF {'Bouw'})
	AT=[1805](`at:phase` ELEMENT OF {'01_HOOFD_0', '01_HOOFD_4'})
	TT=[816](`tt:weekday` ELEMENT OF {'Fri'})
-------------------------------------------------------------------------------
Node [4079]: (CT=171, AT=1732, TT=1846), containing 671 events.
	CT=[171](`ct:permit_type` ELEMENT OF {'Non Bouw'})
	AT=[1732](`at:phase` ELEMENT OF {'01_HOOFD_1'})
	TT=[1846](`tt:weekday` ELEMENT OF {'Sun'})
-------------------------------------------------------------------------------
Node [4489]: (CT=171, AT=1806, TT=1846), containing 1167 events.
	CT=[171](`ct:permit_type` ELEMENT OF {'Non Bouw'})
	AT=[1806](`at:phase` ELEMENT OF {'01_HOOFD_5'})
	TT=[1846](`tt:weekday` ELEMENT OF {'Sun'})
-------------------------------------------------------------------------------
Node [4490]: (CT=171, AT=1805, TT=1846), containing 3003 events.
	CT=[171](`ct:permit_type` ELEMENT OF {'Non Bouw'})
	AT=[1805](`at:phase` ELEMENT OF {'01_HOOFD_0', '01_HOOFD_4'})
	TT=[1846](`tt:weekday` ELEMENT OF {'Sun'})
-------------------------------------------------------------------------------
Node [4081]: (CT=171, AT=1732, TT=1847), containing 8559 events.
	CT=[171](`ct:permit_type` ELEMENT OF {'Non Bouw'})
	AT=[1732](`at:phase` ELEMENT OF {'01_HOOFD_1'})
	TT=[1847](`tt:weekday` ELEMENT OF {'Mon', 'Thu', 'Tue', 'Wed'})
-------------------------------------------------------------------------------
Node [4491]: (CT=171, AT=1806, TT=1847), containing 8580 events.
	CT=[171](`ct:permit_type` ELEMENT OF {'Non Bouw'})
	AT=[1806](`at:phase` ELEMENT OF {'01_HOOFD_5'})
	TT=[1847](`tt:weekday` ELEMENT OF {'Mon', 'Thu', 'Tue', 'Wed'})
-------------------------------------------------------------------------------
Node [4492]: (CT=171, AT=1805, TT=1847), containing 27494 events.
	CT=[171](`ct:permit_type` ELEMENT OF {'Non Bouw'})
	AT=[1805](`at:phase` ELEMENT OF {'01_HOOFD_0', '01_HOOFD_4'})
	TT=[1847](`tt:weekday` ELEMENT OF {'Mon', 'Thu', 'Tue', 'Wed'})
-------------------------------------------------------------------------------
Node [4083]: (CT=172, AT=1732, TT=1846), containing 1467 events.
	CT=[172](`ct:permit_type` ELEMENT OF {'Bouw'})
	AT=[1732](`at:phase` ELEMENT OF {'01_HOOFD_1'})
	TT=[1846](`tt:weekday` ELEMENT OF {'Sun'})
-------------------------------------------------------------------------------
Node [4493]: (CT=172, AT=1806, TT=1846), containing 1827 events.
	CT=[172](`ct:permit_type` ELEMENT OF {'Bouw'})
	AT=[1806](`at:phase` ELEMENT OF {'01_HOOFD_5'})
	TT=[1846](`tt:weekday` ELEMENT OF {'Sun'})
-------------------------------------------------------------------------------
Node [4494]: (CT=172, AT=1805, TT=1846), containing 5835 events.
	CT=[172](`ct:permit_type` ELEMENT OF {'Bouw'})
	AT=[1805](`at:phase` ELEMENT OF {'01_HOOFD_0', '01_HOOFD_4'})
	TT=[1846](`tt:weekday` ELEMENT OF {'Sun'})
-------------------------------------------------------------------------------
Node [4085]: (CT=172, AT=1732, TT=1847), containing 16732 events.
	CT=[172](`ct:permit_type` ELEMENT OF {'Bouw'})
	AT=[1732](`at:phase` ELEMENT OF {'01_HOOFD_1'})
	TT=[1847](`tt:weekday` ELEMENT OF {'Mon', 'Thu', 'Tue', 'Wed'})
-------------------------------------------------------------------------------
Node [4495]: (CT=172, AT=1806, TT=1847), containing 16138 events.
	CT=[172](`ct:permit_type` ELEMENT OF {'Bouw'})
	AT=[1806](`at:phase` ELEMENT OF {'01_HOOFD_5'})
	TT=[1847](`tt:weekday` ELEMENT OF {'Mon', 'Thu', 'Tue', 'Wed'})
-------------------------------------------------------------------------------
Node [4496]: (CT=172, AT=1805, TT=1847), containing 49646 events.
	CT=[172](`ct:permit_type` ELEMENT OF {'Bouw'})
	AT=[1805](`at:phase` ELEMENT OF {'01_HOOFD_0', '01_HOOFD_4'})
	TT=[1847](`tt:weekday` ELEMENT OF {'Mon', 'Thu', 'Tue', 'Wed'})

===============================================================================
Step	[12]

-------------------------------------------------------------------------------
Node [3106]: (CT=171, AT=827, TT=816), containing 86 events.
	CT=[171](`ct:permit_type` ELEMENT OF {'Non Bouw'})
	AT=[827](`at:phase` ELEMENT OF {'01_HOOFD_8'})
	TT=[816](`tt:weekday` ELEMENT OF {'Fri'})
-------------------------------------------------------------------------------
Node [3107]: (CT=172, AT=827, TT=816), containing 172 events.
	CT=[172](`ct:permit_type` ELEMENT OF {'Bouw'})
	AT=[827](`at:phase` ELEMENT OF {'01_HOOFD_8'})
	TT=[816](`tt:weekday` ELEMENT OF {'Fri'})
-------------------------------------------------------------------------------
Node [3111]: (CT=171, AT=1070, TT=816), containing 15 events.
	CT=[171](`ct:permit_type` ELEMENT OF {'Non Bouw'})
	AT=[1070](`at:phase` ELEMENT OF {'01_HOOFD_7'})
	TT=[816](`tt:weekday` ELEMENT OF {'Fri'})
-------------------------------------------------------------------------------
Node [3112]: (CT=172, AT=1070, TT=816), containing 29 events.
	CT=[172](`ct:permit_type` ELEMENT OF {'Bouw'})
	AT=[1070](`at:phase` ELEMENT OF {'01_HOOFD_7'})
	TT=[816](`tt:weekday` ELEMENT OF {'Fri'})
-------------------------------------------------------------------------------
Node [3115]: (CT=171, AT=1377, TT=816), containing 463 events.
	CT=[171](`ct:permit_type` ELEMENT OF {'Non Bouw'})
	AT=[1377](`at:phase` ELEMENT OF {'01_HOOFD_2'})
	TT=[816](`tt:weekday` ELEMENT OF {'Fri'})
-------------------------------------------------------------------------------
Node [3116]: (CT=172, AT=1377, TT=816), containing 805 events.
	CT=[172](`ct:permit_type` ELEMENT OF {'Bouw'})
	AT=[1377](`at:phase` ELEMENT OF {'01_HOOFD_2'})
	TT=[816](`tt:weekday` ELEMENT OF {'Fri'})
-------------------------------------------------------------------------------
Node [3123]: (CT=171, AT=1474, TT=816), containing 488 events.
	CT=[171](`ct:permit_type` ELEMENT OF {'Non Bouw'})
	AT=[1474](`at:phase` ELEMENT OF {'01_HOOFD_3'})
	TT=[816](`tt:weekday` ELEMENT OF {'Fri'})
-------------------------------------------------------------------------------
Node [3124]: (CT=172, AT=1474, TT=816), containing 849 events.
	CT=[172](`ct:permit_type` ELEMENT OF {'Bouw'})
	AT=[1474](`at:phase` ELEMENT OF {'01_HOOFD_3'})
	TT=[816](`tt:weekday` ELEMENT OF {'Fri'})
-------------------------------------------------------------------------------
Node [3650]: (CT=171, AT=827, TT=1846), containing 388 events.
	CT=[171](`ct:permit_type` ELEMENT OF {'Non Bouw'})
	AT=[827](`at:phase` ELEMENT OF {'01_HOOFD_8'})
	TT=[1846](`tt:weekday` ELEMENT OF {'Sun'})
-------------------------------------------------------------------------------
Node [3651]: (CT=171, AT=827, TT=1847), containing 2019 events.
	CT=[171](`ct:permit_type` ELEMENT OF {'Non Bouw'})
	AT=[827](`at:phase` ELEMENT OF {'01_HOOFD_8'})
	TT=[1847](`tt:weekday` ELEMENT OF {'Mon', 'Thu', 'Tue', 'Wed'})
-------------------------------------------------------------------------------
Node [3652]: (CT=172, AT=827, TT=1846), containing 547 events.
	CT=[172](`ct:permit_type` ELEMENT OF {'Bouw'})
	AT=[827](`at:phase` ELEMENT OF {'01_HOOFD_8'})
	TT=[1846](`tt:weekday` ELEMENT OF {'Sun'})
-------------------------------------------------------------------------------
Node [3653]: (CT=172, AT=827, TT=1847), containing 3669 events.
	CT=[172](`ct:permit_type` ELEMENT OF {'Bouw'})
	AT=[827](`at:phase` ELEMENT OF {'01_HOOFD_8'})
	TT=[1847](`tt:weekday` ELEMENT OF {'Mon', 'Thu', 'Tue', 'Wed'})
-------------------------------------------------------------------------------
Node [3654]: (CT=172, AT=828, TT=1847), containing 15 events.
	CT=[172](`ct:permit_type` ELEMENT OF {'Bouw'})
	AT=[828](`at:phase` ELEMENT OF {'01_HOOFD_6'})
	TT=[1847](`tt:weekday` ELEMENT OF {'Mon', 'Thu', 'Tue', 'Wed'})
-------------------------------------------------------------------------------
Node [3655]: (CT=171, AT=1070, TT=1846), containing 14 events.
	CT=[171](`ct:permit_type` ELEMENT OF {'Non Bouw'})
	AT=[1070](`at:phase` ELEMENT OF {'01_HOOFD_7'})
	TT=[1846](`tt:weekday` ELEMENT OF {'Sun'})
-------------------------------------------------------------------------------
Node [3656]: (CT=171, AT=1070, TT=1847), containing 213 events.
	CT=[171](`ct:permit_type` ELEMENT OF {'Non Bouw'})
	AT=[1070](`at:phase` ELEMENT OF {'01_HOOFD_7'})
	TT=[1847](`tt:weekday` ELEMENT OF {'Mon', 'Thu', 'Tue', 'Wed'})
-------------------------------------------------------------------------------
Node [3657]: (CT=172, AT=1070, TT=1846), containing 22 events.
	CT=[172](`ct:permit_type` ELEMENT OF {'Bouw'})
	AT=[1070](`at:phase` ELEMENT OF {'01_HOOFD_7'})
	TT=[1846](`tt:weekday` ELEMENT OF {'Sun'})
-------------------------------------------------------------------------------
Node [3658]: (CT=172, AT=1070, TT=1847), containing 294 events.
	CT=[172](`ct:permit_type` ELEMENT OF {'Bouw'})
	AT=[1070](`at:phase` ELEMENT OF {'01_HOOFD_7'})
	TT=[1847](`tt:weekday` ELEMENT OF {'Mon', 'Thu', 'Tue', 'Wed'})
-------------------------------------------------------------------------------
Node [3659]: (CT=171, AT=1377, TT=1846), containing 298 events.
	CT=[171](`ct:permit_type` ELEMENT OF {'Non Bouw'})
	AT=[1377](`at:phase` ELEMENT OF {'01_HOOFD_2'})
	TT=[1846](`tt:weekday` ELEMENT OF {'Sun'})
-------------------------------------------------------------------------------
Node [3660]: (CT=171, AT=1377, TT=1847), containing 4992 events.
	CT=[171](`ct:permit_type` ELEMENT OF {'Non Bouw'})
	AT=[1377](`at:phase` ELEMENT OF {'01_HOOFD_2'})
	TT=[1847](`tt:weekday` ELEMENT OF {'Mon', 'Thu', 'Tue', 'Wed'})
-------------------------------------------------------------------------------
Node [3661]: (CT=172, AT=1377, TT=1846), containing 713 events.
	CT=[172](`ct:permit_type` ELEMENT OF {'Bouw'})
	AT=[1377](`at:phase` ELEMENT OF {'01_HOOFD_2'})
	TT=[1846](`tt:weekday` ELEMENT OF {'Sun'})
-------------------------------------------------------------------------------
Node [3662]: (CT=172, AT=1377, TT=1847), containing 9221 events.
	CT=[172](`ct:permit_type` ELEMENT OF {'Bouw'})
	AT=[1377](`at:phase` ELEMENT OF {'01_HOOFD_2'})
	TT=[1847](`tt:weekday` ELEMENT OF {'Mon', 'Thu', 'Tue', 'Wed'})
-------------------------------------------------------------------------------
Node [3663]: (CT=171, AT=1474, TT=1846), containing 400 events.
	CT=[171](`ct:permit_type` ELEMENT OF {'Non Bouw'})
	AT=[1474](`at:phase` ELEMENT OF {'01_HOOFD_3'})
	TT=[1846](`tt:weekday` ELEMENT OF {'Sun'})
-------------------------------------------------------------------------------
Node [3664]: (CT=171, AT=1474, TT=1847), containing 5303 events.
	CT=[171](`ct:permit_type` ELEMENT OF {'Non Bouw'})
	AT=[1474](`at:phase` ELEMENT OF {'01_HOOFD_3'})
	TT=[1847](`tt:weekday` ELEMENT OF {'Mon', 'Thu', 'Tue', 'Wed'})
-------------------------------------------------------------------------------
Node [3665]: (CT=172, AT=1474, TT=1846), containing 940 events.
	CT=[172](`ct:permit_type` ELEMENT OF {'Bouw'})
	AT=[1474](`at:phase` ELEMENT OF {'01_HOOFD_3'})
	TT=[1846](`tt:weekday` ELEMENT OF {'Sun'})
-------------------------------------------------------------------------------
Node [3666]: (CT=172, AT=1474, TT=1847), containing 9905 events.
	CT=[172](`ct:permit_type` ELEMENT OF {'Bouw'})
	AT=[1474](`at:phase` ELEMENT OF {'01_HOOFD_3'})
	TT=[1847](`tt:weekday` ELEMENT OF {'Mon', 'Thu', 'Tue', 'Wed'})
-------------------------------------------------------------------------------
Node [4073]: (CT=172, AT=1732, TT=133), containing 1 events.
	CT=[172](`ct:permit_type` ELEMENT OF {'Bouw'})
	AT=[1732](`at:phase` ELEMENT OF {'01_HOOFD_1'})
	TT=[133](`tt:weekday` ELEMENT OF {'Sat'})
-------------------------------------------------------------------------------
Node [4075]: (CT=171, AT=1732, TT=816), containing 834 events.
	CT=[171](`ct:permit_type` ELEMENT OF {'Non Bouw'})
	AT=[1732](`at:phase` ELEMENT OF {'01_HOOFD_1'})
	TT=[816](`tt:weekday` ELEMENT OF {'Fri'})
-------------------------------------------------------------------------------
Node [4077]: (CT=172, AT=1732, TT=816), containing 1569 events.
	CT=[172](`ct:permit_type` ELEMENT OF {'Bouw'})
	AT=[1732](`at:phase` ELEMENT OF {'01_HOOFD_1'})
	TT=[816](`tt:weekday` ELEMENT OF {'Fri'})
-------------------------------------------------------------------------------
Node [4079]: (CT=171, AT=1732, TT=1846), containing 671 events.
	CT=[171](`ct:permit_type` ELEMENT OF {'Non Bouw'})
	AT=[1732](`at:phase` ELEMENT OF {'01_HOOFD_1'})
	TT=[1846](`tt:weekday` ELEMENT OF {'Sun'})
-------------------------------------------------------------------------------
Node [4081]: (CT=171, AT=1732, TT=1847), containing 8559 events.
	CT=[171](`ct:permit_type` ELEMENT OF {'Non Bouw'})
	AT=[1732](`at:phase` ELEMENT OF {'01_HOOFD_1'})
	TT=[1847](`tt:weekday` ELEMENT OF {'Mon', 'Thu', 'Tue', 'Wed'})
-------------------------------------------------------------------------------
Node [4083]: (CT=172, AT=1732, TT=1846), containing 1467 events.
	CT=[172](`ct:permit_type` ELEMENT OF {'Bouw'})
	AT=[1732](`at:phase` ELEMENT OF {'01_HOOFD_1'})
	TT=[1846](`tt:weekday` ELEMENT OF {'Sun'})
-------------------------------------------------------------------------------
Node [4085]: (CT=172, AT=1732, TT=1847), containing 16732 events.
	CT=[172](`ct:permit_type` ELEMENT OF {'Bouw'})
	AT=[1732](`at:phase` ELEMENT OF {'01_HOOFD_1'})
	TT=[1847](`tt:weekday` ELEMENT OF {'Mon', 'Thu', 'Tue', 'Wed'})
-------------------------------------------------------------------------------
Node [4915]: (CT=171, AT=1848, TT=133), containing 56 events.
	CT=[171](`ct:permit_type` ELEMENT OF {'Non Bouw'})
	AT=[1848](`at:phase` ELEMENT OF {'01_HOOFD_0'})
	TT=[133](`tt:weekday` ELEMENT OF {'Sat'})
-------------------------------------------------------------------------------
Node [4483]: (CT=172, AT=1806, TT=133), containing 1 events.
	CT=[172](`ct:permit_type` ELEMENT OF {'Bouw'})
	AT=[1806](`at:phase` ELEMENT OF {'01_HOOFD_5'})
	TT=[133](`tt:weekday` ELEMENT OF {'Sat'})
-------------------------------------------------------------------------------
Node [4916]: (CT=172, AT=1848, TT=133), containing 91 events.
	CT=[172](`ct:permit_type` ELEMENT OF {'Bouw'})
	AT=[1848](`at:phase` ELEMENT OF {'01_HOOFD_0'})
	TT=[133](`tt:weekday` ELEMENT OF {'Sat'})
-------------------------------------------------------------------------------
Node [4485]: (CT=171, AT=1806, TT=816), containing 640 events.
	CT=[171](`ct:permit_type` ELEMENT OF {'Non Bouw'})
	AT=[1806](`at:phase` ELEMENT OF {'01_HOOFD_5'})
	TT=[816](`tt:weekday` ELEMENT OF {'Fri'})
-------------------------------------------------------------------------------
Node [4917]: (CT=171, AT=1850, TT=816), containing 962 events.
	CT=[171](`ct:permit_type` ELEMENT OF {'Non Bouw'})
	AT=[1850](`at:phase` ELEMENT OF {'01_HOOFD_4'})
	TT=[816](`tt:weekday` ELEMENT OF {'Fri'})
-------------------------------------------------------------------------------
Node [4918]: (CT=171, AT=1848, TT=816), containing 1206 events.
	CT=[171](`ct:permit_type` ELEMENT OF {'Non Bouw'})
	AT=[1848](`at:phase` ELEMENT OF {'01_HOOFD_0'})
	TT=[816](`tt:weekday` ELEMENT OF {'Fri'})
-------------------------------------------------------------------------------
Node [4487]: (CT=172, AT=1806, TT=816), containing 1494 events.
	CT=[172](`ct:permit_type` ELEMENT OF {'Bouw'})
	AT=[1806](`at:phase` ELEMENT OF {'01_HOOFD_5'})
	TT=[816](`tt:weekday` ELEMENT OF {'Fri'})
-------------------------------------------------------------------------------
Node [4919]: (CT=172, AT=1850, TT=816), containing 1614 events.
	CT=[172](`ct:permit_type` ELEMENT OF {'Bouw'})
	AT=[1850](`at:phase` ELEMENT OF {'01_HOOFD_4'})
	TT=[816](`tt:weekday` ELEMENT OF {'Fri'})
-------------------------------------------------------------------------------
Node [4920]: (CT=172, AT=1848, TT=816), containing 2006 events.
	CT=[172](`ct:permit_type` ELEMENT OF {'Bouw'})
	AT=[1848](`at:phase` ELEMENT OF {'01_HOOFD_0'})
	TT=[816](`tt:weekday` ELEMENT OF {'Fri'})
-------------------------------------------------------------------------------
Node [4489]: (CT=171, AT=1806, TT=1846), containing 1167 events.
	CT=[171](`ct:permit_type` ELEMENT OF {'Non Bouw'})
	AT=[1806](`at:phase` ELEMENT OF {'01_HOOFD_5'})
	TT=[1846](`tt:weekday` ELEMENT OF {'Sun'})
-------------------------------------------------------------------------------
Node [4921]: (CT=171, AT=1850, TT=1846), containing 1466 events.
	CT=[171](`ct:permit_type` ELEMENT OF {'Non Bouw'})
	AT=[1850](`at:phase` ELEMENT OF {'01_HOOFD_4'})
	TT=[1846](`tt:weekday` ELEMENT OF {'Sun'})
-------------------------------------------------------------------------------
Node [4922]: (CT=171, AT=1848, TT=1846), containing 1537 events.
	CT=[171](`ct:permit_type` ELEMENT OF {'Non Bouw'})
	AT=[1848](`at:phase` ELEMENT OF {'01_HOOFD_0'})
	TT=[1846](`tt:weekday` ELEMENT OF {'Sun'})
-------------------------------------------------------------------------------
Node [4491]: (CT=171, AT=1806, TT=1847), containing 8580 events.
	CT=[171](`ct:permit_type` ELEMENT OF {'Non Bouw'})
	AT=[1806](`at:phase` ELEMENT OF {'01_HOOFD_5'})
	TT=[1847](`tt:weekday` ELEMENT OF {'Mon', 'Thu', 'Tue', 'Wed'})
-------------------------------------------------------------------------------
Node [4923]: (CT=171, AT=1850, TT=1847), containing 12876 events.
	CT=[171](`ct:permit_type` ELEMENT OF {'Non Bouw'})
	AT=[1850](`at:phase` ELEMENT OF {'01_HOOFD_4'})
	TT=[1847](`tt:weekday` ELEMENT OF {'Mon', 'Thu', 'Tue', 'Wed'})
-------------------------------------------------------------------------------
Node [4924]: (CT=171, AT=1848, TT=1847), containing 14618 events.
	CT=[171](`ct:permit_type` ELEMENT OF {'Non Bouw'})
	AT=[1848](`at:phase` ELEMENT OF {'01_HOOFD_0'})
	TT=[1847](`tt:weekday` ELEMENT OF {'Mon', 'Thu', 'Tue', 'Wed'})
-------------------------------------------------------------------------------
Node [4493]: (CT=172, AT=1806, TT=1846), containing 1827 events.
	CT=[172](`ct:permit_type` ELEMENT OF {'Bouw'})
	AT=[1806](`at:phase` ELEMENT OF {'01_HOOFD_5'})
	TT=[1846](`tt:weekday` ELEMENT OF {'Sun'})
-------------------------------------------------------------------------------
Node [4925]: (CT=172, AT=1850, TT=1846), containing 2751 events.
	CT=[172](`ct:permit_type` ELEMENT OF {'Bouw'})
	AT=[1850](`at:phase` ELEMENT OF {'01_HOOFD_4'})
	TT=[1846](`tt:weekday` ELEMENT OF {'Sun'})
-------------------------------------------------------------------------------
Node [4926]: (CT=172, AT=1848, TT=1846), containing 3084 events.
	CT=[172](`ct:permit_type` ELEMENT OF {'Bouw'})
	AT=[1848](`at:phase` ELEMENT OF {'01_HOOFD_0'})
	TT=[1846](`tt:weekday` ELEMENT OF {'Sun'})
-------------------------------------------------------------------------------
Node [4495]: (CT=172, AT=1806, TT=1847), containing 16138 events.
	CT=[172](`ct:permit_type` ELEMENT OF {'Bouw'})
	AT=[1806](`at:phase` ELEMENT OF {'01_HOOFD_5'})
	TT=[1847](`tt:weekday` ELEMENT OF {'Mon', 'Thu', 'Tue', 'Wed'})
-------------------------------------------------------------------------------
Node [4927]: (CT=172, AT=1850, TT=1847), containing 23159 events.
	CT=[172](`ct:permit_type` ELEMENT OF {'Bouw'})
	AT=[1850](`at:phase` ELEMENT OF {'01_HOOFD_4'})
	TT=[1847](`tt:weekday` ELEMENT OF {'Mon', 'Thu', 'Tue', 'Wed'})
-------------------------------------------------------------------------------
Node [4928]: (CT=172, AT=1848, TT=1847), containing 26487 events.
	CT=[172](`ct:permit_type` ELEMENT OF {'Bouw'})
	AT=[1848](`at:phase` ELEMENT OF {'01_HOOFD_0'})
	TT=[1847](`tt:weekday` ELEMENT OF {'Mon', 'Thu', 'Tue', 'Wed'})
