
===============================================================================
Step	[1]

-------------------------------------------------------------------------------
Node [339]: (CT=0, AT=203, TT=0), containing 15 events.
	CT=[0]T(NULL)
	AT=[203](`at:phase` ELEMENT OF {'01_HOOFD_6'})
	TT=[0]T(NULL)
-------------------------------------------------------------------------------
Node [340]: (CT=0, AT=204, TT=0), containing 193438 events.
	CT=[0]T(NULL)
	AT=[204](`at:phase` ELEMENT OF {'01_HOOFD_0', '01_HOOFD_1', '01_HOOFD_2', '01_HOOFD_3', '01_HOOFD_4', '01_HOOFD_5', '01_HOOFD_7', '01_HOOFD_8'})
	TT=[0]T(NULL)

===============================================================================
Step	[2]

-------------------------------------------------------------------------------
Node [809]: (CT=0, AT=203, TT=393), containing 15 events.
	CT=[0]T(NULL)
	AT=[203](`at:phase` ELEMENT OF {'01_HOOFD_6'})
	TT=[393](`tt:weekday` ELEMENT OF {'Fri', 'Mon', 'Sat', 'Thu', 'Tue', 'Wed'})
-------------------------------------------------------------------------------
Node [810]: (CT=0, AT=204, TT=394), containing 149 events.
	CT=[0]T(NULL)
	AT=[204](`at:phase` ELEMENT OF {'01_HOOFD_0', '01_HOOFD_1', '01_HOOFD_2', '01_HOOFD_3', '01_HOOFD_4', '01_HOOFD_5', '01_HOOFD_7', '01_HOOFD_8'})
	TT=[394](`tt:weekday` ELEMENT OF {'Sun'})
-------------------------------------------------------------------------------
Node [811]: (CT=0, AT=204, TT=393), containing 193289 events.
	CT=[0]T(NULL)
	AT=[204](`at:phase` ELEMENT OF {'01_HOOFD_0', '01_HOOFD_1', '01_HOOFD_2', '01_HOOFD_3', '01_HOOFD_4', '01_HOOFD_5', '01_HOOFD_7', '01_HOOFD_8'})
	TT=[393](`tt:weekday` ELEMENT OF {'Fri', 'Mon', 'Sat', 'Thu', 'Tue', 'Wed'})

===============================================================================
Step	[3]

-------------------------------------------------------------------------------
Node [809]: (CT=0, AT=203, TT=393), containing 15 events.
	CT=[0]T(NULL)
	AT=[203](`at:phase` ELEMENT OF {'01_HOOFD_6'})
	TT=[393](`tt:weekday` ELEMENT OF {'Fri', 'Mon', 'Sat', 'Thu', 'Tue', 'Wed'})
-------------------------------------------------------------------------------
Node [1331]: (CT=0, AT=780, TT=394), containing 149 events.
	CT=[0]T(NULL)
	AT=[780](`at:phase` ELEMENT OF {'01_HOOFD_0', '01_HOOFD_1', '01_HOOFD_2', '01_HOOFD_3', '01_HOOFD_4', '01_HOOFD_5', '01_HOOFD_8'})
	TT=[394](`tt:weekday` ELEMENT OF {'Sun'})
-------------------------------------------------------------------------------
Node [1332]: (CT=0, AT=781, TT=393), containing 587 events.
	CT=[0]T(NULL)
	AT=[781](`at:phase` ELEMENT OF {'01_HOOFD_7'})
	TT=[393](`tt:weekday` ELEMENT OF {'Fri', 'Mon', 'Sat', 'Thu', 'Tue', 'Wed'})
-------------------------------------------------------------------------------
Node [1333]: (CT=0, AT=780, TT=393), containing 192702 events.
	CT=[0]T(NULL)
	AT=[780](`at:phase` ELEMENT OF {'01_HOOFD_0', '01_HOOFD_1', '01_HOOFD_2', '01_HOOFD_3', '01_HOOFD_4', '01_HOOFD_5', '01_HOOFD_8'})
	TT=[393](`tt:weekday` ELEMENT OF {'Fri', 'Mon', 'Sat', 'Thu', 'Tue', 'Wed'})

===============================================================================
Step	[4]

-------------------------------------------------------------------------------
Node [1792]: (CT=0, AT=203, TT=736), containing 15 events.
	CT=[0]T(NULL)
	AT=[203](`at:phase` ELEMENT OF {'01_HOOFD_6'})
	TT=[736](`tt:weekday` ELEMENT OF {'Fri', 'Mon', 'Thu', 'Tue', 'Wed'})
-------------------------------------------------------------------------------
Node [1331]: (CT=0, AT=780, TT=394), containing 149 events.
	CT=[0]T(NULL)
	AT=[780](`at:phase` ELEMENT OF {'01_HOOFD_0', '01_HOOFD_1', '01_HOOFD_2', '01_HOOFD_3', '01_HOOFD_4', '01_HOOFD_5', '01_HOOFD_8'})
	TT=[394](`tt:weekday` ELEMENT OF {'Sun'})
-------------------------------------------------------------------------------
Node [1793]: (CT=0, AT=781, TT=737), containing 2 events.
	CT=[0]T(NULL)
	AT=[781](`at:phase` ELEMENT OF {'01_HOOFD_7'})
	TT=[737](`tt:weekday` ELEMENT OF {'Sat'})
-------------------------------------------------------------------------------
Node [1794]: (CT=0, AT=781, TT=736), containing 585 events.
	CT=[0]T(NULL)
	AT=[781](`at:phase` ELEMENT OF {'01_HOOFD_7'})
	TT=[736](`tt:weekday` ELEMENT OF {'Fri', 'Mon', 'Thu', 'Tue', 'Wed'})
-------------------------------------------------------------------------------
Node [1795]: (CT=0, AT=780, TT=737), containing 878 events.
	CT=[0]T(NULL)
	AT=[780](`at:phase` ELEMENT OF {'01_HOOFD_0', '01_HOOFD_1', '01_HOOFD_2', '01_HOOFD_3', '01_HOOFD_4', '01_HOOFD_5', '01_HOOFD_8'})
	TT=[737](`tt:weekday` ELEMENT OF {'Sat'})
-------------------------------------------------------------------------------
Node [1796]: (CT=0, AT=780, TT=736), containing 191824 events.
	CT=[0]T(NULL)
	AT=[780](`at:phase` ELEMENT OF {'01_HOOFD_0', '01_HOOFD_1', '01_HOOFD_2', '01_HOOFD_3', '01_HOOFD_4', '01_HOOFD_5', '01_HOOFD_8'})
	TT=[736](`tt:weekday` ELEMENT OF {'Fri', 'Mon', 'Thu', 'Tue', 'Wed'})

===============================================================================
Step	[5]

-------------------------------------------------------------------------------
Node [2299]: (CT=0, AT=1391, TT=394), containing 149 events.
	CT=[0]T(NULL)
	AT=[1391](`at:phase` ELEMENT OF {'01_HOOFD_0', '01_HOOFD_1', '01_HOOFD_2', '01_HOOFD_3', '01_HOOFD_4', '01_HOOFD_5'})
	TT=[394](`tt:weekday` ELEMENT OF {'Sun'})
-------------------------------------------------------------------------------
Node [1792]: (CT=0, AT=203, TT=736), containing 15 events.
	CT=[0]T(NULL)
	AT=[203](`at:phase` ELEMENT OF {'01_HOOFD_6'})
	TT=[736](`tt:weekday` ELEMENT OF {'Fri', 'Mon', 'Thu', 'Tue', 'Wed'})
-------------------------------------------------------------------------------
Node [1793]: (CT=0, AT=781, TT=737), containing 2 events.
	CT=[0]T(NULL)
	AT=[781](`at:phase` ELEMENT OF {'01_HOOFD_7'})
	TT=[737](`tt:weekday` ELEMENT OF {'Sat'})
-------------------------------------------------------------------------------
Node [1794]: (CT=0, AT=781, TT=736), containing 585 events.
	CT=[0]T(NULL)
	AT=[781](`at:phase` ELEMENT OF {'01_HOOFD_7'})
	TT=[736](`tt:weekday` ELEMENT OF {'Fri', 'Mon', 'Thu', 'Tue', 'Wed'})
-------------------------------------------------------------------------------
Node [2300]: (CT=0, AT=1392, TT=737), containing 10 events.
	CT=[0]T(NULL)
	AT=[1392](`at:phase` ELEMENT OF {'01_HOOFD_8'})
	TT=[737](`tt:weekday` ELEMENT OF {'Sat'})
-------------------------------------------------------------------------------
Node [2301]: (CT=0, AT=1391, TT=737), containing 868 events.
	CT=[0]T(NULL)
	AT=[1391](`at:phase` ELEMENT OF {'01_HOOFD_0', '01_HOOFD_1', '01_HOOFD_2', '01_HOOFD_3', '01_HOOFD_4', '01_HOOFD_5'})
	TT=[737](`tt:weekday` ELEMENT OF {'Sat'})
-------------------------------------------------------------------------------
Node [2302]: (CT=0, AT=1392, TT=736), containing 6871 events.
	CT=[0]T(NULL)
	AT=[1392](`at:phase` ELEMENT OF {'01_HOOFD_8'})
	TT=[736](`tt:weekday` ELEMENT OF {'Fri', 'Mon', 'Thu', 'Tue', 'Wed'})
-------------------------------------------------------------------------------
Node [2303]: (CT=0, AT=1391, TT=736), containing 184953 events.
	CT=[0]T(NULL)
	AT=[1391](`at:phase` ELEMENT OF {'01_HOOFD_0', '01_HOOFD_1', '01_HOOFD_2', '01_HOOFD_3', '01_HOOFD_4', '01_HOOFD_5'})
	TT=[736](`tt:weekday` ELEMENT OF {'Fri', 'Mon', 'Thu', 'Tue', 'Wed'})

===============================================================================
Step	[6]

-------------------------------------------------------------------------------
Node [1792]: (CT=0, AT=203, TT=736), containing 15 events.
	CT=[0]T(NULL)
	AT=[203](`at:phase` ELEMENT OF {'01_HOOFD_6'})
	TT=[736](`tt:weekday` ELEMENT OF {'Fri', 'Mon', 'Thu', 'Tue', 'Wed'})
-------------------------------------------------------------------------------
Node [1793]: (CT=0, AT=781, TT=737), containing 2 events.
	CT=[0]T(NULL)
	AT=[781](`at:phase` ELEMENT OF {'01_HOOFD_7'})
	TT=[737](`tt:weekday` ELEMENT OF {'Sat'})
-------------------------------------------------------------------------------
Node [1794]: (CT=0, AT=781, TT=736), containing 585 events.
	CT=[0]T(NULL)
	AT=[781](`at:phase` ELEMENT OF {'01_HOOFD_7'})
	TT=[736](`tt:weekday` ELEMENT OF {'Fri', 'Mon', 'Thu', 'Tue', 'Wed'})
-------------------------------------------------------------------------------
Node [2668]: (CT=0, AT=1580, TT=394), containing 149 events.
	CT=[0]T(NULL)
	AT=[1580](`at:phase` ELEMENT OF {'01_HOOFD_0', '01_HOOFD_1', '01_HOOFD_3', '01_HOOFD_4', '01_HOOFD_5'})
	TT=[394](`tt:weekday` ELEMENT OF {'Sun'})
-------------------------------------------------------------------------------
Node [2300]: (CT=0, AT=1392, TT=737), containing 10 events.
	CT=[0]T(NULL)
	AT=[1392](`at:phase` ELEMENT OF {'01_HOOFD_8'})
	TT=[737](`tt:weekday` ELEMENT OF {'Sat'})
-------------------------------------------------------------------------------
Node [2669]: (CT=0, AT=1581, TT=737), containing 41 events.
	CT=[0]T(NULL)
	AT=[1581](`at:phase` ELEMENT OF {'01_HOOFD_2'})
	TT=[737](`tt:weekday` ELEMENT OF {'Sat'})
-------------------------------------------------------------------------------
Node [2670]: (CT=0, AT=1580, TT=737), containing 827 events.
	CT=[0]T(NULL)
	AT=[1580](`at:phase` ELEMENT OF {'01_HOOFD_0', '01_HOOFD_1', '01_HOOFD_3', '01_HOOFD_4', '01_HOOFD_5'})
	TT=[737](`tt:weekday` ELEMENT OF {'Sat'})
-------------------------------------------------------------------------------
Node [2302]: (CT=0, AT=1392, TT=736), containing 6871 events.
	CT=[0]T(NULL)
	AT=[1392](`at:phase` ELEMENT OF {'01_HOOFD_8'})
	TT=[736](`tt:weekday` ELEMENT OF {'Fri', 'Mon', 'Thu', 'Tue', 'Wed'})
-------------------------------------------------------------------------------
Node [2671]: (CT=0, AT=1581, TT=736), containing 16451 events.
	CT=[0]T(NULL)
	AT=[1581](`at:phase` ELEMENT OF {'01_HOOFD_2'})
	TT=[736](`tt:weekday` ELEMENT OF {'Fri', 'Mon', 'Thu', 'Tue', 'Wed'})
-------------------------------------------------------------------------------
Node [2672]: (CT=0, AT=1580, TT=736), containing 168502 events.
	CT=[0]T(NULL)
	AT=[1580](`at:phase` ELEMENT OF {'01_HOOFD_0', '01_HOOFD_1', '01_HOOFD_3', '01_HOOFD_4', '01_HOOFD_5'})
	TT=[736](`tt:weekday` ELEMENT OF {'Fri', 'Mon', 'Thu', 'Tue', 'Wed'})

===============================================================================
Step	[7]

-------------------------------------------------------------------------------
Node [1792]: (CT=0, AT=203, TT=736), containing 15 events.
	CT=[0]T(NULL)
	AT=[203](`at:phase` ELEMENT OF {'01_HOOFD_6'})
	TT=[736](`tt:weekday` ELEMENT OF {'Fri', 'Mon', 'Thu', 'Tue', 'Wed'})
-------------------------------------------------------------------------------
Node [1793]: (CT=0, AT=781, TT=737), containing 2 events.
	CT=[0]T(NULL)
	AT=[781](`at:phase` ELEMENT OF {'01_HOOFD_7'})
	TT=[737](`tt:weekday` ELEMENT OF {'Sat'})
-------------------------------------------------------------------------------
Node [1794]: (CT=0, AT=781, TT=736), containing 585 events.
	CT=[0]T(NULL)
	AT=[781](`at:phase` ELEMENT OF {'01_HOOFD_7'})
	TT=[736](`tt:weekday` ELEMENT OF {'Fri', 'Mon', 'Thu', 'Tue', 'Wed'})
-------------------------------------------------------------------------------
Node [2300]: (CT=0, AT=1392, TT=737), containing 10 events.
	CT=[0]T(NULL)
	AT=[1392](`at:phase` ELEMENT OF {'01_HOOFD_8'})
	TT=[737](`tt:weekday` ELEMENT OF {'Sat'})
-------------------------------------------------------------------------------
Node [2302]: (CT=0, AT=1392, TT=736), containing 6871 events.
	CT=[0]T(NULL)
	AT=[1392](`at:phase` ELEMENT OF {'01_HOOFD_8'})
	TT=[736](`tt:weekday` ELEMENT OF {'Fri', 'Mon', 'Thu', 'Tue', 'Wed'})
-------------------------------------------------------------------------------
Node [2991]: (CT=0, AT=1677, TT=394), containing 149 events.
	CT=[0]T(NULL)
	AT=[1677](`at:phase` ELEMENT OF {'01_HOOFD_0', '01_HOOFD_1', '01_HOOFD_4', '01_HOOFD_5'})
	TT=[394](`tt:weekday` ELEMENT OF {'Sun'})
-------------------------------------------------------------------------------
Node [2669]: (CT=0, AT=1581, TT=737), containing 41 events.
	CT=[0]T(NULL)
	AT=[1581](`at:phase` ELEMENT OF {'01_HOOFD_2'})
	TT=[737](`tt:weekday` ELEMENT OF {'Sat'})
-------------------------------------------------------------------------------
Node [2992]: (CT=0, AT=1678, TT=737), containing 49 events.
	CT=[0]T(NULL)
	AT=[1678](`at:phase` ELEMENT OF {'01_HOOFD_3'})
	TT=[737](`tt:weekday` ELEMENT OF {'Sat'})
-------------------------------------------------------------------------------
Node [2993]: (CT=0, AT=1677, TT=737), containing 778 events.
	CT=[0]T(NULL)
	AT=[1677](`at:phase` ELEMENT OF {'01_HOOFD_0', '01_HOOFD_1', '01_HOOFD_4', '01_HOOFD_5'})
	TT=[737](`tt:weekday` ELEMENT OF {'Sat'})
-------------------------------------------------------------------------------
Node [2671]: (CT=0, AT=1581, TT=736), containing 16451 events.
	CT=[0]T(NULL)
	AT=[1581](`at:phase` ELEMENT OF {'01_HOOFD_2'})
	TT=[736](`tt:weekday` ELEMENT OF {'Fri', 'Mon', 'Thu', 'Tue', 'Wed'})
-------------------------------------------------------------------------------
Node [2994]: (CT=0, AT=1678, TT=736), containing 17836 events.
	CT=[0]T(NULL)
	AT=[1678](`at:phase` ELEMENT OF {'01_HOOFD_3'})
	TT=[736](`tt:weekday` ELEMENT OF {'Fri', 'Mon', 'Thu', 'Tue', 'Wed'})
-------------------------------------------------------------------------------
Node [2995]: (CT=0, AT=1677, TT=736), containing 150666 events.
	CT=[0]T(NULL)
	AT=[1677](`at:phase` ELEMENT OF {'01_HOOFD_0', '01_HOOFD_1', '01_HOOFD_4', '01_HOOFD_5'})
	TT=[736](`tt:weekday` ELEMENT OF {'Fri', 'Mon', 'Thu', 'Tue', 'Wed'})

===============================================================================
Step	[8]

-------------------------------------------------------------------------------
Node [3315]: (CT=163, AT=203, TT=736), containing 15 events.
	CT=[163](`ct:permit_type` ELEMENT OF {'Bouw'})
	AT=[203](`at:phase` ELEMENT OF {'01_HOOFD_6'})
	TT=[736](`tt:weekday` ELEMENT OF {'Fri', 'Mon', 'Thu', 'Tue', 'Wed'})
-------------------------------------------------------------------------------
Node [3316]: (CT=163, AT=781, TT=737), containing 2 events.
	CT=[163](`ct:permit_type` ELEMENT OF {'Bouw'})
	AT=[781](`at:phase` ELEMENT OF {'01_HOOFD_7'})
	TT=[737](`tt:weekday` ELEMENT OF {'Sat'})
-------------------------------------------------------------------------------
Node [3317]: (CT=165, AT=781, TT=736), containing 242 events.
	CT=[165](`ct:permit_type` ELEMENT OF {'Non Bouw'})
	AT=[781](`at:phase` ELEMENT OF {'01_HOOFD_7'})
	TT=[736](`tt:weekday` ELEMENT OF {'Fri', 'Mon', 'Thu', 'Tue', 'Wed'})
-------------------------------------------------------------------------------
Node [3318]: (CT=163, AT=781, TT=736), containing 343 events.
	CT=[163](`ct:permit_type` ELEMENT OF {'Bouw'})
	AT=[781](`at:phase` ELEMENT OF {'01_HOOFD_7'})
	TT=[736](`tt:weekday` ELEMENT OF {'Fri', 'Mon', 'Thu', 'Tue', 'Wed'})
-------------------------------------------------------------------------------
Node [3319]: (CT=165, AT=1392, TT=737), containing 1 events.
	CT=[165](`ct:permit_type` ELEMENT OF {'Non Bouw'})
	AT=[1392](`at:phase` ELEMENT OF {'01_HOOFD_8'})
	TT=[737](`tt:weekday` ELEMENT OF {'Sat'})
-------------------------------------------------------------------------------
Node [3320]: (CT=163, AT=1392, TT=737), containing 9 events.
	CT=[163](`ct:permit_type` ELEMENT OF {'Bouw'})
	AT=[1392](`at:phase` ELEMENT OF {'01_HOOFD_8'})
	TT=[737](`tt:weekday` ELEMENT OF {'Sat'})
-------------------------------------------------------------------------------
Node [3321]: (CT=165, AT=1392, TT=736), containing 2492 events.
	CT=[165](`ct:permit_type` ELEMENT OF {'Non Bouw'})
	AT=[1392](`at:phase` ELEMENT OF {'01_HOOFD_8'})
	TT=[736](`tt:weekday` ELEMENT OF {'Fri', 'Mon', 'Thu', 'Tue', 'Wed'})
-------------------------------------------------------------------------------
Node [3322]: (CT=163, AT=1392, TT=736), containing 4379 events.
	CT=[163](`ct:permit_type` ELEMENT OF {'Bouw'})
	AT=[1392](`at:phase` ELEMENT OF {'01_HOOFD_8'})
	TT=[736](`tt:weekday` ELEMENT OF {'Fri', 'Mon', 'Thu', 'Tue', 'Wed'})
-------------------------------------------------------------------------------
Node [3323]: (CT=165, AT=1581, TT=737), containing 15 events.
	CT=[165](`ct:permit_type` ELEMENT OF {'Non Bouw'})
	AT=[1581](`at:phase` ELEMENT OF {'01_HOOFD_2'})
	TT=[737](`tt:weekday` ELEMENT OF {'Sat'})
-------------------------------------------------------------------------------
Node [3324]: (CT=163, AT=1581, TT=737), containing 26 events.
	CT=[163](`ct:permit_type` ELEMENT OF {'Bouw'})
	AT=[1581](`at:phase` ELEMENT OF {'01_HOOFD_2'})
	TT=[737](`tt:weekday` ELEMENT OF {'Sat'})
-------------------------------------------------------------------------------
Node [3325]: (CT=165, AT=1581, TT=736), containing 5738 events.
	CT=[165](`ct:permit_type` ELEMENT OF {'Non Bouw'})
	AT=[1581](`at:phase` ELEMENT OF {'01_HOOFD_2'})
	TT=[736](`tt:weekday` ELEMENT OF {'Fri', 'Mon', 'Thu', 'Tue', 'Wed'})
-------------------------------------------------------------------------------
Node [3326]: (CT=163, AT=1581, TT=736), containing 10713 events.
	CT=[163](`ct:permit_type` ELEMENT OF {'Bouw'})
	AT=[1581](`at:phase` ELEMENT OF {'01_HOOFD_2'})
	TT=[736](`tt:weekday` ELEMENT OF {'Fri', 'Mon', 'Thu', 'Tue', 'Wed'})
-------------------------------------------------------------------------------
Node [3327]: (CT=165, AT=1677, TT=394), containing 56 events.
	CT=[165](`ct:permit_type` ELEMENT OF {'Non Bouw'})
	AT=[1677](`at:phase` ELEMENT OF {'01_HOOFD_0', '01_HOOFD_1', '01_HOOFD_4', '01_HOOFD_5'})
	TT=[394](`tt:weekday` ELEMENT OF {'Sun'})
-------------------------------------------------------------------------------
Node [3328]: (CT=163, AT=1677, TT=394), containing 93 events.
	CT=[163](`ct:permit_type` ELEMENT OF {'Bouw'})
	AT=[1677](`at:phase` ELEMENT OF {'01_HOOFD_0', '01_HOOFD_1', '01_HOOFD_4', '01_HOOFD_5'})
	TT=[394](`tt:weekday` ELEMENT OF {'Sun'})
-------------------------------------------------------------------------------
Node [3329]: (CT=165, AT=1678, TT=737), containing 15 events.
	CT=[165](`ct:permit_type` ELEMENT OF {'Non Bouw'})
	AT=[1678](`at:phase` ELEMENT OF {'01_HOOFD_3'})
	TT=[737](`tt:weekday` ELEMENT OF {'Sat'})
-------------------------------------------------------------------------------
Node [3330]: (CT=163, AT=1678, TT=737), containing 34 events.
	CT=[163](`ct:permit_type` ELEMENT OF {'Bouw'})
	AT=[1678](`at:phase` ELEMENT OF {'01_HOOFD_3'})
	TT=[737](`tt:weekday` ELEMENT OF {'Sat'})
-------------------------------------------------------------------------------
Node [3331]: (CT=165, AT=1677, TT=737), containing 277 events.
	CT=[165](`ct:permit_type` ELEMENT OF {'Non Bouw'})
	AT=[1677](`at:phase` ELEMENT OF {'01_HOOFD_0', '01_HOOFD_1', '01_HOOFD_4', '01_HOOFD_5'})
	TT=[737](`tt:weekday` ELEMENT OF {'Sat'})
-------------------------------------------------------------------------------
Node [3332]: (CT=163, AT=1677, TT=737), containing 501 events.
	CT=[163](`ct:permit_type` ELEMENT OF {'Bouw'})
	AT=[1677](`at:phase` ELEMENT OF {'01_HOOFD_0', '01_HOOFD_1', '01_HOOFD_4', '01_HOOFD_5'})
	TT=[737](`tt:weekday` ELEMENT OF {'Sat'})
-------------------------------------------------------------------------------
Node [3333]: (CT=165, AT=1678, TT=736), containing 6176 events.
	CT=[165](`ct:permit_type` ELEMENT OF {'Non Bouw'})
	AT=[1678](`at:phase` ELEMENT OF {'01_HOOFD_3'})
	TT=[736](`tt:weekday` ELEMENT OF {'Fri', 'Mon', 'Thu', 'Tue', 'Wed'})
-------------------------------------------------------------------------------
Node [3334]: (CT=163, AT=1678, TT=736), containing 11660 events.
	CT=[163](`ct:permit_type` ELEMENT OF {'Bouw'})
	AT=[1678](`at:phase` ELEMENT OF {'01_HOOFD_3'})
	TT=[736](`tt:weekday` ELEMENT OF {'Fri', 'Mon', 'Thu', 'Tue', 'Wed'})
-------------------------------------------------------------------------------
Node [3335]: (CT=165, AT=1677, TT=736), containing 52839 events.
	CT=[165](`ct:permit_type` ELEMENT OF {'Non Bouw'})
	AT=[1677](`at:phase` ELEMENT OF {'01_HOOFD_0', '01_HOOFD_1', '01_HOOFD_4', '01_HOOFD_5'})
	TT=[736](`tt:weekday` ELEMENT OF {'Fri', 'Mon', 'Thu', 'Tue', 'Wed'})
-------------------------------------------------------------------------------
Node [3336]: (CT=163, AT=1677, TT=736), containing 97827 events.
	CT=[163](`ct:permit_type` ELEMENT OF {'Bouw'})
	AT=[1677](`at:phase` ELEMENT OF {'01_HOOFD_0', '01_HOOFD_1', '01_HOOFD_4', '01_HOOFD_5'})
	TT=[736](`tt:weekday` ELEMENT OF {'Fri', 'Mon', 'Thu', 'Tue', 'Wed'})

===============================================================================
Step	[9]

-------------------------------------------------------------------------------
Node [3315]: (CT=163, AT=203, TT=736), containing 15 events.
	CT=[163](`ct:permit_type` ELEMENT OF {'Bouw'})
	AT=[203](`at:phase` ELEMENT OF {'01_HOOFD_6'})
	TT=[736](`tt:weekday` ELEMENT OF {'Fri', 'Mon', 'Thu', 'Tue', 'Wed'})
-------------------------------------------------------------------------------
Node [3316]: (CT=163, AT=781, TT=737), containing 2 events.
	CT=[163](`ct:permit_type` ELEMENT OF {'Bouw'})
	AT=[781](`at:phase` ELEMENT OF {'01_HOOFD_7'})
	TT=[737](`tt:weekday` ELEMENT OF {'Sat'})
-------------------------------------------------------------------------------
Node [3317]: (CT=165, AT=781, TT=736), containing 242 events.
	CT=[165](`ct:permit_type` ELEMENT OF {'Non Bouw'})
	AT=[781](`at:phase` ELEMENT OF {'01_HOOFD_7'})
	TT=[736](`tt:weekday` ELEMENT OF {'Fri', 'Mon', 'Thu', 'Tue', 'Wed'})
-------------------------------------------------------------------------------
Node [3318]: (CT=163, AT=781, TT=736), containing 343 events.
	CT=[163](`ct:permit_type` ELEMENT OF {'Bouw'})
	AT=[781](`at:phase` ELEMENT OF {'01_HOOFD_7'})
	TT=[736](`tt:weekday` ELEMENT OF {'Fri', 'Mon', 'Thu', 'Tue', 'Wed'})
-------------------------------------------------------------------------------
Node [3319]: (CT=165, AT=1392, TT=737), containing 1 events.
	CT=[165](`ct:permit_type` ELEMENT OF {'Non Bouw'})
	AT=[1392](`at:phase` ELEMENT OF {'01_HOOFD_8'})
	TT=[737](`tt:weekday` ELEMENT OF {'Sat'})
-------------------------------------------------------------------------------
Node [3320]: (CT=163, AT=1392, TT=737), containing 9 events.
	CT=[163](`ct:permit_type` ELEMENT OF {'Bouw'})
	AT=[1392](`at:phase` ELEMENT OF {'01_HOOFD_8'})
	TT=[737](`tt:weekday` ELEMENT OF {'Sat'})
-------------------------------------------------------------------------------
Node [3321]: (CT=165, AT=1392, TT=736), containing 2492 events.
	CT=[165](`ct:permit_type` ELEMENT OF {'Non Bouw'})
	AT=[1392](`at:phase` ELEMENT OF {'01_HOOFD_8'})
	TT=[736](`tt:weekday` ELEMENT OF {'Fri', 'Mon', 'Thu', 'Tue', 'Wed'})
-------------------------------------------------------------------------------
Node [3322]: (CT=163, AT=1392, TT=736), containing 4379 events.
	CT=[163](`ct:permit_type` ELEMENT OF {'Bouw'})
	AT=[1392](`at:phase` ELEMENT OF {'01_HOOFD_8'})
	TT=[736](`tt:weekday` ELEMENT OF {'Fri', 'Mon', 'Thu', 'Tue', 'Wed'})
-------------------------------------------------------------------------------
Node [3323]: (CT=165, AT=1581, TT=737), containing 15 events.
	CT=[165](`ct:permit_type` ELEMENT OF {'Non Bouw'})
	AT=[1581](`at:phase` ELEMENT OF {'01_HOOFD_2'})
	TT=[737](`tt:weekday` ELEMENT OF {'Sat'})
-------------------------------------------------------------------------------
Node [3324]: (CT=163, AT=1581, TT=737), containing 26 events.
	CT=[163](`ct:permit_type` ELEMENT OF {'Bouw'})
	AT=[1581](`at:phase` ELEMENT OF {'01_HOOFD_2'})
	TT=[737](`tt:weekday` ELEMENT OF {'Sat'})
-------------------------------------------------------------------------------
Node [3325]: (CT=165, AT=1581, TT=736), containing 5738 events.
	CT=[165](`ct:permit_type` ELEMENT OF {'Non Bouw'})
	AT=[1581](`at:phase` ELEMENT OF {'01_HOOFD_2'})
	TT=[736](`tt:weekday` ELEMENT OF {'Fri', 'Mon', 'Thu', 'Tue', 'Wed'})
-------------------------------------------------------------------------------
Node [3326]: (CT=163, AT=1581, TT=736), containing 10713 events.
	CT=[163](`ct:permit_type` ELEMENT OF {'Bouw'})
	AT=[1581](`at:phase` ELEMENT OF {'01_HOOFD_2'})
	TT=[736](`tt:weekday` ELEMENT OF {'Fri', 'Mon', 'Thu', 'Tue', 'Wed'})
-------------------------------------------------------------------------------
Node [3842]: (CT=165, AT=1816, TT=394), containing 56 events.
	CT=[165](`ct:permit_type` ELEMENT OF {'Non Bouw'})
	AT=[1816](`at:phase` ELEMENT OF {'01_HOOFD_0', '01_HOOFD_4', '01_HOOFD_5'})
	TT=[394](`tt:weekday` ELEMENT OF {'Sun'})
-------------------------------------------------------------------------------
Node [3843]: (CT=163, AT=1817, TT=394), containing 1 events.
	CT=[163](`ct:permit_type` ELEMENT OF {'Bouw'})
	AT=[1817](`at:phase` ELEMENT OF {'01_HOOFD_1'})
	TT=[394](`tt:weekday` ELEMENT OF {'Sun'})
-------------------------------------------------------------------------------
Node [3844]: (CT=163, AT=1816, TT=394), containing 92 events.
	CT=[163](`ct:permit_type` ELEMENT OF {'Bouw'})
	AT=[1816](`at:phase` ELEMENT OF {'01_HOOFD_0', '01_HOOFD_4', '01_HOOFD_5'})
	TT=[394](`tt:weekday` ELEMENT OF {'Sun'})
-------------------------------------------------------------------------------
Node [3329]: (CT=165, AT=1678, TT=737), containing 15 events.
	CT=[165](`ct:permit_type` ELEMENT OF {'Non Bouw'})
	AT=[1678](`at:phase` ELEMENT OF {'01_HOOFD_3'})
	TT=[737](`tt:weekday` ELEMENT OF {'Sat'})
-------------------------------------------------------------------------------
Node [3330]: (CT=163, AT=1678, TT=737), containing 34 events.
	CT=[163](`ct:permit_type` ELEMENT OF {'Bouw'})
	AT=[1678](`at:phase` ELEMENT OF {'01_HOOFD_3'})
	TT=[737](`tt:weekday` ELEMENT OF {'Sat'})
-------------------------------------------------------------------------------
Node [3845]: (CT=165, AT=1817, TT=737), containing 116 events.
	CT=[165](`ct:permit_type` ELEMENT OF {'Non Bouw'})
	AT=[1817](`at:phase` ELEMENT OF {'01_HOOFD_1'})
	TT=[737](`tt:weekday` ELEMENT OF {'Sat'})
-------------------------------------------------------------------------------
Node [3846]: (CT=165, AT=1816, TT=737), containing 161 events.
	CT=[165](`ct:permit_type` ELEMENT OF {'Non Bouw'})
	AT=[1816](`at:phase` ELEMENT OF {'01_HOOFD_0', '01_HOOFD_4', '01_HOOFD_5'})
	TT=[737](`tt:weekday` ELEMENT OF {'Sat'})
-------------------------------------------------------------------------------
Node [3847]: (CT=163, AT=1817, TT=737), containing 200 events.
	CT=[163](`ct:permit_type` ELEMENT OF {'Bouw'})
	AT=[1817](`at:phase` ELEMENT OF {'01_HOOFD_1'})
	TT=[737](`tt:weekday` ELEMENT OF {'Sat'})
-------------------------------------------------------------------------------
Node [3848]: (CT=163, AT=1816, TT=737), containing 301 events.
	CT=[163](`ct:permit_type` ELEMENT OF {'Bouw'})
	AT=[1816](`at:phase` ELEMENT OF {'01_HOOFD_0', '01_HOOFD_4', '01_HOOFD_5'})
	TT=[737](`tt:weekday` ELEMENT OF {'Sat'})
-------------------------------------------------------------------------------
Node [3333]: (CT=165, AT=1678, TT=736), containing 6176 events.
	CT=[165](`ct:permit_type` ELEMENT OF {'Non Bouw'})
	AT=[1678](`at:phase` ELEMENT OF {'01_HOOFD_3'})
	TT=[736](`tt:weekday` ELEMENT OF {'Fri', 'Mon', 'Thu', 'Tue', 'Wed'})
-------------------------------------------------------------------------------
Node [3334]: (CT=163, AT=1678, TT=736), containing 11660 events.
	CT=[163](`ct:permit_type` ELEMENT OF {'Bouw'})
	AT=[1678](`at:phase` ELEMENT OF {'01_HOOFD_3'})
	TT=[736](`tt:weekday` ELEMENT OF {'Fri', 'Mon', 'Thu', 'Tue', 'Wed'})
-------------------------------------------------------------------------------
Node [3849]: (CT=165, AT=1817, TT=736), containing 9948 events.
	CT=[165](`ct:permit_type` ELEMENT OF {'Non Bouw'})
	AT=[1817](`at:phase` ELEMENT OF {'01_HOOFD_1'})
	TT=[736](`tt:weekday` ELEMENT OF {'Fri', 'Mon', 'Thu', 'Tue', 'Wed'})
-------------------------------------------------------------------------------
Node [3850]: (CT=165, AT=1816, TT=736), containing 42891 events.
	CT=[165](`ct:permit_type` ELEMENT OF {'Non Bouw'})
	AT=[1816](`at:phase` ELEMENT OF {'01_HOOFD_0', '01_HOOFD_4', '01_HOOFD_5'})
	TT=[736](`tt:weekday` ELEMENT OF {'Fri', 'Mon', 'Thu', 'Tue', 'Wed'})
-------------------------------------------------------------------------------
Node [3851]: (CT=163, AT=1817, TT=736), containing 19568 events.
	CT=[163](`ct:permit_type` ELEMENT OF {'Bouw'})
	AT=[1817](`at:phase` ELEMENT OF {'01_HOOFD_1'})
	TT=[736](`tt:weekday` ELEMENT OF {'Fri', 'Mon', 'Thu', 'Tue', 'Wed'})
-------------------------------------------------------------------------------
Node [3852]: (CT=163, AT=1816, TT=736), containing 78259 events.
	CT=[163](`ct:permit_type` ELEMENT OF {'Bouw'})
	AT=[1816](`at:phase` ELEMENT OF {'01_HOOFD_0', '01_HOOFD_4', '01_HOOFD_5'})
	TT=[736](`tt:weekday` ELEMENT OF {'Fri', 'Mon', 'Thu', 'Tue', 'Wed'})

===============================================================================
Step	[10]

-------------------------------------------------------------------------------
Node [3315]: (CT=163, AT=203, TT=736), containing 15 events.
	CT=[163](`ct:permit_type` ELEMENT OF {'Bouw'})
	AT=[203](`at:phase` ELEMENT OF {'01_HOOFD_6'})
	TT=[736](`tt:weekday` ELEMENT OF {'Fri', 'Mon', 'Thu', 'Tue', 'Wed'})
-------------------------------------------------------------------------------
Node [3316]: (CT=163, AT=781, TT=737), containing 2 events.
	CT=[163](`ct:permit_type` ELEMENT OF {'Bouw'})
	AT=[781](`at:phase` ELEMENT OF {'01_HOOFD_7'})
	TT=[737](`tt:weekday` ELEMENT OF {'Sat'})
-------------------------------------------------------------------------------
Node [3317]: (CT=165, AT=781, TT=736), containing 242 events.
	CT=[165](`ct:permit_type` ELEMENT OF {'Non Bouw'})
	AT=[781](`at:phase` ELEMENT OF {'01_HOOFD_7'})
	TT=[736](`tt:weekday` ELEMENT OF {'Fri', 'Mon', 'Thu', 'Tue', 'Wed'})
-------------------------------------------------------------------------------
Node [3318]: (CT=163, AT=781, TT=736), containing 343 events.
	CT=[163](`ct:permit_type` ELEMENT OF {'Bouw'})
	AT=[781](`at:phase` ELEMENT OF {'01_HOOFD_7'})
	TT=[736](`tt:weekday` ELEMENT OF {'Fri', 'Mon', 'Thu', 'Tue', 'Wed'})
-------------------------------------------------------------------------------
Node [3319]: (CT=165, AT=1392, TT=737), containing 1 events.
	CT=[165](`ct:permit_type` ELEMENT OF {'Non Bouw'})
	AT=[1392](`at:phase` ELEMENT OF {'01_HOOFD_8'})
	TT=[737](`tt:weekday` ELEMENT OF {'Sat'})
-------------------------------------------------------------------------------
Node [3320]: (CT=163, AT=1392, TT=737), containing 9 events.
	CT=[163](`ct:permit_type` ELEMENT OF {'Bouw'})
	AT=[1392](`at:phase` ELEMENT OF {'01_HOOFD_8'})
	TT=[737](`tt:weekday` ELEMENT OF {'Sat'})
-------------------------------------------------------------------------------
Node [3321]: (CT=165, AT=1392, TT=736), containing 2492 events.
	CT=[165](`ct:permit_type` ELEMENT OF {'Non Bouw'})
	AT=[1392](`at:phase` ELEMENT OF {'01_HOOFD_8'})
	TT=[736](`tt:weekday` ELEMENT OF {'Fri', 'Mon', 'Thu', 'Tue', 'Wed'})
-------------------------------------------------------------------------------
Node [3322]: (CT=163, AT=1392, TT=736), containing 4379 events.
	CT=[163](`ct:permit_type` ELEMENT OF {'Bouw'})
	AT=[1392](`at:phase` ELEMENT OF {'01_HOOFD_8'})
	TT=[736](`tt:weekday` ELEMENT OF {'Fri', 'Mon', 'Thu', 'Tue', 'Wed'})
-------------------------------------------------------------------------------
Node [3323]: (CT=165, AT=1581, TT=737), containing 15 events.
	CT=[165](`ct:permit_type` ELEMENT OF {'Non Bouw'})
	AT=[1581](`at:phase` ELEMENT OF {'01_HOOFD_2'})
	TT=[737](`tt:weekday` ELEMENT OF {'Sat'})
-------------------------------------------------------------------------------
Node [3324]: (CT=163, AT=1581, TT=737), containing 26 events.
	CT=[163](`ct:permit_type` ELEMENT OF {'Bouw'})
	AT=[1581](`at:phase` ELEMENT OF {'01_HOOFD_2'})
	TT=[737](`tt:weekday` ELEMENT OF {'Sat'})
-------------------------------------------------------------------------------
Node [3325]: (CT=165, AT=1581, TT=736), containing 5738 events.
	CT=[165](`ct:permit_type` ELEMENT OF {'Non Bouw'})
	AT=[1581](`at:phase` ELEMENT OF {'01_HOOFD_2'})
	TT=[736](`tt:weekday` ELEMENT OF {'Fri', 'Mon', 'Thu', 'Tue', 'Wed'})
-------------------------------------------------------------------------------
Node [3326]: (CT=163, AT=1581, TT=736), containing 10713 events.
	CT=[163](`ct:permit_type` ELEMENT OF {'Bouw'})
	AT=[1581](`at:phase` ELEMENT OF {'01_HOOFD_2'})
	TT=[736](`tt:weekday` ELEMENT OF {'Fri', 'Mon', 'Thu', 'Tue', 'Wed'})
-------------------------------------------------------------------------------
Node [3329]: (CT=165, AT=1678, TT=737), containing 15 events.
	CT=[165](`ct:permit_type` ELEMENT OF {'Non Bouw'})
	AT=[1678](`at:phase` ELEMENT OF {'01_HOOFD_3'})
	TT=[737](`tt:weekday` ELEMENT OF {'Sat'})
-------------------------------------------------------------------------------
Node [3330]: (CT=163, AT=1678, TT=737), containing 34 events.
	CT=[163](`ct:permit_type` ELEMENT OF {'Bouw'})
	AT=[1678](`at:phase` ELEMENT OF {'01_HOOFD_3'})
	TT=[737](`tt:weekday` ELEMENT OF {'Sat'})
-------------------------------------------------------------------------------
Node [3333]: (CT=165, AT=1678, TT=736), containing 6176 events.
	CT=[165](`ct:permit_type` ELEMENT OF {'Non Bouw'})
	AT=[1678](`at:phase` ELEMENT OF {'01_HOOFD_3'})
	TT=[736](`tt:weekday` ELEMENT OF {'Fri', 'Mon', 'Thu', 'Tue', 'Wed'})
-------------------------------------------------------------------------------
Node [3334]: (CT=163, AT=1678, TT=736), containing 11660 events.
	CT=[163](`ct:permit_type` ELEMENT OF {'Bouw'})
	AT=[1678](`at:phase` ELEMENT OF {'01_HOOFD_3'})
	TT=[736](`tt:weekday` ELEMENT OF {'Fri', 'Mon', 'Thu', 'Tue', 'Wed'})
-------------------------------------------------------------------------------
Node [4392]: (CT=165, AT=1870, TT=394), containing 56 events.
	CT=[165](`ct:permit_type` ELEMENT OF {'Non Bouw'})
	AT=[1870](`at:phase` ELEMENT OF {'01_HOOFD_0', '01_HOOFD_4'})
	TT=[394](`tt:weekday` ELEMENT OF {'Sun'})
-------------------------------------------------------------------------------
Node [3843]: (CT=163, AT=1817, TT=394), containing 1 events.
	CT=[163](`ct:permit_type` ELEMENT OF {'Bouw'})
	AT=[1817](`at:phase` ELEMENT OF {'01_HOOFD_1'})
	TT=[394](`tt:weekday` ELEMENT OF {'Sun'})
-------------------------------------------------------------------------------
Node [4393]: (CT=163, AT=1871, TT=394), containing 1 events.
	CT=[163](`ct:permit_type` ELEMENT OF {'Bouw'})
	AT=[1871](`at:phase` ELEMENT OF {'01_HOOFD_5'})
	TT=[394](`tt:weekday` ELEMENT OF {'Sun'})
-------------------------------------------------------------------------------
Node [4394]: (CT=163, AT=1870, TT=394), containing 91 events.
	CT=[163](`ct:permit_type` ELEMENT OF {'Bouw'})
	AT=[1870](`at:phase` ELEMENT OF {'01_HOOFD_0', '01_HOOFD_4'})
	TT=[394](`tt:weekday` ELEMENT OF {'Sun'})
-------------------------------------------------------------------------------
Node [3845]: (CT=165, AT=1817, TT=737), containing 116 events.
	CT=[165](`ct:permit_type` ELEMENT OF {'Non Bouw'})
	AT=[1817](`at:phase` ELEMENT OF {'01_HOOFD_1'})
	TT=[737](`tt:weekday` ELEMENT OF {'Sat'})
-------------------------------------------------------------------------------
Node [4395]: (CT=165, AT=1871, TT=737), containing 94 events.
	CT=[165](`ct:permit_type` ELEMENT OF {'Non Bouw'})
	AT=[1871](`at:phase` ELEMENT OF {'01_HOOFD_5'})
	TT=[737](`tt:weekday` ELEMENT OF {'Sat'})
-------------------------------------------------------------------------------
Node [4396]: (CT=165, AT=1870, TT=737), containing 67 events.
	CT=[165](`ct:permit_type` ELEMENT OF {'Non Bouw'})
	AT=[1870](`at:phase` ELEMENT OF {'01_HOOFD_0', '01_HOOFD_4'})
	TT=[737](`tt:weekday` ELEMENT OF {'Sat'})
-------------------------------------------------------------------------------
Node [3847]: (CT=163, AT=1817, TT=737), containing 200 events.
	CT=[163](`ct:permit_type` ELEMENT OF {'Bouw'})
	AT=[1817](`at:phase` ELEMENT OF {'01_HOOFD_1'})
	TT=[737](`tt:weekday` ELEMENT OF {'Sat'})
-------------------------------------------------------------------------------
Node [4397]: (CT=163, AT=1871, TT=737), containing 129 events.
	CT=[163](`ct:permit_type` ELEMENT OF {'Bouw'})
	AT=[1871](`at:phase` ELEMENT OF {'01_HOOFD_5'})
	TT=[737](`tt:weekday` ELEMENT OF {'Sat'})
-------------------------------------------------------------------------------
Node [4398]: (CT=163, AT=1870, TT=737), containing 172 events.
	CT=[163](`ct:permit_type` ELEMENT OF {'Bouw'})
	AT=[1870](`at:phase` ELEMENT OF {'01_HOOFD_0', '01_HOOFD_4'})
	TT=[737](`tt:weekday` ELEMENT OF {'Sat'})
-------------------------------------------------------------------------------
Node [3849]: (CT=165, AT=1817, TT=736), containing 9948 events.
	CT=[165](`ct:permit_type` ELEMENT OF {'Non Bouw'})
	AT=[1817](`at:phase` ELEMENT OF {'01_HOOFD_1'})
	TT=[736](`tt:weekday` ELEMENT OF {'Fri', 'Mon', 'Thu', 'Tue', 'Wed'})
-------------------------------------------------------------------------------
Node [4399]: (CT=165, AT=1871, TT=736), containing 10293 events.
	CT=[165](`ct:permit_type` ELEMENT OF {'Non Bouw'})
	AT=[1871](`at:phase` ELEMENT OF {'01_HOOFD_5'})
	TT=[736](`tt:weekday` ELEMENT OF {'Fri', 'Mon', 'Thu', 'Tue', 'Wed'})
-------------------------------------------------------------------------------
Node [4400]: (CT=165, AT=1870, TT=736), containing 32598 events.
	CT=[165](`ct:permit_type` ELEMENT OF {'Non Bouw'})
	AT=[1870](`at:phase` ELEMENT OF {'01_HOOFD_0', '01_HOOFD_4'})
	TT=[736](`tt:weekday` ELEMENT OF {'Fri', 'Mon', 'Thu', 'Tue', 'Wed'})
-------------------------------------------------------------------------------
Node [3851]: (CT=163, AT=1817, TT=736), containing 19568 events.
	CT=[163](`ct:permit_type` ELEMENT OF {'Bouw'})
	AT=[1817](`at:phase` ELEMENT OF {'01_HOOFD_1'})
	TT=[736](`tt:weekday` ELEMENT OF {'Fri', 'Mon', 'Thu', 'Tue', 'Wed'})
-------------------------------------------------------------------------------
Node [4401]: (CT=163, AT=1871, TT=736), containing 19330 events.
	CT=[163](`ct:permit_type` ELEMENT OF {'Bouw'})
	AT=[1871](`at:phase` ELEMENT OF {'01_HOOFD_5'})
	TT=[736](`tt:weekday` ELEMENT OF {'Fri', 'Mon', 'Thu', 'Tue', 'Wed'})
-------------------------------------------------------------------------------
Node [4402]: (CT=163, AT=1870, TT=736), containing 58929 events.
	CT=[163](`ct:permit_type` ELEMENT OF {'Bouw'})
	AT=[1870](`at:phase` ELEMENT OF {'01_HOOFD_0', '01_HOOFD_4'})
	TT=[736](`tt:weekday` ELEMENT OF {'Fri', 'Mon', 'Thu', 'Tue', 'Wed'})

===============================================================================
Step	[11]

-------------------------------------------------------------------------------
Node [3315]: (CT=163, AT=203, TT=736), containing 15 events.
	CT=[163](`ct:permit_type` ELEMENT OF {'Bouw'})
	AT=[203](`at:phase` ELEMENT OF {'01_HOOFD_6'})
	TT=[736](`tt:weekday` ELEMENT OF {'Fri', 'Mon', 'Thu', 'Tue', 'Wed'})
-------------------------------------------------------------------------------
Node [3316]: (CT=163, AT=781, TT=737), containing 2 events.
	CT=[163](`ct:permit_type` ELEMENT OF {'Bouw'})
	AT=[781](`at:phase` ELEMENT OF {'01_HOOFD_7'})
	TT=[737](`tt:weekday` ELEMENT OF {'Sat'})
-------------------------------------------------------------------------------
Node [3317]: (CT=165, AT=781, TT=736), containing 242 events.
	CT=[165](`ct:permit_type` ELEMENT OF {'Non Bouw'})
	AT=[781](`at:phase` ELEMENT OF {'01_HOOFD_7'})
	TT=[736](`tt:weekday` ELEMENT OF {'Fri', 'Mon', 'Thu', 'Tue', 'Wed'})
-------------------------------------------------------------------------------
Node [3318]: (CT=163, AT=781, TT=736), containing 343 events.
	CT=[163](`ct:permit_type` ELEMENT OF {'Bouw'})
	AT=[781](`at:phase` ELEMENT OF {'01_HOOFD_7'})
	TT=[736](`tt:weekday` ELEMENT OF {'Fri', 'Mon', 'Thu', 'Tue', 'Wed'})
-------------------------------------------------------------------------------
Node [3319]: (CT=165, AT=1392, TT=737), containing 1 events.
	CT=[165](`ct:permit_type` ELEMENT OF {'Non Bouw'})
	AT=[1392](`at:phase` ELEMENT OF {'01_HOOFD_8'})
	TT=[737](`tt:weekday` ELEMENT OF {'Sat'})
-------------------------------------------------------------------------------
Node [3320]: (CT=163, AT=1392, TT=737), containing 9 events.
	CT=[163](`ct:permit_type` ELEMENT OF {'Bouw'})
	AT=[1392](`at:phase` ELEMENT OF {'01_HOOFD_8'})
	TT=[737](`tt:weekday` ELEMENT OF {'Sat'})
-------------------------------------------------------------------------------
Node [3321]: (CT=165, AT=1392, TT=736), containing 2492 events.
	CT=[165](`ct:permit_type` ELEMENT OF {'Non Bouw'})
	AT=[1392](`at:phase` ELEMENT OF {'01_HOOFD_8'})
	TT=[736](`tt:weekday` ELEMENT OF {'Fri', 'Mon', 'Thu', 'Tue', 'Wed'})
-------------------------------------------------------------------------------
Node [3322]: (CT=163, AT=1392, TT=736), containing 4379 events.
	CT=[163](`ct:permit_type` ELEMENT OF {'Bouw'})
	AT=[1392](`at:phase` ELEMENT OF {'01_HOOFD_8'})
	TT=[736](`tt:weekday` ELEMENT OF {'Fri', 'Mon', 'Thu', 'Tue', 'Wed'})
-------------------------------------------------------------------------------
Node [3323]: (CT=165, AT=1581, TT=737), containing 15 events.
	CT=[165](`ct:permit_type` ELEMENT OF {'Non Bouw'})
	AT=[1581](`at:phase` ELEMENT OF {'01_HOOFD_2'})
	TT=[737](`tt:weekday` ELEMENT OF {'Sat'})
-------------------------------------------------------------------------------
Node [3324]: (CT=163, AT=1581, TT=737), containing 26 events.
	CT=[163](`ct:permit_type` ELEMENT OF {'Bouw'})
	AT=[1581](`at:phase` ELEMENT OF {'01_HOOFD_2'})
	TT=[737](`tt:weekday` ELEMENT OF {'Sat'})
-------------------------------------------------------------------------------
Node [3325]: (CT=165, AT=1581, TT=736), containing 5738 events.
	CT=[165](`ct:permit_type` ELEMENT OF {'Non Bouw'})
	AT=[1581](`at:phase` ELEMENT OF {'01_HOOFD_2'})
	TT=[736](`tt:weekday` ELEMENT OF {'Fri', 'Mon', 'Thu', 'Tue', 'Wed'})
-------------------------------------------------------------------------------
Node [3326]: (CT=163, AT=1581, TT=736), containing 10713 events.
	CT=[163](`ct:permit_type` ELEMENT OF {'Bouw'})
	AT=[1581](`at:phase` ELEMENT OF {'01_HOOFD_2'})
	TT=[736](`tt:weekday` ELEMENT OF {'Fri', 'Mon', 'Thu', 'Tue', 'Wed'})
-------------------------------------------------------------------------------
Node [3329]: (CT=165, AT=1678, TT=737), containing 15 events.
	CT=[165](`ct:permit_type` ELEMENT OF {'Non Bouw'})
	AT=[1678](`at:phase` ELEMENT OF {'01_HOOFD_3'})
	TT=[737](`tt:weekday` ELEMENT OF {'Sat'})
-------------------------------------------------------------------------------
Node [3330]: (CT=163, AT=1678, TT=737), containing 34 events.
	CT=[163](`ct:permit_type` ELEMENT OF {'Bouw'})
	AT=[1678](`at:phase` ELEMENT OF {'01_HOOFD_3'})
	TT=[737](`tt:weekday` ELEMENT OF {'Sat'})
-------------------------------------------------------------------------------
Node [3333]: (CT=165, AT=1678, TT=736), containing 6176 events.
	CT=[165](`ct:permit_type` ELEMENT OF {'Non Bouw'})
	AT=[1678](`at:phase` ELEMENT OF {'01_HOOFD_3'})
	TT=[736](`tt:weekday` ELEMENT OF {'Fri', 'Mon', 'Thu', 'Tue', 'Wed'})
-------------------------------------------------------------------------------
Node [3334]: (CT=163, AT=1678, TT=736), containing 11660 events.
	CT=[163](`ct:permit_type` ELEMENT OF {'Bouw'})
	AT=[1678](`at:phase` ELEMENT OF {'01_HOOFD_3'})
	TT=[736](`tt:weekday` ELEMENT OF {'Fri', 'Mon', 'Thu', 'Tue', 'Wed'})
-------------------------------------------------------------------------------
Node [3843]: (CT=163, AT=1817, TT=394), containing 1 events.
	CT=[163](`ct:permit_type` ELEMENT OF {'Bouw'})
	AT=[1817](`at:phase` ELEMENT OF {'01_HOOFD_1'})
	TT=[394](`tt:weekday` ELEMENT OF {'Sun'})
-------------------------------------------------------------------------------
Node [3845]: (CT=165, AT=1817, TT=737), containing 116 events.
	CT=[165](`ct:permit_type` ELEMENT OF {'Non Bouw'})
	AT=[1817](`at:phase` ELEMENT OF {'01_HOOFD_1'})
	TT=[737](`tt:weekday` ELEMENT OF {'Sat'})
-------------------------------------------------------------------------------
Node [3847]: (CT=163, AT=1817, TT=737), containing 200 events.
	CT=[163](`ct:permit_type` ELEMENT OF {'Bouw'})
	AT=[1817](`at:phase` ELEMENT OF {'01_HOOFD_1'})
	TT=[737](`tt:weekday` ELEMENT OF {'Sat'})
-------------------------------------------------------------------------------
Node [3849]: (CT=165, AT=1817, TT=736), containing 9948 events.
	CT=[165](`ct:permit_type` ELEMENT OF {'Non Bouw'})
	AT=[1817](`at:phase` ELEMENT OF {'01_HOOFD_1'})
	TT=[736](`tt:weekday` ELEMENT OF {'Fri', 'Mon', 'Thu', 'Tue', 'Wed'})
-------------------------------------------------------------------------------
Node [3851]: (CT=163, AT=1817, TT=736), containing 19568 events.
	CT=[163](`ct:permit_type` ELEMENT OF {'Bouw'})
	AT=[1817](`at:phase` ELEMENT OF {'01_HOOFD_1'})
	TT=[736](`tt:weekday` ELEMENT OF {'Fri', 'Mon', 'Thu', 'Tue', 'Wed'})
-------------------------------------------------------------------------------
Node [4997]: (CT=165, AT=1901, TT=394), containing 56 events.
	CT=[165](`ct:permit_type` ELEMENT OF {'Non Bouw'})
	AT=[1901](`at:phase` ELEMENT OF {'01_HOOFD_0'})
	TT=[394](`tt:weekday` ELEMENT OF {'Sun'})
-------------------------------------------------------------------------------
Node [4393]: (CT=163, AT=1871, TT=394), containing 1 events.
	CT=[163](`ct:permit_type` ELEMENT OF {'Bouw'})
	AT=[1871](`at:phase` ELEMENT OF {'01_HOOFD_5'})
	TT=[394](`tt:weekday` ELEMENT OF {'Sun'})
-------------------------------------------------------------------------------
Node [4998]: (CT=163, AT=1901, TT=394), containing 91 events.
	CT=[163](`ct:permit_type` ELEMENT OF {'Bouw'})
	AT=[1901](`at:phase` ELEMENT OF {'01_HOOFD_0'})
	TT=[394](`tt:weekday` ELEMENT OF {'Sun'})
-------------------------------------------------------------------------------
Node [4395]: (CT=165, AT=1871, TT=737), containing 94 events.
	CT=[165](`ct:permit_type` ELEMENT OF {'Non Bouw'})
	AT=[1871](`at:phase` ELEMENT OF {'01_HOOFD_5'})
	TT=[737](`tt:weekday` ELEMENT OF {'Sat'})
-------------------------------------------------------------------------------
Node [4999]: (CT=165, AT=1903, TT=737), containing 27 events.
	CT=[165](`ct:permit_type` ELEMENT OF {'Non Bouw'})
	AT=[1903](`at:phase` ELEMENT OF {'01_HOOFD_4'})
	TT=[737](`tt:weekday` ELEMENT OF {'Sat'})
-------------------------------------------------------------------------------
Node [5000]: (CT=165, AT=1901, TT=737), containing 40 events.
	CT=[165](`ct:permit_type` ELEMENT OF {'Non Bouw'})
	AT=[1901](`at:phase` ELEMENT OF {'01_HOOFD_0'})
	TT=[737](`tt:weekday` ELEMENT OF {'Sat'})
-------------------------------------------------------------------------------
Node [4397]: (CT=163, AT=1871, TT=737), containing 129 events.
	CT=[163](`ct:permit_type` ELEMENT OF {'Bouw'})
	AT=[1871](`at:phase` ELEMENT OF {'01_HOOFD_5'})
	TT=[737](`tt:weekday` ELEMENT OF {'Sat'})
-------------------------------------------------------------------------------
Node [5001]: (CT=163, AT=1903, TT=737), containing 55 events.
	CT=[163](`ct:permit_type` ELEMENT OF {'Bouw'})
	AT=[1903](`at:phase` ELEMENT OF {'01_HOOFD_4'})
	TT=[737](`tt:weekday` ELEMENT OF {'Sat'})
-------------------------------------------------------------------------------
Node [5002]: (CT=163, AT=1901, TT=737), containing 117 events.
	CT=[163](`ct:permit_type` ELEMENT OF {'Bouw'})
	AT=[1901](`at:phase` ELEMENT OF {'01_HOOFD_0'})
	TT=[737](`tt:weekday` ELEMENT OF {'Sat'})
-------------------------------------------------------------------------------
Node [4399]: (CT=165, AT=1871, TT=736), containing 10293 events.
	CT=[165](`ct:permit_type` ELEMENT OF {'Non Bouw'})
	AT=[1871](`at:phase` ELEMENT OF {'01_HOOFD_5'})
	TT=[736](`tt:weekday` ELEMENT OF {'Fri', 'Mon', 'Thu', 'Tue', 'Wed'})
-------------------------------------------------------------------------------
Node [5003]: (CT=165, AT=1903, TT=736), containing 15277 events.
	CT=[165](`ct:permit_type` ELEMENT OF {'Non Bouw'})
	AT=[1903](`at:phase` ELEMENT OF {'01_HOOFD_4'})
	TT=[736](`tt:weekday` ELEMENT OF {'Fri', 'Mon', 'Thu', 'Tue', 'Wed'})
-------------------------------------------------------------------------------
Node [5004]: (CT=165, AT=1901, TT=736), containing 17321 events.
	CT=[165](`ct:permit_type` ELEMENT OF {'Non Bouw'})
	AT=[1901](`at:phase` ELEMENT OF {'01_HOOFD_0'})
	TT=[736](`tt:weekday` ELEMENT OF {'Fri', 'Mon', 'Thu', 'Tue', 'Wed'})
-------------------------------------------------------------------------------
Node [4401]: (CT=163, AT=1871, TT=736), containing 19330 events.
	CT=[163](`ct:permit_type` ELEMENT OF {'Bouw'})
	AT=[1871](`at:phase` ELEMENT OF {'01_HOOFD_5'})
	TT=[736](`tt:weekday` ELEMENT OF {'Fri', 'Mon', 'Thu', 'Tue', 'Wed'})
-------------------------------------------------------------------------------
Node [5005]: (CT=163, AT=1903, TT=736), containing 27469 events.
	CT=[163](`ct:permit_type` ELEMENT OF {'Bouw'})
	AT=[1903](`at:phase` ELEMENT OF {'01_HOOFD_4'})
	TT=[736](`tt:weekday` ELEMENT OF {'Fri', 'Mon', 'Thu', 'Tue', 'Wed'})
-------------------------------------------------------------------------------
Node [5006]: (CT=163, AT=1901, TT=736), containing 31460 events.
	CT=[163](`ct:permit_type` ELEMENT OF {'Bouw'})
	AT=[1901](`at:phase` ELEMENT OF {'01_HOOFD_0'})
	TT=[736](`tt:weekday` ELEMENT OF {'Fri', 'Mon', 'Thu', 'Tue', 'Wed'})

===============================================================================
Step	[12]

-------------------------------------------------------------------------------
Node [5657]: (CT=163, AT=203, TT=3563), containing 14 events.
	CT=[163](`ct:permit_type` ELEMENT OF {'Bouw'})
	AT=[203](`at:phase` ELEMENT OF {'01_HOOFD_6'})
	TT=[3563](`tt:weekday` ELEMENT OF {'Mon', 'Thu', 'Tue', 'Wed'})
-------------------------------------------------------------------------------
Node [5658]: (CT=163, AT=203, TT=3564), containing 1 events.
	CT=[163](`ct:permit_type` ELEMENT OF {'Bouw'})
	AT=[203](`at:phase` ELEMENT OF {'01_HOOFD_6'})
	TT=[3564](`tt:weekday` ELEMENT OF {'Fri'})
-------------------------------------------------------------------------------
Node [3316]: (CT=163, AT=781, TT=737), containing 2 events.
	CT=[163](`ct:permit_type` ELEMENT OF {'Bouw'})
	AT=[781](`at:phase` ELEMENT OF {'01_HOOFD_7'})
	TT=[737](`tt:weekday` ELEMENT OF {'Sat'})
-------------------------------------------------------------------------------
Node [5659]: (CT=165, AT=781, TT=3563), containing 207 events.
	CT=[165](`ct:permit_type` ELEMENT OF {'Non Bouw'})
	AT=[781](`at:phase` ELEMENT OF {'01_HOOFD_7'})
	TT=[3563](`tt:weekday` ELEMENT OF {'Mon', 'Thu', 'Tue', 'Wed'})
-------------------------------------------------------------------------------
Node [5660]: (CT=165, AT=781, TT=3564), containing 35 events.
	CT=[165](`ct:permit_type` ELEMENT OF {'Non Bouw'})
	AT=[781](`at:phase` ELEMENT OF {'01_HOOFD_7'})
	TT=[3564](`tt:weekday` ELEMENT OF {'Fri'})
-------------------------------------------------------------------------------
Node [5661]: (CT=163, AT=781, TT=3563), containing 288 events.
	CT=[163](`ct:permit_type` ELEMENT OF {'Bouw'})
	AT=[781](`at:phase` ELEMENT OF {'01_HOOFD_7'})
	TT=[3563](`tt:weekday` ELEMENT OF {'Mon', 'Thu', 'Tue', 'Wed'})
-------------------------------------------------------------------------------
Node [5662]: (CT=163, AT=781, TT=3564), containing 55 events.
	CT=[163](`ct:permit_type` ELEMENT OF {'Bouw'})
	AT=[781](`at:phase` ELEMENT OF {'01_HOOFD_7'})
	TT=[3564](`tt:weekday` ELEMENT OF {'Fri'})
-------------------------------------------------------------------------------
Node [3319]: (CT=165, AT=1392, TT=737), containing 1 events.
	CT=[165](`ct:permit_type` ELEMENT OF {'Non Bouw'})
	AT=[1392](`at:phase` ELEMENT OF {'01_HOOFD_8'})
	TT=[737](`tt:weekday` ELEMENT OF {'Sat'})
-------------------------------------------------------------------------------
Node [3320]: (CT=163, AT=1392, TT=737), containing 9 events.
	CT=[163](`ct:permit_type` ELEMENT OF {'Bouw'})
	AT=[1392](`at:phase` ELEMENT OF {'01_HOOFD_8'})
	TT=[737](`tt:weekday` ELEMENT OF {'Sat'})
-------------------------------------------------------------------------------
Node [5663]: (CT=165, AT=1392, TT=3563), containing 2085 events.
	CT=[165](`ct:permit_type` ELEMENT OF {'Non Bouw'})
	AT=[1392](`at:phase` ELEMENT OF {'01_HOOFD_8'})
	TT=[3563](`tt:weekday` ELEMENT OF {'Mon', 'Thu', 'Tue', 'Wed'})
-------------------------------------------------------------------------------
Node [5664]: (CT=165, AT=1392, TT=3564), containing 407 events.
	CT=[165](`ct:permit_type` ELEMENT OF {'Non Bouw'})
	AT=[1392](`at:phase` ELEMENT OF {'01_HOOFD_8'})
	TT=[3564](`tt:weekday` ELEMENT OF {'Fri'})
-------------------------------------------------------------------------------
Node [5665]: (CT=163, AT=1392, TT=3563), containing 3653 events.
	CT=[163](`ct:permit_type` ELEMENT OF {'Bouw'})
	AT=[1392](`at:phase` ELEMENT OF {'01_HOOFD_8'})
	TT=[3563](`tt:weekday` ELEMENT OF {'Mon', 'Thu', 'Tue', 'Wed'})
-------------------------------------------------------------------------------
Node [5666]: (CT=163, AT=1392, TT=3564), containing 726 events.
	CT=[163](`ct:permit_type` ELEMENT OF {'Bouw'})
	AT=[1392](`at:phase` ELEMENT OF {'01_HOOFD_8'})
	TT=[3564](`tt:weekday` ELEMENT OF {'Fri'})
-------------------------------------------------------------------------------
Node [3323]: (CT=165, AT=1581, TT=737), containing 15 events.
	CT=[165](`ct:permit_type` ELEMENT OF {'Non Bouw'})
	AT=[1581](`at:phase` ELEMENT OF {'01_HOOFD_2'})
	TT=[737](`tt:weekday` ELEMENT OF {'Sat'})
-------------------------------------------------------------------------------
Node [3324]: (CT=163, AT=1581, TT=737), containing 26 events.
	CT=[163](`ct:permit_type` ELEMENT OF {'Bouw'})
	AT=[1581](`at:phase` ELEMENT OF {'01_HOOFD_2'})
	TT=[737](`tt:weekday` ELEMENT OF {'Sat'})
-------------------------------------------------------------------------------
Node [5667]: (CT=165, AT=1581, TT=3563), containing 4923 events.
	CT=[165](`ct:permit_type` ELEMENT OF {'Non Bouw'})
	AT=[1581](`at:phase` ELEMENT OF {'01_HOOFD_2'})
	TT=[3563](`tt:weekday` ELEMENT OF {'Mon', 'Thu', 'Tue', 'Wed'})
-------------------------------------------------------------------------------
Node [5668]: (CT=165, AT=1581, TT=3564), containing 815 events.
	CT=[165](`ct:permit_type` ELEMENT OF {'Non Bouw'})
	AT=[1581](`at:phase` ELEMENT OF {'01_HOOFD_2'})
	TT=[3564](`tt:weekday` ELEMENT OF {'Fri'})
-------------------------------------------------------------------------------
Node [5669]: (CT=163, AT=1581, TT=3563), containing 9267 events.
	CT=[163](`ct:permit_type` ELEMENT OF {'Bouw'})
	AT=[1581](`at:phase` ELEMENT OF {'01_HOOFD_2'})
	TT=[3563](`tt:weekday` ELEMENT OF {'Mon', 'Thu', 'Tue', 'Wed'})
-------------------------------------------------------------------------------
Node [5670]: (CT=163, AT=1581, TT=3564), containing 1446 events.
	CT=[163](`ct:permit_type` ELEMENT OF {'Bouw'})
	AT=[1581](`at:phase` ELEMENT OF {'01_HOOFD_2'})
	TT=[3564](`tt:weekday` ELEMENT OF {'Fri'})
-------------------------------------------------------------------------------
Node [3329]: (CT=165, AT=1678, TT=737), containing 15 events.
	CT=[165](`ct:permit_type` ELEMENT OF {'Non Bouw'})
	AT=[1678](`at:phase` ELEMENT OF {'01_HOOFD_3'})
	TT=[737](`tt:weekday` ELEMENT OF {'Sat'})
-------------------------------------------------------------------------------
Node [3330]: (CT=163, AT=1678, TT=737), containing 34 events.
	CT=[163](`ct:permit_type` ELEMENT OF {'Bouw'})
	AT=[1678](`at:phase` ELEMENT OF {'01_HOOFD_3'})
	TT=[737](`tt:weekday` ELEMENT OF {'Sat'})
-------------------------------------------------------------------------------
Node [5671]: (CT=165, AT=1678, TT=3563), containing 5266 events.
	CT=[165](`ct:permit_type` ELEMENT OF {'Non Bouw'})
	AT=[1678](`at:phase` ELEMENT OF {'01_HOOFD_3'})
	TT=[3563](`tt:weekday` ELEMENT OF {'Mon', 'Thu', 'Tue', 'Wed'})
-------------------------------------------------------------------------------
Node [5672]: (CT=165, AT=1678, TT=3564), containing 910 events.
	CT=[165](`ct:permit_type` ELEMENT OF {'Non Bouw'})
	AT=[1678](`at:phase` ELEMENT OF {'01_HOOFD_3'})
	TT=[3564](`tt:weekday` ELEMENT OF {'Fri'})
-------------------------------------------------------------------------------
Node [5673]: (CT=163, AT=1678, TT=3563), containing 10079 events.
	CT=[163](`ct:permit_type` ELEMENT OF {'Bouw'})
	AT=[1678](`at:phase` ELEMENT OF {'01_HOOFD_3'})
	TT=[3563](`tt:weekday` ELEMENT OF {'Mon', 'Thu', 'Tue', 'Wed'})
-------------------------------------------------------------------------------
Node [5674]: (CT=163, AT=1678, TT=3564), containing 1581 events.
	CT=[163](`ct:permit_type` ELEMENT OF {'Bouw'})
	AT=[1678](`at:phase` ELEMENT OF {'01_HOOFD_3'})
	TT=[3564](`tt:weekday` ELEMENT OF {'Fri'})
-------------------------------------------------------------------------------
Node [3843]: (CT=163, AT=1817, TT=394), containing 1 events.
	CT=[163](`ct:permit_type` ELEMENT OF {'Bouw'})
	AT=[1817](`at:phase` ELEMENT OF {'01_HOOFD_1'})
	TT=[394](`tt:weekday` ELEMENT OF {'Sun'})
-------------------------------------------------------------------------------
Node [3845]: (CT=165, AT=1817, TT=737), containing 116 events.
	CT=[165](`ct:permit_type` ELEMENT OF {'Non Bouw'})
	AT=[1817](`at:phase` ELEMENT OF {'01_HOOFD_1'})
	TT=[737](`tt:weekday` ELEMENT OF {'Sat'})
-------------------------------------------------------------------------------
Node [3847]: (CT=163, AT=1817, TT=737), containing 200 events.
	CT=[163](`ct:permit_type` ELEMENT OF {'Bouw'})
	AT=[1817](`at:phase` ELEMENT OF {'01_HOOFD_1'})
	TT=[737](`tt:weekday` ELEMENT OF {'Sat'})
-------------------------------------------------------------------------------
Node [5675]: (CT=165, AT=1817, TT=3563), containing 8521 events.
	CT=[165](`ct:permit_type` ELEMENT OF {'Non Bouw'})
	AT=[1817](`at:phase` ELEMENT OF {'01_HOOFD_1'})
	TT=[3563](`tt:weekday` ELEMENT OF {'Mon', 'Thu', 'Tue', 'Wed'})
-------------------------------------------------------------------------------
Node [5676]: (CT=165, AT=1817, TT=3564), containing 1427 events.
	CT=[165](`ct:permit_type` ELEMENT OF {'Non Bouw'})
	AT=[1817](`at:phase` ELEMENT OF {'01_HOOFD_1'})
	TT=[3564](`tt:weekday` ELEMENT OF {'Fri'})
-------------------------------------------------------------------------------
Node [5677]: (CT=163, AT=1817, TT=3563), containing 16767 events.
	CT=[163](`ct:permit_type` ELEMENT OF {'Bouw'})
	AT=[1817](`at:phase` ELEMENT OF {'01_HOOFD_1'})
	TT=[3563](`tt:weekday` ELEMENT OF {'Mon', 'Thu', 'Tue', 'Wed'})
-------------------------------------------------------------------------------
Node [5678]: (CT=163, AT=1817, TT=3564), containing 2801 events.
	CT=[163](`ct:permit_type` ELEMENT OF {'Bouw'})
	AT=[1817](`at:phase` ELEMENT OF {'01_HOOFD_1'})
	TT=[3564](`tt:weekday` ELEMENT OF {'Fri'})
-------------------------------------------------------------------------------
Node [4393]: (CT=163, AT=1871, TT=394), containing 1 events.
	CT=[163](`ct:permit_type` ELEMENT OF {'Bouw'})
	AT=[1871](`at:phase` ELEMENT OF {'01_HOOFD_5'})
	TT=[394](`tt:weekday` ELEMENT OF {'Sun'})
-------------------------------------------------------------------------------
Node [4395]: (CT=165, AT=1871, TT=737), containing 94 events.
	CT=[165](`ct:permit_type` ELEMENT OF {'Non Bouw'})
	AT=[1871](`at:phase` ELEMENT OF {'01_HOOFD_5'})
	TT=[737](`tt:weekday` ELEMENT OF {'Sat'})
-------------------------------------------------------------------------------
Node [4397]: (CT=163, AT=1871, TT=737), containing 129 events.
	CT=[163](`ct:permit_type` ELEMENT OF {'Bouw'})
	AT=[1871](`at:phase` ELEMENT OF {'01_HOOFD_5'})
	TT=[737](`tt:weekday` ELEMENT OF {'Sat'})
-------------------------------------------------------------------------------
Node [5679]: (CT=165, AT=1871, TT=3563), containing 8940 events.
	CT=[165](`ct:permit_type` ELEMENT OF {'Non Bouw'})
	AT=[1871](`at:phase` ELEMENT OF {'01_HOOFD_5'})
	TT=[3563](`tt:weekday` ELEMENT OF {'Mon', 'Thu', 'Tue', 'Wed'})
-------------------------------------------------------------------------------
Node [5680]: (CT=165, AT=1871, TT=3564), containing 1353 events.
	CT=[165](`ct:permit_type` ELEMENT OF {'Non Bouw'})
	AT=[1871](`at:phase` ELEMENT OF {'01_HOOFD_5'})
	TT=[3564](`tt:weekday` ELEMENT OF {'Fri'})
-------------------------------------------------------------------------------
Node [5681]: (CT=163, AT=1871, TT=3563), containing 16267 events.
	CT=[163](`ct:permit_type` ELEMENT OF {'Bouw'})
	AT=[1871](`at:phase` ELEMENT OF {'01_HOOFD_5'})
	TT=[3563](`tt:weekday` ELEMENT OF {'Mon', 'Thu', 'Tue', 'Wed'})
-------------------------------------------------------------------------------
Node [5682]: (CT=163, AT=1871, TT=3564), containing 3063 events.
	CT=[163](`ct:permit_type` ELEMENT OF {'Bouw'})
	AT=[1871](`at:phase` ELEMENT OF {'01_HOOFD_5'})
	TT=[3564](`tt:weekday` ELEMENT OF {'Fri'})
-------------------------------------------------------------------------------
Node [4997]: (CT=165, AT=1901, TT=394), containing 56 events.
	CT=[165](`ct:permit_type` ELEMENT OF {'Non Bouw'})
	AT=[1901](`at:phase` ELEMENT OF {'01_HOOFD_0'})
	TT=[394](`tt:weekday` ELEMENT OF {'Sun'})
-------------------------------------------------------------------------------
Node [4998]: (CT=163, AT=1901, TT=394), containing 91 events.
	CT=[163](`ct:permit_type` ELEMENT OF {'Bouw'})
	AT=[1901](`at:phase` ELEMENT OF {'01_HOOFD_0'})
	TT=[394](`tt:weekday` ELEMENT OF {'Sun'})
-------------------------------------------------------------------------------
Node [4999]: (CT=165, AT=1903, TT=737), containing 27 events.
	CT=[165](`ct:permit_type` ELEMENT OF {'Non Bouw'})
	AT=[1903](`at:phase` ELEMENT OF {'01_HOOFD_4'})
	TT=[737](`tt:weekday` ELEMENT OF {'Sat'})
-------------------------------------------------------------------------------
Node [5000]: (CT=165, AT=1901, TT=737), containing 40 events.
	CT=[165](`ct:permit_type` ELEMENT OF {'Non Bouw'})
	AT=[1901](`at:phase` ELEMENT OF {'01_HOOFD_0'})
	TT=[737](`tt:weekday` ELEMENT OF {'Sat'})
-------------------------------------------------------------------------------
Node [5001]: (CT=163, AT=1903, TT=737), containing 55 events.
	CT=[163](`ct:permit_type` ELEMENT OF {'Bouw'})
	AT=[1903](`at:phase` ELEMENT OF {'01_HOOFD_4'})
	TT=[737](`tt:weekday` ELEMENT OF {'Sat'})
-------------------------------------------------------------------------------
Node [5002]: (CT=163, AT=1901, TT=737), containing 117 events.
	CT=[163](`ct:permit_type` ELEMENT OF {'Bouw'})
	AT=[1901](`at:phase` ELEMENT OF {'01_HOOFD_0'})
	TT=[737](`tt:weekday` ELEMENT OF {'Sat'})
-------------------------------------------------------------------------------
Node [5683]: (CT=165, AT=1903, TT=3563), containing 13201 events.
	CT=[165](`ct:permit_type` ELEMENT OF {'Non Bouw'})
	AT=[1903](`at:phase` ELEMENT OF {'01_HOOFD_4'})
	TT=[3563](`tt:weekday` ELEMENT OF {'Mon', 'Thu', 'Tue', 'Wed'})
-------------------------------------------------------------------------------
Node [5684]: (CT=165, AT=1903, TT=3564), containing 2076 events.
	CT=[165](`ct:permit_type` ELEMENT OF {'Non Bouw'})
	AT=[1903](`at:phase` ELEMENT OF {'01_HOOFD_4'})
	TT=[3564](`tt:weekday` ELEMENT OF {'Fri'})
-------------------------------------------------------------------------------
Node [5685]: (CT=165, AT=1901, TT=3563), containing 14848 events.
	CT=[165](`ct:permit_type` ELEMENT OF {'Non Bouw'})
	AT=[1901](`at:phase` ELEMENT OF {'01_HOOFD_0'})
	TT=[3563](`tt:weekday` ELEMENT OF {'Mon', 'Thu', 'Tue', 'Wed'})
-------------------------------------------------------------------------------
Node [5686]: (CT=165, AT=1901, TT=3564), containing 2473 events.
	CT=[165](`ct:permit_type` ELEMENT OF {'Non Bouw'})
	AT=[1901](`at:phase` ELEMENT OF {'01_HOOFD_0'})
	TT=[3564](`tt:weekday` ELEMENT OF {'Fri'})
-------------------------------------------------------------------------------
Node [5687]: (CT=163, AT=1903, TT=3563), containing 23826 events.
	CT=[163](`ct:permit_type` ELEMENT OF {'Bouw'})
	AT=[1903](`at:phase` ELEMENT OF {'01_HOOFD_4'})
	TT=[3563](`tt:weekday` ELEMENT OF {'Mon', 'Thu', 'Tue', 'Wed'})
-------------------------------------------------------------------------------
Node [5688]: (CT=163, AT=1903, TT=3564), containing 3643 events.
	CT=[163](`ct:permit_type` ELEMENT OF {'Bouw'})
	AT=[1903](`at:phase` ELEMENT OF {'01_HOOFD_4'})
	TT=[3564](`tt:weekday` ELEMENT OF {'Fri'})
-------------------------------------------------------------------------------
Node [5689]: (CT=163, AT=1901, TT=3563), containing 27033 events.
	CT=[163](`ct:permit_type` ELEMENT OF {'Bouw'})
	AT=[1901](`at:phase` ELEMENT OF {'01_HOOFD_0'})
	TT=[3563](`tt:weekday` ELEMENT OF {'Mon', 'Thu', 'Tue', 'Wed'})
-------------------------------------------------------------------------------
Node [5690]: (CT=163, AT=1901, TT=3564), containing 4427 events.
	CT=[163](`ct:permit_type` ELEMENT OF {'Bouw'})
	AT=[1901](`at:phase` ELEMENT OF {'01_HOOFD_0'})
	TT=[3564](`tt:weekday` ELEMENT OF {'Fri'})
